15.4
21.4
2.6000001
4.0
19.8
40.0
40.0
39.6
37.8
46.2
51.0
47.4
42.0
41.600002
40.8
40.4
40.0
40.0
40.2
41.2
48.4
56.199997
61.199997
62.199997
63.4
62.800003
57.8
57.4
55.4
57.8
54.8
55.6
64.200005
69.6
71.4
71.8
72.0
60.8
52.8
55.199997
62.0
73.0
73.0
70.4
68.4
70.8
72.0
71.8
71.0
69.2
68.0
66.2
67.4
72.0
72.0
73.799995
73.4
73.4
72.2
70.8
73.2
76.200005
77.0
75.8
74.6
66.0
62.6
72.2
76.6
65.8
75.0
80.0
79.0
72.399994
75.2
78.4
77.4
75.8
77.4
79.2
77.4
86.6
82.6
81.8
79.4
73.4
77.4
81.6
83.8
77.600006
86.0
88.8
84.4
84.0
70.0
73.4
80.8
87.0
82.8
89.8
92.2
88.6
85.2
84.4
81.4
86.0
85.399994
89.0
87.8
89.0
89.600006
92.0
92.2
90.0
82.8
86.4
87.4
85.6
91.799995
90.4
91.6
90.8
90.4
92.4
89.200005
87.4
92.6
92.0
92.2
94.8
94.0
88.6
94.2
93.6
90.200005
94.0
91.2
90.200005
92.2
93.2
92.4
91.799995
91.2
92.799995
92.6
94.0
93.2
94.2
92.6
95.0
93.6
92.2
94.0
93.6
91.799995
91.799995
92.6
92.6
93.4
93.0
93.2
93.4
93.0
93.0
94.0
93.2
95.200005
93.8
93.2
94.4
94.4
93.2
95.200005
94.6
92.6
93.4
92.2
92.4
92.0
94.4
87.6
93.2
93.8
92.4
93.0
92.4
89.0
89.8
93.8
95.200005
94.0
94.6
94.2
95.6
94.4
93.4
93.2
95.6
94.8
94.4
95.8
94.8
95.8
96.0
94.4
95.200005
94.6
94.6
94.6
95.200005
96.200005
95.6
96.6
96.8
95.8
95.4
94.8
93.8
95.0
95.200005
94.2
95.0
96.200005
95.0
96.0
96.0
93.8
95.4
95.8
94.2
96.0
96.0
93.0
95.6
96.200005
95.8
95.6
95.6
95.0
97.2
96.200005
96.6
96.6
96.4
95.4
96.4
95.8
95.6
95.8
95.6
96.200005
96.200005
96.4
95.0
96.8
97.0
96.6
96.0
96.4
96.6
97.399994
96.200005
93.6
96.6
95.8
96.200005
97.0
97.2
97.6
97.6
97.799995
97.0
96.200005
96.8
96.4
97.6
98.2