18.199999
3.8
7.4
22.0
38.600002
37.2
35.600002
39.0
48.2
54.8
57.200005
57.200005
53.399998
44.600002
40.8
41.4
47.2
51.8
52.8
51.6
56.800003
57.4
57.6
58.0
58.2
57.6
58.2
58.600002
58.600002
58.999996
61.799995
63.800003
67.799995
71.0
70.4
70.200005
65.6
65.200005
64.8
63.4
68.6
71.4
72.799995
74.0
73.2
71.6
72.6
73.4
72.2
73.0
73.2
71.8
74.4
76.6
77.0
72.0
80.4
81.8
78.2
76.4
74.8
71.8
72.399994
76.6
82.8
81.0
78.6
83.0
82.6
80.4
83.0
85.399994
82.200005
82.4
86.6
83.600006
84.6
85.2
88.4
88.8
87.2
88.8
88.200005
85.399994
84.6
87.0
88.6
85.2
93.0
92.4
86.4
89.4
91.2
92.4
89.4
91.399994
90.0
86.4
92.6
92.4
88.8
93.6
94.2
90.4
95.6
93.2
90.0
92.6
92.799995
90.6
94.6
94.0
92.2
94.8
91.399994
95.6
94.8
93.8
94.0
94.0
92.6
92.6
95.0
93.8
94.2
94.6
91.2
94.4
93.6
94.0
94.8
94.8
93.0
95.200005
94.4
93.0
95.6
95.0
94.0
95.6
95.4
93.4
96.0
94.4
94.4
95.4
94.8
96.0
96.200005
95.8
94.0
95.4
94.0
95.4
95.6
94.4
96.0
96.0
95.200005
95.6
95.0
94.4
95.200005
96.0
93.0
95.8
96.0
95.4
96.0
95.4
94.6
96.200005
96.0
95.4
95.0
95.6
93.2
95.6
95.4
93.4
95.8
95.4
93.6
95.4
96.4
93.4
96.6
95.4
94.6
96.6
96.6
94.8
97.399994
96.4
96.0
96.8
96.8
95.200005
97.2
96.6
96.0
96.200005
96.4
95.0
97.2
96.8
96.4
97.399994
95.6
97.399994
97.0
95.0
96.6
96.200005
95.8
95.8
95.8
96.8
97.399994
98.2