20.0
20.0
20.0
20.0
35.600002
30.8
21.4
20.2
20.800001
26.800001
54.2
58.999996
45.2
44.800003
45.6
46.6
49.8
57.0
62.6
65.0
64.200005
61.799995
61.199997
62.6
64.8
65.6
65.200005
65.8
67.0
68.6
70.200005
71.4
72.0
71.4
71.6
71.6
71.8
70.6
69.6
71.4
71.6
71.4
72.0
72.0
72.0
71.6
71.4
71.0
72.399994
72.399994
73.6
73.2
73.4
73.6
73.4
73.0
72.6
72.799995
72.0
72.0
73.0
74.8
75.8
76.6
77.0
75.8
75.2
75.2
75.6
77.8
79.4
77.8
77.600006
79.2
79.799995
79.2
78.799995
79.4
79.2
79.0
79.6
81.0
81.6
82.200005
81.0
82.0
83.4
84.6
83.8
82.0
81.2
81.2
80.0
82.4
84.2
83.600006
84.799995
87.4
87.2
84.799995
88.0
90.0
87.4
87.4
84.799995
83.600006
85.6
89.0
86.799995
88.6
87.4
86.6
87.8
92.4
92.0
91.399994
91.6
93.4
92.2
91.0
90.6
91.2
91.2
88.4
88.8
92.0
93.4
93.2
92.799995
94.2
93.6
94.0
95.200005
90.4
94.2
92.2
88.6
94.4
95.0
92.6
93.6
96.200005
94.4
93.8
94.0
95.4
95.200005
94.8
95.200005
94.6
94.4
95.4
95.200005
95.6
94.4
94.2
95.0
93.6
94.6
95.6
95.6
96.0
94.8
95.4
95.8
93.6
96.200005
97.0
92.799995
95.0
94.4
91.2
94.8
96.4
94.2
91.6
92.0
93.4
93.2
96.0
95.8
93.6
94.6
96.8
95.0
96.200005
96.4
95.6
95.6
97.2
96.8
95.4
96.6
97.2
94.6
97.0
97.399994
94.8
96.6
96.4
94.2
96.200005
96.8
95.200005
97.399994
98.2