0.8
1.0
1.2
22.8
50.4
38.4
42.0
40.4
40.0
40.0
40.0
40.0
40.0
40.0
39.8
40.0
40.6
43.0
52.2
58.8
58.600002
57.8
57.200005
57.8
58.2
58.0
58.600002
57.0
57.0
56.6
60.600002
60.000004
58.0
57.0
58.399998
61.6
62.4
62.4
57.4
58.8
62.4
60.399998
62.6
64.4
63.200005
57.6
50.4
64.8
70.4
64.0
47.600002
44.2
58.600002
64.600006
71.0
66.399994
57.200005
62.4
63.6
68.6
67.799995
69.4
48.6
56.199997
71.6
74.0
73.4
61.6
68.8
59.399998
66.799995
67.4
71.6
64.600006
66.399994
63.800003
72.399994
63.800003
69.6
73.6
76.0
76.0
70.6
75.6
74.8
73.2
71.6
69.8
73.799995
76.8
67.6
77.600006
78.4
76.6
76.200005
76.6
77.200005
71.4
80.0
81.6
78.6
78.799995
81.4
77.600006
82.6
76.6
80.2
86.2
88.200005
79.2
82.0
64.4
71.8
82.6
93.8
91.0
80.8
88.4
79.2
79.799995
85.399994
93.4
87.8
91.2
90.6
80.6
82.6
86.4
85.6
89.600006
90.6
88.8
88.0
85.399994
88.0
83.8
91.0
87.0
84.2
89.600006
89.600006
91.799995
88.8
91.799995
91.399994
93.4
93.2
92.0
90.0
92.6
91.6
91.399994
93.4
94.0
93.6
93.8
93.2
94.4
91.799995
92.4
92.799995
90.4
92.2
94.2
92.799995
95.4
88.200005
87.0
96.0
95.200005
86.6
93.2
86.799995
87.4
94.2
85.2
86.6
94.2
93.4
92.799995
91.399994
90.8
93.8
95.200005
91.399994
92.799995
93.0
94.2
95.8
86.4
92.2
95.6
94.0
88.200005
91.6
91.799995
95.8
92.2
93.2
95.0
94.2
95.6
95.6
95.4
96.8
94.6
96.200005
96.200005
96.8
96.0
94.8
96.4
96.200005
94.0
96.200005
97.399994
91.6
92.6
97.0
93.2
94.8
84.799995
81.4
85.2
97.0
83.4
87.6
96.8
94.8
95.6
95.8
96.200005
97.2
96.0
96.0
94.8
97.399994
98.4