139.26355
127.6614
142.41043
98.98767
121.1743
109.6388
94.80119
91.16406
75.64426
88.58088
76.60711
74.65758
69.507805
67.631004
79.99828
73.42805
70.2602
68.488045
70.72729
63.59485
62.809826
65.16541
62.71727
64.73605
64.835
61.53543
56.122726
59.2778
61.997032
66.00299
58.85473
58.833538
58.0477
59.913773
57.696716
65.28904
65.01827
63.188484
58.80681
55.72755
58.52393
54.585915
62.10496
57.52056
55.60089
56.77046
55.296417
60.024292
51.917473
48.76481
55.427666
50.168198
53.174095
50.450706
56.15118
51.920597
49.42823
53.08233
50.593197
54.919605
53.24657
48.69995
49.252373
49.561954
48.87423
48.147373
49.135357
48.001724
49.88787
48.99456
47.649925
47.794167
47.559097
49.958916
44.181545
45.483013
44.25419
51.00493
46.3038
45.864193
48.316547
49.318794
47.072605
44.784985
44.254818
45.380817
45.15517
52.762035
46.941326
49.83925
43.22973
44.43259
47.14229
45.943115
44.347916
42.39865
44.261765
47.066803
40.464096
44.36498
44.034325
43.765068
46.372932
51.084084
44.2292
44.820126
40.242397
41.104443
42.12507
46.91833
44.602974
37.831245
38.59644
38.426304
44.341866
38.581593
44.810356
43.78183
41.774075
39.589943
39.255108
42.14827
39.833412
37.77866
40.520912
39.48261
41.49228
36.358704
39.364605
37.307343
37.97137
35.88799
43.21098
36.051846
36.606407
37.043053
37.48731
40.595135
49.070957
38.17257
45.254883
44.09598
43.34571
68.5348
48.06637
43.1153
47.787224
36.404198
39.243717
39.08193
34.731216
41.44861
37.160107
37.634987
32.96403
36.497696
32.090008
37.00076
31.664488
33.986034
36.030766
29.768402
33.718903
38.863438
39.850994
32.19911
30.462746
33.155952
34.264404
32.848484
31.768967
33.749195
34.465633
27.81679
34.447517
30.780651
32.75494
32.89485
35.528088
33.81269
30.4514
33.520023
34.691185
29.335411
33.41874
31.70098
26.679548
34.98496
39.306442
29.540913
34.55032
39.920734
27.049824
35.28886
40.98777
24.864737
29.248041
36.092262
29.049
32.503166
36.072483
24.693295
29.169262
38.399006
29.410686
34.877766
41.456116
30.666563
60.046577
40.685143
39.545895
44.062
26.80195
32.597588
25.81254
38.247185
27.825615
21.850836
29.953815
31.400297
23.962841
26.048267
31.828497
25.01375
30.617525
29.402693
27.39473
22.375
25.50461
30.586622
25.662842
29.801815
35.442337
30.346216
23.978153
26.078943
26.186136
20.65495
28.210194
20.974264
26.073746
28.271519