20.0
20.0
31.0
40.0
40.0
40.0
40.0
40.0
40.0
40.2
42.2
40.6
40.0
42.0
46.2
48.4
52.999996
56.199997
55.4
57.200005
57.6
57.200005
58.0
58.8
58.999996
59.2
58.999996
58.8
62.0
61.799995
63.6
68.8
70.8
69.6
66.799995
71.4
71.4
68.4
69.6
66.6
62.800003
65.4
71.200005
70.8
66.2
69.2
71.8
69.6
70.8
72.0
71.4
69.6
71.0
71.4
70.200005
68.4
72.399994
72.0
72.6
73.0
73.4
72.399994
71.6
71.8
71.0
68.6
68.8
70.8
72.0
71.8
73.2
73.6
73.799995
74.0
74.0
72.799995
72.2
72.6
71.6
72.0
72.6
71.6
74.0
74.8
73.2
75.0
73.4
73.2
72.2
72.799995
72.399994
75.2
73.799995
76.6
75.4
76.200005
75.6
75.8
76.8
77.200005
75.8
73.2
76.0
74.2
74.0
77.600006
78.0
75.6
80.6
80.0
80.0
79.0
77.8
77.600006
78.4
79.4
81.8
80.8
83.8
83.0
84.799995
81.0
82.8
83.0
82.8
86.0
84.4
83.600006
88.0
85.2
84.0
85.399994
84.2
83.0
88.200005
86.6
83.8
90.6
87.0
84.0
94.6
92.4
79.799995
94.4
95.0
85.799995
93.4
92.799995
86.799995
89.8
92.2
86.4
92.6
92.799995
90.0
88.4
90.4
89.4
89.4
95.200005
92.799995
92.2
95.8
90.0
94.6
93.4
91.0
93.6
90.6
93.0
96.4
94.8
94.8
97.0
93.0
93.8
95.0
91.399994
96.0
95.6
92.4
96.0
93.2
93.6
97.0
95.6
92.6
95.6
95.6
92.6
96.4
94.0
91.0
96.4
95.0
93.2
96.200005
95.4
94.0
97.0
96.4
95.200005
96.6
95.0
91.2
93.2
93.0
87.8
95.200005
94.8
91.2
95.6
96.6
96.200005
93.0
97.6
96.4
94.0
97.6
96.0
94.8
95.200005
95.200005
94.6
97.399994
95.200005
96.8
97.799995
96.0
97.0
97.799995
94.6
97.799995
97.399994
95.4
96.200005
96.200005
96.200005
96.8
97.6
95.4
98.4