19.6
39.0
47.2
38.800003
42.8
44.0
50.199997
49.6
43.8
47.2
52.8
57.8
57.0
50.800003
50.4
53.399998
57.200005
59.2
60.2
59.2
59.600002
60.399998
63.0
64.4
64.8
65.200005
64.8
66.6
70.0
71.4
71.6
71.8
72.6
72.2
72.399994
71.0
71.200005
72.399994
72.799995
72.799995
72.799995
72.399994
72.0
72.399994
71.8
72.2
72.799995
72.799995
72.799995
73.0
72.399994
70.0
69.0
73.4
75.4
71.6
71.0
75.6
73.6
70.0
73.2
76.4
76.4
76.8
78.0
74.8
77.0
79.4
77.8
76.4
76.8
78.6
80.6
82.6
80.8
81.0
81.6
83.200005
83.200005
81.6
84.4
85.399994
82.0
83.8
88.4
81.2
82.6
89.200005
85.2
85.799995
86.6
83.0
85.6
85.6
88.6
84.6
84.6
87.8
91.2
91.399994
89.0
92.4
92.0
86.2
85.799995
89.200005
86.4
89.600006
93.6
91.6
91.799995
92.6
91.0
92.4
92.799995
91.6
92.2
92.2
92.2
93.2
93.6
93.4
95.4
92.6
92.799995
94.2
92.2
95.4
93.2
92.6
93.2
91.399994
93.8
96.4
92.799995
94.2
95.6
93.8
94.8
94.2
93.2
95.200005
95.4
92.6
95.200005
93.8
94.0
95.4
95.8
93.0
94.2
94.6
94.0
95.8
93.8
94.2
96.0
96.0
95.6
95.6
95.8
93.6
96.200005
94.6
94.6
96.200005
96.4
94.4
97.0
96.4
94.0
96.8
95.6
96.200005
95.6
95.6
95.6
96.200005
96.0
95.8
96.8
95.8
95.4
97.2
94.6
96.200005
96.200005
94.2
96.4
96.200005
92.4
96.8
96.8
92.4
96.4
96.6
95.200005
96.200005
97.0
94.8
96.8
95.6
95.8
96.6
96.200005
96.0
96.0
96.0
97.2
97.0
97.2
97.0
97.6
96.4
95.6
95.6
96.200005
96.4
97.0
96.4
96.4
95.4
96.8
96.4
97.799995
98.0