162.82147
153.7641
126.48227
135.88016
123.723724
130.55434
147.33287
120.562294
108.644135
99.37252
90.648445
94.816795
101.25833
96.31326
82.143394
76.974266
79.13661
87.96969
72.37439
78.316376
74.03658
66.980446
68.60295
70.42442
68.15144
67.148766
72.24778
64.18399
66.53147
65.29209
64.72992
62.32945
64.61568
64.14397
62.4094
59.65861
59.472534
65.76251
61.11236
62.472805
60.321976
59.397552
61.752224
59.008797
59.71888
55.68309
56.689743
59.96311
62.02287
58.3635
56.761326
56.24158
58.244144
55.74691
56.8444
53.164528
53.741486
54.84893
57.014668
55.274002
54.183697
55.268726
52.866127
51.939186
52.028976
54.01761
46.564014
53.962666
52.026665
49.90005
47.60222
51.616665
47.895107
47.46085
57.22154
51.96831
48.895084
48.66728
47.689636
47.291813
47.691677
48.03077
49.346138
46.364517
44.53264
44.673805
45.222923
45.44306
46.137524
44.05799
46.569283
43.959354
41.391384
45.249023
42.779087
41.395947
42.654835
43.950924
43.023647
41.453022
44.006023
40.456554
41.167225
39.299145
40.889137
36.700916
43.768425
40.34924
40.980385
38.6696
37.50509
39.2284
38.98471
41.595997
36.524727
39.21507
40.263664
37.454678
37.179935
35.920437
36.087955
37.242405
35.86511
38.032154
35.108585
37.14931
34.7913
39.134968
34.210762
38.750374
33.759186
33.850418
38.288246
35.22794
34.690163
35.841103
35.045486
31.887852
34.0936
32.295116
34.14519
35.661846
30.761177
37.29174
32.172344
31.397556
32.07353
29.688343
30.718096
33.11324
31.676268
33.099186
29.128563
33.505356
30.747253
31.447084
30.761047
29.248768
29.890768
32.829918
29.819054
28.782356
29.011665
28.82571
30.75663
27.286287
29.986275
28.641033
31.701664
28.320599
27.417835
29.179039
27.619537
25.47388
30.329193
26.43176
26.47164
33.054756
26.90653
26.52347
30.2974
28.431074
26.929321
26.752502
27.075035
27.379393
25.986809
25.842861