6.4
20.0
20.0
20.0
20.2
21.199999
22.400002
38.0
55.4
52.600002
48.2
55.199997
56.800003
52.399998
47.600002
47.4
50.4
52.0
54.000004
56.4
57.200005
57.4
57.6
58.2
58.600002
59.399998
61.6
62.6
63.4
63.6
64.0
63.200005
62.4
61.4
61.799995
64.200005
66.799995
69.6
72.399994
72.2
71.8
70.8
71.4
69.4
68.0
61.6
55.4
58.999996
68.4
72.6
72.6
72.399994
71.200005
69.8
71.6
71.6
70.200005
67.799995
70.6
73.0
73.0
72.799995
71.6
72.799995
73.799995
72.799995
73.4
73.6
74.0
72.799995
68.8
71.4
73.0
73.799995
74.0
72.399994
76.0
76.6
75.0
74.4
74.6
75.6
76.6
76.4
75.2
75.8
77.0
78.0
77.0
77.0
77.8
79.4
78.0
78.4
77.200005
78.4
78.6
79.6
80.6
80.4
82.200005
81.6
82.4
84.2
82.200005
80.8
80.4
81.4
82.4
84.2
85.0
85.2
88.4
90.6
85.6
83.8
85.799995
88.0
85.399994
87.0
87.8
87.4
87.0
88.0
93.2
91.2
88.6
94.0
91.799995
87.2
88.200005
90.6
89.0
92.799995
95.4
93.8
91.799995
93.8
94.0
93.8
89.8
91.6
94.8
90.4
93.6
94.2
93.8
94.2
95.8
94.2
92.799995
94.0
95.4
92.799995
94.0
96.6
95.200005
95.200005
97.399994
96.0
95.200005
96.8
95.8
93.8
95.8
95.4
94.2
96.6
95.6
96.0
97.0
95.200005
97.399994
97.399994
96.4
95.6
97.799995
95.4
96.4
96.8
95.8
96.4
97.799995
96.0
97.0
96.8
95.6
98.0