139.82999
121.21754
124.75799
120.480385
131.88579
114.94494
104.062515
115.30908
92.76935
103.877464
81.40134
77.56061
81.287575
73.2454
82.06409
77.68125
83.033485
68.47015
66.669785
74.77677
70.78517
65.551865
66.01057
70.31479
63.588028
67.89858
62.088943
62.14107
60.71746
59.25368
54.443893
62.782307
58.648193
58.99224
56.093544
50.542133
55.710648
56.986404
58.564556
52.03269
51.122715
52.342834
53.27051
51.240456
53.633167
56.473343
49.1398
47.90697
51.022984
53.04516
51.242355
49.867844
46.998215
50.710022
50.132774
45.474117
50.052708
49.94912
46.183407
49.43434
46.334892
46.317528
46.21465
45.04129
45.49384
46.682987
47.2244
43.628494
44.564064
44.02837
42.63432
41.96014
42.155876
43.59153
46.170284
40.856228
43.099106
39.495228
44.537457
38.777702
43.299114
40.48584
41.41117
43.19345
39.848717
48.520233
48.083614
41.30044
44.222733
37.514084
36.96095
41.497097
40.843616
38.333706
39.64523
39.973526
36.534496
38.470966
33.559273
40.007095
37.272476
37.277103
34.4545
36.102848
38.166817
33.988636
44.350075
35.504734
34.756557
34.32115
36.06492
34.052746
33.00098
31.620132
36.202534
32.62817
30.480356
35.811268
32.512074
33.467712
35.325523
30.500063
32.33182
32.792362
32.437836
30.753698
33.09341
38.202602
33.255756
32.56088
30.533478
36.802868
30.59864
32.414196
40.728336
31.8673
30.7596
43.82473
31.858664
28.159023
36.41572
31.824524
27.358696
29.705128
35.608486
32.88208
30.207453
26.81522
27.08663
29.243813
30.544376
31.778652
27.388235
28.493744
34.11125
26.356646
29.027098
32.635075
25.18343
24.072126
28.413933
24.310099
32.190945
36.645397
22.728054
25.185677
30.832975
23.013468
32.6656
36.357983
22.54915
32.540493
37.18887
28.876171
24.561432
29.266905
25.246143
24.505386
26.722559
23.152601
24.85894
32.475853
25.625341
25.610312
29.211008
28.844933
28.681715
25.372227
32.349636
31.34206
24.65522
49.069294
32.501377
34.420662
41.66422
25.172022
31.268951
29.335377
24.05451
31.06971
28.579142
23.150404
25.707523
25.45759
22.508528
21.588625
22.205023
21.60643
22.693722
23.655293
20.016788
23.900698
24.214567
24.967415
19.893164
21.152222
25.752747
22.12117
20.915636
21.331497
23.060127
23.28754
23.123537
26.940445
22.006657
23.734005