20.2
20.2
20.0
20.0
22.0
23.4
39.8
42.6
41.800003
41.600002
54.6
59.399998
51.6
59.600002
60.600002
58.8
57.0
51.6
51.2
53.2
57.6
59.8
58.999996
59.600002
60.2
60.8
61.6
62.4
62.6
63.800003
61.6
63.6
66.2
68.0
68.8
69.2
69.8
69.4
69.0
68.6
69.6
68.8
71.6
71.6
71.8
71.6
71.200005
71.0
71.4
71.200005
72.2
72.6
72.2
72.799995
72.399994
73.4
73.6
73.6
73.6
74.4
74.8
75.2
74.8
74.8
74.8
75.4
76.6
76.6
76.4
77.600006
77.600006
78.2
78.4
78.2
79.2
79.2
78.6
80.0
80.2
79.6
82.4
82.0
81.0
83.200005
84.0
81.2
82.200005
82.8
82.0
85.399994
84.4
83.4
85.6
84.6
84.799995
88.200005
89.200005
83.0
88.0
87.4
83.8
88.4
90.6
86.799995
92.0
90.200005
87.0
89.600006
89.0
87.2
91.799995
92.0
89.8
92.2
91.6
89.8
91.0
91.799995
90.0
93.2
92.799995
91.6
92.6
92.6
91.6
94.2
93.0
91.399994
94.4
92.4
93.4
94.4
92.799995
93.0
94.8
92.6
93.6
93.2
92.799995
93.6
94.6
93.4
94.2
94.8
93.4
93.4
95.6
93.0
95.8
94.6
93.4
95.4
94.2
95.0
96.0
93.6
95.8
95.8
94.6
95.200005
94.8
93.8
96.0
93.6
95.6
95.8
95.6
96.0
96.4
94.2
95.8
95.200005
95.6
95.8
94.6
96.0
96.0
95.200005
95.8
95.6
94.6
96.200005
95.4
95.0
96.8
95.0
96.200005
96.4
94.6
96.200005
96.4
96.200005
96.0
95.8
96.200005
96.6
95.0
96.4
96.6
96.0
96.0
96.200005
96.4
96.200005
96.4
96.6
96.6
96.8
95.8
96.8
96.200005
96.6
96.8
96.6
96.8
96.4
96.6
96.6
96.6
96.0
97.2
96.8
95.4
97.0
95.6
96.6
96.8
95.8
97.399994
96.6
96.8
96.8
96.200005
96.4
97.2
97.0
97.0
96.6
96.8
97.2
97.799995
97.2
97.6
97.799995
96.200005
98.2