20.4
20.2
32.8
24.4
20.800001
38.800003
39.8
42.2
32.2
34.0
40.4
58.0
54.2
50.0
46.6
43.8
40.2
41.800003
45.0
48.0
47.600002
50.199997
54.8
58.2
58.999996
58.600002
58.999996
58.8
58.8
60.2
61.4
61.6
61.6
62.199997
62.6
63.6
65.6
66.799995
67.0
68.4
70.8
71.0
69.8
70.8
72.0
72.2
71.6
72.2
72.799995
73.6
74.6
74.4
75.8
75.2
74.6
75.0
75.2
77.0
76.4
76.4
78.6
79.2
77.8
79.6
78.4
78.4
80.0
79.6
79.4
79.0
81.0
79.799995
81.4
81.6
81.8
82.0
81.2
81.2
81.8
82.200005
81.0
84.0
82.8
83.0
84.6
86.2
83.200005
84.799995
85.799995
86.0
83.600006
86.799995
86.0
85.399994
87.0
85.6
87.4
88.200005
85.6
89.4
87.8
83.600006
91.799995
91.2
84.4
92.0
91.6
84.799995
90.8
88.0
88.4
92.4
90.8
88.8
92.4
92.0
88.6
92.4
91.799995
87.6
92.799995
91.799995
89.0
93.0
92.4
88.8
94.6
92.0
90.8
93.6
92.4
90.8
94.6
91.6
91.399994
93.4
93.2
92.2
93.4
92.0
93.2
93.8
91.799995
94.6
94.8
92.2
93.8
91.6
93.8
94.4
92.6
95.200005
94.4
94.4
95.0
95.4
92.2
95.6
93.4
95.200005
94.2
95.200005
95.0
96.0
94.2
95.0
94.6
94.0
96.0
94.4
94.6
95.6
94.4
95.6
95.0
94.8
95.200005
95.0
95.6
95.6
94.0
96.200005
94.2
96.0
95.6
94.8
96.200005
93.2
96.4
95.8
93.8
96.200005
95.0
95.200005
96.4
94.2
96.4
96.0
96.0
96.200005
94.0
97.0
96.0
95.6
96.4
95.8
95.6
96.200005
95.200005
96.4
95.0
96.0
96.8
96.4
96.8
95.6
96.4
96.6
96.6
96.4
96.8
96.4
96.6
96.6
96.6
96.4
96.8
96.6
96.4
96.0
97.2
95.0
97.6
96.4
96.8
97.2
95.200005
97.399994
96.4
96.4
96.6
96.6
97.799995
95.200005
97.2
95.200005
96.6
95.6
96.0
95.8
95.4
92.799995
96.4
92.6
87.6
95.8
88.0
96.200005
95.8
91.0
96.0
94.8
91.0
96.200005
97.399994
94.6
97.799995
97.6
94.0
97.799995
97.799995
93.6
96.4
98.0