360.21118
247.08789
413.49628
268.07193
326.0671
239.95958
320.38135
207.24136
298.88846
189.93541
267.00415
173.79465
264.3709
166.18462
210.1194
153.67264
235.41104
143.37732
212.65678
130.27928
196.4618
145.74918
199.48387
127.480835
196.4199
124.094925
188.1879
128.00008
179.88086
127.95645
182.85197
121.83028
177.9742
118.392395
174.4453
120.71478
176.2675
111.183525
176.33702
110.19879
165.10231
112.82582
162.22253
112.73584
160.35057
113.07004
161.59625
107.88861
159.42763
105.12035
158.25435
102.90681
155.88882
104.30346
155.1301
102.32104
152.66391
98.660385
145.84735
103.99215
145.93852
100.52575
147.4401
95.27943
146.46333
95.94122
144.20393
94.09446
143.54692
93.57029
145.73984
95.00177
141.66563
97.307465
141.21454
97.69498
139.63013
90.46151
129.59521
93.530334
136.95319
87.88892
136.61182
85.4761
131.65857
86.31178
126.62356
87.29408
131.66173
84.7105
133.6473
89.803116
126.21014
87.35956
126.945885
84.043785
124.97686
80.33603
124.83221
81.06326
118.9538
82.75699
120.183266
78.5658
124.50993
76.4528
112.44662
84.86157
115.805626
78.08991
114.41429
79.28008
115.43771
76.18238
111.452126
75.2124
113.84204
72.44596
109.64444
74.80608
106.02409
75.02644
111.2562
75.567604
110.08733
74.21554
113.25719
81.32319
102.95714
75.41464
124.907616
66.08435
103.10369
77.35899
106.53552
68.55716
113.08193
69.372375
110.14287
79.327835
100.310036
71.045265
122.20365
61.886314
110.916916
80.37532
94.99081
80.30019
118.89793
70.82078
158.09863
83.96461
109.635574
94.746025
102.08289
74.65866
126.70608
58.996662
97.103806
62.01938
87.75132
64.07416
90.18432
62.454937
89.24518
55.12709
83.46873
58.61437
83.691666
58.002766
84.93095
55.856403
84.10997
53.548218
83.10966
54.6356
81.66323
64.98514
86.560974
55.112576
79.90261
52.849876
83.75736
51.08064
81.4638
50.61016
77.17512
51.979862
77.49435
53.994835
83.17411
58.22172
82.05632
50.454067
82.54796
63.454006
75.78017
51.024567
85.87798
55.845142
76.494385
51.054882
91.58332
59.831852
72.55667
49.76684
86.13637
47.396065
70.96303
48.289288
73.08787
44.833706
71.49405
46.664818
68.42335
48.13063