3.6
27.8
39.2
34.2
49.8
40.2
40.0
47.600002
56.6
41.2
57.8
52.399998
50.800003
49.2
46.6
47.4
47.600002
47.2
48.0
49.0
50.6
53.399998
57.8
61.799995
64.200005
64.600006
65.200005
67.0
67.6
66.799995
66.399994
67.6
68.2
68.8
69.2
70.6
71.4
70.4
71.200005
71.200005
71.0
70.8
72.0
71.200005
71.4
71.4
71.8
71.6
71.8
71.4
72.0
72.399994
72.799995
71.4
72.399994
72.399994
72.6
72.399994
72.6
71.6
72.399994
72.0
71.6
73.0
73.0
72.399994
73.0
72.799995
71.200005
72.399994
72.6
72.2
72.6
72.6
71.8
74.4
74.4
73.2
73.2
74.6
73.2
75.4
75.4
75.2
75.4
75.2
75.0
77.0
77.4
75.0
77.4
78.0
76.6
78.6
80.8
78.0
78.6
79.6
77.600006
78.2
78.6
79.799995
79.6
81.6
81.8
82.200005
81.8
80.4
81.4
83.0
81.6
84.799995
83.8
84.0
84.799995
85.6
85.399994
85.6
85.6
85.0
86.0
88.4
84.799995
90.4
88.8
85.399994
91.2
88.6
85.399994
93.2
89.4
87.2
92.2
90.6
86.4
93.8
90.4
86.4
94.6
93.2
88.6
95.0
91.799995
87.4
94.6
93.4
88.0
95.8
94.6
85.399994
96.200005
95.6
86.2
95.4
96.6
88.6
95.4
95.4
92.4
95.200005
95.200005
92.799995
96.0
95.0
95.4
95.200005
95.0
94.6
95.6
94.2
96.200005
95.6
95.4
95.8
95.8
94.6
96.6
94.0
96.200005
96.4
95.6
96.4
95.4
96.6
96.0
96.0
96.0
97.0
94.8
96.8
94.6
97.0
96.6
95.4
96.8
95.4
96.200005
97.0
94.8
97.0
97.6
94.2
97.399994
96.8
96.8
97.399994
96.6
96.6
97.0
96.8
97.0
96.6
97.6
97.399994
96.8
98.0