446.52414
278.07288
392.93567
241.11705
414.36368
231.04803
312.87198
205.2236
298.14133
200.8307
267.19928
181.09044
259.74408
147.76169
224.50603
154.76038
218.78581
133.65578
190.87038
133.56915
192.08582
125.64058
189.76411
126.56677
182.44347
125.36414
181.40887
117.98144
176.76846
119.42972
175.41551
121.41351
170.74573
115.87912
164.83034
116.1415
166.77151
108.77374
163.01071
111.1404
162.03345
103.869225
159.53574
109.72866
154.74088
103.2212
153.77512
104.760735
152.98163
99.10701
153.5566
96.78461
145.9879
99.79727
151.00887
92.10131
151.6109
93.149994
142.4379
98.84811
140.92006
91.96972
140.76038
90.90315
136.10901
92.01146
135.95825
90.02204
130.8428
95.65309
125.18556
94.43454
134.96881
85.141396
131.2671
84.644325
125.6178
86.547264
129.8758
84.98249
126.85041
86.46094
123.53545
83.246414
124.71576
82.43776
121.81168
83.81275
124.44014
81.36566
123.085884
80.67908
120.43038
80.03821
119.64624
76.33664
129.93034
74.34796
131.74652
86.637825
123.99902
83.22816
114.12627
79.8142
119.31748
74.200195
110.74064
72.44833
109.87326
72.93294
106.84361
74.21253
105.5292
75.8223
117.520836
69.328064
103.865845
69.11612
103.62094
68.845894
106.76355
69.25199
106.398705
74.22921
98.04234
70.0601
110.579605
62.97927
103.20109
77.772995
94.17325
65.31682
98.516426
63.852028
94.02037
63.84528
92.292915
62.90088
89.399826
63.175552
86.535835
65.05439
91.87979
58.02151
85.98213
63.44753
89.25954
61.77831
99.752975
58.999973
87.730095
56.4859
91.32841
59.448517
84.427284
60.514427
89.74695
57.967285
83.02676
55.44128
82.5377
56.917088
87.77968
64.234116
81.02847
57.290787
80.12593
55.21444
78.49025
54.96261
77.896515
59.30977
77.88178
52.201385
80.61433
52.38317
80.00973
49.675663
75.55156
50.58068
82.502144
57.40704
90.44548
46.548206
77.11582
61.569283
79.46069
50.789715
70.11421
54.129253
78.84883
47.013466
72.244705
51.65547
72.7369
47.932217
76.6431
46.974102
76.45203
48.5126
68.1015
49.37703
68.44226
51.61998
71.64526
47.162025
70.06977
44.39344
74.42629
50.432446
76.3315
48.23472
67.61221
52.29941
67.737854
45.83952
69.67056
42.742546
67.28058
45.345066
71.71268
44.901905
68.024185
46.340195
81.45945
46.261333
64.861404
46.390347
71.95997
44.50192
66.36599
40.66839
63.54806
43.166195
61.780163
46.447613
65.54223
41.12607
60.796017
44.91016
62.915024
49.50363
65.88259
40.17762
66.12725
46.496677