397.1556
262.33728
420.12256
268.06256
346.40186
270.3593
377.81638
218.70392
297.23676
182.35663
274.19345
181.15457
257.25052
173.68044
215.1621
151.2272
218.42111
139.41512
210.56708
130.12613
194.75908
135.895
184.61792
132.10551
182.07228
126.152405
184.15536
125.13003
178.40465
121.54079
174.56616
119.26929
175.94405
110.90974
165.82182
116.63893
168.33463
111.61665
162.62938
110.338936
171.24973
102.50125
154.84708
110.79272
153.44032
108.77243
154.71198
104.4034
152.29626
102.94055
153.08257
98.52346
151.46341
97.0691
145.1088
102.350845
145.40965
96.75454
141.10742
100.637764
143.57321
94.314705
141.23796
93.960396
139.22137
94.939705
135.58696
92.507416
137.1901
90.071686
132.32108
93.42156
133.53323
87.01396
129.18575
89.15948
130.70056
87.23809
127.871376
86.223724
124.215324
91.103035
130.42471
85.434296
125.24813
81.60376
127.15569
81.38285
122.62815
80.63625
121.86956
80.477036
120.66387
80.04021
120.09229
77.321594
118.73975
75.92965
119.579414
76.18249
115.6002
82.62651
122.81676
84.8871
114.880135
84.972435
119.673805
79.78659
123.76442
86.42312
109.72154
74.31112
124.691154
69.50501
109.1074
76.82564
107.7669
72.37314
115.76551
68.51951
113.82698
79.999886
105.01402
73.46667
108.996155
71.84613
116.94498
76.24616
99.99877
69.15215
101.92328
68.824776
104.21649
70.682076
97.502525
63.79464
94.99051
65.96913
96.42402
64.70113
90.25125
67.069305
98.77676
59.76817
92.71766
63.512672
96.439896
63.282425
92.872185
60.911243
89.97144
62.177967
93.27079
59.939194
92.25437
55.97131
89.39559
64.271416
102.81851
59.56827
87.89436
58.406586
86.80977
57.069817
87.87461
57.84728
88.49274
55.04346
85.22576
61.237724
83.949066
55.34662
87.83005
52.63995
82.99837
54.789593
84.059875
54.313007
79.391945
55.643124
80.49087
57.45932
91.84475
61.244972
87.17864
50.511417
80.429054
60.901638
92.535355
60.817352
77.11236
57.63755
93.462715
51.18313
78.79658
60.217754
85.9322
54.01324
75.12213
50.233845
85.608864
59.562965
93.95867
48.388714
77.131805
55.70141
75.40142
46.35606
82.0567
51.759808
78.86439
56.76487
78.18525
46.70914
69.1299
51.66134
71.0613
49.181736
70.983055
46.32122
70.75525
47.060207
71.86574
43.796844
67.62734
47.310463
69.09533
48.759552
74.36488
46.68286
69.183205
53.78498
76.28383
53.3129
70.94795
41.95762
72.97299
49.85577
84.142265
46.866154
73.35198
41.043026
66.56603
47.127777
77.42238
59.593147
93.98796
71.23362
91.27878
65.01827
67.704155
57.604973
132.18394
39.66244
157.90271
102.56829
94.35535
148.55057
92.59588
78.79062
155.69608
56.598984
84.35858
82.75364
78.5113
47.80599
92.70213
58.486614
64.58506
75.672646
109.963646
46.19484
125.17952
82.52856