791.43146
701.2192
608.205
534.3082
890.57117
559.6344
494.14487
480.01224
486.38715
729.37744
431.89838
448.1347
427.15112
434.13498
411.44867
384.85132
395.3315
385.32755
386.61417
348.51007
348.45798
347.79257
338.57248
336.9335
339.11282
336.8361
322.26767
314.6167
310.95383
307.3196
301.168
297.17142
297.5112
291.9519
286.1377
283.12244
281.15234
275.65488
272.37677
271.30682
267.0406
263.29898
261.48795
258.48663
255.1748
253.52756
251.40594
248.27264
246.24287
244.17429
241.38132
239.54024
237.83665
235.42743
233.58768
231.80858
229.5614
227.8651
226.25978
224.32294
222.77173
221.16965
219.34987
217.87547
216.34012
214.73116
213.37193
211.87817
210.38406
209.0535
207.6076
206.24907
204.96681
203.59346
202.32141
201.04799
199.75017
198.54839
197.31056
196.09958
194.93256
193.73076
192.58458
191.44223
190.30092
189.20279
188.0862
186.99686
185.91983
184.84058
183.79272
182.73901
181.70274
180.67693
179.65096
178.64606
177.64032
176.64925
175.66574
174.68642
173.72095
172.7569
171.80588
170.85985
169.92145
168.99234
168.06726
167.15298
166.2428
165.34221
164.44745
163.56015
162.68056
161.80656
160.94165
160.0821
159.23134
158.38629
157.54967
156.71936
155.89691
155.08133
154.27325
153.47272
152.67918
151.89346
151.11469
150.34395
149.57985
148.82416
148.07483
147.33429
146.59969
145.87424
145.15437
144.44434
143.73848
143.04414
142.35188
141.67403
140.99414
140.33397
139.66417
139.02492
138.3602
137.74864
137.0786
136.51035
135.81178
135.32422
134.54486
134.23215
133.2566
133.38069
131.99527
133.40381
131.53294
137.46773
137.15817
157.0248
156.36757
179.72423
147.5329
147.61751
133.06642
139.621
136.65045
153.02037
150.50671
169.9497
143.74257
146.80205
131.3429
138.47137
134.38737
149.47556
144.9571
160.95482
139.39528
144.67227
129.61583
136.99971
131.24336
144.18152
138.16637
151.27557
135.01062
142.22572
128.10945
135.3675
127.7395
138.10931
131.34225
142.25659
130.50136
138.91165
126.429214
133.69876
124.76398
133.19017
125.83228
134.92613
125.86913