51.6
52.0
48.4
46.399998
45.2
44.2
41.4
40.2
40.2
41.4
44.800003
52.399998
58.2
58.600002
58.2
56.800003
58.2
58.600002
57.6
56.4
57.4
57.8
58.600002
61.4
63.0
65.200005
66.799995
68.4
69.6
69.6
70.0
70.4
70.200005
70.8
71.0
71.4
71.8
72.2
71.6
71.6
71.200005
72.0
72.2
72.2
72.2
72.2
72.0
72.0
72.0
72.0
72.2
72.2
72.6
72.6
72.6
72.6
72.799995
73.0
73.0
73.0
73.0
73.0
73.0
73.0
73.0
73.0
73.0
73.2
73.2
73.2
73.2
73.4
73.6
74.2
74.6
74.6
75.2
75.6
76.0
76.8
77.200005
77.200005
77.200005
77.4
77.600006
77.600006
77.600006
78.6
78.799995
79.4
80.4
80.4
80.6
80.8
81.0
81.2
81.4
82.200005
82.8
83.4
83.600006
83.600006
83.600006
83.8
84.0
84.0
84.2
85.2
85.2
85.2
85.399994
85.6
86.4
86.6
86.799995
87.6
87.8
88.0
89.0
89.200005
89.200005
90.0
90.6
90.8
90.8
91.0
91.399994
91.399994
91.399994
91.6
91.799995
91.799995
91.799995
92.0
92.2
92.6
93.2
93.2
93.4
93.6
93.6
93.6
93.6
93.6
93.6
93.6
93.6
93.6
93.6
94.6
93.6
94.6
92.6
95.200005
92.0
95.6
92.799995
94.0
93.4
95.6
93.0
97.0
92.4
95.8
93.6
94.0
94.4
96.4
94.6
96.6
93.4
96.6
94.0
93.2
94.2
95.200005
95.8
96.8
94.4
97.0
93.8
95.4
94.2
94.8
96.6
95.8
96.8
94.4
97.0
95.4
95.0
95.200005
95.8
96.200005
97.399994
95.0
97.399994
95.200005
97.0
95.4
95.8
96.8
98.0