20.2
20.2
22.8
12.0
24.8
29.800001
28.8
31.0
32.0
24.4
38.0
44.4
50.199997
49.2
55.6
57.200005
56.199997
53.8
49.399998
49.6
54.2
57.6
58.600002
58.8
58.600002
58.8
59.2
59.2
58.999996
59.8
60.399998
61.4
62.199997
63.6
65.0
66.6
67.6
68.0
69.0
69.6
70.0
70.4
70.4
70.200005
70.6
70.6
70.6
70.6
71.0
71.4
71.6
71.4
71.4
71.4
71.6
71.6
72.2
72.2
72.6
72.6
72.399994
72.6
72.799995
73.2
73.4
73.4
73.6
74.0
74.0
74.2
74.4
74.6
74.8
75.0
75.4
75.8
76.0
76.4
77.4
77.600006
77.8
78.2
78.6
79.2
79.4
79.4
79.4
79.4
79.799995
80.8
81.6
82.0
82.200005
82.6
82.6
82.8
83.200005
83.600006
84.2
84.4
84.6
85.0
85.2
85.399994
85.799995
86.0
86.2
86.2
86.2
86.799995
87.6
88.0
88.200005
88.200005
88.4
88.8
88.8
89.4
89.4
89.600006
90.0
90.200005
90.8
91.0
91.6
91.799995
92.4
92.6
92.799995
93.2
93.4
93.4
93.6
93.8
94.0
94.2
94.4
94.4
94.4
94.4
94.4
94.4
94.4
94.6
94.6
94.8
95.0
95.0
95.0
95.0
95.0
95.0
95.0
95.0
95.0
95.0
95.0
95.0
95.200005
95.4
95.6
95.8
95.8
95.8
95.8
95.8
95.8
96.0
96.200005
96.200005
96.200005
96.0
96.0
96.0
96.200005
96.200005
96.200005
96.200005
96.4
96.6
96.6
96.6
96.6
96.6
96.6
96.6
96.8
96.8
96.8
96.8
96.8
96.8
96.8
96.8
96.8
96.8
96.8
96.8
96.8
96.8
96.8
96.8
96.8
96.8
96.8
96.8
96.8
96.8
96.8
96.8
96.8
96.8
97.0
97.0
97.0
97.0
97.0
97.2
97.2
97.399994
97.399994
97.6
97.799995
97.799995
97.799995
97.799995
97.799995
97.799995
97.799995
97.799995
97.799995
98.0