681.0506
681.9558
666.95276
589.9854
699.8343
620.54114
547.52673
530.96985
526.4621
554.4765
466.07425
467.40643
448.61035
421.6049
393.99844
405.63367
410.54395
381.91226
359.43393
352.5483
357.26135
345.24036
330.8396
329.10995
330.8627
328.22272
319.175
314.9221
313.17343
312.02887
309.0068
305.49292
303.91568
302.04044
299.5874
295.86234
292.92172
290.73737
288.8963
286.74908
284.21707
282.0663
280.248
278.43073
276.15793
273.99307
272.18408
270.5431
268.6385
266.66602
264.95572
263.42386
261.73367
259.9204
258.2705
256.77753
255.19997
253.51297
251.9229
250.45486
248.94586
247.36533
245.85576
244.44035
242.99864
241.50174
240.04735
238.6542
237.24277
235.80374
234.4076
233.0578
231.69398
230.31618
228.97092
227.65285
226.32324
224.99364
223.69429
222.41147
221.12112
219.83678
218.57484
217.32011
216.06242
214.817
213.58897
212.36404
211.1413
209.93141
208.73183
207.53377
206.34203
205.16228
203.98845
202.81767
201.65508
200.50092
199.3502
198.20464
197.06705
195.93518
194.80719
193.68533
192.56984
191.45845
190.35168
189.25127
188.1558
187.06453
185.97873
184.89854
183.82253
182.75163
181.6861
180.62541
179.56969
178.51924
177.47429
176.43394
175.39919
174.36995
173.346
172.32758
171.31494
170.30794
169.30669
168.31161
167.32234
166.33928
165.36249
164.39204
163.42831
162.47098
161.52054
160.57681
159.64005
158.71074
157.78838
156.87332
155.9657
155.0658
154.17348
153.2888
152.4122
151.54333
150.68257
149.83003
148.98561
148.14944
147.3216
146.50214
145.69125
144.88864
144.09476
143.30927
142.53253
141.76419
141.00462
140.25356
139.51123
138.77737
138.05223
137.3356
136.62747
135.92792
135.2368
134.5541
133.87976
133.2139
132.55608
131.9066
131.26524
130.63184
130.00655
129.38908
128.77948
128.17773
127.58356
126.99707
126.418015
125.84626
125.282036
124.72483
124.17484
123.63197
123.09609
122.5669
122.0445
121.52886
121.01982
120.51723
120.02107
119.53118
119.04755
118.57007
118.0986
117.63312
117.173546
116.71977
116.271706
115.829315
115.39248
114.96107
114.535126
114.1145
113.699265
113.28914
112.88418
112.48429
112.08931
111.69947
111.31443
110.934135
110.558716
110.18795
109.821915
109.46046
109.10362
108.7513
108.40346
108.06001
107.721
107.38627
107.05593
106.72988
106.40808
106.090454
105.77698
105.46769
105.16253
104.86144