604.0456
622.82825
692.05585
673.82605
442.83844
575.1988
552.0403
479.63016
400.09073
392.27246
426.65448
388.23996
361.538
334.04364
377.67523
364.22473
351.67282
326.88202
328.46414
320.28024
316.61902
309.15234
307.96283
304.5244
304.26505
293.5662
290.28546
287.91144
287.27173
279.7804
277.53174
278.70126
273.85645
270.31793
269.82077
268.08963
264.06912
262.8683
262.14932
258.54633
256.86716
256.3127
253.69539
251.89255
251.30772
249.29965
247.38145
246.49051
244.76486
242.97583
242.05658
240.59752
238.97362
237.9933
236.60309
235.10718
234.1171
232.81357
231.4783
230.50224
229.24826
228.03087
227.05785
225.85678
224.74744
223.76985
222.61116
221.57553
220.58614
219.4867
218.51567
217.52228
216.48096
215.53795
214.53865
213.55328
212.62683
211.64769
210.71509
209.7911
208.83954
207.93597
207.01265
206.09732
205.20847
204.297
203.41164
202.52429
201.63269
200.762
199.87843
199.00777
198.13966
197.26692
196.40761
195.54074
194.68167
193.82417
192.964
192.11156
191.25404
190.40231
189.54971
188.69737
187.8484
186.99646
186.14838
185.29837
184.45003
183.6019
182.75336
181.9067
181.05827
180.21225
179.36491
178.51932
177.67313
176.82794
175.98337
175.13924
174.29643
173.45378
172.61307
171.77274
170.9345
170.09688
169.26184
168.42746
167.59639
166.76576
165.93925
165.11313
164.29205
163.4707
162.65576
161.83946
161.03233
160.22032
159.42346
158.61386
157.83124
157.01917
156.26033
155.43262
154.71988
153.84459
153.23547
152.23013
151.8904
150.56082
151.03659
149.08102
152.62756
151.05215
167.43335
170.79195
201.89305
165.1457
165.32635
149.06425
155.7993
153.60449
177.93855
175.42389
196.59737
154.41087
150.77142
138.02028
139.6821
138.0464
148.38751
154.00424
183.88583
163.69075
173.89407
144.08649
140.48747
131.68657
140.75809
144.90053
168.19139
165.10446
183.00868
140.05865
131.42719
123.76869
125.81185
139.59172
150.66347
176.72815
152.09666
157.3341
132.61935
129.88142
122.91151
131.75974
136.3739
155.8327
152.21135
167.93233
133.15053
128.28127
116.672134