20.800001
24.0
32.8
36.199997
58.2
45.2
55.0
57.0
56.0
57.0
58.0
58.8
58.999996
58.399998
53.399998
51.6
54.000004
57.0
57.8
57.4
58.600002
58.8
58.399998
58.399998
58.399998
58.399998
59.399998
58.8
59.399998
61.6
63.200005
64.4
66.399994
67.2
67.4
68.4
69.4
69.6
70.8
71.200005
71.4
72.2
72.399994
73.2
73.799995
74.0
73.799995
74.0
74.8
75.0
75.4
76.200005
77.0
77.600006
78.2
78.4
78.4
78.4
78.799995
79.6
79.6
80.0
80.0
80.4
81.0
81.4
81.4
81.8
82.0
82.6
82.6
83.0
83.200005
83.4
83.8
84.2
84.4
84.6
84.799995
85.2
85.799995
86.2
86.4
86.799995
87.2
87.4
88.0
88.4
88.6
89.0
89.200005
89.4
89.8
89.8
90.200005
90.4
91.2
91.2
91.6
91.799995
91.799995
92.0
92.0
92.2
92.2
92.2
92.4
92.6
92.799995
93.0
93.0
93.0
93.2
93.4
93.6
93.6
94.0
94.2
94.2
94.6
94.6
94.6
94.6
94.6
94.6
94.6
94.6
94.6
94.6
94.6
94.6
94.6
94.4
95.0
95.0
95.0
95.200005
95.200005
95.200005
95.200005
95.200005
95.200005
95.200005
95.200005
95.4
95.4
95.6
95.6
95.8
95.8
95.8
95.8
96.0
95.4
96.200005
95.0
96.0
94.6
96.200005
93.8
96.0
94.2
95.8
95.0
96.4
94.6
96.4
94.0
96.0
94.4
95.6
95.200005
96.8
94.8
96.8
94.8
96.8
95.200005
96.0
95.6
97.2
95.200005
97.2
95.200005
97.2
96.0
96.8
95.8
97.6
95.4
97.0
95.4
97.399994
96.200005
97.6
96.6
97.799995
96.0
97.6
96.0
97.6
96.4
98.0