141.96213
128.12344
138.80173
123.457924
104.3321
120.86202
100.653915
91.23888
90.857994
95.99914
75.40306
89.42009
78.92667
68.342445
62.812572
71.32515
67.81571
66.07256
66.39947
62.434063
62.620365
61.607117
64.85461
63.82539
62.041645
59.15268
58.944824
61.237896
58.74142
62.998615
60.883698
57.125435
56.384773
59.622166
59.221394
59.8262
53.58798
53.29904
58.48506
53.15659
53.796852
50.350636
54.737904
56.566326
52.92241
49.711082
56.05365
50.503128
54.748253
50.868004
50.813232
53.005215
52.054283
51.38963
46.507206
50.212635
52.975266
47.52081
43.794735
53.137684
48.10874
47.557705
46.219494
48.89001
48.93538
43.339012
47.683693
48.79453
45.89337
45.9244
45.54817
46.165802
48.955223
42.717495
44.056152
44.76459
42.723385
43.873444
42.2989
45.526722
41.91508
43.441895
41.924484
44.363525
41.36136
41.693607
39.523872
41.896587
42.740128
42.076168
40.393612
41.19087
37.8341
41.640343
41.793007
37.883564
40.308933
39.41063
41.237263
39.20877
40.104553
40.383877
40.00504
38.882282
37.554405
38.083244
36.623642
38.570248
42.289276
37.119106
35.43749
38.41968
37.07702
36.416813
37.15042
36.566895
37.346493
33.79863
36.148533
34.01316
33.381123
33.022774
35.534283
33.931473
35.05305
31.94819
32.935654
34.631954
34.186737
33.28745
37.726597
30.517391
31.678543
35.40087
35.787567
34.541485
33.805065
35.4495
33.278553
33.59302
32.73451
32.14503
33.90682
29.448624
30.252186
31.09846
30.788269
30.976944
28.623838
28.549257
30.066778
30.007168
28.7274
28.475206
29.307016
26.622112
27.541092
30.784578
30.008995
28.184324
24.86957
26.622875
30.145178
30.191366
27.420822
29.202589
34.315834
25.514488
35.821648
44.912754
32.768948
34.20007
37.96217
28.527952
36.956978
27.489532
28.053389
35.12429
27.44201
28.790495
25.830643
32.674404
24.99394
27.146828
31.05245
30.274961
24.940939
26.219584
24.586023
23.559532
25.32408
25.949215
28.066849
23.86358
24.594929
27.122484
26.341406
26.963255
29.40092
26.52627
27.156527
30.274326
29.694471
25.087305
27.578527
25.438858