189.62979
185.8834
183.3857
192.33734
173.93022
173.01253
167.83629
169.0727
168.1589
156.5404
150.07413
161.14621
148.62366
133.49582
121.72519
125.75151
129.4747
123.02033
111.76079
111.24628
110.54176
107.28616
104.599106
95.206665
97.88736
96.33588
93.36718
89.06125
87.45671
88.90286
85.57669
84.39051
83.840454
78.7365
79.17067
77.711235
77.097534
74.19122
77.273476
71.199425
73.14735
70.7573
71.78106
69.23077
66.5974
66.48326
68.38027
68.09666
66.22664
60.446133
63.301476
62.78662
62.126507
60.794006
62.580185