86.95008
94.70355
77.411575
85.16611
87.45703
81.28692
82.38251
80.54829
81.01295
83.13786
76.44742
76.23115
76.46266
74.28497
73.6299
72.08059
75.89171
74.28209
67.82199
71.72164
69.01079
68.403564
62.672653
65.92144
61.588158
64.305016
62.583054
59.89262
61.86501
58.1161
59.85967
58.24253
56.91692
57.070904
56.032833
54.25879
51.61077
51.136135
53.394737
49.71884
49.25489
50.79183
49.93891
49.134228
48.725674
49.264206
46.7075
45.974197
48.040997
45.709705
45.33301
43.389435
45.43876
46.320908
44.467636
43.772114
42.984394
42.090553
41.409645
41.987423
41.959183