138.29153
126.51551
124.43718
142.82268
110.61354
115.75188
130.05139
101.13855
99.88516
88.505196
70.67127
93.18543
92.55063
78.56759
69.14824
72.52923
66.76783
81.24449
73.453445
67.72839
66.52337
65.24798
61.826035
72.528656
65.97003
67.572624
65.85087
58.31052
67.285
62.41446
70.18904
58.161716
56.958954
61.571785
61.44158
62.216446
60.973656
57.174675
63.345097
62.62368
60.470375
56.59385
59.683342
60.3187
58.85649
59.18907
61.344704
60.238472
60.0228
55.57331
58.243015
58.414673
59.473495
67.834656
53.52687
55.038216
58.182655
60.350433
54.069855
56.46992
53.0673
56.389168
50.923855
60.66881
57.081047
55.88527
55.559605
56.50755
58.70247
52.681423
50.717777
49.83214
54.50825
50.52785
51.24729
48.35116
53.472836
51.997684
50.44546
46.356678
51.662647
47.202652
50.54886
50.411823
46.545197
45.84333
50.394073
44.77199
47.558025
49.8482
47.50343
47.320675
46.848152
48.425507
43.48466
46.737457
44.449146
50.406055
51.498203
43.23609
44.16935
44.589405
48.3867
39.84865
46.07111
47.185425
46.97208
50.279907
44.84018
51.04545
49.518097
40.75485
51.793846
45.960175
43.553944
49.592045
41.911373
55.927258
46.37874
45.937828
40.195873
38.789856
45.941353
39.39238
39.055458
36.256573
39.175106
39.60547
42.45841
42.433567
37.191116
38.44894
38.148926
38.08617
37.174843
41.39514
39.040863
35.014084
39.690296
40.039738
35.186993
36.600365
38.040558
35.280777
36.0459
35.228348
36.476967
34.117252
33.198547
34.594994
32.63159
33.0907
30.797647
34.737663
35.27792
33.362213
36.588867
31.720316
32.903408
33.10229
33.75872
38.26454
37.051743
30.637064
29.70408
31.693657
34.860554
35.89426
44.86754
49.11632
31.044695
53.243332
40.292725
38.028194
38.439972
34.581516
33.0605
33.087894
33.654728
29.935656
30.033356
32.150425
31.810232
29.94221
27.625008
30.93161
29.950617
27.664164
27.933516
33.225967
37.03106
27.787598
32.422424
34.22307
35.62297
28.656563
30.724447
31.933502
27.545013
29.23506
31.299109
31.276623
30.791788
30.156143
26.519232
38.11672
29.755653
27.18134
24.403822
24.128197
28.611038
27.86252
27.987621
26.075428
34.664474
28.592966
25.620188
50.115173
43.480694
31.136425
46.81521
35.85984
37.088707
41.077908
33.897995
27.326225
37.43349
28.013926
34.66717
30.455572
28.390041
20.772873
24.609196
27.21369
28.356865
28.112202
31.171589
25.930674