108.97326
102.69583
147.6145
213.3139
102.63124
119.29223
119.5735
121.60346
112.938194
98.43404
103.81103
99.951515
86.89792
103.24692
83.02419
72.75809
84.98057
83.36819
85.08158
66.4861
72.90881
69.472336
71.20464
66.37755
64.60038
67.16084
70.91255
61.29408
58.592472
63.085567
62.402355
63.401787
59.084206
59.238026
55.43914
61.37439
56.096344
59.996136
55.33014
56.62092
57.634525
50.860523
61.85878
56.489525
53.183083
50.05159
58.16899
51.04639
49.485928
51.069355
47.00985
49.544113
53.032158
50.27973
51.322826
49.731495
59.84925
49.953323
50.91994
44.322887
56.468445
50.053333
49.841793
47.767063
45.077583
47.139854
45.9157
44.34395
45.860092
42.5093
42.41382
42.30858
42.93097
42.38503
40.523148
43.11007
38.8289
40.818104
39.370552
41.207703
37.768536
38.22626
37.426163
42.85393
37.582516
36.156155
39.412876
39.739155
42.127426
37.26562
36.52968
38.964565
36.163105
36.2518
36.37499
33.819984
33.99718
39.18888
37.839764
38.69459
35.168842
34.486233
37.159225
33.922024
40.734604
43.199352
31.829443
33.596546
33.260654
33.43527
31.12642
32.63999
32.930294
32.801086
37.196156
35.00545
33.833035
32.94956
30.292234
27.649519
29.480362
28.499786
28.161455
34.88668
32.680035
30.150143
29.047913
30.146223
30.157293
31.373392
33.85154
32.181496
28.298029
31.442352
32.307327
26.593714
34.017223
32.96461
27.695866
29.294622
31.059504
27.363846
30.813871
38.406242
27.408918
26.552382
28.402336
29.659866
27.409334
24.052923
27.296291
30.729437
32.398045
28.769604
24.84634
28.712597
31.849295
36.747852
23.825531
27.45246
32.121845
25.295868
25.948011
29.083998
28.667969
44.064465
42.001823
23.658247
29.771957
29.515766
23.789682
29.32669
27.86105
25.7629
28.26615
38.4888
23.760437
38.048084
35.001575
24.99033
42.191086
30.195068
31.273441
44.651497
39.688572
21.61367
38.17255
28.85135
24.461636
27.205782
22.310368
22.6459
27.759111
26.592392
25.615488
24.854212
25.506575
22.299635
30.516947
27.906399
21.276098
20.751179
23.356075
23.5134
26.583803
20.73836
23.452827
22.634115
25.819859
26.097893
24.643087
24.505808
28.334305
26.940338
20.185268
21.004534
21.823586
25.681816
24.84141
17.309158