120.21354
122.86587
134.39325
155.92159
122.58563
106.53537
107.017395
116.320724
101.046776
84.80297
79.64692
100.27397
82.994026
76.323654
76.938286
71.94236
78.23313
72.90689
67.42884
73.09925
70.99024
66.12693
66.908806
64.14247
70.21473
63.125057
64.343704
62.269688
67.953224
62.03178
57.710968
64.396805
62.62238
62.376617
58.203053
63.953213
56.295963
62.175365
63.101578
60.005733
59.94735
59.171017
56.423386
60.700253
55.606556
57.653576
54.780422
55.517056
54.813686
53.93268
51.823776
55.239227
53.38207
53.30921
55.532314
52.153954
49.10289
53.943962
48.396008
54.49967
52.60836
49.675125
49.518627
47.205914
48.3464
46.438686
48.679276
47.47903
49.3571
48.413948
48.05659
46.567005
48.319355
44.283813
47.51855
47.277348
41.872528
44.609417
46.203457
43.594162
43.707752
46.089973
46.571617
44.532143
42.249535
43.883144
45.05135
45.410004
39.760044
44.382687
43.33636
43.719513
42.57716
46.116264
38.783993
42.16737
40.0073
42.622066
41.300186
44.50779
41.229645
38.12339
38.839542
39.83
38.651756
43.5272
39.86898
36.177547
39.641956
36.217403
36.046543
38.76678
38.68173
34.758293
39.73883
39.894993
34.750336
38.6563
38.090458
37.606167
34.518127
34.18995
36.304634
36.504433
41.789585
35.519196
35.3266
39.70025
31.555367
35.13498
35.888397
32.04368
41.64592
41.727726
36.19636
41.242363
41.38424
38.294617
35.847225
33.391994
30.693138
30.786901
29.64382
33.628334
33.29247
30.42014
32.825703
32.15437
32.156914
29.951704
35.69565
30.683044
27.85736
35.17571
29.29327
34.451653
35.990204
30.10344
30.514677
27.440102
27.695456
32.470715
33.44638
29.091263
29.43566
29.490168
28.013617
34.376873
28.808107
34.33899
38.01942
25.461514
31.704817
34.45946
28.631275
35.158222
41.55747
29.886206
41.845592
44.10505
43.472973
60.067924
31.16775
47.946426
35.96458
28.013208
38.599297
38.89463
38.897717
33.740963
26.32028
29.742876
29.965906
28.448238
24.534912
25.375475
27.696095
26.646997
23.967672
26.522472
24.868965
28.77822
26.970842
29.162878
31.996292
27.660362
26.148287
26.91162
23.210524
24.438524
24.347647
27.013588
22.360727
26.401913
25.261833
25.296429
21.468807
24.607483
27.133535
31.994751
19.88338
31.896395
33.641914
25.729172
32.774044
36.453484
21.483006
37.57822
35.294815
23.664087
34.00215
37.368607
23.855293
42.87272
26.2055
22.739573
26.735579
22.759542
23.855642
27.109287
27.331402
21.789349
22.296774
22.537846
23.874456
26.684656
28.461988
22.826303
24.026293
29.04408
26.639618
25.78231
19.446424
22.648903
22.893217
20.759296
22.737427
23.610773
22.490385
24.098032
23.825996
30.314144
22.612888
30.425043
28.485168
21.328587
23.357119
25.717325
20.096052
20.186104
20.692717
21.946075
18.133352
23.010702
23.256413
19.457706
21.448538