2.0
1.4000001
0.6
0.6
0.2
0.0
0.0
1.0
8.0
23.4
29.199999
38.2
38.600002
35.0
30.8
34.0
40.8
43.2
43.399998
43.399998
43.399998
43.6
44.2
48.4
52.600002
56.199997
57.8
58.2
58.2
58.399998
58.399998
58.399998
58.600002
58.399998
58.399998
58.399998
58.399998
58.600002
58.600002
58.8
58.999996
58.999996
58.600002
58.600002
58.399998
58.600002
58.600002
58.600002
58.399998
58.399998
58.399998
58.399998
58.399998
58.2
58.2
58.2
58.2
58.2
58.2
58.399998
58.399998
58.399998
58.399998
58.399998
58.399998
58.399998
58.399998
58.600002
58.600002
58.600002
58.8
58.8
58.8
58.999996
58.999996
58.999996
59.600002
59.600002
60.2
60.399998
60.600002
61.0
61.6
61.6
61.6
61.799995
62.4
62.4
62.6
62.6
63.200005
63.200005
63.4
63.6
64.0
64.200005
64.200005
64.4
64.600006
64.8
65.0
65.4
65.6
65.6
65.6
66.0
66.399994
67.2
67.2
67.799995
68.0
68.0
68.4
69.0
69.2
69.4
69.4
69.6
69.8
69.8
70.200005
70.200005
70.200005
70.4
70.8
70.8
71.0
71.6
71.6
71.8
71.8
72.0
72.0
72.2
73.0
73.0
73.6
73.6
74.0
74.0
74.0
74.0
74.0
74.2
74.2
74.4
74.2
74.4
74.6
74.6
74.8
75.0
75.0
75.2
75.2
75.0
75.4
75.4
75.4
75.6
76.0
76.200005
76.6
76.8
76.8
76.6
76.8
77.0
77.0
77.0
77.600006
77.600006
77.600006
77.600006
77.600006
77.600006
77.4
77.600006
77.600006
77.600006
77.8
77.8
78.2
78.2
78.0
78.0
78.0
78.0
78.0
78.0
78.0
78.0
78.2
78.2
78.2
78.2
78.799995
78.799995
78.799995
79.2
79.2
79.799995
79.799995
80.0
80.2
80.2
80.2
80.2
80.4
80.4
80.4
80.4
80.4
80.4
80.6
80.6
80.6
80.8
81.0
81.0
81.0
81.0
81.0
81.0
81.0
81.4
81.4
81.6
82.200005
82.200005
82.200005
82.200005
82.4
82.4
82.4
82.4
82.4
82.4
82.8
83.0
83.0
83.0
83.0
83.0
83.0
83.200005
83.200005
83.200005
83.200005
83.4
83.4
83.4
83.4
83.4
83.4
83.8
83.8
83.8
84.0
84.2
84.4
84.4
84.6
84.6
84.6
84.6
84.6
84.799995
84.799995
84.799995
85.0
85.0
85.2
85.399994
85.399994
85.399994
85.399994
85.6
85.6
85.6
85.6
85.6
85.6
85.6
85.6
85.799995
86.0
86.0
86.2
86.4
86.4
86.6
86.799995
86.799995
86.799995
87.0
87.0
87.0
87.2
87.2
87.4
87.6
87.6
87.6
87.6
87.8
87.8
87.8
88.0
88.0
88.0
88.0
88.200005
88.4
88.4
88.4
88.4
88.6
89.0
89.200005
89.200005
89.200005
89.4
89.8
89.8
89.8
89.8
90.0
90.0
90.0
90.0
90.0
90.200005
90.200005
90.200005
90.200005
90.200005
90.200005
90.200005
90.4
90.6
90.8
91.0
91.0
91.0
91.0
91.0
91.2
91.399994
91.399994
91.6
91.6
91.6
91.6
91.6
91.6
91.6
92.0
92.0
92.2
92.4
92.4
92.4
92.4
92.4
92.6
92.6
92.799995
92.799995
92.799995
92.799995
93.0
93.0
93.0
93.2
93.2
93.2
93.4
93.6
93.6
93.6
93.8
94.0
94.2
94.2
94.2
94.2
94.2
94.2
94.2
94.2
94.2
94.2
94.2
94.2
94.2
94.2
94.2
94.2
94.2
94.2
94.2
94.6
94.6
94.6
94.6
94.6
94.6
94.6
94.6
94.6
94.6
94.6
94.6
94.6
94.6
94.6
94.6
94.6
94.6
94.8
94.8
94.8
94.8
94.8
94.8
94.8
94.8
94.8
94.8
94.8
94.8
94.8
94.8
94.8
94.8
94.8
94.8
94.8
94.8
94.8
94.8
94.8
94.8
94.8
94.8
94.8
94.8
94.8
94.8
94.8
94.8
94.8
94.8
94.8
94.8
94.8
94.8
94.8
94.8
94.8
94.8
94.8
94.8
94.8
94.8
94.8
94.8
94.8
94.8
94.8
94.8
94.8
94.8
94.8
94.8
94.8
94.8
94.8
94.8
94.8
94.8
94.8
94.8
94.8
94.8
94.8
94.8
94.8
94.8
94.8
94.8
94.8
95.0
95.0
95.0
95.0
95.200005
95.6
95.6
95.6
95.6
95.6
95.6
95.6
95.6
95.8
95.8
95.8
95.8
95.8
95.8
95.8
95.8
95.8
95.8
95.8
95.8
95.8
95.8
95.8
95.8
95.8
95.8
95.8
95.8
95.8
95.8
96.0
96.0
96.0
96.0
96.0
96.0
96.0
96.0
96.0
96.0
96.0
96.200005
96.200005
96.200005
96.200005
96.200005
96.200005
96.200005
96.200005
96.200005
96.200005
96.200005
96.200005
96.200005
96.200005
96.200005
96.200005
96.200005
96.200005
96.200005
96.200005
96.200005
96.4
96.4
96.4
96.4
96.4
96.4
96.4
96.4
96.4
96.4
96.4
96.4
96.6
96.6
96.6
96.6
96.6
96.6
96.6
96.6
96.8
96.8
96.8
96.8
96.8
96.8
96.8
96.8
96.8
96.8
96.8
96.8
96.8
96.8
96.8
96.8
96.8
96.8
96.8
96.8
96.8
96.8
96.8
96.8
96.8
96.8
96.8
96.8
96.8
96.6
96.6
96.6
96.6
96.6
96.6
96.6
96.6
96.6
96.6
96.6
96.6
96.6
96.6
96.6
96.6
96.6
96.6
96.6
96.6
96.6
96.6
96.6
96.6
96.6
96.6
96.6
96.6
96.6
96.6
96.6
96.6
96.6
96.6
96.6
96.6
96.6
96.6
96.6
96.6
96.6
96.6
96.6
96.6
96.6
96.6
96.6
96.6
96.6
96.6
96.6
96.6
96.6
96.6
96.6
96.6
96.6
96.6
96.6
96.6
96.6
96.6
96.6
96.6
96.6
96.6
96.6
96.6
96.6
96.6
96.8
96.8
96.8
96.8
96.8
96.8
96.8
96.8
96.8
96.8
96.8
96.8
96.8
96.8
96.8
96.8
96.8
96.8
96.8
96.8
96.8
96.8
96.8
96.8
96.8
96.8
97.0
97.0
97.0
97.0
97.0
97.0
97.0
97.0
97.0
97.2
97.2
97.2
97.2
97.2
97.2
97.2
97.2
97.399994
97.399994
97.399994
97.399994
97.399994
97.399994
97.6
97.6
97.6
97.6
97.6
97.6
97.6
97.6
97.6
97.6
97.6
97.6
97.6
97.6
97.6
97.6
97.6
97.6
97.6
97.6
97.6
97.799995
97.799995
97.799995
97.799995
97.799995
97.799995
97.799995
97.799995
97.799995
97.799995
97.799995
97.799995
97.799995
97.799995
98.0