646.58545
669.9211
693.686
589.28467
665.75183
617.77386
521.2841
471.79648
516.55566
448.3013
445.2816
405.7242
377.58514
348.78326
368.64526
362.80313
350.7176
322.22107
319.2196
319.7791
321.43323
316.07327
314.81448
310.1861
301.9056
296.68518
296.75296
292.10834
287.8699
286.44098
281.84122
276.87836
274.30292
271.92807
268.76144
266.36942
264.4061
261.18762
258.8495
257.14865
254.56612
252.34282
250.47758
247.96672
245.88193
244.17229
242.01106
240.1664
238.48659
236.50586
234.88062
233.23358
231.40733
229.86942
228.18314
226.51598
225.041
223.39745
221.91829
220.46886
218.94348
217.56702
216.0761
214.6574
213.27771
211.85786
210.5529
209.17699
207.87657
206.56401
205.26588
204.01585
202.73213
201.51508
200.24927
199.05096
197.81392
196.63698
195.42737
194.26888
193.07646
191.93886
190.75577
189.64696
188.46027
187.39674
186.18011
185.20467
183.89534
183.11969
181.55815
181.3323
179.16475
180.81549
177.82603
187.66846
188.02907
223.13547
202.39139
218.57744
183.56273
175.11981
168.56279
170.1083
167.66864
164.7007
169.86742
169.51418
204.64822
209.4484
250.18903
173.12393
189.0345
267.82352
157.13388
242.0991
309.2596
223.53415
517.00946
237.27472
246.44324
315.69046
311.34457
230.50826
193.51888
379.52805
272.07578
231.2329
307.1627
176.53033
245.33691
211.144
180.83298
178.43239
177.6478
186.94054
153.06967
142.06712
146.65878
153.47418
187.45493
171.03362
188.13387
148.58408
140.48334
128.90297
132.65372
131.06279
133.75577
135.26602
158.33961
153.21869
176.008
144.1494
145.38425
132.72046
143.56345
144.22105
168.01408
154.11908
168.66902
135.90466
133.62506
123.96607
133.56172
139.08794
162.76611
154.52185
170.6668
130.63493
120.97812
113.97384
116.05515
116.31141
116.11174
129.32932
138.79495
178.62358
143.1441
145.45026
124.12612
130.3523
132.71088
154.57535
152.88339
168.89197
126.87845
119.92638
108.5171