582.34546
598.00946
759.8377
519.04364
587.49677
664.2214
523.3907
412.89392
514.53625
477.0607
362.97906
410.12598
442.0914
408.3761
339.31793
343.09238
346.67075
328.6248
340.57776
336.0894
311.7843
327.81607
337.56113
295.84448
389.5855
374.28284
340.10376
532.6182
370.5634
367.45013
409.21548
398.25043
349.53665
325.917
624.67053
441.592
452.28152
308.05774
912.61884
458.4026
473.37463
439.5557
654.95856
345.07336
371.5037
338.5469
579.7234
372.4353
378.54474
380.3917
545.59076
394.03683
397.74814
385.17953
1102.3953
464.33575
485.72736
476.3076
362.1105
1361.4304
374.80582
426.91833
397.13745
516.11115
484.9705
380.1313
360.80698
387.78366
516.2747
356.35367
335.9859
354.09464
542.30145
377.7752
322.6976
582.2256
482.63568
481.5372
510.30392
390.47455
333.4114
292.2783
340.3335
719.67505
466.95837
471.08792
426.33148
1556.4209
458.78937
481.4151
465.26498
396.78287
1560.4784
377.76563
447.21133
427.00797
404.76105
1093.8872
380.65726
421.04337
400.57077
445.53268
726.4583
336.7803
414.87808
345.15015
471.20624
647.01166
462.37366
473.74915
408.86542
1009.9514
407.68582
452.8296
329.17407
836.0045
409.41046
451.31882
335.31195
662.11285
621.2732
314.7479
343.55692
374.52698
664.0325
445.2065
456.34576
329.06747
1530.7842
469.70398
488.8312
480.2359
411.07455
1107.924
350.29712
417.53864
382.26508
415.56058
779.73535
373.4159
386.0758
370.7867
682.4475
315.4156
336.6102
323.52896
685.466
399.59528
406.25333
323.57346
1109.6531
429.3155
460.53934
418.0156
527.2632
985.3535
380.40305
442.84448
387.02853
538.0538
316.31015
297.88187
274.01633
242.92265
294.97336
374.66956
230.23076
684.20355
431.22925
437.2011
370.13037
937.2376
383.72614
456.88327
460.71686
384.95053
767.85205
552.2439
398.6346
410.60416
359.7919
684.27466
372.1419
314.72815
307.88272
388.17072
293.27777
281.2245
495.12424
340.9497
310.598
686.1085
328.7945
332.38983
475.9523
479.19553
377.8835
379.391
347.2166
1246.3396
368.55627
427.82983
452.11484
695.9278
360.59775
380.96567
495.392
428.06848
402.24106
326.85187
561.9524
398.69165
374.9372
395.47128
312.70883
305.1802
332.5728
794.8947
351.87833
388.5734
341.0598
819.2475
343.9781
367.27597
263.16562
939.90173
316.87137
352.58035
321.56042
866.31464
226.15633
397.68555
389.81845
270.37906
993.47363
268.76337
318.0395
277.47226
738.34625
311.54193
330.08517
362.70792
260.85355
245.75511
442.52036
305.9689
313.5615
303.63568
278.33707
274.27887
280.5418
548.036
281.76678
277.33124
735.5221
363.86847
381.3363
301.6148
1086.6116
331.8176
352.426
459.59628
508.3994
368.66882
374.90643
457.3636
964.5925
370.1092
416.4273
458.659
500.3472
319.96588
299.08435
501.04443
390.49075
294.5848
552.5106
339.85168
347.60773
520.33044
307.2
255.28792
367.5253
294.9736
251.95677
844.5854
364.6961
381.01816
373.46783
783.24744
373.529
367.63165
364.77716
871.5765
343.51163
372.03348
356.42133
784.0739
300.9685
319.38428
330.6738
305.2213
364.26855
291.16187
311.56555
287.80356
366.66608
294.30603
304.4442
424.2388
326.17572
327.92426
422.53564
601.6903
330.17944
337.1917
537.5464
273.78696
305.4165
711.9931
338.0738
350.85446
498.37686
257.67847
288.6196
335.26648
274.1581
389.31403
365.69202
342.17404
522.7716
278.5102
284.61087
589.05176
318.4839
294.98666
406.37262
238.27887
286.83502
319.1856
229.76514
566.0946
280.94083
289.0056
231.48676
361.5486
299.49207
296.92966
349.41092
250.15262
285.2141
327.30695
614.8339
280.9917
292.95462
429.5262
320.61218
274.28726
304.62387
283.2705
297.1374
247.98071
659.0958
259.36023
281.26642
298.17615
227.15172
253.74503
186.84749
210.08823
502.68417
280.02267
286.23016
271.34735
444.59082
306.63776
291.60083
276.4607
943.8507
267.1845
322.0143
342.0582
300.41724
615.89764
426.80252
298.99994
299.7589
287.0899
346.2197
500.4575
404.43286
325.84778
331.45303
405.67892
303.3213
342.6354
443.47437
399.97717
333.1793
298.7576
320.8173
914.4382
322.68207
327.63782
295.1481
513.52496
611.1341
299.11023
325.1327
293.85834
593.32153
588.75366
255.7614
283.23557
293.5479
458.52966
611.70123
279.23972
334.3539
357.79047
445.94864
359.95184
356.19403
345.8076
498.45422
459.1825
386.65283
378.70273
386.66714
217.72366
264.94708
501.54846
305.59683
325.80978
666.39795
392.35162
439.9964
728.2797
370.0521
416.23138
584.5419
386.78815
676.12933
562.0627
363.0477
545.9931
359.18466
459.3235
664.7387
378.37128
361.1769
580.09015
821.55035
425.21924
385.90488
454.8371
738.1516
498.52448
486.08325
620.5853
474.50366
448.68106
574.4361
461.3611
480.34137
578.89124
418.37857
409.80505
483.77686
538.2855
453.83337
476.83133
587.42316
469.1878
452.77985
661.69403
414.58813
472.25073
1155.8634
460.14227
480.10657
487.99667
810.09607
607.05774
515.3032
515.421
511.66177
724.7019
470.17484
428.67993
720.1497
422.36658
404.4476
653.63495
499.16275
448.7953
543.6721
450.60297
351.6625
685.1603
366.73322
417.23865
1249.6555
469.09067
481.54456
472.77536
471.29245
1127.3738
756.6541
433.7265
445.07843
489.09247
1048.0266
433.18127
428.988
386.76257
840.0543
493.59137
356.97275
332.60437
406.00885
601.0283
381.90524
366.5517
700.2221
420.96225
352.65457
903.3928
437.48288
424.41403
643.36456
391.10657
326.5896
1093.3248
473.31195
492.51297
435.87213
706.4886
880.7243
443.38577
448.547
442.88327
591.62616
1001.7706
366.49332
410.74274
409.01068
629.5157
808.9478
402.45535
432.82678
395.7371
637.128
770.9057
398.37866
371.50888
306.16382
557.1366
703.81665
355.45404
336.62643
994.32623
421.78647
417.29425
462.2968
802.8376
303.39505
365.23828
805.92755
386.38666
356.01157
533.0696
840.28436
432.9612
453.557
408.0896
643.48724
304.27267
254.57654
439.97635
363.04156
269.90393
587.47217
401.52606
356.19305
898.5482
405.0449
415.0556
341.8468
686.77094
406.0247
394.11597
570.2121
463.2983
369.17868
303.50497
729.0324
298.33005
327.85132
259.97894
282.4003
317.12927
311.58176
229.18166
734.60834
361.7077
368.75998
519.0496
290.9638
212.61755
236.24576
579.4583
403.12515
404.97287
504.96326
243.00023
204.86353
577.4005
341.54074
326.8834
463.2967
292.54413
227.0219
187.72545
293.8898
397.304
331.95004
157.76627
588.1057
389.30276
370.0266
627.9266
228.73451
215.74974
559.7067
315.7125
293.70032
565.1018
239.08148
248.04086
350.22562
235.8113
197.41512
696.7015
345.34607
370.4702
379.45984
638.8903
278.17322
338.4781
501.75977
244.44801
231.13237
463.37958
248.50558
237.71025
743.0737
332.02396
297.86252
476.36646
512.28754
449.6755
408.594
443.6634
431.27036
221.213
245.56796
354.08197
472.74963
364.89417
373.7755
635.14606
407.00717
431.53992
337.92062
548.4325
324.78186
246.84976
556.2976
280.08057
293.24655
614.3834
291.71692
267.324
409.9052
215.55086
147.53716
225.11151
430.11215
349.55933
239.76599
561.92816
205.13809
226.0929
513.49817
274.02527
208.01291
399.77032
404.27103
231.38559
258.0877
608.6857
344.12387
349.0011
520.88776
210.82466
145.71292
217.69812
440.54068
301.7151
259.47055
544.1588
252.17216
221.12675
628.4255
275.11798
225.04199
359.67694
243.39424
187.16435
375.15936
274.5286
188.61964
546.1595
218.73784
233.79382
271.73004
620.2456
414.47726
440.48813
343.62247
345.7995
362.3899
227.01414
367.5033
307.7101
276.46515
417.89594
215.09068
206.38792
457.81488
281.65002
224.5571
498.45538
203.19038
212.124
464.3021
280.90765
194.3483
541.01636
246.1358
239.61304
416.0519
183.56607
184.2202
396.4614
203.26495
210.45593
354.1426
582.37573
383.13077
362.6963
437.6394
742.41724
236.29933
327.03256
297.66568
805.1974
245.21674
310.2837
266.66553
406.4872
209.7051
325.01834
396.83054
236.37968
254.51837
276.13434
271.46722
389.55264
270.58865
286.2611
441.6267
185.88893
310.81558
595.9447
405.45645
339.79242
450.01758
668.72174
232.41898
369.02673
428.90994
217.788
333.01816
434.485
382.46027
388.6166
371.8098
298.5108
377.5247
295.24905
512.66956
246.09914
287.86206
278.9001
489.38016
225.29242
233.2074
366.952
214.2922
189.3016
409.22577
303.14557
228.52028
521.2721
181.69215
205.70648
406.40228
209.29921
213.3082
408.0619
304.08438
235.86697
553.7037
202.32451
211.56136
319.44363
474.9686
398.91943
418.15875
169.03699
487.49008
312.82162
287.03537
542.6694
199.4623
207.26103
410.7756
251.92842
352.5062
300.07623
255.62532
312.25763
243.92961
513.9825
225.42003
216.65392
314.93945
196.66422
133.47972
163.83423
376.0371
303.9901
286.31644
588.98254
225.73218
428.346
353.74475
462.5641
344.01147
305.52188
337.96335
314.85318
240.74007
296.41754
176.97847
214.42548
282.61453
258.41653
133.58174
234.63467
329.92828
195.25137
203.58754
197.52435
387.43814
330.79733
283.55795
566.3504
201.68129
353.88828
149.80177
743.7797