631.8792
648.1009
679.9843
695.3112
598.2597
495.09058
553.65796
545.79584
505.2707
469.19345
415.10318
385.98175
383.94562
376.00107
373.25995
356.6862
337.7863
344.78296
348.78113
343.62857
339.28238
330.93747
322.6995
321.22845
319.6431
317.5722
317.12723
315.15262
312.62735
311.08057
308.90457
306.81766
305.16675
302.9151
300.6737
298.9636
297.58908
296.6772
295.606
293.92203
292.10742
290.50815
289.1912
287.98575
286.56073
285.00003
283.58432
282.39334
281.31958
280.13455
278.7739
277.40616
276.16174
275.02203
273.8697
272.63284
271.3762
270.18906
269.0761
267.96893
266.80862
265.61862
264.46072
263.35553
262.26813
261.1583
260.03125
258.92114
257.8436
256.77884
255.7027
254.61739
253.5457
252.49803
251.46234
250.42255
249.37979
248.34694
247.32933
246.31906
245.30756
244.29779
243.29794
242.31055
241.32918
240.34874
239.3724
238.40427
237.44449
236.48882
235.53583
234.58827
233.6487
232.71582
231.78688
230.8619
229.94264
229.03003
228.12215
227.21823
226.31886
225.42538
224.53717
223.65334
222.77332
221.89804
221.02776
220.16191
219.29982
218.4417
217.58798
216.73843
215.8926
215.05031
214.21176
213.37717
212.54593
211.71797
210.89337
210.07207
209.25395
208.43887
207.62701
206.81786
206.01172
205.20804
204.40727
203.60924
202.81378
202.02061
201.22998
200.44191
199.65613
198.8725
198.0913
197.31212
196.53532
195.76053
194.98775
194.21721
193.4486
192.68196
191.91757
191.15486
190.39426
189.6356
188.87897
188.12425
187.37166
186.62083
185.8722
185.12546
184.38078
183.63812
182.89752
182.15904
181.4226
180.68852
179.95651
179.22685
178.49947
177.7743
177.05185
176.33153
175.61372
174.8985
174.18565
173.47586
172.76851
172.064
171.36241
170.66374
169.96794
169.27518
168.58542
167.89897
167.21573
166.53583
165.85913
165.18599
164.51616
163.85007
163.18755
162.52869
161.87367
161.2223
160.57483
159.93126
159.29172
158.6562
158.02464
157.39717
156.77406
156.15501
155.54025
154.92975
154.32361
153.72177
153.12436
152.53137
151.94283
151.35864
150.77896
150.20392
149.63326
149.0672
148.50565
147.94852
147.39603
146.84807
146.30455
145.76569
145.23135
144.70145
144.17615
143.65521
143.13896
142.62698
142.11961
141.61665
141.11812
140.62395
140.13422
139.64862
139.16756
138.69072
138.21815
137.7498
137.28558
136.82568
136.3699
135.91835
135.47072
135.02731
134.58792
134.1524
133.72092
133.29344
132.86992
132.45016
132.03435
131.62234
131.2141
130.80981
130.40904
130.01207
129.61891
129.22925
128.84335
128.46107
128.08228
127.70716
127.3356
126.96758
126.603
126.24191
125.88439
125.53022
125.17952
124.83217
124.48827
124.14775
123.81066
123.47679
123.14627
122.81923
122.49533
122.17479
121.85749
121.54346
121.23276
120.92514