560.1843
580.79297
1116.5267
518.89087
535.4072
656.23596
894.08057
462.64713
523.2698
600.68066
477.94125
368.45737
475.20792
444.9797
370.5722
346.87915
413.0165
349.47424
330.97867
353.3896
348.3772
320.69556
311.25912
331.87848
319.19473
295.25058
310.0698
334.12546
284.3321
359.40662
379.4054
326.75272
582.86664
409.64
420.6375
303.14688
723.1836
320.6507
373.30127
303.48517
586.6611
307.58054
339.0468
302.93832
549.2755
359.6191
387.04108
289.6217
773.4346
411.4713
457.75357
368.9829
490.50534
617.91437
364.6496
420.3102
346.63434
436.4799
639.1277
364.92706
423.9179
362.41733
382.97156
857.87085
334.46848
420.5249
374.2415
336.92337
792.25214
311.15375
361.75876
328.8379
324.11783
664.5009
289.70758
352.81085
298.25146
472.3167
273.56693
277.18185
279.27847
399.2443
325.13303
327.24203
289.8795
595.21844
360.11884
398.99066
314.63586
435.28748
530.93536
344.35223
383.38446
305.1788
439.33286
493.05438
327.13028
364.907
289.3552
572.62054
270.25568
270.73618
315.9693
551.2875
343.07373
363.51312
281.04703
911.8548
367.09842
415.0335
368.65494
283.1537
994.01
309.217
375.4529
311.44086
413.8216
558.51544
359.9727
376.93
331.06958
544.9873
307.28033
290.42987
386.38785
275.08075
258.9922
426.3301
350.40314
256.86685
336.26138
335.21194
418.35544
390.1883
336.07303
583.2924
390.1909
282.63864
313.72974
268.7542
292.48087
329.1589
284.44724
1052.9403
481.5855
494.01028
464.57138
542.1218
600.5223
1048.9381
395.5004
444.16196
425.78516
441.1965
782.8372
349.1244
326.83118
310.6178
626.5004
377.0342
361.46085
705.2437
393.43378
383.34302
707.1079
354.84787
427.79315
680.20685
414.833
427.78668
519.16125
383.37253
378.79898
427.0057
760.6713
353.6382
373.39404
492.38895
850.3207
489.33267
541.69806
672.6017
424.86826
1052.5658
474.00336
490.40195
458.80594
618.3048
1027.4333
450.83752
493.51752
476.66293
391.922
951.7364
442.02576
431.09903
458.30588
812.5325
536.442
439.56107
402.55487
777.2581
496.4886
533.65155
419.44977
1003.39197
443.63647
457.57718
524.41064
388.59467
521.82245
384.22452
376.9591
413.30176
756.4938
468.06677
468.87573
414.17444
1045.062
346.23483
429.755
524.1136
673.6044
431.37924
436.72327
656.5171
720.2822
442.79507
453.43454
663.341
364.94617
611.3987
513.77893
433.44702
451.99948
750.16376
456.75223
487.4525
429.29974
621.79016
399.05627
464.60785
557.5673
472.48224
403.39243
590.3647
408.39978
395.10596
705.2733
414.97012
399.46127
566.2919
372.27487
357.98553
732.3032
450.9844
438.60843
400.3459
1067.7351
473.45776
477.6821
453.61325
783.9087
430.03592
430.55338
502.01163
599.19836
469.1385
632.02893
437.33395
433.4986
742.187
585.345
447.37253
470.63858
590.8728
580.95416
450.14783
474.49603
812.00934
454.9594
437.76215
715.3364
431.78342
353.97507
1207.2635
490.82166
500.92297
492.91046
425.91293
1329.285
417.96646
454.37643
432.29727
665.29944
517.9995
438.3931
434.5786
400.43982
837.24884
381.83014
465.9997
394.12418
736.3788
483.8548
457.1851
418.21246
673.5427
372.39407
379.3525
444.4049
354.9274
351.21408
635.80853
441.47745
431.8214
664.83795
369.62854
318.4485
340.03394
306.08478
330.22876
505.33304
458.61224
454.23462
760.7556
469.5875
454.66626
579.2489
354.46683
307.70316
784.6735
465.5144
476.8091
419.29324
1147.1829
403.9113
408.91238
556.1519
429.86688
634.194
428.47284
420.2446
504.64597
445.3378
361.84192
338.93466
379.08
684.18585
449.5324
442.51184
913.8809
461.03546
468.5671
375.59592
677.43317
447.64865
433.73624
402.74835
1047.7357
461.336
482.4459
475.8775
482.25662
1092.8029
433.58008
459.04474
415.1489
808.36346
416.5736
446.43475
456.69427
699.3719
420.2127
397.5736
656.82367
370.7784
359.73062
524.4879
392.1402
331.82434
437.51532
344.5478
290.41748
748.3434
382.39355
389.81207
316.62015
1132.6349
454.36752
482.35022
461.40466
622.25977
341.76602
409.4282
403.2571
542.2856
420.16785
400.59946
640.8161
376.66953
379.52515
364.34772
658.7963
458.75107
455.33514
355.07156
842.6897
452.38544
464.01517
403.26135
746.8172
323.6038
293.05283
689.08844
443.99905
409.66367
405.53653
1169.3258
372.14706
444.4532
455.99042
606.8426
395.16452
423.69357
484.23233
325.87576
294.65173
616.2163
349.15967
360.80185
252.22586
636.46533
367.29364
378.93964
241.08963
786.8554
286.13947
390.31134
388.49683
319.2433
738.38525
387.66022
369.35718
379.11743
343.51184
524.6449
309.6218
375.42822
321.29974
462.60898
274.4583
264.9614
328.80972
258.46835
243.9093
371.45184
316.84085
259.74487
807.6468
396.34232
416.09546
418.75845
317.74915
460.25778
393.6607
372.36176
751.5817
375.9099
380.97745
595.0937
382.18762
377.23062
546.9917
376.10516
355.97726
527.5414
309.6514
308.36966
520.9764
319.83075
316.31622
539.5411
321.45865
300.33087
533.1602
302.20377
290.60135
520.0845
264.68796
282.2374
435.27063
218.86688
300.58954
279.08484
229.496
259.703
284.4573
225.28473
625.0993
235.83652
243.35649
282.06848
172.5997
212.761
381.7067
273.34488
264.3338
422.53583
190.01228
298.68448
253.8769
143.63376
200.7394
353.13943
197.97386
201.6333
373.5296
204.99704
199.4739
475.31332
280.2971
264.54495
407.00977
230.6881
168.60661
162.08015
216.37274
265.65076
214.52371
167.34187
539.908
307.4877
322.93726
302.92526
205.18439
270.62054
212.4934
538.52515
200.39264
200.56494
276.7444
221.34401
155.27264
510.00122
314.85904
329.72034
214.31161
336.79425
292.34625
259.0848
380.62595
208.12543
283.95905
271.69943
219.76422
223.24599
238.61125
229.67451
316.9582
287.75937
282.42334
280.82654
247.15668
258.27432
231.7664
368.93555
213.02623
211.50061
239.48343
235.58182
224.40765
203.64886
248.48018
345.14578
207.74104
204.22475
376.63696
265.405
211.2386
274.32813
209.87854
191.7646
430.01743
199.32133
213.14157
287.0524
514.24316
279.70758
291.7164
258.89102
382.04996
523.58203
275.68582
289.4725
312.51398
434.37378
332.6714
254.3795
255.62634
299.63617
425.1409
405.28543
308.55835
472.99408
433.89954
339.73944
242.69214
351.23734
287.75845
243.56792
423.03012
232.23506
222.72548
301.46094
206.73944
193.65819
362.57913
393.8297
234.67754
388.75266
312.23517
264.43646
252.26558
598.3624
222.49338
210.25688
228.96394
489.4129
245.11697
241.03758
376.20038
717.95905
313.61908
304.3098
382.28992
318.53143
720.1779
509.5995
327.06107
442.99158
487.0483
525.76294
371.1925
322.79916
477.0723
335.61197
315.1124
541.3332
319.42047
313.11407
389.8735
586.2702
308.56155
292.68552
290.7145
616.68616
284.06073
291.36554
555.80743
319.66306
307.10938
466.3125
313.93155
265.19336
671.5821
307.6792
301.64374
282.17093
614.0098
369.5793
343.48697
327.93677
345.9159
572.33673
424.16638
356.9521
311.19846
503.77368
375.09482
317.54865
266.26575
530.8207
303.35394
232.73311
267.25818
619.30725
378.0105
312.7963
351.8141
614.2688
278.38806
305.3201
488.9249
284.42087
278.86505
331.20966
251.65297
285.1176
287.42505
230.69728
480.8938
224.5706
228.5292
374.1295
281.7901
279.1449
677.1785
310.48172
342.97427
322.77155
361.83398
543.5502
442.86557
327.69638
284.3388
527.9001
455.8846
390.564
364.5792
249.65146
506.45465
374.3741
207.26439
183.46712
433.8652
253.58174
258.18518
196.96422
346.15222
253.45187
239.75963
369.82513
371.59915
271.4683
325.1748
609.99646
263.60275
246.30145
421.0022
363.03592
215.56088
269.17728
310.21158
223.29054
174.18324
190.29695
319.4861
197.8067
194.39658
232.13527
186.44588
192.57971
192.64143
179.71356
709.70374
256.48807
305.45465
272.4644
211.04758
509.5947
422.58163
240.65607
327.89185
478.00192
341.65344
256.7473
467.886
202.05681
287.47144
287.07755
250.12514
190.121
510.35068
233.02545
198.50124
304.6526
374.85556
276.00116
269.62534
279.59943
297.15106
204.49327
211.3451
421.12216
380.20178
203.4616
296.7821
309.98694
317.91702
202.36613
430.28192
188.15929
195.15298
342.64798
184.24464
230.16017
318.2328
273.65503
231.2963
197.30466
318.06656
189.56194
186.70341
374.17914
218.8808
204.52661
294.4851
206.75723
202.82219
181.22253
470.42276
174.57611
196.66245
301.5555
190.83795
162.82117
106.779816
251.91916
193.96143
187.80167
236.3143
132.63899
176.29094
217.28976
155.02827
138.69064
173.84204
265.11722
191.93427
195.86287
161.33383
164.78073
339.95178
217.48917
235.28499
177.56572
803.9224
385.02536
298.88806
279.53802
312.04056
571.7589
215.58519
310.61752
297.24246
826.9033
360.67206
287.11014
327.4536
296.5239
621.1325
596.11334
317.89136
401.46634
366.1041
644.4402
914.75757
593.0974
428.9416
408.40054
404.3718
674.12024
505.26898
366.1437
335.1614
388.99292
686.3131
395.8147
401.80435
363.19177
573.36804
422.83432
370.50427
358.0568
345.6963
403.78952
268.266
341.34073
418.86432
298.06473
373.5333
339.48883
274.96457
634.90424
248.60132
299.01358
234.82756
415.36356
395.01385
318.4742
433.59427
393.76895
278.40173
275.13647
364.38187
393.4133
217.89082
239.6588
306.35703
261.02933
246.58057
247.78802
446.0728
269.44037
275.2604
299.2131
254.96208
289.56143
266.84918
521.8906
341.848
338.1299
345.5196
341.0217
527.8807
356.30264
376.4918
340.41983
975.4606
387.8957
484.7307
453.5135
520.1108
739.7252
388.6506
415.5217
1011.05774
377.36685
384.15024
400.97897
355.0589
562.6139
349.47034
366.61923
445.75903
397.04105
303.03894
332.79984
622.7546
345.2762
340.14343
346.4238
597.7834
373.13574
380.26617
385.89392
499.0327
346.63498
321.69077
579.7082
268.4248
277.15955
308.45682
606.6146
346.2513
432.5755
385.45538
578.0025
335.83667
330.31644
387.98996
496.79004
256.49277
288.24686
241.70038
440.77756
355.6563
362.9409
462.97855
1014.36255
425.00018
426.61697
419.69965
558.0435
1091.0762
422.17197
423.10773
424.029
599.72504
489.87094
354.5563
455.59265
538.2074
540.70886
296.31335
433.03534
394.43362
361.47916
401.94788
329.9829
401.7273
353.98633
261.65472
270.75034
403.52332
373.11755
387.3802
317.11865
406.72287
368.12997
334.81296
718.4187
695.5817
437.52063
602.0764
769.3786
364.0407
857.52295
445.4834
392.67868
639.52655
514.5327
663.98956
478.4588
466.09552
325.39597
379.3552
341.35532
357.1894
555.0503
386.6119
332.86646
490.92905
288.00638
267.7104
396.06293
503.00165
426.2401
433.21164
406.27722
1164.1005
364.6163
424.4658
508.26947
596.82965
744.3345
519.2133
400.46402
578.5693
816.827
368.3528
351.3915
431.28204
547.08875
629.9891
587.5522
398.93066
486.6525
1085.6216
335.23996
384.1076
346.91342
440.64944
683.7108
550.9902
384.35587
421.91968
576.55365
648.2968
327.58728
368.96658
326.0171
410.4716
645.0481
278.5408
297.77985
277.10672
562.562
317.0036
307.86545
448.635
295.0936
310.3612
341.04877
743.3359
338.48184
370.20892
338.0687
481.0866
347.90863
402.7186
350.07416
340.87173
501.71014
764.8081
300.82498
406.75827
420.80667
444.68686
1060.1936
439.081
390.01996
449.28064
595.3969
627.1921
368.05194
407.9423
737.9156
326.32434
307.4719
481.8685
643.2065
357.00214
382.06952
359.81424
572.7645
545.7193
384.2513
304.139
451.93613
855.88617
352.4588
361.769
346.225
759.13904
291.14725
347.88806
404.64587
536.2084
291.01093
310.6564
354.02527
232.39314
279.13715
596.4247
351.19995
325.66693
392.6008
809.476
366.6277
393.94373
348.47305
236.87157
839.1677
379.28912
395.4697
371.7677
702.55945
640.56177
447.07333
498.8451
854.27637
417.58066
427.1088
415.63287
664.5645
517.0312
426.93616
568.25446
841.6305
406.56485
449.93646
623.3005
756.52246
408.94357
390.2966
513.2264
433.7254
442.92776
770.958
451.04233
467.48636
391.2118
526.29724
919.01306
638.5136
512.67834
476.35522
811.60394
687.1005
435.97177
384.76752
604.5458
615.0369
362.7293
405.03818
1075.1235
430.24756
449.04355
454.95163
375.93524
834.47034
581.13214
450.1105
447.78845
693.1399
377.7436
444.51773
624.6034
349.57727
388.76633
572.3473
490.82318
440.25244
478.96344
614.64386
415.32797
419.72147
496.89816
932.1861
420.2201
453.06384
449.24423
427.95322
852.1021
416.7801
454.914
422.68558
573.10944
410.2413
404.1149
534.9991
413.56305
405.25192
348.12094
817.85846
456.52414
464.72635
435.98483
334.7083
820.4554
422.88132
400.42725
405.11948
360.82263
1013.7068
355.22406
422.44516
321.46515
573.06024
512.3322
352.53455
502.6987
397.53986
591.8671
369.11966
384.44073
312.27136
374.3055
449.71964
535.2344
346.93835
357.67126
535.9079
646.9153
327.49835
389.47058
231.72308
436.05374
301.46716
288.7888
231.69453
579.90784
311.90057
282.24826
290.90778
591.54395
383.0454
378.15207
276.02966
650.74207
276.5454
319.37524
335.65198
614.6557
300.51846
289.6019
308.39948
264.89825
222.68669
761.10614
431.63123
240.2666
254.6054
247.49208
196.06805
746.70184
242.84422
265.393
236.22766
323.72983
412.3732
295.69275
286.38104
569.5623
287.48218
281.10727
293.46002
549.3314
256.68582
264.04874
256.989
484.8967
291.37717
261.1374
261.5582
841.10376
343.45157
354.8289
340.68622
314.79517
525.2833
677.8435
474.8371
523.9151
671.6644
781.28235
437.7759
394.3226
340.4565
574.4816
469.24274
356.37872
495.80957
518.5744
399.4258
380.21155
255.62152
270.9852
398.91296
219.06967
246.99405
275.39047
283.2403
218.12227
199.00468
364.34033
192.04315
187.70247
442.95163
260.80447
254.95943
234.75824
276.6284
211.43863
244.51663
396.0895
218.36423
307.38174
346.02014
198.94753
303.89612
255.18614
234.9003
335.7206
377.40408
274.76904
298.4121
284.74512
575.5059
256.61758
340.64474
215.59894
488.81152
330.8095
386.10446
400.90262
777.31616
354.30954
367.07657
351.5364
356.76382
677.24835
365.07257
378.56467
341.29474
492.5166
273.83545
337.25552
490.10034
296.15625
273.8266
392.54346
260.38406
367.96167
418.07617
424.83505
419.05966
292.00247
893.894
407.57962
314.94263
318.40588
270.9493
641.8522
557.0604
315.16736
376.54312
726.52106
431.81232
427.24283
389.9535
283.9579
893.0112
394.88718
337.0731
354.723
243.1458
635.5778
221.88918
334.35596
539.80475
364.35953
409.87048
371.3865
879.7882
375.92938
357.47397
378.80722
883.89813
560.98224
508.66708
548.9445
803.44086
440.74323
441.4811
363.45776
503.8286
713.60077
374.91162
413.28613
429.40976
822.7713
401.76743
396.41882
354.2934
429.73718
577.8034
317.24817
357.31186
310.01358
671.34863
310.1669
310.97784
273.20786
478.21573
223.66002
257.71347
501.94666
282.74246
263.63824
355.66803
737.7542
399.61304
394.24973
330.71643
594.6272
302.3957
285.33566
555.37524
394.61716
342.75507
430.11154
304.46127
365.69022
319.72733
387.44467
356.5702
532.4168
302.00146
345.13922
420.77014
333.2039
358.20642
397.47168
493.85916
283.53238
258.60532
256.7682
347.18945
286.6829
220.19098
522.83594
297.6431
321.14493
328.54764
216.94533
261.35095
482.87708
341.02097
279.97916
698.80676
360.14072
387.967
633.9147
929.07996
446.3658
455.84888
435.51865
327.42703
839.92664
784.183
365.58087
369.36578
368.32895
849.79913
360.60196
375.16797
422.9073
515.6876
460.69144
968.01276
399.87598
429.58554
407.32156
492.49896
780.0975
375.0274
394.2627
334.93893
962.19006
421.73944
432.89075
399.10724
906.859
383.31793
393.305
275.7745
1068.8223
319.52686
386.22183
327.07788
867.5276
322.84143
359.75012
395.1586
295.50568
280.28668
851.167
430.1999
433.50687
389.616
918.4984
543.3942
402.34143
407.46497
356.9787
366.41104
665.87946
479.83212
376.7243
986.89514
481.44168
494.6246
503.5388
861.6289
521.53955
900.37665
423.6021
424.8401
376.89996
682.0648
483.8592
401.6244
557.44586
380.06335
410.63818
888.79816
493.01602
494.4768
449.9148
959.8786
642.25055
618.087
604.2519
1122.8297
467.01495
465.20285
546.0537
1063.0349
643.78406
468.04736
435.4799
778.8387
427.9627
438.63138
767.8599
519.00336
502.50165
473.33502
536.0158
707.61066
385.34113
461.82794
564.52136
641.61053
441.4807
425.3028
419.79553
779.0442
469.27228
508.47165
452.019
525.34735
807.58496
409.4482
483.90173
421.56387
598.9824
358.2936
380.43478
449.44333
401.57446
362.46555
631.70514
466.88812
466.5871
295.7264
759.7112
459.1723
492.58762
389.03244
847.96466
392.0911
443.9776
350.963
805.429
421.60962
459.125
363.60797
914.5525
415.76117
445.33273
367.7958
741.78955
318.79852
358.38516
412.8973
370.30865
289.3809
1077.8815
440.53003
462.21036
405.77063
558.6498
805.42426
520.5223
352.7046
342.05576
633.4615
376.9662
355.43106
438.95752
1035.5111
369.57108
447.32385
413.97723
379.94888
813.0426
383.46878
291.2806
286.53104
609.9674
371.83484
381.14243
337.31442
932.2288
294.86896
404.4594
272.82794
665.36096
220.17522
258.91052
419.28217
238.9282
199.93661
857.40894
438.85345
446.63312
302.2184
612.6143
988.7416
275.2985
363.69977
344.2391
660.7473
251.8523
269.4758
374.2192
542.5001
421.1919
300.15912
299.36484
435.5875
319.2407
260.32547
506.0827
727.2469
406.11127
403.03925
322.25986
893.664
210.8744
354.37784
368.49457
373.36868
468.04114
333.04105
342.48087
706.50415
393.73148
334.48685
525.1103
665.55914
323.00705
297.26083
444.53772
313.68555
334.8205
517.5911
317.22546
290.83704
318.27344
826.5016
232.96562
357.34695
319.05853
1132.5569
433.73535
454.4268
400.77158
549.1338
789.17523
712.42725
308.25485
360.83575
705.4354
345.01175
353.0423
555.9995
316.51114
312.13074
362.57877
577.1864
276.4811
317.98975
594.7365
342.3714
277.381
472.36166
282.80573
249.36876
645.99054
289.5414
366.43866
850.8807
446.38547
459.21115
380.0404
731.7523
844.44086
534.46344
353.14468
415.02896
722.8085
508.53552
354.45187
420.9787
640.7103
296.07147
327.6498
291.9678
742.96576
393.14383
461.09146
596.7183
316.13058
488.2757
563.78687
306.93146
383.3789
1085.2124
453.7324
460.15674
454.67358
321.14734
934.7318
815.273
353.3867
397.83405
355.77075
660.8501
455.19638
373.16238
447.96353
897.2492
381.68674
417.2637
384.63593
490.4916
982.8552
510.17142
396.5279
410.92514
557.6307
1130.184
307.70502
323.95038
388.40292
661.4479
492.81616
574.332
507.27832
886.54663
268.37668
279.0015
815.81934
313.61755
416.14203
706.3303
323.0256
380.5702
659.692
326.57898
332.74323
775.5554
357.7091
376.28802
648.8377
288.4445
290.2759
938.0266
378.13995
401.50598
476.56125
546.84644
375.28955
376.98016
257.3384
698.14
297.97546
334.06674
366.06866
294.95313
325.84326
333.25644
259.95096
271.18573
317.38165
341.1484
249.05643
198.60939
438.17166
358.75854
352.54303
630.13995
315.2273
337.90454
443.64365
293.43494
203.47987
647.7267
355.39447
345.7907
515.2263
287.5716
368.2278
253.6452
712.3934
255.94528
283.34372
367.0269
266.0121
283.15088
280.52554
297.9501
229.26593
184.93074
410.55325
351.25494
326.90988
619.34686
208.30087
362.95227
269.81876
625.6328
197.44788
242.94508
345.79135
242.1044
333.82974
353.99014
202.72923
166.37575
256.4858
337.80212
168.98056
578.51605
321.15356
287.01358
388.57065
251.39862
115.09915
296.31918
284.0674
197.11798
607.2434
267.15216
291.05054
414.56976
181.20424
334.86908
177.71364
629.0843
198.17142
267.5157
317.2942
230.88266
332.49518
203.46828
610.4127
168.71075
236.18399
289.5669
198.94688
160.47514
128.33952
175.02153
193.71902
229.75104
194.74677
197.63846
199.34978
262.25787
224.30089
103.53796
293.3473
256.59766
199.16469
524.5923
203.58253
199.11345
311.96332
178.99675
229.1948
309.69446
162.63075
107.55815
128.62268
186.96196
315.75714
221.09816
183.71562
478.95856
193.2134
190.91425
274.15277
170.92471
235.8331
229.89023
131.56099
108.7081
112.02186
111.72302
109.38825
109.82304
117.89421
176.11354
198.62866
193.40802
168.20567
229.00923
213.60443
119.68233
147.98457
195.44818
170.47481
125.687485
150.94167
188.8542
261.64706
220.45042
104.7702
232.21222
223.22049
178.19502
528.1617
212.91693
230.58649
333.29593
168.18948
306.8577
199.39482
578.2697
107.642395
282.214
207.86534
474.78232
209.40942
340.53864
291.16864
229.83873
313.49
211.12413
213.96986
234.06625
132.44437
172.31345
327.52313
207.91661
197.38858
376.59772
162.09058
306.83783
214.30716
480.59894
158.59222
308.3687
255.6824
274.03928
177.81851
205.15
192.13017
479.57037
192.88452
205.78012
294.71497
148.42383
227.72148
338.41315
211.79916
208.1914
458.8442
158.02585
155.36096
317.10556
270.41455
204.28378
507.275
169.50298
321.02347
262.74942
350.4279
159.21928
157.78314
270.06378
219.23878
179.8065
383.02966
156.5921
250.04588
159.14543
325.2493
159.343
178.24513
254.03778
210.09749
147.19505
110.871376
123.42636
178.81834
198.37314
186.2454
173.2425
228.47429
186.54108