813.3756
583.16846
513.9879
546.58844
831.5023
534.1299
498.57813
483.25015
619.21063
438.3966
450.5056
419.1286
420.40994
377.42566
379.34845
350.27008
342.11768
324.99182
324.34644
316.1893
311.37173
309.63596
305.18866
302.66354
295.51642
292.9033
290.0242
289.3712
283.55923
281.09375
280.0273
278.90924
274.06992
271.02798
269.2985
267.80362
264.40646
261.7796
260.13983
258.4873
255.62086
253.28603
251.76204
250.005
247.49313
245.4486
243.92796
242.0469
239.83719
238.0584
236.53265
234.6297
232.66975
231.04716
229.43085
227.56146
225.82358
224.28673
222.61633
220.8621
219.28262
217.73724
216.06479
214.45734
212.95734
211.38773
209.79927
208.3135
206.82494
205.28775
203.81126
202.36562
200.87582
199.41298
197.99446
196.55121
195.11522
193.71994
192.31339
190.90503
189.52985
188.154
186.77573
185.42407
184.07568
182.72537
181.39586
180.07074
178.7459
177.43834
176.13596
174.83615
173.55186
172.27266
170.99905
169.73871
168.48387
167.23674
166.00189
164.7731
163.55435
162.34698
161.14677
159.95813
158.7801
157.61108
156.45464
155.3087
154.17366
153.0516
151.94044
150.8419
149.75578
148.68205
147.62135
146.57338
145.53856
144.51733
143.509
142.51459
141.53343
140.56587
139.61205
138.67165
137.74512
136.83186
135.93234
135.04622
134.17348
133.31416
132.46793
131.63504
130.81505
130.008
129.21382
128.43219
127.66332
126.90671
126.1626
125.43062
124.71066
124.00271
123.30655
122.62223
121.9494
121.28801
120.63798
119.99924
119.37151
118.75487
118.14907
117.55406
116.96971
116.39591
115.83254
115.27953