647.0454
655.3093
688.406
533.1531
780.9308
632.24133
534.5045
518.8238
484.18564
407.49817
408.079
390.19766
369.99356
381.41708
391.1712
348.16815
305.9562
324.89587
319.791
296.60492
303.43573
304.62845
285.16788
279.99045
281.7515
272.8935
270.22623
270.65112
263.61795
259.76718
257.9877
254.26236
251.95203
249.83965
247.23291
244.49614
241.91891
240.13321
237.7865
235.88103
234.3164
231.48709
229.9826
228.3032
226.3267
225.29019
223.15994
221.58531
220.04732
218.3556
217.21843
215.57599
214.34193
212.77621
211.48953
210.20395
208.87227
207.72644
206.30075
205.18532
203.80687
202.7562
201.4416
200.39888
199.08278
198.04968
196.74837
195.7771
194.45459
193.56482
192.14575
191.42276
189.82068
189.45107
187.45612
187.86813
185.10902
187.56192
183.70924
192.12943
188.13641
210.58577
201.05228
225.58856
193.00084
197.49207
179.87941
188.7703
181.60008
202.40446
195.18741
222.51738
186.8528
189.58284
171.0605
179.03717
173.34341
194.34749
190.53654
219.98071
179.61887
178.12091
161.02145
166.1483
162.31123
177.67313
179.92667
213.98106
177.80505
179.59268
158.44806
165.95787
162.41417
185.16838
183.54796
211.90903
165.6961
158.6947
144.69095
147.11221
144.6551
148.8647
150.13676
179.0074
180.26717
213.74863
156.78384
147.62294
136.26158
137.19522
135.33018
134.79694
133.66685
137.73947
138.35553
166.57445
185.6702
227.0024
146.56903
134.72736
149.2835
180.11224
228.01614
158.53748
145.08961
130.2221
129.22964
128.29137
137.583
148.09422
187.4434
168.35545
180.82137
138.74266
129.2974
123.82172
129.99779
134.73042
163.57025
172.63861
203.00974
134.15561
123.46179
166.20454
197.97673
213.67601
140.42744
124.26312
117.989555
115.269875
120.98845
130.07031
160.69783
171.76712
195.23187
128.27945
118.64325
157.89781
191.29227
208.32013
137.38664
117.83045
112.40599
112.25704
126.96529
145.31874
179.78763
149.63391
150.7295
121.87745
121.65648
120.03949
137.05685
151.70885
178.23991
134.3531
130.2868
115.05675
123.269905
130.38118
154.93942
152.02089
165.00371
122.36973
114.76737
106.020195
109.2436
112.02642
127.86523
141.22476
175.49829
129.59743
122.8814
108.59477
116.32317
125.527405
146.8604
148.6502
166.91173
119.16284
107.56069