583.3969
606.0604
664.3126
798.395
580.4468
491.30423
538.64764
557.5482
532.2817
448.86835
419.74866
447.06982
444.8918
413.7851
362.853
364.98254
369.63422
362.48453
347.0227
323.33618
321.31256
320.2088
320.82755
314.98483
307.64975
308.82993
307.56992
305.36215
299.02573
295.22702
293.9771
292.28268
290.75848
287.81082
285.86313
284.2629
282.82886
280.5664
277.84457
275.87585
274.2971
272.89188
270.9207
268.90085
267.2124
265.7461
264.03033
262.04572
260.29147
258.84302
257.425
255.75195
254.06786
252.58846
251.20508
249.68562
248.10316
246.66571
245.359
244.00264
242.56076
241.17778
239.89606
238.61098
237.27158
235.96677
234.74556
233.54199
232.30031
231.06737
229.88918
228.73267
227.55832
226.39426
225.2741
224.17618
223.06921
221.96794
220.89577
219.8415
218.7853
217.7374
216.71413
215.70607
214.69957
213.70062
212.71965
211.75044
210.78444
209.8275
208.88567
207.95374
207.02614
206.10692
205.19931
204.29944
203.40448
202.518
201.64124
200.77084
199.90587
199.0485
198.19868
197.35468
196.51569
195.68394
194.85832
194.03793
193.22258
192.41331
191.60938
190.80988
190.01534
189.22627
188.44165
187.66136
186.88573
186.11467
185.34766
184.58456
183.82599
183.07149
182.32071
181.57391
180.83104
180.0918
179.35631
178.62465
177.8966
177.17203
176.45117
175.73367
175.01988
174.30959
173.60286
172.89958
172.19977
171.50345
170.81068
170.1214
169.43568
168.7535
168.0748
167.3998
166.72821
166.06029
165.39598
164.7355
164.07843
163.42513
162.77559
162.1298
161.48784
160.84966
160.21535
159.58484
158.95811
158.33553
157.71674
157.10188
156.49117
155.88441
155.28156
154.68288
154.0884
153.49783
152.91142
152.32916
151.751
151.1772
150.60727
150.04158
149.48006
148.92293
148.3698
147.82098
147.2762
146.73564
146.19933
145.66725
145.13928
144.61545
144.09576
143.58028
143.06897
142.56172
142.0586
141.55957
141.06477
140.57382
140.08694
139.60417
139.12535
138.65051
138.17972
137.71269
137.24965
136.79057
136.33536
135.88393
135.43625
134.99236
134.5522
134.11584
133.68304
133.2541
132.8286
132.4068
131.98856
131.5738
131.16263
130.75485
130.35054
129.94968
129.55217
129.15807
128.76714
128.37955
127.99527
127.61412
127.23619
126.86134
126.48977
126.121086
125.7556
125.39307
125.03358
124.67698
124.32331
123.97249
123.62457
123.27944
122.93724
122.59769
122.26091
121.92678
121.5954
121.2666
120.94055
120.61702
120.29603
119.97756
119.661575
119.34808
119.03702
118.728386
118.42219
118.1183
117.81682
117.51754
117.2206
116.92589
116.63356
116.34327
116.05528
115.7695
115.48571
115.20413
114.92467
114.64729
114.371925
114.09857
113.82724
113.5579
113.29057
113.025185
112.76169
112.5002
112.24053
111.98275
111.7268
111.47274
111.2205
110.97005
110.72138
110.47449
110.22944
109.98605
109.74438
109.50453
109.26622
109.029724
108.79479
108.56162
108.33003
108.10018
107.87186
107.64509
107.419975
107.19652
106.9746
106.754234
106.53549
106.318184
106.10251
105.88832
105.675644
105.4644
105.254845
105.04673
104.84003
104.63492
104.431206
104.22899
104.028175
103.82886
103.631
103.43465
103.23968
103.046196
102.85404
102.66341
102.47419
102.28636
102.099945
101.915
101.73144
101.54921
101.36853
101.1892
101.011314
100.834724
100.65965