21.199999
18.199999
12.8
1.8
20.800001
22.8
38.800003
34.4
33.399998
38.2
53.399998
61.4
61.6
47.0
46.0
45.4
45.2
49.0
49.6
53.2
58.999996
60.8
62.0
62.0
62.4
62.6
63.800003
64.600006
65.4
66.0
66.6
68.0
68.6
69.0
69.0
70.200005
70.0
69.8
69.8
70.6
71.200005
71.4
71.4
71.6
71.8
72.0
72.2
72.6
72.6
73.0
73.2
73.6
74.2
74.6
75.0
74.8
74.6
75.0
75.6
75.4
75.8
75.8
76.200005
76.6
76.8
77.4
77.600006
78.4
78.4
79.2
79.2
79.4
79.6
79.799995
80.4
80.4
80.6
80.8
81.6
81.8
82.4
82.6
82.8
82.8
83.0
83.4
83.8
84.0
84.799995
85.0
85.0
85.2
85.399994
85.6
86.0
86.6
87.0
87.2
87.6
87.8
87.8
88.200005
88.4
89.0
89.0
89.200005
89.200005
89.600006
89.600006
89.600006
90.200005
90.200005
90.6
91.0
91.399994
91.399994
91.399994
91.799995
91.799995
91.799995
92.2
92.2
92.4
92.4
92.6
92.6
92.799995
92.799995
93.0
93.0
93.2
93.2
93.4
93.4
93.8
94.2
94.2
94.4
94.4
94.6
94.6
94.6
94.6
94.6
94.6
94.6
94.6
94.6
94.6
94.6
94.6
94.6
94.4
94.4
94.4
94.6
94.6
94.6
94.6
95.0
95.200005
95.200005
95.200005
95.200005
95.200005
95.200005
95.200005
95.200005
95.4
95.6
95.6
95.6
95.6
95.8
95.8
95.8
95.8
95.8
95.8
96.0
96.0
96.0
96.0
96.0
96.0
96.0
96.0
96.0
96.0
96.0
96.0
96.0
96.0
96.0
96.4
96.4
96.4
96.4
96.4
96.4
96.4
96.4
96.4
96.4
96.4
96.4
96.4
96.4
96.4
96.200005
96.200005
96.200005
96.200005
96.200005
96.200005
96.200005
96.200005
96.200005
96.200005
96.200005
96.200005
96.4
96.4
96.4
96.4
96.4
96.6
96.6
96.6
96.6
96.6
96.6
96.6
96.6
96.6
96.6
96.6
96.6
96.6
96.6
96.6
96.6
96.6
96.6
96.6
96.6
96.6
96.6
96.6
96.6
96.6
96.6
96.6
96.6
96.6
96.6
96.8
96.8
96.8
97.0
97.0
97.0
97.0
97.0
97.2
97.2
97.2
97.2
97.2
97.2
97.399994
97.6
97.6
97.6
97.6
97.6
97.6
97.799995
97.799995
97.799995
97.799995
97.799995
97.799995
97.799995
97.799995
97.799995
97.799995
98.0