24.6
28.0
43.399998
33.6
27.4
23.199999
20.800001
23.6
29.4
36.8
39.8
39.0
41.800003
54.6
55.199997
50.0
49.2
55.4
60.8
60.000004
55.4
51.0
52.600002
58.8
63.800003
64.8
67.0
70.200005
71.6
74.0
74.4
74.0
71.6
74.0
75.8
76.200005
78.0
80.4
80.4
80.8
80.4
80.8
81.6
82.0
82.8
83.0
83.8
85.6
86.0
86.799995
86.6
87.6
87.4
88.8
88.0
89.8
88.6
92.0
88.6
93.0
86.6
94.0
87.6
90.8
89.0
93.2
88.8
95.0
88.8
93.4
88.4
88.6
94.2
86.4
94.0
92.2
93.0
95.0
89.600006
92.6
90.8
87.2
67.0
90.6
80.8
82.200005
75.2
66.799995
69.2
79.6
89.4
95.4
92.4
94.8
93.4
94.0
94.0
95.8
92.799995
68.4
93.2
83.4
70.200005
70.200005
65.8
77.0
64.600006
53.600002
75.0
80.4
87.0
90.6
82.6
62.800003
91.2
88.8
80.0
90.4
96.200005
89.200005
93.2
91.0
92.0
96.0
85.399994
89.4
84.0
94.6
69.0
77.200005
65.8
77.600006
72.2
70.0
69.8
79.0
71.0
78.799995
76.4
77.200005
79.2
91.799995
62.800003
76.6
66.399994
76.200005
75.4
71.0
77.600006
77.4
78.4
71.200005
71.6
77.4
77.200005
76.0
91.6
83.600006
88.0
85.6
78.799995
78.799995
69.0
57.200005
89.0
93.0
49.6
52.0
69.4
64.4
74.6
76.4
66.399994
72.399994
64.200005
69.6
68.8
65.6
74.6
73.6
74.4
84.6
92.4
94.8
90.4
94.0
90.200005
92.0
71.200005
63.800003
67.0
66.2
63.0
58.999996
48.2
54.8
58.2
71.4
58.0
59.2
70.0
59.8
61.4
48.0
59.2
59.2
54.2
57.0
56.199997
58.2
52.600002
50.800003
49.8
49.6
51.8
70.6
53.600002
64.4
52.2
60.600002
50.4
46.2
54.8
57.8
54.4
49.6
53.399998
59.2
64.4
63.0
71.6
67.2
63.800003
67.4
72.799995
76.4
82.4
89.200005
89.4
75.4
77.200005
69.6
73.4
86.6
85.6
53.600002
72.0
67.6
41.2
51.0
75.0
84.799995
64.600006
88.0
95.0
89.600006
94.0
88.0
91.0
92.0
94.4
68.2
83.600006
74.0
67.6
69.0
66.6
70.6
67.4
70.0
71.200005
75.8
78.2
53.2
76.8
77.4
65.4
75.0
74.8
73.0
74.8
81.2
80.2
79.2
76.200005
87.4
94.2
82.0
77.8
78.2
77.200005
70.8
82.0
82.6
79.4
83.0
78.2
85.6
78.6
78.799995
75.4
91.0
89.8
93.4
65.8
77.200005
75.4
56.4
64.4
76.200005
70.4
66.799995
75.0
54.2
61.6
57.8
67.2
78.2
89.200005
90.8
85.6
79.4
88.8
89.4
91.799995
92.4
91.6
77.8
77.0
75.2
76.4
79.4
80.4
76.8
71.6
67.2
77.0
77.8
78.4
76.8
73.2
75.2
59.399998
65.4
83.0
75.2
77.0
76.6
68.0
51.0
77.0
75.2
69.0
70.8
69.2
77.600006
66.6
71.200005
77.600006
39.6
58.2
66.0
66.799995
60.2
54.4
63.0
65.200005
76.8
79.2
72.2
75.0
64.8
56.4
67.0
58.600002
70.200005
87.0
85.6
78.4
77.0
67.4
76.6
68.2
70.4
68.0
69.0
83.0
77.8
81.4
76.4
77.8
93.8
79.2
78.799995
73.0
66.2
68.4
76.0
76.0
75.2
79.0
77.0
68.4
75.0
76.8
77.8
60.399998
93.8
64.600006
36.399998
92.2
91.399994
47.4
79.4
73.4
77.0
68.4
74.6
72.399994
61.799995
67.6
66.399994
70.200005
72.799995
69.8
69.8
76.4
72.0
76.6
74.0
74.6
72.799995
69.4
70.8
78.0
73.0
64.8
80.4
67.2
57.6
50.6
66.399994
76.8
48.0
58.999996
79.799995
63.0
68.8
80.2
72.2
61.199997
63.4
75.0
63.200005
76.4
75.4
70.200005
82.200005
73.799995
71.4
70.4
66.799995
59.600002
55.6
53.600002
56.4
71.0
54.6
39.2
57.8
54.8
67.6
62.0
56.4
52.999996
74.4
74.2
89.4
69.6
87.6
77.8
74.8
85.799995
76.6
77.8
83.200005
77.8
85.399994
95.8
79.2
92.0
48.2
95.4
78.0
52.0
55.0
73.799995
62.0
71.0
76.8
77.4
75.6
78.2
78.2
76.200005
77.4
79.2
83.0
78.4
78.799995
76.4
79.2
77.0
74.0
78.0
76.8
74.8
76.200005
74.0
68.0
75.0
75.6
64.4
71.8
68.2
73.799995
44.4
75.2
76.8
76.200005
60.600002
76.0
74.2
67.6
61.799995
78.4
79.2
84.799995
60.000004
71.6
72.6
69.4
69.4
76.6
77.600006
76.4
88.8
91.0
83.8
76.6
68.6
82.200005
69.4
58.600002
60.8
75.4
65.8
66.2
72.0
46.399998
40.0
47.8
49.399998
69.4
56.199997
67.6
58.999996
63.0
59.399998
69.0
67.6
73.4
65.200005
69.4
74.0
85.2
72.6
71.200005
47.600002
59.8
58.600002
67.799995
53.8
57.8
55.0
76.0
85.799995
88.4
72.0
76.8
68.8
70.4
58.399998
71.6
48.8
74.8
75.8
51.2
54.2
73.6
71.8
64.600006
71.4
58.600002
71.6
89.600006
77.600006
71.8
71.8
65.0
52.399998
70.0
58.399998
64.4
70.6
63.200005
57.200005
62.800003
82.200005
64.4
58.2
86.4
64.4
66.6
65.4
79.2
58.600002
46.8
60.2
53.399998
75.8
73.2
64.8
47.8
72.6
50.0
59.8
51.0
57.6
53.600002
49.8
29.0
47.600002
52.399998
37.2
50.800003
54.4
54.000004
51.0
47.0
46.8
50.0
50.199997
59.399998
60.2
75.0
73.0
73.0
70.6
73.799995
78.6
72.799995
75.6
82.4
70.8
68.0
64.4
65.8
67.4
71.8
70.0
69.8
78.799995
62.800003
64.0
57.8
56.800003
54.8
65.6
74.4
79.0
63.4
70.8
70.6
70.0
64.200005
67.2
73.0
75.4
70.0
75.6
76.0
85.6
75.2
75.4
73.6
67.799995
43.8
83.200005
74.8
75.4
74.4
88.0
72.399994
73.0
81.8
56.0
56.199997
56.6
57.6
54.8
54.000004
53.8
69.8
54.2
54.2
58.600002
72.399994
69.4
64.600006
74.8
69.2
73.4
74.8
70.6
64.200005
57.8
76.8
72.0
81.8
73.4
72.799995
59.8
54.6
48.8
68.2
76.4
54.8
78.2
72.2
67.6
75.0
74.2
74.0
64.600006
69.2
67.0
78.0
52.0
76.8
76.0
71.200005
52.399998
76.4
76.0
77.200005
68.6
72.799995
73.6
75.8
50.6
70.6
77.4
82.4
68.6
78.799995
76.8
69.6
50.0
77.600006
79.0
78.4
77.600006
80.2
94.2
70.200005
71.200005
70.200005
57.6
58.600002
56.4
69.4
44.2
70.6
67.6
57.200005
50.4
43.2
45.0
38.4
43.399998
60.8
65.4
54.8
48.6
47.0
47.4
45.4
62.6
58.8
66.6
69.8
78.6
73.799995
66.0
61.799995
73.0
93.6
61.4
78.0
90.0
70.4
69.8
75.0
71.0
71.8
71.200005
74.6
73.799995
73.4
62.800003
59.399998
56.6
76.200005
69.4
63.6
66.399994
81.2
66.399994
57.8
56.6
56.199997
71.200005
70.8
93.2
59.2
68.0
68.0
73.799995
69.6
63.200005
44.2
68.8
75.8
86.0
60.000004
83.8
69.0
68.6
55.0
83.0
67.799995
71.8
70.6
90.0
89.200005
50.199997
75.4
76.0
74.0
64.200005
70.8
69.0
78.0
50.199997
70.0
77.4
78.6
52.399998
91.2
93.0
69.4
91.799995
88.8
79.2
87.4
61.799995
91.799995
88.6
74.4
71.6
76.200005
71.6
61.4
74.6
95.0
81.4
93.2
74.2
77.600006
72.0
62.4
77.200005
79.2
72.0
78.0
78.6
90.200005
76.4
77.200005
89.600006
80.0
86.6
77.4
79.4
77.8
74.6
79.0
87.8
73.799995
90.4
90.200005
78.6
77.600006
73.799995
77.600006
74.4
64.4
73.2
76.6
79.0
77.8
77.200005
63.4
76.200005
74.8
83.200005
72.0
58.8
61.0
66.6
78.0
72.0
74.6
68.8
61.199997
76.6
74.6
61.799995
52.399998
39.2
65.8
80.6
61.4
82.0
93.0
89.0
76.6
73.799995
73.4
59.8
78.0
72.799995
74.2
63.200005
74.6
64.4
57.6
59.8
69.0
83.600006
65.200005
64.0
78.0
62.0
72.6
71.0
71.4
57.6
69.6
61.799995
76.0
61.4
77.600006
75.0
69.0
77.8
79.6
74.2
75.8
67.4
79.0
75.8
69.8
48.0
83.0
78.4
77.600006
65.200005
75.2
78.0
74.4
75.0
80.2
93.8
58.999996
83.8
75.2
92.799995
70.0
85.399994
87.8
66.799995
76.6
77.4
94.4
77.8
84.799995
71.8
76.6
77.0
95.200005
94.2
78.6
76.200005
62.6
77.600006
79.799995
67.2
86.6
79.0
46.2
73.0
86.4
68.0
89.8
73.4
95.4
71.8
77.8
77.8
65.6
77.4
74.4
72.799995
76.4
76.200005
76.8
72.6
77.200005
78.2
77.8
65.8
79.2
79.2
77.600006
57.200005
79.2
79.6
84.6
54.2
85.799995
78.799995
94.8
93.6
79.0
77.8
69.8
77.600006
79.4
91.0
78.799995
79.4
71.4
79.2
78.0
76.0
58.999996
78.799995
78.6
78.6
59.600002
78.2
78.799995
78.4
75.0
76.6
76.200005
77.4
57.8
77.8
77.200005
75.4
76.4
79.4
75.2
79.799995
78.4
79.0
66.2
77.200005
77.0
50.0
57.0
73.4
70.4
43.8
81.2
77.600006
78.799995
73.6
93.2
92.4
88.6
78.2
82.200005
79.4
80.6
80.0
76.6
85.0
88.0
72.399994
79.4
79.0
94.4
84.6
94.6
87.6
86.799995
79.0
77.4
74.6
50.6
79.2
77.600006
77.0
56.6
77.600006
79.4
95.4
94.6
79.4
78.799995
67.799995
78.4
78.6
76.8
47.2
77.200005
74.6
67.6
72.2
44.800003
66.0
66.399994
77.8
61.199997
77.0
78.6
79.2
71.4
76.0
79.2
87.4
78.799995
84.6
69.6
78.0
78.6
75.4
85.2
88.6
74.8
94.2
95.6
81.0
92.799995
79.4
78.6
71.200005
79.2
78.0
73.6
56.800003
78.0
78.0
77.0
56.800003
77.8
79.4
95.6
94.6
79.4
77.600006
60.2
79.2
75.2
75.6
77.4
76.8
76.6
78.4
79.6
78.2
79.2
71.200005
81.0
76.200005
95.6
70.0
83.4
79.2
61.199997
77.4
78.6
89.600006
79.4
79.0
79.0
79.4
79.4
90.6
79.4
88.6
68.8
80.6
79.2
75.0
88.4
95.4
67.2
79.2
78.6
76.0
51.8
78.799995
77.8
76.200005
64.8
78.4
77.200005
78.2
79.0
77.0
73.0
79.4
78.799995
80.4
76.6
91.6
75.2
75.8
55.199997
79.6
95.6
68.4
78.799995
77.4
57.200005
75.2
78.6
69.8
77.200005
76.200005
86.6
78.4
78.4
76.0
78.2
73.799995
67.2
72.399994
95.8
68.8
76.4
73.2
61.799995
76.200005
80.4
69.8
79.0
76.200005
69.6
76.4
79.0
75.2
79.4
78.2
85.2
77.4
78.2
72.799995
79.2
78.799995
79.0
78.6
80.8
68.6
78.0
77.0
76.4
88.200005
68.6
74.2
56.0
71.0
69.2
69.2
66.399994
74.4
63.800003
58.8
70.0
59.8
63.800003
56.199997
82.200005
66.399994
63.0
86.0
64.0
58.2
55.4
71.0
96.200005
63.800003
90.200005
89.0
82.6
76.4
77.0
90.4
88.6
97.399994
68.6
80.4
88.8
72.6
74.4
59.399998
61.0
45.2
77.4
81.4
71.8
90.6
94.0
90.0
76.200005
75.6
61.0
78.2
79.0
71.6
45.0
76.0
70.4
67.0
56.4
76.6
74.2
64.4
78.4
72.6
68.4
74.0
87.0
76.200005
77.8
77.4
79.6
78.799995
78.2
66.399994
77.8
76.0
77.600006
85.2
90.200005
64.200005
77.200005
75.4
54.4
78.0
77.8
81.0
95.6
93.2
78.799995
82.6
62.199997
79.0
78.4
79.799995
52.600002
90.4
76.4
90.6
50.4
63.4
73.0
72.399994
92.6
59.399998
67.799995
74.2
73.2
77.200005
64.200005
80.4
75.2
75.8
77.0
69.0
90.6
75.8
76.200005
85.6
60.399998
96.200005
78.0
77.8
87.6
46.399998
93.2
78.0
77.600006
75.8
58.2
89.600006
78.4
79.0
77.200005
43.8
73.2
76.200005
72.399994
68.4
78.0
77.200005
87.0
72.399994
78.6
96.4
66.399994
76.8
76.0
72.399994
74.4
86.6
71.200005
94.8
74.2
97.399994
78.6
76.4
85.2
68.8
95.6
96.8
72.0
94.8
95.0
93.4
72.799995
93.2
97.2
69.2
96.6
95.4
66.6
91.2
95.200005
69.6
94.6
89.600006
84.0
90.200005
77.8
80.6
60.600002
77.600006
77.8
75.6
49.6
77.0
77.8
77.8
53.399998
79.2
79.2
78.0
58.2
76.4
78.6
76.8
54.000004
78.799995
78.6
91.399994
93.4
78.799995
84.4
56.800003
78.0
79.0
77.0
42.399998
76.4
77.4
76.4
63.0
78.0
78.0
88.8
52.8
95.0
78.0
77.4
75.2
54.000004
66.6
75.0
52.600002
69.0
77.200005
70.6
75.8
73.4
91.399994
93.0
73.2
93.6
95.6
70.200005
94.0
95.6
69.4
88.200005
88.6
70.8
94.4
94.4
72.2
90.0
95.4
62.199997
84.0
76.8
77.8
63.4
84.2
95.4
70.200005
78.0
77.8
72.799995
88.200005
95.0
71.6
86.6
83.0
63.6
78.799995
82.200005
71.8
86.2
96.0
63.800003
87.0
86.4
69.8
93.6
96.0
89.0
78.799995
76.6
58.399998
78.4
78.6
78.6
78.2
76.8
86.4
75.0
74.4
65.8
76.0
74.2
76.0
78.4
77.600006
54.6
78.2
77.600006
67.799995
87.2
94.4
79.6
79.2
79.0
63.200005
77.8
79.0
71.200005
78.0
78.2
76.4
78.6
86.0
72.0
83.8
79.4
69.8
85.0
91.6
71.0
91.2
90.200005
63.6
90.4
95.6
67.4
92.6
91.6
70.0
92.799995
89.8
79.6
77.0
75.4
58.0
84.2
91.6
70.200005
78.799995
78.0
71.200005
78.4
91.2
71.4
90.200005
76.6
77.600006
78.2
88.200005
68.8
77.4
77.600006
85.2
78.2
89.0
60.000004
78.799995
76.200005
81.2
88.0
78.6
91.0
67.0
76.4
73.799995
72.2
82.6
84.6
70.0
78.4
75.2
71.6
51.6
84.799995
78.6
86.6
57.0
78.799995
75.6
72.0
69.8
50.199997
75.2
76.0
58.2
62.199997
57.4
80.8
76.0
75.2
76.200005
62.0
85.0
72.799995
71.200005
76.200005
60.8
72.2
83.600006
67.4
72.0
74.2
81.6
85.0
73.6
76.200005
82.4
93.6
87.0
77.8
78.6
57.0
77.8
78.6
75.2
53.8
79.0
77.0
87.0
87.4
78.2
63.0
77.0
76.4
72.799995
75.0
65.0
66.399994
74.8
73.2
74.0
73.6
71.6
39.0
70.200005
75.0
76.6
63.4
50.4
73.799995
63.4
84.2
49.8
69.8
67.2
61.799995
66.2
46.399998
64.4
69.2
51.4
71.6
86.799995
65.4
73.4
74.4
90.8
63.800003
92.799995
91.799995
65.0
92.2
89.8
80.2
71.4
75.4
81.4
70.8
95.0
95.0
67.4
79.2
76.8
88.6
76.6
84.4
66.399994
76.6
79.2
87.4
77.4
83.200005
64.600006
81.2
81.8
63.200005
77.8
87.4
61.799995
90.8
95.200005
65.8
93.4
95.200005
73.2
78.6
78.4
65.4
78.6
78.2
66.799995
77.200005
76.200005
64.4
77.0
78.4
72.6
78.6
78.6
67.6
77.8
78.799995
76.0
77.600006
90.200005
63.0
88.8
87.8
64.4
88.6
93.8
69.4
90.6
92.6
68.0
94.4
89.4
94.6
72.799995
78.4
78.0
68.6
78.0
76.6
68.4
75.0
75.6
64.0
77.600006
78.0
73.6
78.799995
88.4
67.799995
82.8
80.6
71.200005
78.4
82.4
69.0
84.2
85.0
68.0
82.4
94.0
67.6
90.8
91.2
66.399994
87.4
93.4
69.4
92.799995
94.8
66.799995
92.6
92.799995
69.6
93.4
96.200005
66.6
92.6
94.0
68.2
90.4
92.799995
66.6
91.6
91.799995
71.0
86.6
88.200005
71.200005
90.0
93.4
70.4
96.4
96.200005
66.799995
89.4
92.6
71.6
96.200005
95.8
94.0
77.600006
77.0
67.6
70.0
74.0
57.4
76.8
75.8
73.0
59.8
88.0
68.0
68.4
77.4
71.6
58.8
78.0
77.200005
65.6
75.8
76.0
63.0
77.4
76.4
71.0
77.4
76.8
67.4
76.6
77.200005
90.6
77.0
75.2
63.0
76.4
77.8
73.799995
51.4
77.0
74.4
75.2
77.200005
73.799995
65.200005
73.4
58.399998
57.4
67.799995
73.799995
66.399994
72.399994
71.0
60.2
79.6
84.4
73.4
75.4
70.0
63.4
60.000004
53.2
62.0
63.200005
76.4
75.2
92.4
88.6
52.399998
66.2
65.8
58.8
63.4
70.200005
65.6
46.399998
66.2
77.4
69.4
82.4
80.0
62.800003
73.4
73.799995
72.399994
79.2
75.6
77.0
73.799995
68.0
79.6
89.0
80.0
70.4
74.4
74.2
76.200005
77.4
74.0
77.8
96.0
62.0
90.8
90.0
65.6
79.2
83.0
82.6
78.799995
90.0
93.0
72.2
95.0
94.4
62.199997
92.799995
92.6
69.0
91.399994
94.0
66.0
93.6
91.799995
73.799995
77.0
75.2
58.2
84.2
91.799995
68.4
90.200005
87.8
63.6
83.200005
88.200005
72.399994
92.799995
94.0
92.2
73.799995
82.4
94.2
63.6
96.6
97.0
68.8
89.200005
77.200005
75.0
54.6
95.0
78.799995
90.8
66.6
90.0
78.799995
77.600006
83.0
88.8
75.2
75.2
84.799995
89.0
88.4
91.6
90.0
90.6
95.0
71.6
86.0
81.4
95.4
74.6
93.8
92.0
82.4
77.200005
76.8
67.2
77.8
78.0
67.2
78.6
88.6
64.600006
90.8
88.0
68.0
90.6
94.4
69.0
92.4
95.4
69.2
95.6
92.2
77.8
77.600006
83.600006
62.800003
96.4
83.4
80.0
79.0
76.4
58.8
92.6
92.4
71.4
93.0
90.6
93.0
87.4
77.600006
96.0
74.6
79.0
83.600006
62.199997
93.8
92.799995
70.8
96.8
94.6
94.2
75.2
82.6
96.0
65.0
76.4
73.4
76.0
89.4
52.999996
68.6
72.6
62.800003
78.0
70.8
71.0
77.0
77.0
95.6
68.8
72.799995
77.8
75.4
77.600006
63.4
71.200005
78.0
75.4
96.6
69.0
73.2
76.0
74.6
74.0
67.4
77.200005
78.2
77.4
95.6
74.4
96.4
80.4
96.200005
74.8
95.200005
78.6
96.6
72.399994
76.4
78.0
77.600006
84.0
61.0
74.0
74.4
72.2
95.8
64.4
72.0
78.6
76.200005
91.399994
66.799995
73.0
78.6
77.8
96.4
63.6
74.6
78.0
76.8
94.8
65.0
71.8
78.6
77.4
97.399994
70.0
74.6
77.200005
76.200005
94.0
67.2
73.799995
80.4
76.4
94.2
81.6
94.6
95.4
88.4
96.4
91.399994
97.399994
95.6
97.2
96.200005
97.2
96.4
96.6
96.6
96.200005
96.4
96.6
96.4
96.4
96.4
96.4
96.200005
96.6
96.6
96.4
96.4
96.8
97.0
96.8
96.6
96.4
96.8
97.0
96.8
96.6
96.6
96.6
96.6
96.8
96.8
96.4
96.4
96.8
96.6
96.6
96.6
96.6
96.8
96.6
96.6
96.6
96.6
96.6
96.4
96.6
96.4
96.4
96.6
96.6
96.4
96.6
96.6
96.6
96.6
96.6
96.6
96.6
96.6
96.6
96.6
96.6
96.6
96.6
96.4
96.4
96.4
96.4
96.4
96.4
96.4
96.4
96.4
96.4
96.4
96.4
96.4
96.4
96.4
96.4
96.4
96.4
96.4
96.4
96.4
96.4
96.4
96.4
96.4
96.4
96.4
96.4
96.4
96.4
96.4
96.4
96.4
96.4
96.4
96.4
96.4
96.4
96.4
96.4
96.4
96.4
96.4
96.4
96.4
96.4
96.6
96.6
96.6
96.6
96.6
96.6
96.6
96.6
96.6
96.8
96.8
96.8
96.8
96.8
96.8
96.8
96.8
96.8
96.8
96.8
96.8
97.0
97.0
97.0
97.0
97.0
97.0
97.0
97.0
97.0
97.0
97.0
97.0
97.0
97.0
97.0
97.0
97.0
97.0
97.0
97.0
97.0
96.8
96.8
96.8
96.8
96.8
96.6
96.8
96.6
96.8
96.6
96.8
96.8
96.6
96.6
96.8
96.8
96.6
96.6
96.8
96.8
96.6
96.6
96.8
96.8
96.6
96.6
96.8
96.6
97.0
97.0
97.0
97.0
97.0
96.8
97.0
97.0
97.0
96.8
97.0
96.8
97.0
97.0
97.0
97.0
97.0
97.0
97.0
97.0
97.0
97.0
96.8
97.0
96.8
97.0
96.8
97.0
96.8
97.0
96.8
97.0
96.8
97.0
96.8
97.0
96.6
97.0
96.6
97.0
96.6
97.0
96.6
96.8
96.6
96.8
96.6
96.8
96.6
96.8
96.6
96.8
96.6
96.8
96.6
96.8
96.8
96.8
96.8
97.0
96.8
97.0
96.8
97.0
96.8
97.0
97.0
97.2
97.0
97.2
97.0
97.2
97.2
97.399994
97.2
97.2
97.399994
97.399994
97.2
97.399994
97.0
97.2
97.0
97.2
97.0
97.2
97.399994
97.2
97.2
97.399994
97.2
97.2
97.0
97.0
97.2
97.2
97.399994
97.0
97.2
97.2
97.0
97.399994
97.2
97.2
97.0
97.2
97.0
96.8
97.2
97.2
97.2
97.0
97.2
97.0
96.8
97.399994
97.0
97.0
97.0
96.8
96.4
96.6
96.6
96.4
96.4
96.200005
96.4
96.4
96.200005
96.0
96.200005
96.0
96.200005
95.6
96.0
95.6
96.0
95.4
95.4
96.0
95.8
96.0
95.8
95.6
95.4
96.6
96.4
95.8
95.6
95.8
96.0
96.0
95.6
96.4
95.4
95.200005
96.4
97.0
95.6
95.200005
97.2
97.0
97.0
96.4
96.0
96.4
96.6
96.6
95.200005
97.2
95.6
95.8
96.4
95.200005
97.2
98.0