684.65247
686.9411
686.5357
670.5427
616.0357
525.3273
570.17126
593.1323
561.53723
517.85736
472.0272
408.29868
427.44034
403.12607
393.51834
375.6338
349.96118
351.7975
349.0566
342.1826
341.37027
332.9019
323.92868
323.24744
319.15805
317.13077
313.74216
308.6797
306.86264
304.70895
302.5106
299.94824
296.14774
293.45648
291.18536
288.91174
286.99557
284.5377
282.21857
280.15506
278.19943
276.1838
273.7123
271.3558
269.30997
267.49863
265.6484
263.54254
261.50195
259.6804
257.9828
256.13593
254.1537
252.29482
250.61731
248.97122
247.20274
245.42189
243.7693
242.20567
240.58893
238.91109
237.2972
235.78365
234.28136
232.73259
231.20137
229.74515
228.32225
226.87231
225.42117
224.02261
222.66582
221.30379
219.9395
218.61137
217.31969
216.03151
214.74246
213.4788
212.24564
211.02162
209.80061
208.60042
207.42451
206.25879
205.09862
203.9552
202.83191
201.71863
200.61287
199.52245
198.4482
197.38353
196.32689
195.28369
194.254
193.23308
192.22104
191.22156
190.23335
189.2538
188.28322
187.3238
186.37398
185.43242
184.4999
183.57744
182.66382
181.75809
180.86125
179.97377
179.09424
178.22255
177.35956
176.505
175.658
174.81905
173.98822
173.1652
172.34978
171.54199
170.74214
169.94963
169.16476
168.38727
167.61748
166.85472
166.09946
165.35153
164.61078
163.8771
163.15074
162.43152
161.71927
161.01399
160.31583
159.62451
158.94014
158.2625
157.59177
156.92761
156.2703
155.61966
154.97556
154.33804
153.707
153.0824
152.46414
151.85216
151.24669
150.64725
150.05408
149.46706
148.88599
148.31105
147.74202
147.17879
146.62148
146.06989
145.52402
144.98396
144.44914
143.92007
143.39645
142.87822
142.36528
141.85768
141.35522
140.85797
140.3658
139.8787
139.39655
138.9193
138.44685
137.97928
137.51636
137.05807
136.60442
136.15543
135.71077
135.27058
134.83482
134.40329
133.976
133.55301
133.13403
132.71918
132.30835
131.90157
131.49864
131.09956
130.70432
130.3129
129.92513
129.54094
129.16049
128.78352
128.41011
128.04015
127.67364
127.31039
126.95065
126.59406
126.24068
125.8906
125.54374
125.199814
124.859
124.52121
124.18643
123.8546
123.52573
123.199646
122.876495
122.555984
122.23839
121.92348
121.611305
121.30173
120.99484
120.69051
120.38876
120.08964
119.792915
119.49873
119.20694
118.91769
118.63068
118.34617
118.06392
117.78403
117.50644
117.23114
116.95804
116.68721
116.4185
116.15212
115.88777
115.625626
115.36565
115.10769
114.85184
114.59811
114.34635
114.09665
113.84896
113.603325
113.359665
113.11798
112.87817
112.6404
112.40465
112.170685
111.93866
111.70849
111.48032
111.25399
111.02952
110.80692
110.58614
110.3672
110.15015
109.93492
109.721344
109.50988
109.29998
109.09213
108.8859
108.68151
108.47884
108.27813
108.078995
107.88177
107.68627
107.4926
107.30062
107.11048
106.92207
106.73541
106.5505
106.36743
106.18609
106.0065
105.8285
105.6525
105.47815
105.30553