688.85614
646.43756
569.322
506.29086
658.7774
559.72
514.7345
457.25513
558.95825
433.38638
410.23624
364.29904
430.50385
369.4992
377.505
360.27585
385.3678
318.76224
324.18015
320.05496
324.36157
331.16193
310.39447
331.48315
309.3757
293.47443
349.2105
305.22125
297.24323
366.73538
344.86996
306.77002
452.57224
290.38556
294.41736
367.90164
283.7547
263.3721
380.5815
391.3723
347.56152
499.4646
317.2501
304.3874
418.50986
425.67026
301.18216
293.02707
487.93784
436.28537
438.81735
458.17184
283.03088
327.26068
446.36182
377.5637
323.452
564.3732
372.33463
295.69135
291.51318
565.2044
447.6679
457.62076
335.25165
1425.0557
453.29794
478.83667
470.13635
296.4954
862.8846
384.11432
409.557
339.85303
833.9211
347.0742
361.1358
348.29578
696.1368
360.63895
374.4353
405.27554
304.93512
309.23395
384.6098
368.60626
335.1707
637.5373
334.21893
323.15826
483.9211
805.5174
406.11896
449.838
368.31454
584.5184
510.2775
383.88406
335.4756
490.70892
394.69763
366.83582
1081.0947
462.71368
475.21152
464.49487
784.7149
357.49545
348.7341
472.9875
372.44592
337.50546
745.4175
396.7148
399.5039
352.02542
819.75275
382.22943
416.61072
357.1497
919.6303
351.01154
364.0511
357.25204
437.6306
348.57938
327.3462
845.56464
377.63788
392.70087
334.30588
1255.2356
393.52985
447.5856
392.24332
469.90952
1180.665
379.7166
374.38763
366.3033
427.3921
910.19727
360.82507
366.67645
344.72623
694.69165
342.96744
353.3973
553.0712
304.8009
277.1401
447.32718
353.6374
303.26294
741.2877
333.47165
340.0122
313.56653
446.34122
314.4473
314.39703
301.01974
188.98376
294.8113
294.93768
322.64542
228.73288
368.16107
367.47812
344.82474
440.63226
274.31848
270.22568
240.42456
333.11725
299.91815
294.62073
227.01854
184.41756
236.90236
291.84958
313.19705
236.02043
752.6129
368.80655
394.62387
200.68008
750.6914
327.04562
342.59863
295.68207
346.55634
294.92566
276.8365
435.4675
234.56741
233.97188
462.4679
362.7543
374.58975
404.22495
288.89087
223.82578
556.33624
310.25916
297.95776
507.97446
332.74182
306.95328
278.2132
864.28925
341.7333
362.1814
400.3835
228.25476
270.89996
352.4938
433.8723
347.45645
355.89835
423.7521
496.47903
337.11334
312.20554
395.33
277.6283
258.70956
481.26794
333.16846
326.9635
379.7439
231.31363
275.14362
433.26666
334.3681
286.13943
636.99176
276.47223
266.4395
384.8306
228.521
229.33911
505.28467
329.76794
316.03198
257.61417
489.20532
348.70853
362.26505
278.94562
813.6939
272.60303
310.37344
216.26466
903.7073
320.36887
352.98126
302.30396
618.5369
248.57152
271.22028
244.3235
545.04047
282.1132
300.58368
211.70256
524.5627
313.23303
315.99567
438.68475
198.45285
242.00296
392.23544
307.9732
276.92346
435.25418
169.57202
235.12515
250.29419
209.84459
164.35535
229.33128
257.75433
215.88742
496.92795
199.70894
211.97635
364.54324
191.92316
189.5419
309.9678
200.84058
179.81287
434.1422
223.71709
211.78003
270.25192
192.1773
202.7797
176.49544
279.2623
227.06956
194.36197
450.48727
209.36765
196.16304
239.1277
522.58
309.41895
315.32965
271.0173
611.6451
231.22215
307.2232
212.7059
539.2157
213.7936
222.45291
257.85947
208.41515
156.2228
384.90482
240.96419
227.12749
202.90259
532.85486
229.96637
311.35468
251.55232
537.0346
141.49077
275.2844
250.86897
390.65314
172.8063
183.16284
292.08908
213.06195
156.71886
314.33005
199.61514
183.52678
322.79
135.96811
148.1971
245.51761
167.4755
142.50658
208.01399
178.72661
115.724045
241.20485
171.84953
140.19913
273.54288
111.45308
194.17276
154.08675
306.13382
177.29315
238.67792
183.40254
230.2749
348.1841
268.94504
250.41606
201.61642
224.50491
324.17603
198.34697
256.06647
211.72368
167.08476
413.14178
262.70203
248.38579
240.13235
197.81438
232.33203
246.54205
204.60901
194.26076
161.48842
180.15927
178.05457
184.46786
283.16577
165.20915
186.64723
175.94684
328.34393
138.19908
172.9177
225.45561
186.66673
132.74832
264.5884
181.06422
172.50899
279.40564
169.91118
157.74377
313.3503
176.60637
166.09755
290.37384
176.07259
154.10576
288.6442
172.19025
113.753174
249.80272
170.91457
154.91238
269.97357
119.44936
184.19276
177.09187
191.09554
140.814
183.47783
124.414154
243.30072
185.5551
140.61551
219.42212
168.71106
146.60516
292.46866
98.387344
176.5184
160.72176
283.36594
211.10736
215.89546
203.52449
209.80525
343.74173
279.858
201.6575
215.692
230.79457
112.954796
404.51923
288.89163
206.97571
228.98502
235.42152
153.42749
271.903
228.87988
152.51788
248.34224
188.06259
196.95503
278.29626
140.9793
163.90274
212.0265
180.91447
101.48064
239.89401
227.02438
170.40964
336.50784
184.67422
205.3421
373.92853
185.5223
183.7902
188.43933
152.6494
288.94092
225.78064
216.18323
280.87506
475.86417
319.79782
252.05089
563.9943
214.08572
231.79228
257.2167
193.60896
198.16475
421.64304
250.46445
207.48462
358.95084
582.11115
346.9385
355.09726
353.25006
617.76373
502.33136
389.8404
397.60425
318.60547
585.61115
669.02966
340.6506
347.90063
360.59476
731.2482
491.82632
357.35013
368.5775
298.56345
527.0683
520.04865
684.50854
463.05374
362.0771
400.89874
1021.8891
410.4471
409.70712
435.6038
730.9399
524.58167
442.3978
421.04068
676.7272
365.18015
362.82733
388.70166
717.4071
350.01233
361.93564
325.70117
685.5684
322.22314
334.40814
334.35782
636.1522
325.7007
319.83478
352.83984
630.90027
399.52463
369.52167
523.17377
419.86234
446.02924
519.1933
422.50708
393.33273
411.14893
444.22928
601.1086
476.96844
494.22516
566.2624
918.2803
396.64432
385.1737
370.95056
1056.7966
561.09155
395.97226
449.09616
654.694
418.94247
390.486
598.28894
673.8299
355.29602
395.45343
452.3553
601.4756
378.9844
499.14166
427.56274
378.55087
798.8098
447.49915
461.52887
388.10916
1180.7692
499.91205
475.38342
469.17798
429.48566
786.72644
608.94696
567.9083
458.16467
603.0572
879.21216
402.83286
386.71878
499.82333
356.02252
285.80222
619.67
274.71918
286.05624
414.58603
265.2167
258.98236
685.77606
398.53537
419.21045
293.71426
1048.9689
293.17374
403.18134
268.7011
804.6646
284.92453
310.52634
317.6907
257.6117
406.3006
347.96527
327.74063
473.86105
319.80496
235.13379
761.19116
410.87622
431.08768
350.22916
734.8957
312.63687
316.14343
543.4965
302.12503
337.33893
682.3467
468.86108
480.73157
417.27045
831.5188
386.3651
457.13257
425.56436
397.163
496.8314
395.5844
374.30664
459.96747
245.28151
290.90753
428.06415
383.79062
376.8569
474.5808
259.60382
342.75797
407.26147
746.7345
368.0659
358.29196
595.9761
281.65338
360.15326
538.7369
633.6301
362.76047
338.93378
444.653
611.2263
383.20343
362.8272
495.37784
676.2184
417.52756
418.4989
388.61877
759.7159
456.40765
349.37604
311.1979
699.654
392.1317
369.32855
462.83496
319.45926
349.24115
217.7481
291.14886
496.12335
459.14667
386.92178
859.4273
361.96997
311.91983
814.00256
387.1181
369.26736
434.16788
315.99045
270.6027
293.2403
347.4305
282.7368
268.48285
627.2063
315.58664
313.29578
526.26996
249.14009
225.8306
541.88165
326.9931
309.6868
531.78284
162.3624
335.5443
349.6563
603.3906
326.15372
310.71887
642.3787
205.87186
331.2865
391.0803
305.25076
253.89137
727.6854
274.81366
263.58023
473.5171
261.6582
224.48541
270.04044
288.89957
217.40834
691.5577
269.49454
286.81418
261.99847
196.63562
236.76811
255.22372
176.98889
711.616
288.7392
290.06824
373.4419
394.8384
345.58603
343.17938
258.21094
220.44017
200.57143
192.63611
247.78961
355.5988
317.27573
193.97841
671.93475
268.2206
234.743
598.6821
235.0788
220.57202
378.713
484.8013
301.62198
303.35532
314.8683
647.49316
330.85672
369.04184
395.3685
733.02466
293.1982
295.16016
475.49454
312.44125
241.84282
740.0132
314.31482
320.20435
372.25702
744.2865
340.69595
357.74515
315.71362
819.01495
239.65433
310.47134
314.23978
306.82346
257.6358
242.60039
379.66196
165.66624
354.26477
280.54288
304.42462
513.6313
271.47784
322.59396
609.6344
221.41705
229.75519
468.57748
260.49713
404.6522
314.84613
245.25247
706.7087
299.86282
325.9208
309.258
443.84964
314.6186
313.87982
333.37344
793.14874
270.8466
303.38995
202.24982
602.3177
284.73676
300.46567
262.24402
332.29742
310.84503
296.08173
304.60706
261.09555
268.68896
226.52304
537.23834
208.72688
227.363
708.1329
310.0844
316.30417
387.73404
373.97458
356.5256
351.98218
372.32278
290.53354
342.56076
320.0257
601.75
345.42365
384.7376
603.06
359.7968
263.03363
500.58502
361.4906
389.82425
318.0296
351.32547
247.0864
290.63974
379.30905
458.07822
366.9336
473.49844
494.3727
206.64621
397.0752
319.04504
354.25436
359.4394
482.6241
362.26642
466.90558
385.93222
377.2819
470.88562
554.49695
372.19003
354.50647
930.04694
348.43707
366.987
387.4942
420.44116
395.8725
352.72256
339.42505
346.366
350.4688
508.013
411.7738
372.57822
599.27856
346.05426
347.763
353.4433
327.9604
591.23096
403.61957
393.37094
429.1507
325.0376
268.62695
513.2436
336.9542
337.0859
409.39227
257.52213
345.18604
353.99408
266.09488
720.4899
310.49356
295.56052
669.53046
270.89822
262.0854
446.12112
284.76215
187.73447
615.21454
314.41794
253.77266
346.57678
241.4426
233.80899
287.18008
216.29652
204.0108
265.88214
579.00684
368.00366
381.58298
203.16927
693.41876
381.74078
379.405
252.12587
1043.0682
285.19742
322.27896
412.83273
719.96594
316.02167
340.0657
470.53586
336.83832
384.2798
356.67517
285.77988
464.13635
386.81973
354.05072
364.24344
260.18454
344.02502
323.85013
227.44713
786.91583
316.65286
343.8056
412.81766
754.5307
357.26797
351.87894
308.40356
1010.9444
334.26776
421.3562
437.26813
394.7769
416.9303
1005.09106
321.38275
335.9121
351.0786
736.2983
345.62048
337.6839
701.5796
440.55582
418.90063
577.85645
371.78348
391.21542
348.2579
616.475
253.05957
249.21695
401.06418
279.73056
212.99507
649.5927
337.69196
339.2612
394.18552
220.58427
184.35208
705.7831
343.66647
353.3612
359.88693
716.7419
382.0689
385.4077
420.97726
1056.9612
324.2121
331.65613
541.26135
275.48068
256.392
602.8755
353.56335
349.77856
250.11148
901.1168
346.29953
360.70184
202.5027
1029.0753
309.35083
354.63156
513.0853
343.41525
393.97684
295.82343
540.8847
512.03345
341.55856
401.27026
690.93945
356.76288
327.89758
577.36816
519.81146
343.22903
464.6682
449.91782
315.34164
331.45447
463.36044
281.63586
301.81226
597.6819
400.24197
304.60263
381.02695
648.0516
376.8725
368.49808
484.42926
433.99963
339.90594
357.27765
531.6274
277.1165
435.05188
341.36957
340.05005
565.48584
327.322
319.04788
491.44916
230.62135
177.42395
269.58258
260.47644
323.89517
269.90262
205.7653
386.1778
340.20404
287.9116
617.49817
277.53424
264.33298
660.9229
336.23685
320.594
537.47986
278.1964
216.3872
347.73404
328.9837
295.35275
279.18796
282.77484
499.4843
340.21445
338.6115
514.38556
280.36008
229.29297
578.9015
364.5197
368.4628
448.14813
261.88696
454.51068
353.9968
339.5279
834.8607
338.66757
335.12814
726.41144
338.1426
282.89798
577.7129
279.45453
258.08676
598.80365
320.76263
285.44464
582.2938
250.83563
259.18164
453.66656
271.4534
221.15103
592.8437
274.54752
253.87544
342.94476
225.64902
219.53127
244.16412
274.92407
204.14586
173.7796
241.18324
199.38284
208.75507
421.86176
336.69565
269.72043
560.6235
305.23
247.95328
410.0857
251.0055
294.08008
413.30713
235.22925
221.52286
339.1426
211.70175
336.1163
412.06555
268.47888
221.04794
430.82214
626.48645
510.90005
412.5725
512.44574
305.11703
247.93599
575.5868
368.90378
352.16965
693.7753
278.56226
293.77582
603.1364
355.45352
339.02158
796.5053
325.00497
310.58005
647.23175
305.14758
286.2707
595.2116
272.0855
268.1557
642.89386
329.9185
292.43985
410.0698
232.21646
283.69128
258.59805
480.34497
300.96265
258.20944
378.83685
845.2956
341.5866
353.32355
227.64743
941.7157
233.38617
315.22214
211.39665
651.97925
217.97458
246.37206
241.86084
927.09204
273.67163
345.598
248.15572
680.89496
236.57248
296.17975
245.21051
748.4794
222.93079
278.34186
287.2674
523.8203
238.57233
300.41324
567.91437
206.16367
228.66748
305.67395
537.2585
305.5566
320.11462
508.41382
220.69252
250.09273
423.06213
308.65677
286.0805
623.6842
290.2311
388.00345
300.04822
553.48584
304.23486
285.26093
620.406
250.55492
196.92531
506.36203
240.05035
232.25038
566.5932
283.62006
250.42467
486.00916
229.6972
224.22287
434.62637
218.75023
208.16966
391.3425
682.36786
343.48505
346.77026
335.45828
754.54004
322.0596
346.47986
329.4868
841.1514
267.6948
303.40076
288.4849
925.0137
359.29236
374.24997
293.31387
883.90076
325.24252
341.72675
451.8307
305.13602
210.81639
623.2566
335.9847
328.06882
468.84378
1012.6505
384.82825
405.00418
334.20145
746.70703
975.04285
516.97675
381.43082
341.17435
320.3444
929.08044
329.01428
320.30423
331.36523
728.4478
287.08224
337.49728
291.62213
752.88794
407.37405
430.35025
478.04153
529.45074
472.57025
363.46677
427.53214
734.88324
272.05118
343.9126
462.34262
740.8242
337.72144
354.20013
317.8929
652.8511
634.8924
340.62018
339.51578
312.5535
742.18036
300.13547
327.18256
643.7916
311.3938
281.8565
446.35037
253.14743
331.22614
396.88242
258.2216
267.80075
259.27008
310.4396
513.71844
334.56073
243.33228
219.9496
486.55914
332.90012
305.22565
494.0718
242.95914
295.1655
310.74356
285.39465
707.8556
280.9082
311.24304
462.49197
461.91855
270.84024
279.92337
466.25705
255.07574
350.05066
369.69925
240.70938
332.68256
288.4789
382.75613
520.98694
310.8492
318.38995
532.8881
268.65485
341.57117
254.36588
302.2324
315.75854
304.21027
236.43546
415.38248
314.34143
205.96109
612.50586
408.0844
410.55417
395.61002
587.3583
305.75708
301.74362
403.60608
727.9622
342.4892
346.10388
353.04092
1011.83276
385.62674
370.8577
350.75836
695.4123
349.47086
347.04
382.3686
493.1606
355.6117
353.43857
391.52847
838.0019
300.5884
342.84546
526.71686
256.15738
353.68832
625.5645
381.0957
378.4004
240.8791
1228.7966
241.58472
373.02307
269.64948
510.343
819.92596
348.38004
344.7623
395.3064
677.4728
200.22676
248.15213
417.24997
320.22708
679.9896
351.44608
338.54892
490.8927
502.23526
726.78735
305.729
365.95502
504.98373
921.8425
536.49774
600.3461
408.70175
331.7201
951.5376
313.2696
310.86722
476.64462
680.6802
357.44885
353.84882
554.88434
822.37537
378.42
414.46808
370.69016
709.2682
677.0748
397.44403
408.1998
286.47192
991.4642
288.60147
352.42252
357.0682
918.6128
315.79108
341.49847
265.63733
835.36993
279.47675
335.04364
400.62582
847.5944
375.13492
393.21884
271.99356
910.55054
233.78593
313.98895
310.3939
240.503
271.19754
290.9444
440.9068
616.13196
361.0821
372.92932
351.33704
944.3299
334.04272
394.12717
378.20258
739.47076
424.05948
314.50836
436.1913
340.5937
307.89563
353.06445
271.187
622.5956
489.26624
500.86313
489.7987
442.10577
274.52615
597.1765
535.8335
450.25488
716.76746
359.21585
425.0337
715.00134
463.96234
560.725
1204.0576
435.85614
449.03833
431.19794
887.0614
1057.1755
407.9612
422.01144
424.0496
552.45355
927.6947
503.80115
513.63196
800.8715
429.6775
617.2234
559.48016
372.26804
548.32745
764.8854
333.7722
462.59332
677.45886
414.78036
546.37384
415.7618
587.8352
428.12692
375.87323
878.11206
416.3987
400.195
518.01025
911.06366
418.50302
419.2403
338.0843
1016.9463
398.96832
383.39108
440.2638
523.58936
427.31747
385.24448
662.5263
360.85983
363.00067
524.41284
336.99594
303.6044
841.52295
365.7989
386.43472
321.81363
490.6594
401.86258
395.12518
614.1084
310.0528
246.52594
872.1795
364.3498
379.94174
281.39322
697.1162
394.2735
394.41302
357.95078
262.22516
354.12833
324.876
700.66956
357.14212
362.16782
531.86176
307.94
281.28796
766.05597
361.21036
363.2193
388.20477
664.1959
383.8192
391.0702
400.16232
955.50415
302.19507
328.49854
409.7202
771.9723
308.7847
343.0084
420.44873
301.16376
288.6648
447.77283
383.16998
311.0174
561.0938
369.40997
344.87482
686.51404
345.0681
259.9728
728.60425
285.78925
266.12793
511.26474
248.2465
234.56125
614.29645
319.36035
280.95935
457.55887
239.1428
241.5033
503.8211
336.6682
269.54663
488.361
216.74406
212.95615
644.7157
311.8125
241.96167
537.4385
203.52501
214.7706
454.79324
257.07404
186.1708
622.15607
271.13492
261.0613
308.40176
883.5508
337.40024
372.808
258.41052
825.5055
289.98285
391.5305
364.3772
429.5977
282.6354
362.2059
305.50775
357.30923
210.73482
258.9693
286.4701
382.82996
236.36229
225.21362
304.53647
408.68546
341.71576
339.84808
385.24734
207.08154
258.46753
250.1199
522.2901
360.62238
326.47903
769.235
206.70285
265.94595
501.52832
278.27206
237.56363
367.717
257.27866
210.0104
202.21011
338.38574
266.88705
173.57439
382.46887
230.01088
156.3002
365.24835
174.82697
188.20644
190.47446
211.10735
248.90866
193.96495
183.41026
188.86337
306.70276
247.66876
165.91127
474.09732
248.16557
178.80373
252.99629
204.63783
155.74535
382.41934
252.1607
237.06924
415.3959
150.99321
262.91055
223.09999
368.42807
152.04439
127.095825
151.48245
129.9498