587.19794
587.6478
588.4399
589.47266
590.6514
591.8843
593.088
594.184
595.1051
595.7992
596.2317
596.3885
596.277
595.92285
595.3654
594.65314
593.83777
592.96704
592.0805
591.202
590.3405
589.4849
588.60767
587.6681
586.61676
585.4022
583.97595
582.29626
580.3328
578.06635
575.49243
572.61884
569.46344
566.0556
562.4297
558.6264
554.6888
550.66174
546.5889
542.5118
538.469
534.49615
530.6247
526.8796
523.2837
519.854
516.603
513.5392
510.6664
507.98462
505.49
503.1771
501.03534
499.05316
497.2178
495.51376
493.92694
492.4419
491.0442
489.72055
488.45932
487.24902
486.08032
484.94666
483.84018
482.75616
481.69116
480.64117
479.60333
478.5761
477.55826
476.54773
475.5434
474.54486
473.55173
472.56253
471.57785
470.59656
469.6191
468.6454
467.6752
466.70865
465.74585
464.78705
463.83273
462.88336
461.9393
461.00067
460.06815
459.142
458.22256
457.31067
456.4062
455.51007
454.62234
453.74323
452.87292
452.01178
451.16037
450.31866
449.48624
448.6642
447.85187
447.04962
446.25708
445.47482
444.7024
443.93964
443.18674
442.44327
441.70972
440.98486
440.26962
439.5634
438.86588
438.17743
437.49707
436.82556
436.16174
435.50586
434.85855
434.2184
433.5857
432.96048
432.3423
431.73157
431.12732
430.52985
429.93884
429.35416
428.7758
428.20337
427.63718
427.077
426.5222
425.97284
425.4294
424.89075
424.3578
423.82965
423.30673
422.7883
422.27478
421.76608
421.26205
420.76196
420.26675
419.77554
419.28903
418.80588
418.32718
417.85223
417.38113
416.91428
416.45044
415.99072
415.53452
415.08154
414.63205
414.18613
413.74362
413.304
412.8675
412.43414
412.00436
411.57697
411.153
410.73154
410.3133
409.8976
409.48468
409.0744
408.66675
408.26178
407.85968
407.45987
407.06253
406.66788
406.27542
405.88547
405.49777
405.11237
404.72903
404.34848
403.9695
403.5932
403.21918
402.84653
402.4763
402.1087
401.7425
401.3783
401.01627
400.656
400.29785
399.94168
399.5873
399.23474
398.88397
398.53513
398.188
397.84262
397.49863
397.15695
396.81677
396.47812
396.14114
395.8062
395.4726
395.14066
394.81018
394.48126
394.1541
393.82867
393.5043
393.18176
392.86066
392.5408
392.22253
391.9058
391.59055
391.27664
390.9643
390.65295
390.34326
390.0348
389.72784
389.4223
389.11783
388.81512
388.5134
388.21304
387.91415
387.61633
387.32
387.0249
386.73087
386.43793
386.14673
385.85623
385.56732
385.27927
384.99286
384.7075
384.42288
384.14008
383.858
383.57736
383.29736
383.01923
382.74188
382.46573
382.1906
381.9161
381.64337
381.37177
381.1011
380.83142
380.56256
380.29517
380.02866
379.76312
379.499
379.23553
378.9735
378.71185
378.45172
378.1925
377.93423
377.677
377.42087
377.16544
376.91138
376.6581
376.406
376.15445
375.90414
375.6547
375.4063
375.15866
374.91208
374.66638
374.42188
374.17828
373.9351
373.6933
373.45224
373.2121
372.97278
372.7348
372.49728
372.2607
372.02505
371.7903
371.55652
371.32355
371.0914
370.8601
370.6295
370.4001
370.17172
369.94348
369.71658
369.49023
369.26492
369.04047
368.81674
368.59387
368.3714
368.1505
367.93027
367.7105
367.49158
367.2733
367.05634
366.83963
366.6242
366.40952
366.19513
365.98212
365.76913
365.55762
365.34647
365.1364
364.92654
364.718
364.50992
364.30267
364.09622
363.89035
363.68533
363.48087
363.2772
363.07443
362.87225
362.67114
362.46988
362.27023
362.07092
361.87247
361.6745
361.47745
361.28052
361.0848
360.88995
360.69522
360.50177
360.30853
360.11624
359.92462
359.73343
359.5429
359.35318
359.16412
358.9757
358.78802
358.60068
358.41452
358.22864
358.04367
357.8589
357.67514
357.4916
357.30917
357.1271
356.94574
356.7651
356.58447
356.4049
356.2259
356.04764
355.86996
355.6929
355.51645
355.3403
355.16516
354.99005
354.81586
354.64227
354.46912
354.29684
354.12485
353.9538
353.78293
353.61267
353.44305
353.27408
353.10562
352.9377
352.7702
352.60333
352.43726
352.2712
352.10617
351.94144
351.77734
351.61362
351.4506
351.28784
351.12582
350.9644
350.80353
350.64282
350.48285
350.3235
350.1644
350.0062
349.8478
349.69064
349.53336
349.37704
349.22107
349.06546
348.91083
348.75607
348.6021
348.44833
348.29523
348.14267
347.99048
347.83917
347.6878
347.53687
347.3867
347.23688
347.08743
346.93842
346.78995
346.642
346.4946
346.3473
346.20044
346.0543
345.90845
345.76294
345.61783
345.47342
345.3293
345.1857
345.04233
344.8995
344.75677
344.61496
344.4733
344.3324
344.19147
344.051
343.9112
343.7713
343.63202
343.49335
343.3551
343.21695
343.0796
342.94217
342.80533
342.66882
342.53262
342.39722
342.26132
342.1269
341.992
341.85776
341.72403
341.5907
341.45728
341.32455
341.19226
341.0602
340.92844
340.79727
340.66608
340.5354
340.40527
340.2755
340.14566
340.01624
339.8874
339.75906
339.6307
339.5026
339.3751
339.24777
339.12076
338.9944
338.86786
338.742
338.6164
338.49112
338.36603
338.24115
338.11688
337.99265
337.86902
337.74564
337.6227
337.49957
337.3771
337.25485
337.13275
337.0113
336.88986
336.7688
336.64822
336.52753
336.40726
336.28735
336.16772
336.0485
335.92923
335.81055
335.6921
335.57394
335.45578
335.3383
335.22067
335.10376
334.98663
334.8702
334.75385
334.6378
334.52185
334.40646
334.29092
334.17618
334.06134
333.9468
333.83246
333.71835
333.6047
333.49136
333.37802
333.26514
333.1522
333.03967
332.9274
332.81534
332.70355
332.59222
332.4804
332.36954
332.25867
332.14792
332.0374
331.92743
331.81747
331.7075
331.59836
331.48892
331.37988
331.27097
331.16254
331.054
330.9461
330.83823
330.7301
330.62292
330.51538
330.40854
330.30167
330.19504
330.0884
329.98233
329.87622
329.77023
329.66452
329.55936
329.45404
329.349
329.2442
329.13962
329.0352
328.93085
328.82693
328.72308
328.6193
328.516
328.4127
328.30966
328.20688
328.10425
328.0016
327.89914
327.79712
327.69513
327.59332
327.49194
327.3904
327.2892
327.18817
327.08725
326.98654
326.88617
326.78592
326.6854
326.58575
326.48575
326.38614
326.28683
326.18744
326.0882
325.98935
325.89066
325.79205
325.69366
325.59546
325.49716
325.39926
325.30157
325.20374
325.10623
325.0089
324.9117
324.81476
324.71774
324.62134
324.5246
324.42822
324.33182
324.2358
324.1403
324.0443
323.94882
323.85318
323.7579
323.66296
323.5676
323.4728
323.37808
323.28357
323.1892
323.09515
323.00064
322.90686
322.81284
322.71933
322.62543
322.5321
322.4389
322.34576
322.2529
322.15994
322.06705
321.9744
321.8822
321.79013
321.69745
321.60562
321.51355
321.4218
321.33014
321.2385
321.1474
321.05588
320.96503
320.8738
320.78305
320.69226
320.60144
320.51114
320.4206
320.3305
320.24026
320.1503
320.0608
319.97076
319.88107
319.79153
319.70233
319.613
319.52377
319.4347
319.34628
319.25717
319.16846
319.07993
318.99152
318.9033
318.81506
318.72708
318.6391
318.55115
318.46332
318.3758
318.28833
318.2008
318.11353
318.02628
317.9394
317.8523
317.7655
317.67877
317.59225
317.5056
317.41934
317.3329
317.2469
317.16058
317.0747
316.98892
316.9032
316.8175
316.73178
316.64645
316.56116
316.4759
316.3909
316.3056
316.22092
316.136
316.05118
315.96655
315.88208
315.7976
315.71323
315.62912
315.54495
315.4609
315.377
315.2931
315.20938
315.12582
315.04233
314.959
314.87546
314.79224
314.70917
314.62634
314.54297
314.46033
314.37738
314.2948
314.21216
314.1295
314.0474
313.96478
313.88263
313.80063
313.71848
313.63654
313.55463
313.47287
313.39127
313.30945
313.22824
313.1468
313.06522
312.98422
312.903
312.8218
312.74094
312.65994
312.57922
312.4985
312.41794
312.33743
312.25687
312.17664
312.09598
312.0159
311.93576
311.8558
311.77576
311.6958
311.61606
311.5366
311.45688
311.3772
311.2977
311.21854
311.13904
311.05963
310.9805
310.9017
310.8227
310.74374
310.6647
310.5861
310.50742
310.42902
310.35034
310.27188
310.19357
310.11505
310.03687
309.959
309.88074
309.80283
309.72488
309.64716
309.56924
309.49146
309.4139
309.33636
309.2589
309.1816
309.1044
309.027
308.94983
308.87277
308.79565
308.7189
308.64188
308.56512
308.48834
308.41183
308.33524
308.2586
308.18222
308.1059
308.02945
307.9534
307.8772
307.8009
307.7249
307.64902
307.57333
307.49728
307.4216
307.34598
307.2703
307.1948
307.11923
307.04395
306.96832
306.8933
306.818
306.74292
306.66776
306.59274
306.518
306.4431
306.3682
306.29343
306.21857
306.14407
306.06943
305.9952
305.92078
305.8464
305.77228
305.69803
305.62375
305.54962
305.47543
305.40146
305.32758
305.25385
305.18
305.1064
305.0326
304.95914
304.88547
304.81204
304.7388
304.6652
304.592
304.5187
304.44553
304.3724
304.29938
304.22656
304.15378
304.08072
304.00793
303.93512
303.8623
303.78998
303.71713
303.64502
303.57245
303.5
303.42755
303.3553
303.28317
303.21106
303.13895
303.0668
302.99487
302.92288
302.85117
302.77927
302.70752
302.636
302.56415
302.49274
302.42117
302.34964
302.2782
302.20685
302.13544
302.0641
301.99316
301.92215
301.85098
301.77985
301.70892
301.63812
301.5673
301.49643
301.42578
301.35498
301.28433
301.21365
301.14313
301.07275
301.00235
300.93204
300.8617
300.79135
300.72134
300.65085
300.58105
300.51093
300.44092
300.37097
300.301
300.23132
300.16156
300.09177
300.02197
299.95255
299.883
299.8132
299.74374
299.67447
299.6053
299.53574
299.46667
299.3974
299.3282
299.25946
299.1901
299.12103
299.0522
298.98346
298.91443
298.84546
298.77667
298.70822
298.63943
298.57083
298.5023
298.4338
298.3654
298.29697
298.2285
298.16016
298.09198
298.0239
297.9557
297.88745
297.8195
297.75153
297.68356
297.61554
297.54764
297.4799
297.41217
297.34442
297.27673
297.2093
297.14175
297.07404
297.0065
296.93924
296.8719
296.80435
296.73727
296.67
296.60272
296.5358
296.46875
296.40137
296.33438
296.2676
296.2005
296.1339
296.06693
296.00018
295.93365
295.8668
295.8003
295.73343
295.667
295.6005
295.53394
295.46756
295.40137
295.33508
295.2688
295.20242
295.1365
295.0704
295.00397
294.93817
294.87216
294.80597
294.74023
294.6743
294.60852
294.54272
294.47705
294.4114
294.3456
294.28033
294.21466
294.14926
294.08386
294.01834
293.95282
293.88763
293.82248
293.75696
293.69196
293.6267
293.5615
293.49655
293.43158
293.36664
293.3018
293.23682
293.17206
293.10706
293.0426
292.9779
292.91302
292.8483
292.78375
292.71918
292.65463
292.5904
292.52588
292.46152
292.39737
292.33313
292.26886
292.20474
292.1403
292.07626
292.01212
291.948
291.88437
291.82013
291.7563
291.69235
291.6285
291.5649
291.501
291.43744
291.37357
291.3103
291.24643
291.183
291.11948
291.05612
290.99265
290.92935
290.86606
290.80273
290.73938
290.67612
290.6132
290.5497
290.48688
290.4238
290.3609
290.29785
290.23495
290.17215
290.1092
290.0465
289.98373
289.9211
289.8582
289.79572
289.7331
289.67056
289.6081
289.54562
289.48322
289.42087
289.35843
289.29617
289.2338
289.17163
289.1093
289.0473
288.9851
288.92294
288.86093
288.7987
288.737
288.6751
288.6131
288.55148
288.48947
288.42783
288.36612
288.30432
288.24283
288.18106
288.11954
288.05804
287.9967
287.93506
287.87357
287.81238
287.75107
287.6895
287.62842
287.5671
287.50607
287.4447
287.3838
287.32278
287.2616
287.20056
287.13974
287.07855
287.0178
286.95697
286.89618
286.8353
286.7747
286.7141
286.65323
286.59268
286.53207
286.4716
286.41116
286.35043
286.29028
286.22974
286.1696
286.10922
286.04874
285.98856
285.9283
285.8682
285.80817
285.74802
285.68777
285.62778
285.56784
285.5079
285.448
285.38806
285.32828
285.26862
285.2085
285.1491
285.08945
285.02963
284.96985
284.9103
284.85095
284.79117
284.7319
284.67236
284.6129
284.55368
284.49426
284.43472
284.37576
284.3163
284.25723
284.19806
284.13907
284.08002
284.02066
283.96173
283.90286
283.84393
283.7851
283.7262
283.66718
283.60846
283.54956
283.4909
283.4321
283.37354
283.31506
283.25632
283.19778
283.13937
283.08075
283.0224
282.96384
282.90564
282.84695
282.7889
282.73053
282.67245
282.61426
282.55573
282.49765
282.43988
282.38156
282.3235
282.2655
282.20758
282.1495
282.09164
282.03366
281.976
281.91812
281.86044
281.80267
281.74493
281.68726
281.6298
281.57202
281.5145
281.457
281.3994
281.34192
281.28452
281.22733
281.16992
281.11258
281.05515
280.99783
280.9407
280.88336
280.82626
280.76923
280.71204
280.65497
280.59784
280.54092
280.484
280.427
280.37012
280.31332
280.25635
280.19946
280.14285
280.086
280.0294
279.9728
279.91614
279.8595
279.8029
279.7463
279.69
279.63345
279.5769
279.52048
279.464
279.40762
279.3515
279.29507
279.23877
279.18277
279.12628
279.07025
279.0142
278.9582
278.902
278.84583
278.79004
278.73407
278.678
278.62216
278.56628
278.5106
278.45462
278.39886
278.34296
278.2874
278.23166
278.176
278.12024
278.06488
278.00916
277.95374
277.89847
277.84277
277.78754
277.7321
277.67667
277.6212
277.56598
277.51056
277.45554
277.4001
277.34494
277.28973
277.23474
277.1797
277.12454
277.0694
277.01447
276.9597
276.9046
276.8497
276.79492
276.73993
276.68527
276.63034
276.5756
276.52072
276.46622
276.41138
276.3566
276.30222
276.2476
276.19287
276.13855
276.08414
276.02957
275.9753
275.92087
275.86658
275.81207
275.7579
275.70346
275.64926
275.59497
275.54092
275.4867
275.4327
275.37845
275.32443
275.2702
275.21613
275.16245
275.10843
275.0545
275.00064
274.94662
274.89276
274.83896
274.78522
274.73154
274.6777
274.6241
274.57047
274.51672
274.4632
274.40958
274.35593
274.30243
274.24908
274.19565
274.14233
274.08878
274.0354
273.98206
273.9287
273.87537
273.822
273.76877
273.71573
273.66238
273.60944
273.55627
273.50327
273.45004
273.39716
273.34387
273.291
273.2381
273.1853
273.13226
273.07956
273.02664
272.97385
272.92102
272.8683
272.8156
272.7628
272.71017
272.65762
272.60498
272.55237
272.49963
272.44733
272.39456
272.3422
272.2896
272.23746
272.1851
272.13257
272.08026
272.028
271.97577
271.9234
271.8711
271.81888
271.76678
271.71472
271.66257
271.61047
271.55847
271.50635
271.45422
271.40234
271.35037
271.2985
271.2466
271.19476
271.14304
271.09103
271.03925
270.9875
270.93576
270.884
270.8323
270.78082
270.7292
270.6774
270.62595
270.57434
270.52277
270.4712
270.41968
270.36823
270.31686
270.26553
270.21417
270.1628
270.1116
270.0602
270.00894
269.95776
269.9067
269.85532
269.8041
269.75305
269.70197
269.6508
269.59985
269.54883
269.49783
269.44678
269.3958
269.34494
269.29422
269.2433
269.19232
269.14154
269.0907
269.03995
268.98932
268.93845
268.88776
268.8372
268.78656
268.736
268.6854
268.6348
268.58426
268.53372
268.48315
268.43274
268.38235
268.33185
268.28162
268.23105
268.18073
268.1304
268.0803
268.02994
267.97986
267.9296
267.87946
267.82922
267.7791
267.72894
267.67896
267.62894
267.57883
267.52875
267.47876
267.42896
267.3789
267.32913
267.27905
267.22916
267.1796
267.12973
267.0799
267.0301
266.9803
266.93066
266.88104
266.83136
266.78162
266.73203
266.6824
266.63297
266.5834
266.5338
266.4844
266.43494
266.38544
266.3361
266.2866
266.23737
266.18808
266.13867
266.0893
266.04
265.99075
265.9415
265.89243
265.84314
265.79407
265.74503
265.6958
265.64685
265.59772
265.5488
265.49963
265.45074
265.4019
265.3528
265.30402
265.25513
265.20627
265.15744
265.10852
265.05972
265.01102
264.96222
264.91357
264.8649
264.81628
264.76752
264.7189
264.67038
264.62167
264.57336
264.52475
264.4761
264.42758
264.37912
264.33087
264.2823
264.23407
264.18576
264.1373
264.08908
264.04077
263.9925
263.94418
263.89597
263.8477
263.7996
263.7514
263.70316
263.6552
263.60706
263.559
263.51096
263.46298
263.41498
263.3671
263.3191
263.27115
263.22327
263.17535
263.1276
263.07983
263.0318
262.98404
262.93643
262.8886
262.84088
262.79324
262.74545
262.69785
262.65018
262.60272
262.55505
262.5076
262.46005
262.41248
262.36487
262.31754
262.27
262.22266
262.1752
262.12775
262.08044
262.0331
261.98575
261.93832
261.89136
261.84406
261.7967
261.7496
261.70227
261.65527
261.60803
261.56097
261.5138
261.46686
261.41983
261.3727
261.32578
261.27872
261.2318
261.18494
261.138
261.09113
261.04422
260.99734
260.9505
260.9037
260.85693
260.8102
260.76346
260.71683
260.67017
260.62335
260.57675
260.53012
260.48352
260.43692
260.39032
260.34387
260.29733
260.25092
260.2043
260.15784
260.1114
260.06488
260.01868
259.97247
259.926
259.8795
259.83347
259.78705
259.7408
259.69452
259.64838
259.60205
259.55603
259.5098
259.46347
259.4175
259.3714
259.32532
259.2793
259.23328
259.18726
259.1414
259.09518
259.04932
259.00342
258.95764
258.91174
258.86578
258.81985
258.77408
258.7283
258.68253
258.63663
258.59122
258.54553
258.4997
258.45404
258.40833
258.36276
258.3172
258.2717
258.226
258.18054
258.13498
258.0895
258.0439
257.9986
257.95313
257.90765
257.86218
257.817
257.77148
257.7262
257.68082
257.63553
257.59012
257.54504
257.49976
257.45468
257.40942
257.3642
257.3189
257.2738
257.22885
257.18375
257.13867
257.0937
257.04874
257.0035
256.95865
256.9137
256.8687
256.82373
256.77887
256.73398
256.68918
256.64423
256.59952
256.55463
256.5099
256.4649
256.42032
256.37558
256.3308
256.28622
256.24155
256.19687
256.1523
256.10767
256.06308
256.01855
255.97394
255.92952
255.88484
255.84058
255.79599
255.75148
255.70708
255.6626
255.61838
255.57391
255.52963
255.48537
255.44083
255.39658
255.35251
255.30821
255.26393
255.21986
255.17558
255.13133
255.08727
255.04317
254.99904
254.95503
254.9109
254.86682
254.82265
254.77866
254.73476
254.69086
254.64693
254.60294
254.55907
254.51521
254.4712
254.4274
254.38344
254.33968
254.29593
254.25214
254.20836
254.16458
254.12079
254.07735
254.03354
253.98997
253.94621
253.90265
253.85904
253.81544
253.77184
253.72832
253.68481
253.64124
253.59775
253.55437
253.51085
253.46754
253.42398
253.38072
253.33727
253.29396
253.25053
253.20728
253.16397
253.12054
253.0774
253.03433
252.99098
252.94781
252.9046
252.86131
252.81827
252.77512
252.73213
252.6888
252.64587
252.60281
252.55966
252.51674
252.4738
252.43071
252.38786
252.3449
252.302
252.2591
252.21628
252.17334
252.13054
252.0875
252.04483
252.00204
251.95937
251.9165
251.87375
251.83107
251.78847
251.74574
251.70305
251.66039
251.61778
251.57523
251.53247
251.49002
251.4473
251.4048
251.36238
251.31984
251.27744
251.23486
251.19261
251.15012
251.10776
251.06529
251.02292
250.98058
250.93832
250.89583
250.85368
250.8113
250.76907
250.72685
250.68477
250.64253
250.60019
250.55807
250.51593
250.4737
250.43175
250.38965
250.34764
250.3055
250.2635
250.22139
250.17949
250.13747
250.09535
250.0536
250.01175
249.9696
249.92775
249.88591
249.84406
249.80211
249.76044
249.7186
249.67682
249.63489
249.59326
249.55127
249.50984
249.46826
249.42644
249.38486
249.3432
249.30157
249.2599
249.2184
249.17671
249.13513
249.0937
249.05223
249.01076
248.96921
248.92775
248.88625
248.84467
248.80348
248.76205
248.72075
248.67928
248.63786
248.59662
248.55537
248.51402
248.4727
248.43147
248.39029
248.34898
248.30762
248.26657
248.2254
248.18417
248.14304
248.10196
248.0608
248.01987
247.97874
247.93773
247.8967
247.8557
247.81467
247.77379
247.73283
247.69177
247.65091
247.60994
247.56879
247.5281
247.48738
247.44669
247.40565
247.36484
247.32394
247.28334
247.24242
247.20174
247.16106
247.12032
247.0796
247.03885
246.99837
246.95758
246.91699
246.87643
246.83586
246.79532
246.7548
246.71423
246.67369
246.63316
246.59271
246.55225
246.51186
246.47131
246.43094
246.39044
246.35017
246.30975
246.26938
246.22913
246.18874
246.14828
246.10822
246.06802
246.02766
245.98734
245.94731
245.907
245.86696
245.82672
245.7866
245.74641
245.70633
245.6661
245.62598
245.58604
245.54585
245.50592
245.4659
245.42596
245.38593
245.34593
245.30606
245.26617
245.22614
245.18634
245.14633
245.10652
245.06673
245.02684
244.98691
244.9472
244.90742
244.86781
244.82793
244.78833
244.74849
244.70856
244.66913
244.62952
244.5897
244.55011
244.51045
244.47087
244.43124
244.39174
244.35237
244.3127
244.2731
244.23364
244.19408
244.15453
244.11517
244.0756
244.03627
243.99701
243.9575
243.91817
243.87872
243.8393
243.79994
243.76068
243.7215
243.68202
243.64297
243.60355
243.56444
243.52533
243.48601
243.44676
243.4075
243.36832
243.32932
243.29024
243.2511
243.21199
243.17302
243.1338
243.09482
243.05598
243.0169
242.97789
242.93878
242.89987
242.86092
242.82202
242.78311
242.74417
242.70546
242.66635
242.62762
242.58879
242.54984
242.51106
242.4723
242.43356
242.3946
242.35593
242.31735
242.27853
242.2398
242.2013
242.16263
242.12389
242.08516
242.04665
242.00797
241.96933
241.9308
241.89215
241.85394
241.8152
241.7768
241.73833
241.69989
241.66129
241.62294
241.58453
241.54602
241.50772
241.46942
241.43092
241.39253
241.35428
241.31575
241.27748
241.23926
241.20108
241.16269
241.12445
241.08627
241.04808
241.00981
240.97163
240.93343
240.89526
240.8571
240.81897
240.78082
240.74286
240.70473
240.66666
240.6287
240.59067
240.55269
240.51459
240.47655
240.43864
240.40056
240.36281
240.3248
240.28697
240.24889
240.21103
240.17332
240.13545
240.09749
240.05972
240.02187
239.98398
239.94627
239.90855
239.8707
239.83298
239.7953
239.75768
239.72011
239.68236
239.64458
239.6069
239.56938
239.5319
239.49416
239.45659
239.41895
239.3814
239.34389
239.30644
239.2689
239.23145
239.19376
239.15656
239.11896
239.08168
239.04402
239.00667
238.96922
238.93187
238.89459
238.85728
238.81993
238.7826
238.74533
238.70798
238.6709
238.63353
238.59624
238.55898
238.52196
238.48457
238.4475
238.4102
238.37317
238.33603
238.2988
238.26166
238.22455
238.18756
238.15036
238.11345
238.07632
238.03935
238.00226
237.96552
237.92831
237.89125
237.85431
237.81747
237.78047
237.74358
237.70673
237.66992
237.63306
237.5962
237.55925
237.52248
237.48561
237.44897
237.41205
237.37527
237.33844
237.30194
237.26508
237.2284
237.19156
237.15475
237.11827
237.08159
237.04512
237.00835
236.97177
236.93515
236.89862
236.86205
236.82536
236.78899
236.75237
236.71588
236.67926
236.64273
236.60635
236.56982
236.53355
236.49718
236.46074
236.42444
236.38785
236.35156
236.31522
236.27876
236.24258
236.20618
236.16988
236.13367
236.09735
236.06105
236.02469
235.98865
235.95229
235.9162
235.87999
235.84373
235.80774
235.7714
235.73515
235.69908
235.66304
235.6269
235.59087
235.5548
235.5189
235.4827
235.44658
235.41084
235.37462
235.33871
235.30269
235.26671
235.23073
235.19489
235.15886
235.12311
235.0872
235.05122
235.01561
234.97983
234.94371
234.90796
234.87204
234.83632
234.80058
234.76474
234.72897
234.69333
234.65753
234.62192
234.58609
234.55057
234.51466
234.47913
234.44333
234.40787
234.37218
234.33665
234.30101
234.26532
234.22987
234.19434
234.15887
234.12321
234.08772
234.0521
234.01666
233.98134
233.94582
233.91028
233.87505
233.8395
233.80408
233.76875
233.73337
233.69797
233.6625
233.62718
233.5919
233.55656
233.52126
233.48593
233.45067
233.41559
233.38033
233.34494
233.30971
233.27458
233.23933
233.20418
233.16898
233.13388
233.09872
233.0635
233.02846
232.9934
232.95816
232.92319
232.88817
232.85294
232.81787
232.7829
232.74803
232.71301
232.67802
232.64304
232.60803
232.57309
232.53812
232.50313
232.46858
232.43346
232.39865
232.36362
232.32886
232.29402
232.2592
232.22429
232.18953
232.15465
232.11993
232.08533
232.05037
232.0156
231.98091
231.94623
231.91162
231.87672
231.84224
231.80748
231.77278
231.73811
231.70346
231.6689
231.63441
231.59956
231.56517
231.53056
231.49594
231.46152
231.42696
231.39236
231.358
231.32346
231.28902
231.25449
231.22008
231.1856
231.15118
231.11671
231.08238
231.04779
231.0135
230.97922
230.94492
230.91057
230.87616
230.84189
230.80746
230.77325
230.73892
230.7047
230.67047
230.63618
230.60191
230.56786
230.5336
230.49933
230.46518
230.43103
230.39696
230.36272
230.32869
230.29451
230.26025
230.22618
230.19225
230.15826
230.12389
230.09018
230.056
230.02185
229.98793
229.95393
229.9201
229.88608
229.85207
229.81812
229.78413
229.75017
229.71638
229.68253
229.6485
229.61476
229.58061
229.54678
229.51303
229.47928
229.44528
229.41162
229.37796
229.34413
229.31023
229.27654
229.24275
229.20905
229.17537
229.14163
229.10799
229.07428
229.0406
229.00691
228.97342
228.93973
228.9061
228.87238
228.83878
228.80525
228.7717
228.73819
228.70448
228.67102
228.63744
228.60385
228.57057
228.53697
228.50359
228.47005
228.4366
228.40302
228.36964
228.33621
228.30273
228.26942
228.23604
228.20267
228.16931
228.13602
228.1026
228.06935
228.03595
228.00267
227.96947
227.9361
227.90292
227.86958
227.83609
227.8031
227.76967
227.73657
227.70346
227.67024
227.63707
227.60388
227.57071
227.53763
227.50452
227.47139
227.43826
227.40506
227.37196
227.33914
227.3059
227.27292
227.23975
227.20676
227.17384
227.14067
227.10767
227.07477
227.04185
227.00883
226.97597
226.94304
226.9099
226.87721
226.8443
226.81114
226.7784
226.74554
226.71265
226.67996
226.64688
226.61412
226.58138
226.54863
226.51582
226.48302
226.45018
226.41742
226.38478
226.35202
226.31929
226.28648
226.25372
226.22101
226.18831
226.15573
226.12317
226.09047
226.05774
226.02518
225.9926
225.96019
225.92734
225.89474
225.86212
225.82965
225.79707
225.76459
225.73206
225.69952
225.66705
225.63455
225.60207
225.5696
225.53703
225.50476
225.4721
225.43973
225.40736
225.37503
225.34271
225.31012
225.27792
225.24536
225.21315
225.18077
225.14851
225.11618
225.08382
225.05142
225.01913
224.98686
224.95465
224.92258
224.89024
224.8579
224.82579
224.79353
224.76137
224.729
224.69685
224.6648
224.63258
224.60052
224.5683
224.53612
224.50417
224.47205
224.43983
224.40761
224.3757
224.34363
224.31165
224.27956
224.24747
224.21562
224.18347
224.1514
224.11969
224.08766
224.0556
224.02373
223.99164
223.95969
223.92776
223.89594
223.86397
223.83191
223.8001
223.76826
223.73653
223.70468
223.67282
223.6408
223.60904
223.57721
223.54538
223.51369
223.48192
223.45004
223.4184
223.38669
223.35487
223.3232
223.2915
223.25969
223.22804
223.19638
223.1647
223.1331
223.1013
223.06967
223.03802
223.00641
222.97478
222.94325
222.91165
222.88011
222.84848
222.81696
222.78534
222.75377
222.72221
222.69067
222.6592
222.62764
222.59627
222.5647
222.53328
222.5018
222.47034
222.43889
222.40753
222.37614
222.34448
222.31311
222.28183
222.25027
222.21896
222.18771
222.15642
222.12494
222.09367
222.06242
222.03107
221.99962
221.96861
221.93716
221.90591
221.87456
221.84329
221.81203
221.78093
221.7496
221.71832
221.6873
221.65599
221.62491
221.59361
221.56258
221.53145
221.50018
221.46909
221.43788
221.4068
221.37578
221.34453
221.31348
221.28244
221.25145
221.22023
221.18925
221.15842
221.12723
221.09619
221.06516
221.03416
221.00317
220.9722
220.94118
220.91034
220.87924
220.84837
220.8173
220.78635
220.75563
220.7248
220.6938
220.66296
220.63203
220.60112
220.57027
220.53946
220.50865
220.47794
220.44699
220.41603
220.38525
220.35464
220.32367
220.29308
220.26228
220.23146
220.20076
220.17001
220.13927
220.10852
220.07797
220.04713
220.01643
219.98576
219.95522
219.9246
219.89383
219.86305
219.8327
219.8019
219.77142
219.74055
219.7102
219.67961
219.64893
219.61827
219.58778
219.55724
219.52692
219.49638
219.46573
219.43517
219.40472
219.37408
219.34373
219.3133
219.2829
219.25238
219.22191
219.19148
219.16103
219.1306
219.10033
219.06978
219.03952
219.00894
218.97876
218.94829
218.9179
218.88757
218.85722
218.82698
218.7965
218.76633
218.7361
218.7057
218.67549
218.64514
218.61484
218.58463
218.55429
218.52414
218.49396
218.46387
218.43344
218.40324
218.37305
218.34293
218.31282
218.28249
218.2524
218.22217
218.192
218.16197
218.13179
218.1016
218.07166
218.04152
218.01135
217.98143
217.95134
217.92139
217.89122
217.86118
217.83107
217.80112
217.77103
217.74106
217.71095
217.68098
217.65106
217.6211
217.59116
217.5612
217.5311
217.50122
217.47147
217.44147
217.4115
217.38164
217.35178
217.32185
217.29192
217.26207
217.23227
217.20241
217.17264
217.1428
217.11296
217.08304
217.0532
217.02356
216.99382
216.96385
216.93404
216.90422
216.8747
216.84486
216.81512
216.78542
216.75566
216.7259
216.69629
216.6665
216.63692
216.60716
216.57756
216.54784
216.51819
216.48856
216.4589
216.4293
216.39966
216.37003
216.3404
216.31087
216.28114
216.2516
216.22208
216.19244
216.16286
216.13336
216.10378
216.07443
216.04485
216.01524
215.98573
215.95616
215.92664
215.89731
215.86769
215.83833
215.80896
215.77937
215.75
215.7206
215.69115
215.66171
215.63235
215.60316
215.57367
215.54413
215.51485
215.48552
215.4561
215.4268
215.39735
215.36816
215.33864
215.30937
215.27997
215.25073
215.22137
215.19211
215.16298
215.13365
215.10435
215.07509
215.04593
215.01674
214.98743
214.95813
214.92891
214.89975
214.87039
214.8413
214.81221
214.78291
214.75377
214.72475
214.69554
214.66646
214.63733
214.60815
214.5789
214.54987
214.52072
214.49161
214.46255
214.43341
214.40445
214.37537
214.34648
214.31738
214.28813
214.25928
214.23026
214.20116
214.17206
214.14317
214.1141
214.0851
214.05621
214.02728
213.99823
213.9693
213.94034
213.91144
213.88254
213.85362
213.82466
213.79578
213.7668
213.73792
213.70906
213.68019
213.65123
213.62248
213.59352
213.56474
213.53586
213.50697
213.47812
213.44937
213.4206
213.39178
213.36308
213.3341
213.3055
213.2766
213.2479
213.2192
213.1904
213.16158
213.13297
213.10425
213.07542
213.04678
213.01793
212.98935
212.9608
212.93204
212.90323
212.87445
212.8461
212.81728
212.7887
212.75992
212.73143
212.7027
212.67416
212.6455
212.61696
212.58836
212.55981
212.53114
212.50264
212.47409
212.44551
212.4171
212.38847
212.3598
212.3314
212.30286
212.27426
212.24585
212.21738
212.18878
212.16026
212.13184
212.10349
212.07494
212.04666
212.01799
211.98962
211.96098
211.93266
211.90422
211.87595
211.84756
211.81917
211.79062
211.76233
211.73392
211.7055
211.67729
211.64877
211.62057
211.59221
211.5639
211.53552
211.50725
211.47885
211.45053
211.4223
211.39386
211.36563
211.33734
211.30907
211.2808
211.25269
211.22433
211.1961
211.16792
211.13957
211.11154
211.08322
211.05504
211.0268
210.99847
210.97038
210.94232
210.914
210.8858
210.85768
210.82962
210.80145
210.7733
210.74507
210.71713
210.68898
210.66077
210.63258
210.60469
210.57648
210.54852
210.52054
210.49245
210.46423
210.43617
210.40802
210.38008
210.35208
210.32405
210.29596
210.2681
210.24007
210.21193
210.18394
210.15602
210.12808
210.10004
210.07205
210.04404
210.01607
209.98813
209.96024
209.93248
209.90437
209.87643
209.84863
209.8207
209.79274
209.7649
209.73683
209.70918
209.6813
209.65332
209.62541
209.59755
209.5698
209.54195
209.51407
209.48625
209.4586
209.43062
209.40282
209.37498
209.34735
209.31943
209.29166
209.2639
209.23613
209.20836
209.18071
209.15288
209.12503
209.09727
209.06958
209.04196
209.01407
208.98639
208.9588
208.93106
208.90338
208.87566
208.848
208.82031
208.79266
208.76501
208.73724
208.70973
208.682
208.65456
208.62683
208.59914
208.57155
208.5441
208.5164
208.48878
208.46118
208.43361
208.40596
208.37839
208.35077
208.32333
208.2958
208.2682
208.24063
208.21307
208.18564
208.15804
208.13063
208.10297
208.07553
208.04807
208.02068
207.993
207.96562
207.93817
207.91069
207.88312
207.85573
207.82828
207.80095
207.77342
207.74599
207.71867
207.69124
207.66373
207.63622
207.60896
207.58157
207.55429
207.52684
207.49942
207.47205
207.44469
207.41733
207.38998
207.36255
207.33543
207.30786
207.28058
207.25336
207.22603
207.19879
207.17148
207.14417
207.11682
207.08943
207.06216
207.03502
207.00775
206.98045
206.95332
206.92596
206.89879
206.87141
206.84427
206.817
206.78975
206.76266
206.73543
206.70828
206.681
206.65376
206.6266
206.5994
206.57225
206.54512
206.51796
206.49084
206.4636
206.43658
206.40933
206.38219
206.3551
206.3281
206.30101
206.2738
206.24669
206.21982
206.19246
206.16536
206.13841
206.11134
206.08426
206.0573
206.03008
206.00304
205.97598
205.94905
205.92197
205.89505
205.86804
205.84079
205.81392
205.78694
205.75978
205.7328
205.70601
205.67902
205.65195
205.62498
205.59804
205.57112
205.54413
205.5172
205.49022
205.46338
205.43636
205.40956
205.38269
205.3556
205.3288
205.30182
205.27489
205.24805
205.22105
205.1943
205.16743
205.14055
205.11372
205.08684
205.05977
205.03307
205.00621
204.97935
204.95255
204.92583
204.89891
204.87206
204.84537
204.81856
204.79182
204.76495
204.73811
204.71133
204.68457
204.65776
204.63112
204.60435
204.5775
204.55072
204.52419
204.4974
204.47047
204.44386
204.41716
204.39053
204.3637
204.337
204.31021
204.28368
204.25702
204.2302
204.20355
204.17703
204.15034
204.12358
204.09702
204.0704
204.0436
204.01698
203.99039
203.96376
203.93716
203.91057
203.88388
203.85727
203.83076
203.80412
203.77742
203.75082
203.72444
203.69777
203.67116
203.64467
203.61798
203.59134
203.56493
203.53838
203.51192
203.4853
203.45866
203.43231
203.40579
203.37909
203.35268
203.3262
203.29976
203.27324
203.24667
203.22014
203.19382
203.1672
203.1407
203.11443
203.08783
203.06145
203.03485
203.00853
202.98204
202.95564
202.92934
202.90282
202.87645
202.84998
202.82356
202.79715
202.77092
202.7445
202.71803
202.6917
202.6654
202.63881
202.6125
202.58618
202.55997
202.53346
202.5071
202.48077
202.45442
202.42796
202.40164
202.37544
202.34918
202.3229
202.29633
202.27034
202.24385
202.21767
202.1913
202.165
202.13873
202.11243
202.08614
202.0599
202.03368
202.00734
201.98126
201.95488
201.92882
201.90245
201.87622
201.85004
201.82385
201.79764
201.77142
201.74516
201.71895
201.69275
201.6666
201.64034
201.61426
201.5879
201.56192
201.53563
201.50948
201.48341
201.45734
201.43106
201.40509
201.37878
201.35274
201.32652
201.30048
201.2744
201.24821
201.22217
201.19598
201.1699
201.1438
201.11774
201.09172
201.06549
201.03961
201.01349
200.98732
200.96115
200.93524
200.90913
200.88332
200.85704
200.83112
200.80505
200.77905
200.7529
200.72697
200.7009
200.67491
200.64879
200.62283
200.59674
200.57083
200.5449
200.51883
200.49287
200.467
200.44107
200.41516
200.38914
200.36327
200.33727
200.3112
200.28545
200.25938
200.23346
200.20737
200.1816
200.15555
200.12967
200.10376
200.07802
200.05203
200.02623
200.00014
199.9744
199.94855
199.92259
199.8968
199.87103
199.84502
199.81914
199.79323
199.76727
199.74164
199.71565
199.68982
199.66402
199.63817
199.61215
199.58672
199.5608
199.53497
199.50899
199.4834
199.45752
199.4318
199.40579
199.3802
199.35452
199.32855
199.3028
199.27708
199.25125
199.22545
199.19989
199.174
199.14838
199.12253
199.09682
199.07108
199.0454
199.01967
198.99385
198.96802
198.94238
198.91678
198.89107
198.8653
198.8397
198.81398
198.78833
198.76259
198.73686
198.71123
198.68561
198.65994
198.63428
198.60854
198.58292
198.55731
198.53166
198.50594
198.4803
198.45486
198.42921
198.40346
198.37793
198.35213
198.3267
198.301
198.27559
198.24974
198.22421
198.19873
198.1731
198.14758
198.12193
198.09636
198.07082
198.0453
198.01973
197.9941
197.96849
197.94307
197.9174
197.89195
197.86644
197.84087
197.81544
197.78986
197.76431
197.73872
197.7132
197.68782
197.66235
197.63673
197.61134
197.58574
197.56032
197.53477
197.50928
197.48387
197.45828
197.4329
197.4076
197.38205
197.35666
197.33116
197.30562
197.28023
197.25482
197.22943
197.20398
197.17853
197.15305
197.12769
197.10217
197.07684
197.05145
197.02606
197.00072
196.9752
196.94994
196.92458
196.89905
196.87363
196.84825
196.82307
196.79764
196.77225
196.74693
196.72156
196.69618
196.6708
196.64551
196.62018
196.59496
196.56955
196.54427
196.51889
196.49353
196.46822
196.44289
196.41768
196.39241
196.36702
196.3418
196.31645
196.29117
196.2659
196.24062
196.21533
196.19014
196.16473
196.13966
196.11432
196.08908
196.06378
196.03857
196.01337
195.98807
195.96275
195.9375
195.91238
195.88715
195.86192
195.83661
195.8115
195.7862
195.76106
195.73595
195.71051
195.68544
195.66006
195.63509
195.60988
195.58463
195.55945
195.5343
195.50916
195.48389
195.45892
195.43376
195.40868
195.3834
195.35822
195.33313
195.308
195.28291
195.25774
195.23259
195.20749
195.1825
195.1572
195.1321
195.10701
195.08183
195.05672
195.0316
195.00662
194.9815
194.95647
194.93135
194.90627
194.88112
194.85626
194.83112
194.80597
194.78094
194.7559
194.73094
194.7058
194.68077
194.65584
194.63075
194.6056
194.58058
194.55559
194.53049
194.50562
194.48058
194.45557
194.43048
194.40561
194.38031
194.3555
194.33046
194.30537
194.28041
194.25555
194.23051
194.2054
194.18059
194.15561
194.13063
194.10568
194.08066
194.0557
194.03075
194.00577
193.9809
193.95609
193.93108
193.9061
193.88126
193.85628
193.83142
193.80632
193.7816
193.75652
193.73163
193.70691
193.68182
193.65697
193.63217
193.60716
193.58229
193.55728
193.53258
193.50764
193.48257
193.4579
193.4329
193.40822
193.38326
193.35844
193.33345
193.30875
193.2839
193.25894
193.23431
193.20932
193.18448
193.15971
193.13486
193.11006
193.08527
193.06044
193.03561
193.01091
192.98593
192.96118
192.93643
192.91158
192.88681
192.86206
192.83727
192.81248
192.7876
192.7629
192.73804
192.71329
192.68852
192.66386
192.63908
192.61433
192.58952
192.56479
192.53998
192.51537
192.49059
192.4658
192.44121
192.41634
192.39162
192.36693
192.34221
192.31755
192.29286
192.268
192.24332
192.21864
192.19398
192.16937
192.14462
192.11996
192.09529
192.07056
192.04578
192.02115
191.99661
191.9719
191.94717
191.92262
191.8979
191.87325
191.84862
191.82397
191.79933
191.77458
191.75005
191.72528
191.70087
191.67616
191.65147
191.62686
191.60226
191.57756
191.553
191.52834
191.50381
191.47919
191.45464
191.42986
191.40544
191.38084
191.35637
191.33167
191.30714
191.28244
191.258
191.23322
191.2087
191.1842
191.15967
191.13509
191.11061
191.08588
191.06145
191.0368
191.01244
190.98793
190.96338
190.9389
190.91415
190.8897
190.86511
190.84059
190.81618
190.79164
190.76707
190.74261
190.71805
190.69363
190.66919
190.64464
190.62001
190.59567
190.57117
190.5467
190.52213
190.49774
190.47318
190.44868
190.42441
190.3998
190.37541
190.35109
190.32642
190.30206
190.27766
190.25313
190.22878
190.20435
190.17989
190.15532
190.13098
190.10658
190.08212
190.05775
190.0333
190.00888
189.9845
189.96007
189.9357
189.91127
189.88692
189.86241
189.83812
189.8137
189.78932
189.76506
189.7406
189.71613
189.69197
189.66743
189.64304
189.61864
189.59445
189.57004
189.54558
189.52126
189.49693
189.4727
189.44818
189.42397
189.39955
189.37527
189.3509
189.32661
189.30234
189.27795
189.25368
189.22935
189.20508
189.1808
189.15636
189.13203
189.10776
189.08347
189.05922
189.03506
189.01062
188.98647
188.96213
188.93777
188.91365
188.88931
188.86505
188.84079
188.81647
188.79214
188.76802
188.74368
188.71944
188.6952
188.6709
188.64668
188.62256
188.59827
188.57405
188.54967
188.52556
188.50139
188.477
188.45285
188.42873
188.40453
188.38031
188.35608
188.33188
188.30771
188.28352
188.25922
188.23506
188.21089
188.18672
188.16258
188.13823
188.11421
188.08986
188.0658
188.0417
188.01743
187.9933
187.96916
187.94507
187.92094
187.89673
187.87262
187.84845
187.82416
187.80016
187.77608
187.75183
187.72786
187.70366
187.67944
187.65536
187.6312
187.60715
187.58305
187.55888
187.53484
187.51064
187.48656
187.46243
187.43845
187.41435
187.39034
187.36607
187.34209
187.31808
187.2938
187.26991
187.24571
187.22173
187.19745
187.17351
187.14958
187.12532
187.10138
187.07729
187.05331
187.0292
187.00517
186.98119
186.95702
186.933
186.909
186.88503
186.8609
186.83702
186.813
186.78885
186.76486
186.74089
186.71693
186.69292
186.66885
186.64494
186.62093
186.59686
186.57294
186.54881
186.52493
186.50095
186.47707
186.45303
186.42897
186.40515
186.38106
186.3572
186.33316
186.30905
186.28537
186.26134
186.23734
186.21332
186.18945
186.1655
186.14145
186.11758
186.09372
186.06967
186.04579
186.02193
185.99794
185.97401
185.95004
185.92616
185.90228
185.87836
185.85454
185.83064
185.80673
185.78279
185.75897
185.7351
185.71106
185.68726
185.6634
185.6396
185.61566
185.59177
185.56784
185.54395
185.52005
185.4963
185.47232
185.4486
185.42471
185.40079
185.37683
185.3531
185.32927
185.30536
185.2816
185.25778
185.23373
185.2101
185.1863
185.16235
185.13863
185.1148
185.091
185.06718
185.04335
185.01944
184.99565
184.9719
184.948
184.9244
184.90054
184.87671
184.85292
184.82913
184.80531
184.78154
184.7577
184.73407
184.7102
184.68651
184.66263
184.63889
184.61516
184.5914
184.56775
184.54388
184.52014
184.49646
184.47266
184.44891
184.42519
184.40138
184.37761
184.35408
184.33015
184.30649
184.2828
184.25906
184.2353
184.21158
184.18791
184.16417
184.14047
184.11679
184.09315
184.06952
184.04564
184.02203
183.99826
183.9747
183.9509
183.9273
183.90353
183.88
183.85611
183.83255
183.80879
183.7853
183.76158
183.73804
183.71432
183.69054
183.667
183.64333
183.61961
183.59604
183.57245
183.54875
183.52518
183.50136
183.47781
183.45421
183.43063
183.40677
183.38324
183.3597
183.33612
183.31235
183.28879
183.26517
183.24167
183.21802
183.19444
183.17091
183.14723
183.12367
183.10005
183.07654
183.05287
183.02936
183.00563
182.98213
182.95857
182.93494
182.91144
182.88791
182.86423
182.84068
182.81723
182.79364
182.77007
182.74666
182.723
182.6994
182.67595
182.65245
182.62886
182.60535
182.58168
182.55815
182.53471
182.51125
182.48766
182.4642
182.44061
182.41711
182.39372
182.37009
182.34663
182.3232
182.29965
182.2762
182.25261
182.22923
182.20567
182.18213
182.15878
182.13522
182.1117
182.08835
182.06485
182.0414
182.01791
181.99438
181.971
181.94746
181.92381
181.90071
181.8772
181.85362
181.83035
181.8068
181.78342
181.75993
181.73647
181.71306
181.68974
181.66635
181.6428
181.61938
181.5961
181.57248
181.54918
181.52573
181.50235
181.47887
181.45555
181.43207
181.40877
181.38524
181.36194
181.33853
181.31522
181.29182
181.26834
181.24503
181.22163
181.19833
181.17491
181.15154
181.1282
181.10486
181.08145
181.05817
181.03482
181.01144
180.98813
180.96466
180.9415
180.918
180.89471
180.87129
180.84802
180.8247
180.80136
180.77802
180.75468
180.73138
180.70804
180.68471
180.66144
180.63818
180.61497
180.59152
180.56827
180.54495
180.52179
180.49835
180.47504
180.45174
180.42836
180.40526
180.38188
180.35863
180.33546
180.31212
180.28883
180.26564
180.24245
180.21901
180.19574
180.17253
180.14934
180.12599
180.1028
180.07948
180.0563
180.0331
180.00984
179.98663
179.96338
179.94022
179.91685
179.8937
179.87057
179.84734
179.82402
179.80093
179.77774
179.7545
179.73134
179.70815
179.6849
179.66162
179.63858
179.6153
179.5922
179.56885
179.54575
179.52254
179.49942
179.4762
179.453
179.42976
179.40666
179.38351
179.36024
179.33717
179.31401
179.29092
179.26779
179.24458
179.22151
179.1983
179.1751
179.15201
179.12881
179.10583
179.08252
179.05952
179.03632
179.01332
178.9901
178.96698
178.9439
178.92075
178.89767
178.87462
178.85152
178.82832
178.80522
178.78209
178.75902
178.73589
178.71289
178.68979
178.6667
178.6437
178.62056
178.59744
178.57446
178.55136
178.52835
178.50533
178.48218
178.45915
178.43613
178.41296
178.38995
178.36694
178.34387
178.32083
178.29784
178.27475
178.2517
178.22855
178.20563
178.18265
178.15952
178.13658
178.11357
178.09056
178.06754
178.04456
178.02144
177.99855
177.97548
177.95245
177.92953
177.90654
177.8835
177.8605
177.8376
177.81458
177.79166
177.7686
177.74556
177.72266
177.69969
177.67679
177.65366
177.6308
177.60786
177.58498
177.56197
177.53906
177.51616
177.49304
177.47005
177.44725
177.42429
177.4013
177.37842
177.35547
177.33255
177.30965
177.28659
177.26376
177.24089
177.21791
177.19502
177.17216
177.14925
177.12628
177.10344
177.08044
177.05762
177.03474
177.0118
176.98895
176.96614
176.94319
176.92029
176.89743
176.87453
176.8518
176.82893
176.80595
176.78308
176.76027
176.73734
176.71458
176.69168
176.66878
176.64603
176.62321
176.60037
176.57747
176.55481
176.53185
176.50894
176.48634
176.4634
176.4406
176.41776
176.39496
176.37213
176.34932
176.32639
176.30367
176.28072
176.25792
176.23526
176.2125
176.18967
176.16692
176.14404
176.12134
176.09853
176.07587
176.053
176.0303
176.0074
175.98471
175.96194
175.93912
175.91638
175.8937
175.87086
175.84824
175.82536
175.8026
175.77979
175.75719
175.73442
175.71162
175.6889
175.6662
175.64355
175.6208
175.59811
175.57538
175.55267
175.53003
175.50728
175.48463
175.46184
175.43909
175.41644
175.39369
175.37105
175.3484
175.32571
175.30301
175.28026
175.25758
175.23494
175.21227
175.18962
175.16692
175.14426
175.12157
175.09904
175.07634
175.0537
175.03102
175.00844
174.98576
174.96303
174.94046
174.9178
174.89511
174.8724
174.84984
174.82721
174.80463
174.78201
174.75941
174.73668
174.71411
174.69142
174.66904
174.64632
174.62372
174.6012
174.57843
174.55605
174.53333
174.51074
174.48825
174.4657
174.44307
174.4206
174.39795
174.37524
174.35292
174.33025
174.30766
174.28506
174.26254
174.23999
174.21742
174.19489
174.17224
174.14987
174.12721
174.10458
174.0823
174.05968
174.03716
174.01457
173.9921
173.96954
173.94698
173.92462
173.90201
173.87949
173.85693
173.8345
173.81206
173.78964
173.7669
173.74455
173.72197
173.6995
173.67705
173.65466
173.63206
173.60957
173.58714
173.5648
173.54219
173.51976
173.49725
173.47485
173.45229
173.42984
173.40753
173.38504
173.36258
173.34004
173.31773
173.29532
173.27298
173.2504
173.22806
173.20558
173.18317
173.16074
173.13832
173.11588
173.09344
173.07114
173.04881
173.02635
173.00397
172.98154
172.95909
172.93666
172.91434
172.89192
172.86961
172.8473
172.82484
172.80257
172.78014
172.7577
172.7354
172.71301
172.69066
172.66827
172.646
172.6237
172.60121
172.57895
172.55663
172.53427
172.51193
172.48958
172.46727
172.44498
172.4226
172.40028
172.37796
172.35565
172.33339
172.3111
172.28873
172.26639
172.24414
172.22183
172.19954
172.17726
172.15494
172.13263
172.1104
172.0881
172.0659
172.04356
172.02136
171.99916
171.97676
171.95459
171.9323
171.91006
171.88782
171.86559
171.84323
171.82097
171.79883
171.77655
171.75427
171.73213
171.7098
171.68755
171.66548
171.64314
171.6209
171.59877
171.57649
171.5542
171.53227
171.50981
171.48773
171.46553
171.44331
171.42119
171.39893
171.37682
171.35455
171.3324
171.31038
171.28804
171.26598
171.24382
171.2215
171.19946
171.17723
171.15514
171.13301
171.1109
171.08861
171.06657
171.04445
171.02231
171.00015
170.978
170.95583
170.93378
170.91165
170.88963
170.86748
170.84528
170.82318
170.80098
170.77902
170.75687
170.73473
170.71272
170.69064
170.66858
170.64651
170.62437
170.60233
170.58015
170.55817
170.53604
170.51399
170.49194
170.46997
170.44777
170.42575
170.40373
170.38167
170.35957
170.33759
170.31552
170.29341
170.27141
170.24947
170.22731
170.20538
170.18329
170.16136
170.13936
170.11732
170.09523
170.07332
170.0514
170.02936
170.00728
169.98524
169.96332
169.94133
169.91936
169.8974
169.87537
169.85347
169.83153
169.80946
169.78757
169.76556
169.74365
169.72168
169.69966
169.67769
169.65576
169.6339
169.61197
169.58992
169.56804
169.54616
169.5241
169.50227
169.48033
169.45836
169.43643
169.41467
169.39256
169.37064
169.34886
169.32689
169.30505
169.2831
169.26137
169.23938
169.21748
169.19568
169.17381
169.15181
169.12999
169.10814
169.08624
169.06435
169.04248
169.02074
168.99886
168.97691
168.95514
168.93326
168.9114
168.88951
168.8678
168.84596
168.82416
168.80232
168.78044
168.75862
168.7367
168.71503
168.69319
168.67145
168.64955
168.62787
168.60594
168.58415
168.5624
168.54051
168.51872
168.49709
168.47537
168.45354
168.43169
168.41005
168.38817
168.36638
168.34468
168.32292
168.30115
168.27946
168.25772
168.23598
168.21428
168.19249
168.17062
168.14906
168.12727
168.10568
168.08391
168.06212
168.04037
168.01877
167.99701
167.97519
167.9536
167.9319
167.91017
167.8885
167.86682
167.84506
167.82344
167.80168
167.78006
167.75842
167.7367
167.71518
167.69342
167.67181
167.65005
167.62851
167.60675
167.58522
167.56357
167.54189
167.52022
167.4986
167.47705
167.45538
167.4337
167.41212
167.39056
167.3688
167.34729
167.3257
167.30402
167.2825
167.26094
167.23933
167.21771
167.19612
167.17445
167.15298
167.13133
167.10976
167.0882
167.06673
167.04507
167.02365
167.00206
166.98045
166.95895
166.93745
166.91583
166.89418
166.87268
166.85112
166.82967
166.80801
166.78662
166.76501
166.74352
166.72221
166.70058
166.67902
166.65764
166.63606
166.6145
166.593
166.57156
166.5501
166.52863
166.50714
166.48561
166.4642
166.44276
166.4212
166.39987
166.37836
166.3569
166.33543
166.31392
166.29256
166.2711
166.24963
166.22821
166.20671
166.18533
166.16374
166.14253
166.12106
166.09967
166.07816
166.05682
166.03537
166.01398
165.99254
165.97128
165.94987
165.9283
165.90703
165.88565
165.8643
165.84302
165.82144
165.80013
165.77881
165.75752
165.73593
165.71469
165.69333
165.672
165.6506
165.62943
165.60793
165.58678
165.56535
165.54408
165.5227
165.50142
165.48015
165.45866
165.43748
165.4161
165.39482
165.37347
165.35225
165.33095
165.30966
165.2884
165.26703
165.24588
165.2246
165.2033
165.182
165.16069
165.1394
165.11826
165.09698
165.0756
165.05455
165.03323
165.01202
164.99072
164.96956
164.94827
164.92708
164.90578
164.88461
164.86348
164.84227
164.821
164.7998
164.7786
164.75739
164.73604
164.71498
164.69383
164.67258
164.65143
164.63025
164.60904
164.58788
164.56662
164.54564
164.5245
164.50319
164.48212
164.46082
164.43979
164.41869
164.3975
164.3764
164.35521
164.3342
164.31303
164.29187
164.27078
164.24968
164.22852
164.20743
164.18636
164.16516
164.14413
164.12306
164.10184
164.08081
164.05981
164.03874
164.01761
163.99661
163.97542
163.95433
163.93332
163.91226
163.89128
163.87016
163.84906
163.8281
163.80711
163.78613
163.765
163.74391
163.72293
163.70197
163.68088
163.65999
163.63895
163.61786
163.59692
163.57603
163.55489
163.53387
163.5129
163.492
163.47093
163.44984
163.42906
163.4081
163.38713
163.36603
163.34514
163.32416
163.3032
163.28224
163.26128
163.2404
163.2195
163.1985
163.1775
163.1566
163.13568
163.11482
163.09392
163.07304
163.05212
163.03122
163.01038
162.98936
162.96866
162.94765
162.92665
162.90576
162.88496
162.86409
162.84328
162.82251
162.80157
162.78056
162.75972
162.73889
162.718
162.69716
162.67635
162.65558
162.6347
162.61386
162.59311
162.57219
162.55136
162.5306
162.50987
162.48885
162.46815
162.44739
162.42657
162.4058
162.38495
162.36412
162.34343
162.32266
162.30182
162.28113
162.2603
162.23962
162.21883
162.19804
162.17729
162.15659
162.13582
162.11505
162.09435
162.07361
162.05284
162.03212
162.01132
161.99065
161.96994
161.94919
161.92851
161.90787
161.8872
161.86644
161.84576
161.82494
161.8044
161.7838
161.76303
161.7423
161.7217
161.70102
161.68037
161.65964
161.63905
161.61847
161.59782
161.57715
161.55652
161.53586
161.51526
161.4946
161.47383
161.4534
161.4328
161.41202
161.39153
161.3709
161.35027
161.3297
161.30914
161.28833
161.26779
161.24736
161.22668
161.2061
161.18556
161.16504
161.14441
161.12386
161.10327
161.08282
161.06216
161.04166
161.0211
161.00058
160.9801
160.95952
160.93903
160.91847
160.89798
160.87746
160.85698
160.83653
160.816
160.79552
160.77498
160.75444
160.73395
160.71349
160.69296
160.67258
160.65202
160.63167
160.61124
160.59073
160.57028
160.54973
160.5294
160.5089
160.48836
160.46799
160.44757
160.42719
160.40665
160.38629
160.36594
160.34549
160.32506
160.30467
160.28421
160.2638
160.24342
160.22308
160.20277
160.18236
160.16206
160.14151
160.1212
160.10081
160.08055
160.06009
160.0398
160.01944
159.99893
159.97871
159.9583
159.93805
159.9177
159.89735
159.8771
159.85663
159.83641
159.81604
159.79579
159.77547
159.75514
159.7349
159.71451
159.69423
159.67406
159.65372
159.63358
159.61331
159.59294
159.57268
159.55246
159.53226
159.51196
159.49173
159.47147
159.45117
159.43105
159.41072
159.39047
159.3703
159.35005
159.32977
159.30972
159.28944
159.26927
159.2491
159.2288
159.20862
159.1884
159.1682
159.14813
159.12793
159.1078
159.08759
159.06744
159.04736
159.02718
159.00687
158.98688
158.96675
158.94661
158.92644
158.90636
158.88614
158.86606
158.84595
158.82585
158.80571
158.7855
158.76552
158.74536
158.72531
158.70528
158.68501
158.6649
158.64493
158.62483
158.60486
158.58473
158.56468
158.54457
158.52452
158.50446
158.48447
158.46442
158.44434
158.42433
158.4043
158.38431
158.36426
158.34428
158.32416
158.30426
158.2841
158.2642
158.24414
158.22417
158.20422
158.18428
158.16423
158.1443
158.1243
158.10428
158.08434
158.06445
158.0446
158.02454
158.00458
157.98459
157.96466
157.94469
157.92484
157.90483
157.885
157.86504
157.84511
157.82529
157.80531
157.78532
157.76553
157.74553
157.72572
157.70583
157.68597
157.66617
157.64618
157.62624
157.60637
157.58655
157.56665
157.54686
157.52698
157.50719
157.48732
157.46756
157.44765
157.4278
157.40805
157.38818
157.36838
157.34853
157.32881
157.30896
157.28918
157.26935
157.2496
157.22987
157.21
157.19028
157.17047
157.15062
157.13086
157.11115
157.09142
157.07169
157.05196
157.03215
157.0124
156.99268
156.97295
156.95325
156.93343
156.91377
156.89407
156.87433
156.85461
156.8349
156.81519
156.79556
156.77586
156.75612
156.73645
156.7168
156.69708
156.67744
156.65778
156.63814
156.61842
156.59877
156.57915
156.55951
156.53984
156.52026
156.5006
156.4809
156.46127
156.44162
156.42206
156.40253
156.38286
156.36325
156.34377
156.3242
156.30452
156.28487
156.26532
156.2458
156.22618
156.20659
156.18709
156.16751
156.14793
156.1284
156.1088
156.08943
156.06973
156.05016
156.03072
156.01108
155.99176
155.9721
155.95258
155.9331
155.91356
155.89404
155.8746
155.85518
155.83565
155.81612
155.79672
155.77727
155.75763
155.73817
155.71875
155.69923
155.67987
155.66039
155.64093
155.6215
155.6021
155.58276
155.56323
155.54375
155.5244
155.50497
155.48555
155.46619
155.44675
155.42737
155.40797
155.38857
155.36911
155.34993
155.33038
155.31102
155.29161
155.27222
155.25299
155.23366
155.21423
155.19495
155.17555
155.15631
155.13687
155.1176
155.0983
155.07889
155.05959
155.04034
155.02101
155.00175
154.98248
154.96307
154.94376
154.92451
154.90533
154.88599
154.86676
154.84744
154.82822
154.80885
154.78981
154.7703
154.75114
154.73196
154.71262
154.6935
154.67416
154.65503
154.63583
154.61664
154.59738
154.57816
154.559
154.53963
154.52054
154.5013
154.48216
154.463
154.4438
154.42465
154.40541
154.38626
154.36711
154.34798
154.32878
154.30975
154.29047
154.27147
154.25227
154.23318
154.21404
154.19493
154.17589
154.15675
154.13751
154.11848
154.09937
154.08022
154.06113
154.04211
154.02307
154.00392
153.98492
153.96584
153.94676
153.92764
153.90869
153.8895
153.87048
153.85136
153.83246
153.81339
153.79437
153.77539
153.75635
153.73726
153.71843
153.69933
153.68037
153.6613
153.64232
153.62326
153.60428
153.58531
153.56639
153.54738
153.5284
153.50949
153.49051
153.47147
153.45265
153.4336
153.41463
153.3957
153.37677
153.3579
153.33896
153.32002
153.30118
153.28226
153.2634
153.24443
153.22557
153.20662
153.18782
153.16896
153.15013
153.13113
153.1123
153.0934
153.07454
153.05566
153.03699
153.018
152.99916
152.98035
152.96149
152.94267
152.92389
152.90497
152.88608
152.8674
152.84857
152.82976
152.81091
152.7922
152.77335
152.75465
152.73586
152.71715
152.69836
152.67944
152.66074
152.64204
152.62326
152.60449
152.58577
152.56697
152.54839
152.52954
152.51079
152.49219
152.47345
152.45465
152.4359
152.41731
152.39857
152.3798
152.36113
152.3424
152.32379
152.30516
152.28645
152.2677
152.24907
152.23045
152.21179
152.19322
152.1745
152.15584
152.13713
152.11867
152.09988
152.08131
152.06271
152.0441
152.02551
152.00685
151.9883
151.96974
151.95103
151.93246
151.91396
151.89534
151.8767
151.85815
151.83965
151.82112
151.8026
151.78394
151.76538
151.74687
151.72827
151.70981
151.69124
151.67271
151.65424
151.63571
151.61726
151.59871
151.58011
151.56163
151.54318
151.52475
151.50632
151.48766
151.46927
151.45082
151.43225
151.4139
151.39534
151.3769
151.35857
151.34012
151.32162
151.30305
151.28468
151.2664
151.2479
151.22952
151.21115
151.1927
151.17422
151.15584
151.13754
151.11905
151.10068
151.08229
151.06396
151.04564
151.02715
151.00871
150.99043
150.97214
150.95374
150.93536
150.91708
150.89885
150.88039
150.86215
150.84375
150.82545
150.80724
150.7889
150.77051
150.75227
150.734
150.71571
150.69736
150.6791
150.66083
150.6425
150.62434
150.60602
150.58777
150.5695
150.55124
150.53297
150.51485
150.49655
150.4783
150.46
150.44188
150.42368
150.40532
150.3871
150.36902
150.35077
150.33267
150.31442
150.29617
150.27809
150.25981
150.24173
150.22356
150.20534
150.18727
150.16913
150.1509
150.13272
150.11467
150.09644
150.07835
150.06026
150.04213
150.02399
150.00583
149.98796
149.96971
149.9516
149.93356
149.91537
149.89732
149.87926
149.8612
149.84306
149.82504
149.80707
149.78891
149.7709
149.75282
149.7348
149.71663
149.69865
149.68056
149.6627
149.64468
149.62657
149.60863
149.59056
149.57257
149.55455
149.53658
149.51855
149.50063
149.48262
149.46461
149.44672
149.42877
149.41081
149.39276
149.37486
149.35701
149.33899
149.32108
149.3031
149.28514
149.26718
149.24928
149.2314
149.21346
149.19554
149.17766
149.15973
149.14192
149.12404
149.10611
149.08827
149.07027
149.05255
149.03458
149.0168
148.99893
148.98106
148.96324
148.94539
148.92752
148.90976
148.89188
148.874
148.85623
148.83842
148.82056
148.80281
148.78494
148.76718
148.74928
148.73169
148.71384
148.69606
148.67822
148.66054
148.64282
148.62495
148.60722
148.5895
148.57175
148.55399
148.53627
148.51852
148.50078
148.48315
148.46533
148.44766
148.42992
148.4122
148.39453
148.37685
148.35915
148.34148
148.32384
148.30618
148.28839
148.2707
148.25313
148.23541
148.21774
148.20009
148.18243
148.16481
148.14717
148.1295
148.11198
148.09436
148.07677
148.05913
148.04143
148.02385
148.00627
147.98868
147.97105
147.95354
147.936
147.91838
147.9008
147.88318
147.86565
147.8482
147.83058
147.81293
147.79543
147.7779
147.76039
147.74289
147.72533
147.70782
147.69029
147.6728
147.65524
147.63773
147.62033
147.6027
147.58542
147.5677
147.5503
147.53282
147.5154
147.49796
147.48044
147.46304
147.44556
147.4282
147.41064
147.39337
147.37584
147.35832
147.34094
147.3235
147.30603
147.28865
147.27127
147.25392
147.23643
147.2191
147.2017
147.18436
147.16695
147.14954
147.13225
147.11479
147.09752
147.08018
147.06284
147.0454
147.02812
147.01076
146.99342
146.97606
146.95882
146.94138
146.92421
146.90692
146.8897
146.87222
146.85497
146.83757
146.82036
146.80309
146.78575
146.76851
146.75127
146.73404
146.71677
146.69946
146.68222
146.66495
146.64777
146.63052
146.61331
146.59612
146.57889
146.56168
146.54436
146.52719
146.50998
146.49274
146.47559
146.45844
146.4413
146.42406
146.40683
146.38974
146.37256
146.35541
146.33823
146.32104
146.30391
146.2867
146.26964
146.25253
146.23535
146.2182
146.20107
146.18402
146.1669
146.14975
146.1327
146.1156
146.09843
146.08144
146.06439
146.04723
146.03015
146.01312
145.99611
145.979
145.96185
145.94487
145.92784
145.91078
145.89383
145.8768
145.85971
145.84265
145.8256
145.80869
145.79153
145.77463
145.7575
145.74065
145.72365
145.7067
145.68967
145.67265
145.65569
145.63876
145.62173
145.60481
145.58784
145.571
145.55396
145.53703
145.52002
145.50319
145.48619
145.46938
145.45245
145.4356
145.41855
145.40164
145.38481
145.36783
145.35098
145.33412
145.31725
145.30042
145.28352
145.26659
145.24974
145.23282
145.21603
145.19922
145.18237
145.1655
145.1487
145.13182
145.115
145.0982
145.08151
145.0646
145.04776
145.03098
145.01416
144.99731
144.98055
144.96387
144.94705
144.9303
144.91347
144.89674
144.88
144.86327
144.84627
144.82974
144.81284
144.7963
144.77948
144.76274
144.74605
144.7293
144.71254
144.69588
144.67915
144.6625
144.64577
144.62897
144.61229
144.59564
144.57906
144.5623
144.54561
144.52907
144.51234
144.49568
144.47911
144.46237
144.44565
144.42906
144.4125
144.39578
144.37915
144.36253
144.34595
144.32938
144.3128
144.2962
144.2796
144.26303
144.24637
144.22977
144.21317
144.19662
144.18
144.16351
144.14696
144.13042
144.11395
144.09734
144.08078
144.06432
144.0477
144.03117
144.0147
143.99834
143.9816
143.96513
143.94855
143.93219
143.9157
143.89911
143.88266
143.8662
143.84967
143.83316
143.81674
143.80017
143.7838
143.76738
143.75092
143.73445
143.71808
143.70148
143.68518
143.66872
143.65233
143.6359
143.61946
143.6031
143.58672
143.57028
143.55386
143.53755
143.52112
143.50468
143.4883
143.47197
143.45549
143.4392
143.4228
143.40662
143.39014
143.37376
143.35745
143.34113
143.32484
143.30849
143.29213
143.27582
143.25955
143.24329
143.22685
143.21062
143.19424
143.17809
143.1617
143.14543
143.12912
143.11292
143.0967
143.08038
143.06412
143.04778
143.03157
143.01537
142.99918
142.98282
142.96664
142.95038
142.93423
142.918
142.90181
142.88554
142.86934
142.85316
142.83694
142.82082
142.80458
142.78842
142.7722
142.75603
142.73991
142.72372
142.70761
142.6914
142.67525
142.65907
142.64296
142.62686
142.61072
142.59465
142.57841
142.5623
142.5462
142.53008
142.51392
142.49792
142.48184
142.46571
142.44962
142.43352
142.4174
142.40146
142.38528
142.3693
142.35315
142.33717
142.32109
142.30505
142.289
142.2729
142.25696
142.24084
142.22488
142.20886
142.1929
142.17677
142.16087
142.14484
142.12883
142.11281
142.09688
142.0808
142.06488
142.04889
142.03293
142.01706
142.00104
141.98508
141.9691
141.95311
141.93729
141.9213
141.90524
141.88943
141.87346
141.85759
141.84161
141.82573
141.80984
141.7939
141.778
141.76215
141.7463
141.7304
141.71448
141.69873
141.68279
141.6669
141.65099
141.63513
141.61925
141.60345
141.58755
141.57182
141.55603
141.54012
141.52425
141.50856
141.49263
141.4768
141.46103
141.44519
141.42944
141.41365
141.39783
141.38208
141.36638
141.35048
141.33472
141.31898
141.3033
141.28745
141.27162
141.25601
141.24019
141.22447
141.20872
141.19296
141.17729
141.16156
141.14583
141.13008
141.11436
141.09863
141.08301
141.0673
141.05164
141.03593
141.02019
141.00452
140.98885
140.97316
140.95758
140.94185
140.92628
140.91055
140.89491
140.87927
140.86365
140.84793
140.83223
140.81671
140.8012
140.78558
140.7699
140.75424
140.73875
140.72307
140.70753
140.69186
140.67633
140.66069
140.64516
140.62953
140.61403
140.59845
140.58286
140.56738
140.55176
140.53616
140.52065
140.50525
140.48967
140.47403
140.45863
140.44308
140.42758
140.41202
140.39645
140.38101
140.36546
140.35011
140.33456
140.31898
140.30362
140.28806
140.27263
140.25717
140.2417
140.22623
140.21077
140.19539
140.17982
140.16443
140.14903
140.13359
140.11824
140.10277
140.08731
140.07185
140.05652
140.04109
140.02568
140.01036
139.99493
139.97963
139.96413
139.94884
139.93346
139.91806
139.90277
139.88733
139.87195
139.85648
139.8412
139.82591
139.81058
139.79529
139.77995
139.76468
139.7493
139.73396
139.7186
139.70338
139.68802
139.67282
139.65741
139.64224
139.62685
139.61159
139.59628
139.58096
139.5657
139.55049
139.53516
139.51994
139.50476
139.48944
139.47418
139.45905
139.44374
139.4285
139.41335
139.39809
139.38289
139.36765
139.3525
139.33727
139.32205
139.30682
139.29156
139.27649
139.26132
139.24619
139.23093
139.21579
139.20052
139.18547
139.17026
139.15515
139.14
139.12491
139.10971
139.09464
139.0794
139.06445
139.04921
139.03409
139.019
139.00392
138.98877
138.97366
138.95857
138.94348
138.92839
138.91335
138.89821
138.88322
138.86801
138.85309
138.83803
138.82289
138.80792
138.79279
138.77779
138.76276
138.7477
138.73265
138.71774
138.70264
138.68759
138.67267
138.65764
138.64268
138.6276
138.61258
138.59764
138.58272
138.5676
138.55269
138.53763
138.52274
138.50787
138.49278
138.4778
138.46284
138.44785
138.433
138.41803
138.40309
138.38817
138.37323
138.35834
138.34334
138.32857
138.31372
138.29869
138.28374
138.2689
138.25403
138.2391
138.22423
138.20938
138.19444
138.17963
138.16484
138.14981
138.13509
138.12018
138.10526
138.09053
138.07559
138.06087
138.04607
138.03113
138.01625
138.00148
137.98666
137.97188
137.95703
137.94221
137.92746
137.91269
137.8979
137.88316
137.86832
137.85356
137.83871
137.82402
137.80928
137.79442
137.77965
137.76488
137.75021
137.73547
137.72075
137.70602
137.69124
137.67654
137.66176
137.64711
137.63245
137.61775
137.60309
137.58821
137.5736
137.55896
137.5442
137.52951
137.5149
137.50012
137.48553
137.47084
137.45615
137.44154
137.4268
137.4122
137.39748
137.38295
137.36823
137.35365
137.33899
137.3244
137.30975
137.29514
137.28058
137.26588
137.25137
137.23666
137.22217
137.20752
137.1929
137.17839
137.16377
137.14923
137.13466
137.12006
137.10556
137.09099
137.07635
137.06194
137.04735
137.03276
137.01825
137.00377
136.98914
136.9747
136.96016
136.94562
136.93115
136.9165
136.90211
136.88766
136.87314
136.85861
136.84418
136.82967
136.8152
136.8007
136.78627
136.77174
136.75737
136.74286
136.72841
136.71397
136.69952
136.68501
136.67056
136.65625
136.64175
136.62732
136.61293
136.59851
136.58415
136.56972
136.55519
136.54083
136.52654
136.51207
136.49768
136.48326
136.4689
136.45457
136.44022
136.42587
136.41151
136.39722
136.38274
136.36841
136.35408
136.33968
136.32545
136.31111
136.29678
136.28247
136.26808
136.25381
136.23947
136.22517
136.21086
136.1966
136.18227
136.16805
136.15367
136.13934
136.12508
136.11084
136.0966
136.0823
136.06801
136.05377
136.03949
136.02528
136.01102
135.9968
135.98257
135.96829
135.95407
135.9398
135.92563
135.91142
135.89722
135.88301
135.86882
135.85458
135.84041
135.82625
135.81203
135.79779
135.78368
135.76949
135.75533
135.74121
135.72691
135.71283
135.69864
135.68454
135.67033
135.65627
135.64203
135.6279
135.61378
135.59967
135.58556
135.57146
135.55737
135.5432
135.52919
135.515
135.50085
135.48682
135.47275
135.45857
135.4445
135.43048
135.41643
135.4022
135.38824
135.37419
135.36008
135.3461
135.3321
135.31798
135.30399
135.28987
135.2759
135.26192
135.24782
135.23381
135.21976
135.20578
135.19177
135.17769
135.16373
135.14969
135.13571
135.12175
135.10773
135.09375
135.07979
135.06586
135.05185
135.03795
135.02393
135.01003
134.99602
134.98204
134.96808
134.95424
134.94026
134.92638
134.9124
134.8985
134.8846
134.87068
134.85672
134.84277
134.82893
134.81505
134.80107
134.78725
134.77335
134.75946
134.74551
134.73158
134.71773
134.70383
134.69
134.67618
134.66231
134.64839
134.63464
134.62077
134.60695
134.59308
134.57928
134.56541
134.55157
134.53777
134.52406
134.51012
134.49637
134.4826
134.46877
134.45494
134.4412
134.42743
134.41364
134.39981
134.38597
134.3723
134.3585
134.3447
134.33092
134.31721
134.30344
134.28966
134.2759
134.26218
134.24844
134.23471
134.22107
134.20726
134.19362
134.17987
134.16606
134.15237
134.13867
134.12497
134.11134
134.09758
134.08392
134.07025
134.05652
134.04288
134.02911
134.01547
134.00186
133.98824
133.9745
133.96092
133.9472
133.93356
133.91988
133.90634
133.89265
133.87898
133.86545
133.85168
133.83815
133.82451
133.81094
133.79732
133.78372
133.77011
133.7565
133.74289
133.72935
133.71567
133.70215
133.68854
133.67499
133.66145
133.64781
133.63434
133.62067
133.60712
133.59366
133.58014
133.56653
133.553
133.53954
133.52585
133.51247
133.49893
133.4853
133.47186
133.45834
133.4448
133.43135
133.41785
133.40436
133.39078
133.37732
133.36383
133.35037
133.33694
133.32341
133.30992
133.29663
133.28305
133.26958
133.2561
133.24272
133.22934
133.21584
133.20235
133.18889
133.17552
133.16206
133.1487
133.13515
133.12186
133.1084
133.09505
133.08163
133.06816
133.05482
133.04138
133.02792
133.01465
133.00124
132.98785
132.97452
132.96106
132.94777
132.9344
132.9211
132.90762
132.89433
132.881
132.86772
132.85422
132.84096
132.82765
132.81435
132.80092
132.78772
132.77437
132.76103
132.74771
132.73438
132.72113
132.70782
132.69455
132.68121
132.66801
132.65472
132.6414
132.6281
132.61482
132.60162
132.58838
132.57504
132.56187
132.54855
132.53526
132.52208
132.50885
132.49564
132.48244
132.46907
132.4559
132.44272
132.42943
132.4163
132.40312
132.38986
132.37662
132.36346
132.35027
132.33708
132.32384
132.31067
132.29749
132.28432
132.2712
132.25803
132.24484
132.23172
132.2185
132.20544
132.1922
132.17908
132.1659
132.15276
132.13962
132.12651
132.11334
132.10027
132.08713
132.07402
132.06093
132.04787
132.03474
132.0216
132.00856
131.99547
131.98238
131.96924
131.95618
131.94304
131.92998
131.91695
131.90387
131.89085
131.87772
131.86469
131.85162
131.83864
131.82559
131.81258
131.79955
131.78642
131.77344
131.76045
131.74736
131.73434
131.72131
131.70834
131.69531
131.68231
131.66924
131.6563
131.64328
131.63039
131.61732
131.60434
131.59135
131.57838
131.5654
131.55249
131.53943
131.52655
131.51363
131.50064
131.48773
131.47473
131.46176
131.44878
131.43596
131.42302
131.41013
131.39713
131.38419
131.37128
131.35835
131.34557
131.33263
131.31966
131.30673
131.29387
131.28102
131.26817
131.25525
131.24239
131.22949
131.21657
131.20378
131.19084
131.17805
131.16519
131.15227
131.1395
131.12659
131.11377
131.10088
131.08806
131.07526
131.06245
131.0496
131.0368
131.02394
131.01114
130.99825
130.98557
130.97278
130.95999
130.94714
130.93433
130.92154
130.90883
130.89609
130.8832
130.87042
130.8577
130.84496
130.83217
130.81943
130.80666
130.79382
130.78111
130.76846
130.75565
130.74289
130.73024
130.7174
130.70473
130.69196
130.67924
130.66658
130.65388
130.64114
130.62846
130.6158
130.60306
130.59044
130.57765
130.56502
130.55226
130.5396
130.52684
130.5143
130.50171
130.48894
130.47624
130.46358
130.45099
130.43831
130.42561
130.41298
130.4003
130.38776
130.3751
130.36249
130.34982
130.33723
130.32458
130.31201
130.29935
130.28677
130.27414
130.2615
130.249
130.23633
130.22385
130.2112
130.19864
130.18605
130.17345
130.16089
130.14838
130.1357
130.12317
130.1106
130.09807
130.0855
130.07301
130.06038
130.04787
130.03532
130.02275
130.01028
129.99773
129.98526
129.97273
129.96022
129.94774
129.93512
129.92273
129.91017
129.89774
129.88524
129.87267
129.86012
129.8477
129.83519
129.82288
129.8103
129.79784
129.78526
129.77289
129.76038
129.74803
129.73552
129.72307
129.71057
129.69814
129.68571
129.6733
129.66086
129.64842
129.63606
129.62352
129.61115
129.59875
129.58638
129.57391
129.56151
129.54907
129.53668
129.52432
129.51196
129.49957
129.48715
129.47482
129.46243
129.44998
129.43767
129.42528
129.41293
129.40053
129.3882
129.3759
129.36354
129.35123
129.33882
129.32649
129.3142
129.3019
129.28952
129.27718
129.26486
129.25249
129.2402
129.22794
129.21556
129.2033
129.19096
129.17863
129.16641
129.15416
129.14186
129.12956
129.1173
129.105
129.09276
129.08046
129.06819
129.05592
129.04362
129.03139
129.0192
129.00697
128.99466
128.98239
128.97018
128.95795
128.9457
128.93353
128.92122
128.90904
128.89682
128.88464
128.87239
128.86018
128.84792
128.83586
128.8237
128.81145
128.79916
128.787
128.77478
128.76268
128.75053
128.73828
128.72615
128.71399
128.7018
128.68965
128.67752
128.66533
128.65315
128.64104
128.62892
128.61673
128.6046
128.59245
128.58034
128.56822
128.5561
128.54395
128.53183
128.51979
128.50764
128.49556
128.48343
128.4713
128.45921
128.44725
128.4351
128.423
128.41093
128.39883
128.38667
128.37468
128.3626
128.35057
128.33842
128.3264
128.31432
128.30232
128.29019
128.27821
128.2662
128.2542
128.24214
128.22998
128.21806
128.20596
128.19403
128.18195
128.16988
128.15791
128.14592
128.13394
128.12193
128.1099
128.09795
128.08589
128.07394
128.0619
128.04996
128.03801
128.02602
128.014
128.00206
127.9901
127.97812
127.966194
127.95426
127.94232
127.9304
127.9184
127.906364
127.89452
127.8826
127.87065
127.85862
127.8468
127.83482
127.82291
127.81103
127.799095
127.7872
127.775246
127.76334
127.75146
127.73962
127.72767
127.71582
127.7039
127.692055
127.68017
127.66828
127.65642
127.64457
127.63269
127.62089
127.60901
127.597145
127.5853
127.57338
127.561485
127.54972
127.53789
127.526054
127.51423
127.502396
127.49059
127.47876
127.46687
127.45509
127.443214
127.43149
127.41961
127.40781
127.39605
127.384254
127.37247
127.36061
127.3488
127.33708
127.32528
127.31357
127.301765
127.29001
127.27822
127.2665
127.25474
127.242905
127.23117
127.2194
127.20766
127.19589
127.18419
127.172386
127.16069
127.148865
127.13725
127.12556
127.11379
127.10203
127.09032
127.07866
127.06686
127.05519
127.04348
127.031746
127.02013
127.00843
126.99677
126.9851
126.97335
126.961716
126.95002
126.93827
126.92665
126.91495
126.90328
126.89162
126.88003
126.86833
126.856804
126.84507
126.83338
126.82178
126.8101
126.79854
126.78677
126.775185
126.763626
126.75195
126.740364
126.72871
126.71712
126.705475
126.69378
126.68229
126.67059
126.65907
126.64751
126.63594
126.62427
126.61278
126.601135
126.58952
126.578
126.56642
126.55485
126.54322
126.53171
126.52015
126.50863
126.49704
126.48554
126.47395
126.46232
126.45083
126.43935
126.42775
126.416245
126.40471
126.393234
126.38166
126.370125
126.35863
126.34719
126.33559
126.32408
126.312645
126.30106
126.28967
126.2781
126.2666
126.255165
126.24364
126.23219
126.22071
126.209175
126.19777
126.18634
126.174805
126.163345
126.151855
126.140396
126.12891
126.11753
126.10608
126.09463
126.08322
126.07176
126.060356
126.04889
126.03748
126.0261
126.01458
126.00322
125.991776
125.9803
125.96901
125.95753
125.94615
125.93471
125.923294
125.91201
125.900536
125.88915
125.87777
125.86639
125.85501
125.843636
125.832245
125.82088
125.809616
125.79815
125.78681
125.77546
125.76412
125.75271
125.74139
125.73005
125.71873
125.70741
125.69602
125.684715
125.673355
125.6621
125.65074
125.63949
125.62813
125.61684
125.60546
125.59421
125.58286
125.57156
125.56027
125.54891
125.53776
125.526375
125.515114
125.50374
125.49254
125.48126
125.46999
125.45879
125.44746
125.436195
125.42498
125.41365
125.40247
125.39115
125.37998
125.36864
125.35742
125.34612
125.33494
125.32373
125.312515
125.30122
125.289986
125.27879
125.26757
125.2564
125.24511
125.233955
125.22279
125.211555
125.20039
125.1892
125.177956
125.1667
125.15558
125.14443
125.133224
125.122
125.11083
125.09964
125.088425
125.077385
125.06616
125.05505
125.04397
125.03264
125.021545
125.01039
124.99914
124.98807
124.97696
124.96578
124.954636
124.943565
124.93243
124.92129
124.91016
124.89904
124.88789
124.87681
124.86571
124.85462
124.84353
124.83242
124.8213
124.810196
124.79915
124.788025
124.77693
124.76586
124.75481
124.74371
124.73259
124.72154
124.71049
124.69941
124.68833
124.67729
124.66624
124.65515
124.64413
124.63311
124.622
124.61097
124.6
124.58894
124.57783
124.566795
124.555786
124.544815
124.53372
124.52281
124.511734
124.50078
124.48972
124.47865
124.46772
124.45665
124.44574
124.43469
124.42376
124.41278
124.40175
124.39081
124.379814
124.368805
124.35782
124.3469
124.33592
124.32494
124.31401
124.30301
124.29208
124.281075
124.27018
124.25917
124.24826
124.23729
124.22643
124.21551
124.20452
124.19359
124.18269
124.17174
124.160805
124.14982
124.13896
124.12812
124.11717
124.10621
124.09539
124.08445
124.07355
124.062614
124.05176
124.04085
124.029976
124.0191
124.00829
123.99739
123.98651
123.97561
123.96475
123.953835
123.94307
123.93213
123.92137
123.91048
123.899536
123.88877
123.877884
123.86703
123.856155
123.84532
123.83449
123.823746
123.8129
123.80206
123.7913
123.780426
123.76963
123.75879
123.748
123.73714
123.726326
123.715546
123.704834
123.69397
123.68315
123.67239
123.66164
123.650795
123.64006
123.629265
123.618454
123.60767
123.59694
123.586105
123.575424
123.56466
123.55391
123.5431
123.53238
123.521675
123.510864
123.50011
123.489365
123.47855
123.46794
123.457146
123.4465
123.43573
123.424995
123.41434
123.403564
123.39284
123.38218
123.371445
123.360725
123.35001
123.33933
123.32856
123.3179
123.307304
123.296524
123.28588
123.27512
123.26447
123.25379
123.24311
123.23243
123.22171
123.21103
123.20049
123.18983
123.17913
123.16846
123.157875
123.14713
123.13651
123.1258
123.115204
123.104614
123.09392
123.083336
123.07266
123.06206
123.051414
123.0408
123.03016
123.01958
123.009
122.998344
122.98776
122.97712
122.96649
122.95592
122.94532
122.93479
122.924095
122.91356
122.90289
122.89237
122.881805
122.8712
122.860634
122.85008
122.839485
122.828926
122.818474
122.807884
122.79728
122.78668
122.77619
122.76564
122.75498
122.744545
122.73397
122.72344
122.71287
122.702354
122.69188
122.681274
122.670746
122.6602
122.64964
122.63924
122.62873
122.61818
122.60767
122.597206
122.58659
122.57617
122.56573
122.55517
122.54474
122.53423
122.52373
122.51325
122.50274
122.49227
122.481735
122.47131
122.460846
122.45039
122.43998
122.42944
122.41898
122.40851
122.398094
122.38771
122.37716
122.36686
122.35629
122.34587
122.335396
122.32503
122.31464
122.30413
122.29363
122.283325
122.272865
122.26254
122.25207
122.24168
122.231255
122.22084
122.210464
122.200035
122.189606
122.179214
122.16889
122.158424
122.14809
122.137634
122.12727
122.116844
122.10653
122.096085
122.08577
122.07546
122.064995
122.05465
122.04432
122.03393
122.02363
122.01324
122.00296
121.99254
121.98226
121.97195
121.96153
121.95122
121.94081
121.93045
121.92023
121.90993
121.89955
121.889275
121.87897
121.86866
121.858315
121.848
121.83763
121.8274
121.817055
121.806885
121.79647
121.78619
121.77597
121.765625
121.755356
121.74501
121.73476
121.724464
121.71426
121.70398
121.693726
121.68346
121.67316
121.66292
121.65267
121.64236
121.632126
121.62189
121.611626
121.60142
121.59118
121.580925
121.57073
121.56052
121.550186
121.539986
121.52974
121.51957
121.50933
121.49909
121.48894
121.47868
121.46846
121.45819
121.44806
121.4379
121.42765
121.41749
121.407234
121.3971
121.38694
121.37671
121.36645
121.356316
121.34616
121.33603
121.325806
121.3156
121.305534
121.29524
121.285194
121.27499
121.264854
121.25467
121.24455
121.23439
121.22423
121.21404
121.20394
121.19385
121.18368
121.17359
121.16337
121.153275
121.143074
121.13306
121.122894
121.11285
121.10276
121.09265
121.08247
121.072365
121.06227
121.05217
121.042076
121.03199
121.02183
121.0118
121.00174
120.99162
120.98149
120.97145
120.96136
120.95134
120.94122
120.931175
120.92112
120.91109
120.90096
120.89083
120.880844
120.87075
120.8608
120.85075
120.840675
120.83058
120.82058
120.81057
120.80046
120.79052
120.78046
120.7704
120.76032
120.750374
120.74041
120.7304
120.7203
120.71037
120.70032
120.69026
120.680244
120.670265
120.66022
120.650276
120.64034
120.6303
120.620285
120.610306
120.60035
120.59035
120.58041
120.57037
120.560425
120.550446
120.540535
120.530525
120.52053
120.510574
120.50058
120.4907
120.48077
120.4708
120.46081
120.45096
120.440926
120.430984
120.42104
120.41107
120.40125
120.391235
120.38135
120.371445
120.36151
120.351616
120.34164
120.33172
120.32185
120.31197
120.30205
120.29213
120.28218
120.27236
120.26237
120.25251
120.2427
120.23271
120.222855
120.212944
120.20308
120.19331
120.18323
120.17352
120.16357
120.15374
120.14386
120.13393
120.124146
120.11426
120.10437
120.09459
120.08468
120.07484
120.06507
120.055176
120.0453
120.03553
120.02564
120.01583
120.006
119.996124
119.98636
119.97654
119.966736
119.95687
119.94706
119.93724
119.92743
119.91765
119.90787
119.898
119.88824
119.87847
119.868706
119.85886
119.84905
119.83928
119.829475
119.819695
119.80988
119.8001
119.79037
119.780594
119.77085
119.761
119.75129
119.741516
119.73176
119.72197
119.71227
119.702515
119.69282
119.68298
119.673294
119.66351
119.65384
119.64405
119.63433
119.624596
119.61484
119.605034
119.59539
119.58571
119.57589
119.56625
119.55651
119.54686
119.537125
119.52744
119.51766
119.508026
119.49831
119.48851
119.47889
119.4692
119.45951
119.44979
119.440125
119.430466
119.42077
119.411095
119.401436
119.391685
119.382126
119.37241
119.3627
119.3531
119.34342
119.3338
119.32411
119.31444
119.30483
119.295135
119.28552
119.27587
119.26624
119.25658
119.24695
119.23734
119.227715
119.218025
119.208435
119.19884
119.18922
119.17954
119.17004
119.16034
119.15066
119.14113
119.13145
119.121864
119.112335
119.10266
119.09316
119.08353
119.073906
119.06435
119.05471
119.04515
119.035515
119.026024
119.0164
119.00686
118.997284
118.98764
118.978165
118.96861
118.959
118.94943
118.93987
118.93034
118.92085
118.9112
118.90172
118.8921
118.88256
118.873085
118.86353
118.85392
118.84451
118.83488
118.8254
118.815865
118.806435
118.79686
118.787315
118.77771
118.768326
118.75871
118.74929
118.739746
118.730286
118.72075
118.711296
118.7018
118.69231
118.68276
118.67328
118.66381
118.654396
118.64484
118.635345
118.6259
118.61638
118.60693
118.59748
118.587975
118.57855
118.569046
118.55968
118.55014
118.54064
118.53128
118.52184
118.51231
118.50292
118.493484
118.48397
118.47455
118.46515
118.45572
118.44622
118.43692
118.42732
118.417946
118.408516
118.39913
118.389656
118.38036
118.370926
118.361465
118.352135
118.3427
118.33328
118.32389
118.31445
118.305084
118.29571
118.28635
118.27692
118.267494
118.25818
118.24872
118.23941
118.22993
118.220604
118.21131
118.2019
118.19253
118.18316
118.173836
118.16442
118.15516
118.14576
118.13646
118.126976
118.11765
118.10836
118.09899
118.089645
118.080246
118.07094
118.06159
118.05221
118.04295
118.033646
118.024284
118.01498
118.0057
117.996376
117.98704
117.97778
117.96841
117.959114
117.94981
117.94049
117.93121
117.92195
117.9126
117.90332
117.89404
117.88474
117.875404
117.866135
117.856926
117.84761
117.83831
117.82905
117.81977
117.810524
117.80126
117.79202
117.78272
117.77345
117.76418
117.754906
117.74569
117.73642
117.72717
117.71793
117.708626
117.699455
117.69017
117.68097
117.67169
117.66243
117.65329
117.64403
117.63484
117.62558
117.61637
117.60716
117.59789
117.5887
117.57958
117.57032
117.56113
117.55192
117.54266
117.53354
117.52426
117.51514
117.50594
117.49667
117.48755
117.47838
117.46913
117.45997
117.45075
117.44158
117.43246
117.42328
117.41411
117.404915
117.39577
117.386665
117.37741
117.36833
117.35913
117.35005
117.34085
117.33173
117.32257
117.31336
117.30429
117.29509
117.286
117.27686
117.26768
117.25857
117.249466
117.24034
117.23119
117.22204
117.21288
117.20384
117.19472
117.185585
117.17654
117.16741
117.15822
117.149124
117.14008
117.13103
117.121925
117.112785
117.10376
117.09463
117.085526
117.07644
117.06737
117.058334
117.04918
117.04016
117.03105
117.021996
117.0129
117.003876
116.99484
116.985756
116.97672
116.96761
116.95854
116.949486
116.94043
116.93138
116.922356
116.91333
116.90421
116.89527
116.88617
116.87717
116.86813
116.85901
116.85004
116.84108
116.83205
116.82298
116.81399
116.80498
116.79594
116.78696
116.777954
116.76895
116.75985
116.75093
116.74193
116.732994
116.723915
116.71495
116.70594
116.696976
116.687874
116.678955
116.66999
116.66103
116.65203
116.643
116.63407
116.62518
116.616234
116.60717
116.59825
116.58926
116.58028
116.571365
116.56234
116.55341
116.544525
116.53558
116.52654
116.51763
116.50868
116.49981
116.49073
116.48188
116.4729
116.46397
116.455124
116.446266
116.43735
116.42833
116.41947
116.41052
116.401566
116.392654
116.38374
116.374886
116.36591
116.357056
116.348114
116.33926
116.33033
116.32141
116.31255
116.30367
116.294754
116.28588
116.27701
116.268105
116.259254
116.250305
116.241554
116.23263
116.223785
116.214935
116.20603
116.197075
116.18831
116.17939
116.170555
116.16174
116.15287
116.144005
116.135185
116.126335
116.11745
116.108604
116.09977
116.09101
116.082146
116.073364
116.06444
116.055626
116.04684
116.037994
116.02922
116.02035
116.011604
116.00274
115.993904
115.985115
115.976265
115.96744
115.95865
115.94987
115.94108
115.93228
115.923416
115.91474
115.90589
115.8971
115.88838
115.87962
115.87081
115.86203
115.85318
115.84448
115.83566
115.82688
115.81813
115.809395
115.80059
115.79176
115.78306
115.774254
115.76557
115.7568
115.74809
115.7393
115.73053
115.7218
115.713104
115.70435
115.69563
115.68683
115.67813
115.66938
115.66074
115.65199
115.64322
115.6345
115.62578
115.61701
115.608315
115.599724
115.59088
115.58222
115.573524
115.5648
115.55613
115.54742
115.53867
115.530014
115.52132
115.512596
115.50394
115.495255
115.486534
115.477875
115.469185
115.46049
115.4519
115.443115
115.4345
115.42583
115.41707
115.4085
115.39987
115.391205
115.38257
115.373825
115.3653
115.35654
115.3479
115.33924
115.33063
115.32197
115.3134
115.3047
115.29604
115.28738
115.2788
115.270164
115.26153
115.25291
115.244255
115.23563
115.227
115.21843
115.20975
115.20119
115.19254
115.18394
115.175354
115.166756
115.158165
115.14955
115.14089
115.13247
115.12373
115.115105
115.10658
115.09798
115.08944
115.08087
115.07229
115.06369
115.05508
115.046524
115.037926
115.02938
115.02075
115.012215
115.00373
114.99512
114.986534
114.978004
114.96944
114.960846
114.95236
114.9438
114.935196
114.92677
114.91817
114.90957
114.90102
114.892555
114.883965
114.87542
114.86695
114.858376
114.849884
114.841324
114.83285
114.82428
114.81577
114.807304
114.798775
114.790215
114.781746
114.773224
114.764755
114.75616
114.74772
114.73923
114.73069
114.72225
114.713745
114.70526
114.69681
114.688286
114.67985
114.671326
114.66288
114.65435
114.64589
114.637405
114.62893
114.62057
114.612045
114.6036
114.59511
114.58664
114.57824
114.56976
114.56126
114.55282
114.54442
114.53601
114.5275
114.519066
114.51057
114.502174
114.49377
114.48527
114.47684
114.46851
114.459984
114.4516
114.44317
114.434784
114.42631
114.417885
114.40948
114.40108
114.39266
114.384254
114.375916
114.36744
114.35908
114.35064
114.342224
114.33384
114.32547
114.31702
114.30869
114.30026
114.29183
114.283516
114.27517
114.26675
114.25832
114.25002
114.24162
114.23327
114.224915
114.21651
114.20815
114.19984
114.19151
114.18305
114.17481
114.166405
114.15804
114.149734
114.14128
114.13298
114.12467
114.116394
114.10797
114.099686
114.09128
114.082855
114.07459
114.06623
114.057976
114.04973
114.04133
114.03293
114.0247
114.01635
114.00806
113.999756
113.991455
113.98311
113.97482
113.96651
113.958244
113.94987
113.9416
113.93336
113.925026
113.916756
113.90846
113.90017
113.891846
113.88366
113.87535
113.86696
113.85877
113.8505
113.84221
113.83397
113.825645
113.81737
113.80914
113.80088
113.792656
113.784355
113.77613
113.76785
113.75959
113.751396
113.74308
113.734825
113.72662
113.71841
113.71015
113.70186
113.69364
113.685455
113.67721
113.66895
113.66071
113.65255
113.64432
113.63615
113.62784
113.61961
113.61145
113.603165
113.59501
113.58679
113.57863
113.57039
113.56217
113.553986
113.54582
113.53758
113.52944
113.52119
113.51302
113.50481
113.496666
113.48848
113.480255
113.47213
113.46387
113.4557
113.44759
113.43939
113.43125
113.42297
113.41484
113.406715
113.39864
113.39048
113.38225
113.37406
113.36594
113.35775
113.34968
113.341515
113.333374
113.325294
113.31711
113.3089
113.30081
113.29267
113.28449
113.27645
113.2683
113.26009
113.25201
113.24387
113.23581
113.22769
113.21951
113.21145
113.203316
113.19519
113.18709
113.179016
113.170876
113.16281
113.154686
113.1466
113.13847
113.1304
113.12231
113.114174
113.106155
113.098045
113.09001
113.08185
113.073845
113.065765
113.05763
113.049644
113.041534
113.0334
113.025345
113.017365
113.00936
113.00115
112.993095
112.98513
112.97701
112.96897
112.96095
112.95285
112.94476
112.93675
112.92871
112.92074
112.91259
112.90463
112.89661
112.88853
112.88058
112.87252
112.86449
112.85643
112.84844
112.840385
112.83241
112.82444
112.816345
112.80841
112.800316
112.79232
112.78428
112.77625
112.76832
112.7603
112.752304
112.74436
112.73631
112.72832
112.72035
112.71231
112.704346
112.69628
112.688385
112.68043
112.67246
112.66445
112.65647
112.64854
112.640526
112.632545
112.62459
112.6167
112.608635
112.600716
112.59275
112.58489
112.57693
112.56887
112.560974
112.553
112.54505
112.53707
112.52916
112.52123
112.51331
112.505356
112.49745
112.489525
112.48155
112.47362
112.465706
112.45779
112.449905
112.44203
112.43403
112.42614
112.41828
112.41034
112.40236
112.39446
112.38661
112.37868
112.37075
112.3628
112.35499
112.3471
112.33922
112.33132
112.32332
112.31554
112.30764
112.29972
112.291885
112.28392
112.27608
112.26824
112.26035
112.25248
112.24463
112.236725
112.22888
112.221
112.21317
112.2053
112.19741
112.18965
112.18172
112.17393
112.16604
112.1582
112.15037
112.14246
112.134636
112.12683
112.11896
112.111145
112.1033
112.09546
112.087616
112.07976
112.07197
112.06418
112.056366
112.048546
112.04075
112.03296
112.025185
112.01733
112.009445
112.0017
111.99391
111.9861
111.97827
111.97043
111.962616
111.95482
111.94699
111.93927
111.93155
111.9237
111.91593
111.908195
111.90036
111.892494
111.88479
111.876976
111.869225
111.86149
111.85366
111.84594
111.83811
111.83044
111.82263
111.81489
111.80712
111.79939
111.79161
111.783875
111.77611
111.76834
111.7606
111.75288
111.745094
111.73746
111.72965
111.7219
111.7142
111.70648
111.69874
111.691
111.68328
111.675575
111.66781
111.66011
111.65234
111.644714
111.636986
111.62928
111.62154
111.61383
111.60611
111.59839
111.59078
111.58299
111.575294
111.56766
111.55991
111.5522
111.54449
111.53684
111.52919
111.52152
111.51379
111.506004
111.4984
111.49078
111.483086
111.47539
111.467674
111.46009
111.45239
111.44475
111.43703
111.42939
111.42174
111.41411
111.40646
111.39872
111.39119
111.38355
111.37584
111.3682
111.360535
111.35291
111.345245
111.33763
111.33
111.322365
111.31473
111.30707
111.29949
111.291824
111.2842
111.276634
111.26899
111.26131
111.25376
111.24611
111.23851
111.23089
111.22334
111.2157
111.20807
111.20046
111.19293
111.185234
111.17768
111.170074
111.16244
111.154884
111.1473
111.139725
111.13206
111.12455
111.11699
111.10943
111.10183
111.09431
111.08667
111.07908
111.0715
111.06402
111.056335
111.04883
111.04125
111.03368
111.02616
111.0186
111.01107
111.00347
110.99594
110.9884
110.980804
110.97329
110.96584
110.95823
110.95069
110.9432
110.935616
110.92802
110.92054
110.912994
110.90554
110.89796
110.89039
110.882996
110.87539
110.86789
110.8604
110.852844
110.84535
110.83779
110.830345
110.82282
110.81537
110.80784
110.8003
110.7928
110.78538
110.77782
110.77031
110.76285
110.75533
110.74784
110.74045
110.73294
110.72541
110.71796
110.71044
110.70297
110.695564
110.68807
110.68057
110.67315
110.66565
110.65828
110.65078
110.64325
110.63584
110.62832
110.620964
110.61349
110.606064
110.59858
110.5911
110.58368
110.57626
110.5688
110.56139
110.55394
110.546524
110.539055
110.53166
110.524124
110.51677
110.50936
110.50197
110.494545
110.48712
110.47973
110.47233
110.46478
110.45744
110.45008
110.44266
110.43524
110.427795
110.42044
110.41305
110.40562
110.398186
110.390816
110.38348
110.37606
110.36877
110.36122
110.35385
110.346504
110.33913
110.331764
110.32443
110.31702
110.309685
110.30226
110.29494
110.28759
110.28015
110.27281
110.26549
110.25813
110.25071
110.24336
110.236
110.228714
110.22136
110.214005
110.20665
110.199295
110.19192
110.18461
110.177246
110.16995
110.16264
110.15527
110.14795
110.14062
110.133316
110.12593
110.118706
110.111305
110.10399
110.096725
110.0894
110.08205
110.07466
110.067474
110.06016
110.05286
110.0455
110.03822
110.0309
110.0236
110.01634
110.00898
110.001686
109.99447
109.987206
109.97986
109.9726
109.96533
109.95812
109.95076
109.94345
109.93623
109.92896
109.92168
109.9144
109.9072
109.899864
109.892685
109.88532
109.87808
109.87078
109.86356
109.85632
109.849075
109.84185
109.83467
109.82737
109.8201
109.81279
109.80562
109.79838
109.791145
109.78388
109.77664
109.76944
109.76214
109.755005
109.74779
109.740585
109.73331
109.72612
109.71884
109.71167
109.70444
109.697235
109.69002
109.682976
109.67563
109.66843
109.66127
109.65401
109.64686
109.6396
109.63246
109.62521
109.61807
109.61088
109.603676
109.5965
109.58937
109.582146
109.57501
109.56775
109.56065
109.55346
109.546326
109.539055
109.53192
109.52475
109.51758
109.51047
109.50327
109.49606
109.48897
109.48186
109.47471
109.46748
109.46034
109.45325
109.44611
109.43891
109.431786
109.42471
109.41751
109.41037
109.40327
109.39619
109.388916
109.381836
109.37472
109.36761
109.360504
109.353455
109.346245
109.3392
109.33201
109.3249
109.31774
109.3107
109.303604
109.2964
109.289345
109.282234
109.27519
109.2681
109.26096
109.25391
109.24673
109.239746
109.23262
109.225624
109.21843
109.21137
109.204254
109.19722
109.1902
109.183105
109.175995
109.169014
109.16185
109.15478
109.14773
109.14069
109.13359
109.12645
109.11955
109.11249
109.10539
109.09829
109.09127
109.08425
109.077156
109.070145
109.06305
109.05603
109.0491
109.04197
109.03494
109.027916
109.0209
109.01385
109.00688
108.999825
108.99281
108.98581
108.97867
108.971695
108.964676
108.957695
108.95067
108.943596
108.93663
108.92976
108.9227
108.91563
108.908554
108.901665
108.89466
108.88767
108.88072
108.87371
108.866646
108.85972
108.8527
108.84576
108.838806
108.83174
108.82474
108.817856
108.81087
108.80394
108.79688
108.78996
108.78298
108.77602
108.76905
108.762085
108.7551
108.74816
108.74121
108.73423
108.72731
108.720345
108.71338
108.70644
108.69949
108.69257
108.68556
108.67869
108.671776
108.66479
108.657906
108.651
108.64406
108.637085
108.63014
108.623276
108.61634
108.60944
108.60255
108.59558
108.58864
108.58171
108.57484
108.567955
108.56105
108.55412
108.547295
108.54037
108.53339
108.52655
108.51963
108.512764
108.50587
108.49896
108.49208
108.48524
108.47831
108.47142
108.4646
108.45773
108.4508
108.44395
108.43707
108.43018
108.4233
108.4165
108.409615
108.40275
108.39587
108.38904
108.38215
108.375305
108.36847
108.361565
108.35474
108.347916
108.3411
108.33426
108.32733
108.32048
108.31373
108.30684
108.300064
108.29316
108.28637
108.27954
108.27263
108.265816
108.25901
108.25223
108.24539
108.23854
108.23178
108.22493
108.21812
108.21133
108.20457
108.197784
108.19093
108.18412
108.17731
108.17057
108.16375
108.156944
108.15018
108.1433
108.136536
108.12973
108.12297
108.11627
108.109436
108.10265
108.09579
108.08908
108.08233
108.075554
108.06883
108.06199
108.05524
108.04838
108.04167
108.03494
108.028244
108.02141
108.014656
108.00788
108.001175
107.99442
107.98767
107.9809
107.97415
107.96742
107.96068
107.953964
107.94717
107.94045
107.93375
107.92698
107.92026
107.91358
107.906845
107.900116
107.89333
107.88672
107.87997
107.8733
107.86649
107.85979
107.85309
107.8464
107.83967
107.83295
107.826294
107.819595
107.81285
107.806145
107.79942
107.79276
107.78611
107.77938
107.772675
107.76597
107.75926
107.7527
107.74599
107.73931
107.7326
107.725975
107.71931
107.71261
107.70591
107.69932
107.69256
107.68589
107.67932
107.672615
107.66593
107.65935
107.65267
107.64602
107.63929
107.63266
107.62603
107.61937
107.61275
107.606125
107.599495
107.59286
107.586174
107.5795
107.572945
107.56624
107.559654
107.55305
107.54647
107.539764
107.53314
107.5265
107.519875
107.51332
107.50673
107.50009
107.49354
107.48692
107.480286
107.47367
107.46706
107.4605
107.45384
107.44728
107.440636
107.43414
107.42756
107.4209
107.4143
107.40768
107.40113
107.394585
107.388
107.381424
107.37478
107.36827
107.3617
107.355156
107.34856
107.34191
107.335434
107.32884
107.32227
107.31575
107.309204
107.302536
107.29611
107.28945
107.28289
107.27643
107.26988
107.263336
107.25678
107.25018
107.24373
107.23717
107.230675
107.22407
107.21754
107.2111
107.20455
107.19802
107.19152
107.18494
107.17843
107.1719
107.16538
107.15884
107.15239
107.14586
107.13928
107.13288
107.126305
107.11979
107.11324
107.10684
107.10034
107.09384
107.08733
107.08081
107.07434
107.06785
107.06137
107.054886
107.04839
107.04189
107.03541
107.02898
107.02247
107.015976
107.0096
107.00305
106.99659
106.990105
106.98372
106.97723
106.97073
106.96427
106.95781
106.95143
106.94495
106.93848
106.93202
106.9256
106.91909
106.91268
106.906265
106.8998
106.89338
106.88698
106.880516
106.87407
106.86763
106.8612
106.85478
106.848434
106.84189
106.83553
106.82915
106.82267
106.81619
106.809845
106.80346
106.79709
106.790634
106.78415
106.77778
106.77139
106.76493
106.758606
106.75221
106.745766
106.739365
106.733
106.726654
106.72019
106.7138
106.707466
106.70108
106.69465
106.68835
106.68194
106.67558
106.66923
106.66285
106.656494
106.650116
106.643745
106.63731
106.63097
106.62469
106.61827
106.61191
106.605576
106.59922
106.592964
106.5865
106.5802
106.57382
106.56742
106.56122
106.55477
106.54847
106.54217
106.535805
106.52947
106.52316
106.51682
106.51051
106.50417
106.49783
106.49156
106.48519
106.4789
106.47258
106.46624
106.45991
106.4536
106.44734
106.440994
106.43468
106.428444
106.422104
106.41587
106.40956
106.40322
106.39699
106.39062
106.38437
106.37808
106.37176
106.36545
106.35919
106.352974
106.346695
106.340416
106.33408
106.327866
106.32149
106.31532
106.308975
106.30277
106.296455
106.290215
106.28399
106.27778
106.2715
106.26526
106.25896
106.252686
106.24651
106.24021
106.23398
106.2277
106.22143
106.21524
106.20898
106.202805
106.196556
106.19032
106.18406
106.17787
106.17166
106.16541
106.15917
106.15293
106.14674
106.14057
106.13429
106.12812
106.121864
106.11569
106.1095
106.103264
106.09705
106.09085
106.08465
106.07841
106.07229
106.06608
106.05988
106.05368
106.04749
106.04132
106.03516
106.02888
106.02273
106.01659
106.01042
106.004196
105.99805
105.991875
105.98564
105.979515
105.973404
105.96722
105.96104
105.954865
105.94875
105.942505
105.93639
105.93025
105.92415
105.91797
105.91183
105.90562
105.89948
105.89341
105.88719
105.88114
105.87497
105.86887
105.86267
105.85652
105.85047
105.844284
105.83814
105.832115
105.825905
105.819855
105.813705
105.80758
105.80153
105.79532
105.789276
105.783134
105.77699
105.77092
105.76483
105.75867
105.752594
105.7465
105.740364
105.73434
105.7283
105.72216
105.71609
105.7099
105.70387
105.69782
105.69168
105.68562
105.679565
105.67349
105.66741
105.661354
105.65531
105.64921
105.643135
105.63705
105.63103
105.624985
105.6189
105.61279
105.60677
105.60075
105.59466
105.588554
105.58254
105.5766
105.57047
105.56445
105.55842
105.55232
105.546364
105.54029
105.5343
105.528206
105.522224