20.0
20.0
20.0
20.0
20.2
30.199999
50.0
53.2
52.999996
47.2
44.0
47.4
53.600002
56.800003
53.8
50.0
48.0
49.2
52.8
57.4
58.600002
58.399998
57.8
57.6
57.6
58.0
58.399998
58.600002
58.600002
58.999996
59.2
59.399998
58.999996
60.000004
60.600002
61.199997
61.799995
62.199997
63.0
63.4
63.6
64.200005
65.0
65.6
66.6
66.799995
68.2
68.2
68.4
68.6
68.4
68.6
68.6
68.6
69.2
69.8
70.0
70.4
71.0
71.0
71.200005
71.4
71.4
71.6
72.0
72.0
72.0
71.8
71.4
71.6
71.6
71.6
71.6
72.6
72.799995
73.2
73.2
73.4
73.6
73.6
73.799995
74.0
74.2
74.2
74.4
74.6
75.0
75.0
75.0
75.4
75.4
75.6
75.6
75.6
76.0
76.0
76.200005
76.200005
76.4
76.6
77.200005
77.4
77.8
78.0
78.4
78.6
78.6
78.6
78.799995
79.0
79.0
79.2
79.6
79.6
80.2
80.6
80.8
81.0
81.0
81.0
81.4
81.6
81.8
82.200005
82.4
82.8
83.8
83.8
84.0
84.0
84.2
84.6
84.6
84.799995
85.0
85.399994
85.6
85.799995
86.0
86.0
86.0
86.2
86.799995
87.0
87.2
87.2
87.4
87.4
87.4
87.8
88.200005
88.4
88.8
88.8
89.0
89.4
89.4
89.4
89.8
89.8
90.0
90.200005
90.4
90.8
91.399994
91.799995
91.799995
91.799995
92.0
92.2
92.6
92.799995
93.0
93.0
93.2
93.8
93.8
93.8
93.8
94.0
94.0
94.0
94.2
94.2
94.2
94.4
94.4
94.4
94.4
94.4
94.6
94.6
94.8
95.0
95.0
95.0
95.0
95.0
95.0
95.0
95.0
95.0
95.0
95.0
95.0
95.0
95.0
95.0
95.0
95.0
95.0
95.200005
95.4
95.6
95.6
95.6
95.8
95.8
95.8
95.8
96.200005
96.200005
96.200005
96.200005
96.4
96.4
96.4
96.4
96.4
96.4
96.4
96.4
96.4
96.4
96.6
96.6
96.6
96.6
96.8
96.8
96.8
96.8
96.8
96.8
96.8
96.8
96.8
96.8
97.0
97.0
97.0
97.0
97.0
97.0
97.0
97.0
97.399994
97.399994
97.399994
97.399994
97.399994
97.399994
97.399994
97.399994
97.399994
97.399994
97.399994
97.6
97.6
97.799995
97.799995
98.0