20.0
20.0
28.400002
22.0
46.6
45.2
58.2
60.600002
59.2
44.0
42.0
43.399998
44.4
52.999996
52.2
48.4
46.399998
49.6
54.6
57.4
64.0
66.2
67.6
67.799995
67.4
67.2
67.0
66.799995
67.2
67.2
67.6
68.8
69.4
70.0
70.4
70.4
71.200005
71.0
71.0
71.4
72.0
72.399994
72.399994
72.799995
73.0
73.2
73.2
73.4
73.4
74.0
74.6
75.4
75.4
75.0
74.8
75.0
75.8
76.0
76.0
76.6
77.200005
77.200005
77.200005
77.4
77.4
77.600006
78.2
78.4
78.6
78.799995
79.2
79.6
79.6
79.799995
80.0
80.0
80.0
80.0
80.2
80.4
80.6
81.2
81.2
81.2
81.4
81.6
81.8
82.0
82.200005
82.4
82.6
82.6
82.8
83.0
83.4
83.600006
83.600006
84.0
84.4
84.6
85.399994
85.6
85.799995
85.799995
86.2
86.2
86.4
86.4
86.6
86.799995
87.2
87.2
87.4
87.8
87.8
88.0
88.0
88.200005
88.200005
88.4
89.0
89.0
89.0
89.4
89.8
90.4
90.6
90.6
90.8
90.8
90.8
91.0
91.0
91.2
91.2
91.2
91.399994
91.399994
91.6
91.6
91.6
91.6
91.6
91.6
91.6
91.799995
91.799995
91.799995
92.0
92.0
92.0
92.2
92.2
92.6
92.799995
93.0
92.799995
93.0
93.2
93.2
93.4
93.6
93.6
93.8
93.8
94.0
94.2
94.2
94.2
94.2
94.4
94.4
94.4
94.4
94.4
94.4
94.4
94.4
94.4
94.4
94.4
94.4
94.4
94.4
94.4
94.8
94.8
94.8
94.8
94.8
94.8
95.0
95.200005
95.200005
95.4
95.4
95.4
95.4
95.4
95.4
95.4
95.6
95.8
95.8
95.8
95.8
95.8
95.8
95.8
95.8
95.8
95.8
95.6
95.6
95.6
95.6
95.6
95.6
95.6
95.6
95.6
95.8
96.0
96.0
96.0
96.0
96.0
96.0
96.0
96.0
96.0
96.0
96.0
96.0
96.0
96.0
96.0
96.0
96.0
96.0
96.0
96.0
96.0
96.0
96.0
96.0
96.0
96.0
96.200005
96.200005
96.200005
96.4
96.4
96.4
96.4
96.4
96.4
96.4
96.4
96.4
96.4
96.4
96.4
96.4
96.4
96.4
96.4
96.4
96.4
96.4
96.4
96.4
96.4
96.4
96.4
96.4
96.4
96.4
96.4
96.4
96.4
96.4
96.4
96.4
96.4
96.4
96.4
96.4
96.4
96.4
96.4
96.4
96.4
96.4
96.4
96.4
96.4
96.4
96.4
96.4
96.4
96.4
96.4
96.6
96.8
96.8
97.0
97.0
97.0
97.0
97.0
97.0
97.0
97.2
97.399994
97.399994
97.399994
97.399994
97.6
97.6
97.799995
97.799995
98.0