566.0596
622.9039
1242.2413
492.4643
506.1973
546.818
773.991
953.9754
519.74677
545.1843
669.63824
647.71765
437.66293
485.0584
526.6395
485.65927
384.51938
363.9563
404.12372
353.79712
327.78748
363.16934
364.2673
335.78342
329.66046
314.68207
291.6937
295.28192
296.00284
280.9055
267.9903
264.24146
260.20105
255.4843
252.08656
247.54242
241.13899
237.50433
233.65776
230.14928
228.67384
224.41139
220.97072
218.24095
214.21405
212.12675
208.58676
205.92735
203.35966
200.54703
198.48482
195.44202
193.77914
190.49696
189.55864
185.9198
186.43497
181.84746
187.06828
182.75224
205.43626
204.7295
241.62143
192.17064
189.79092
171.84001
182.3668
185.62479
230.21677
221.42657
244.37242
174.29253
166.65686
210.0245
228.8088
267.91684
163.57901
154.48625
197.94138
225.17476
267.7736
153.89783
271.4698
326.06296
255.59169
602.2661
265.67365
272.25305
295.8
220.18558
204.8492
208.89066
239.04007
167.45883
148.50304
144.31631
140.7919
140.03297
160.66368
240.45488
324.51462
193.53203
651.18787
312.2875
319.52612
246.04227
367.48645
311.08847
304.33987
227.45587
568.75146
309.21835
337.70618
196.10583
661.0651
247.22949
320.01486
285.28503
172.28525
240.79669
220.06114
193.8614
155.30443
145.8262
205.41348
245.57056
264.21915
144.36205
223.10376
284.70834
224.95639
569.2225
205.96834
248.26245
305.8472
435.21213
286.22858
261.8902
299.37625
335.0793
235.99142
191.04193
357.55014
373.31277
362.64328
534.85156
306.65768
212.96526
335.77527
318.5215
200.54185
531.2594
345.24078
335.99234
264.30536
211.76685
268.9062
178.63148
571.02496
364.95447
375.43677
196.49144
507.88837
360.44604
350.17072
202.44926
657.2686
369.07803
387.3481
356.45044
1009.1679
287.73407
327.3066
309.39063
374.404
302.3151
298.88885
382.12814
375.91492
314.69635
330.77646
349.07733
245.14134
304.64862
297.73276
241.79942
244.30461
233.30234
276.96747
439.00546
352.03918
326.314
730.6542
296.96814
302.83795
492.50046
330.87952
302.24323
526.7349
338.32742
325.48636
596.8329
305.52032
300.2415
812.4764
368.50693
375.98315
311.47522
1241.9226
305.63745
368.49945
329.02673
631.42755
629.91815
321.32947
320.77142
368.79095
982.0425
409.6512
431.16797
370.95532
512.8683
644.21216
315.23785
390.4168
335.92136
320.39017
689.1062
306.31058
333.53757
331.93362
491.55118
394.27353
291.3724
314.87622
259.30743
238.36113
299.65173
260.28473
472.00388
295.28073
277.31738
431.10785
362.59906
298.78827
214.26897
511.44666
349.88217
335.3754
527.50885
422.21295
367.61667
340.09634
552.79004
219.29344
291.80734
252.18587
238.84744
222.47653
196.87843
166.55183
238.77174
415.89902
330.56952
305.34058
638.61554
286.69403
279.44394
456.38748
265.361
255.9986
472.27728
287.61478
262.48737
655.8393
327.99152
319.2519
486.62482
225.74324
257.55035
405.11526
286.3467
213.18698
526.9546
313.21622
304.84995
248.68892
176.23741
221.8841
307.2454
279.87198
229.81587
382.7259
253.75279
215.27527
388.64633
287.74948
256.1564
544.66516
247.9031
239.9979
349.3065
263.11603
286.59283
205.84854
512.1258
296.5351
281.2031
438.58887
341.75433
317.1351
234.22215
389.20197
357.0811
282.22675
267.85956
428.2664
383.90332
237.69075
213.25761
374.51584
209.2425
203.97798
268.6535
185.30962
148.77126
151.8586
216.32529
296.43384
193.28964
515.01355
225.2329
290.01746
371.04163
302.00906
256.12054
504.08966
251.61824
231.41718
415.8786
538.62885
286.0938
243.08133
339.48953
291.33777
324.14056
276.0573
238.39398
319.08347
338.31525
320.4024
390.76868
253.14662
350.6607
291.96234
494.82965
352.68198
327.69107
429.04572
631.8738
391.4735
339.85727
924.2019
418.02548
442.14502
370.08203
997.3155
291.5745
370.42386
388.9164
901.41016
370.15097
396.99783
357.7655
872.4355
314.90427
321.7403
284.31577
755.844
335.01566
339.2509
298.11203
891.8974
292.39413
353.95193
254.09186
840.92694
314.07516
344.85144
364.70645
230.87839
233.43243
669.011
354.67502
383.06525
265.30563
911.965
242.58112
339.55252
222.15619
758.92694
299.63797
307.15472
405.07333
636.7929
399.342
276.57678
410.3965
389.2104
337.6596
763.75104
390.90067
365.80658
606.7878
294.84924
275.65735
301.76566
335.88516
650.32935
341.87683
353.8479
295.76025
963.73376
244.11147
292.63715
239.74265
592.60126
285.44543
282.60822
484.20276
557.6697
359.13922
374.99756
346.85602
710.41846
275.95068
316.55038
348.54895
853.38086
349.42212
367.1777
487.2759
723.92773
345.54114
384.99918
462.7197
216.38904
371.63693
245.26033
224.02296
642.87146
356.87805
376.32553
196.72514
674.2018
316.27774
294.01874
340.6471
394.60162
305.7883
313.6864
266.4385
1004.9199
267.85245
354.2265
311.47968
479.32928
804.74677
339.061
343.66544
407.9411
853.98395
282.1396
440.33435
386.28534
710.9096
252.74438
395.06897
338.52335
538.7505
189.30017
302.07745
240.91096
569.3127
216.56918
222.08315
316.08902
233.20255
191.69946
174.99045
340.9084
157.55704
688.4326
367.46326
360.44464
391.8936
367.98575
394.58344
271.7309
695.2887
337.1743
310.03204
667.989
257.2503
214.41487
386.31494
216.04271
208.4505
402.9122
247.95161
190.95407
416.52927
194.16812
220.41472
567.92065
328.6343
247.0313
509.2206
411.25632
413.61868
677.83386
359.6807
286.41144
768.45166
369.87088
384.32056
311.19556
1248.5183
215.89288
363.51398
248.22536
1014.9099
309.57953
350.7851
338.87286
906.8554
355.09268
378.41574
252.68256
950.82886
278.44107
343.69382
242.6049
836.146
290.31412
313.527
409.33398
288.74164
262.5821
322.02408
288.52505
288.5234
554.33093
352.5257
337.43536
673.828
246.92192
265.24484
412.117
698.4906
355.4776
363.09204
340.7018
896.1898
259.70908
272.8357
618.9131
385.09726
332.6577
582.7264
395.08557
312.22256
503.86346
278.6291
356.7941
344.41373
491.17236
376.03845
338.2919
772.50214
295.56512
295.1159
638.55963
373.9455
317.37357
389.57913
277.02274
343.8611
258.6822
313.7768
360.12112
314.12173
493.52853
370.01678
329.44678
1011.58496
355.15295
355.7494
492.0905
502.50418
388.05252
390.40854
632.4934
270.98138
464.29883
352.21524
365.17157
605.8131
377.4077
382.17645
359.77142
906.3642
355.6607
365.14346
406.60233
359.8823
331.1096
625.2123
309.39493
283.28555
372.31497
357.27527
183.69664
343.74194
365.51483
279.22052
762.14636
358.07504
354.40497
463.2189
1109.5836
364.27512
395.00815
307.06357
1130.1552
381.501
389.66495
360.1577
1029.3755
367.77225
392.20145
368.72705
1111.3951
405.38754
389.3438
364.0948
971.9717
396.1835
400.3924
405.68713
619.2839
667.5212
382.18286
527.3067
737.576
449.91302
425.9388
556.2207
391.1681
394.3747
479.57352
465.17206
392.20145
583.4772
348.00516
601.8527
424.63254
430.97003
562.0187
343.86508
394.8025
396.0373
434.59253
340.32922
1005.2574
414.42874
442.32013
331.12805
951.1077
336.8117
387.1317
299.29523
1045.7714
397.41702
426.29974
303.58878
995.77545
265.22427
375.8704
255.12411
950.26404
353.96396
366.20148
383.29016
731.2291
404.9193
421.17358
279.87018
1005.0869
253.19427
407.4167
397.12302
370.2939
232.53123
258.93793
285.78677
617.9171
365.32803
360.0442
499.66412
903.86414
379.39307
410.16684
418.00046
1017.1952
349.54025
327.13156
670.1299
292.55634
243.49919
621.01733
339.96194
350.198
899.37103
359.84213
336.88544
467.65817
732.0742
336.1322
370.4495
467.42783
852.45636
406.42123
443.39603
340.89972
745.979
276.11136
337.46387
580.5565
359.03003
251.80246
757.2866
396.0152
397.0498
303.1357
899.9306
359.77838
374.21704
210.6267
1147.7318
321.6293
389.09982
268.96652
985.78
327.80817
356.77557
357.67923
874.611
386.27097
415.07578
331.8139
910.90955
244.68097
329.05902
249.76457
892.4843
365.28314
391.39502
302.0603
910.3237
226.83273
334.55106
319.8364
218.3592
317.26752
366.71744
389.84534
396.4455
385.91418
904.51495
367.52728
390.38205
344.5495
959.3191
287.53342
444.2435
341.9555
673.9166
829.13666
358.86206
385.68143
474.90112
749.9872
405.25735
400.22775
354.09695
574.8161
460.9337
651.0849
598.0183
393.536
466.15106
491.44867
629.2225
335.84286
267.45914
619.9422
442.94476
290.95908
491.52472
445.70706
304.23248
395.26334
266.85892
302.6783
550.02325
392.727
287.5858
409.22763
528.7682
358.71823
410.26056
320.22272
627.5486
424.1606
391.95352
573.7345
326.15128
238.12364
708.47003
361.34818
349.55734
554.14984
308.9379
373.88257
338.98584
351.79556
372.8407
950.6125
348.45026
355.97842
480.12247
662.85376
371.35043
382.01974
359.3023
910.4813
406.26846
437.1937
387.48273
617.9899
429.48636
478.2455
403.96396
319.6585
387.11008
273.39902
842.3523
323.8848
324.1104
331.26932
659.58716
362.86844
370.16415
289.7425
1006.1664
314.87357
368.63016
318.2214
710.0547
318.7702
353.16714
412.14172
282.74045
276.82178
290.893
235.89894
748.3695
324.52365
342.28635
296.6158
487.56488
339.70242
303.6566
459.8646
250.88805
139.19092
234.44865
286.48376
488.87613
290.21613
228.12476
571.872
278.98135
249.72519
643.0037
289.87534
236.01952
506.00964
212.90659
207.46596
483.4433
210.13338
215.42293
608.46106
312.1919
289.6114
398.5113
235.59567
263.76877
275.1552
262.36765
500.6634
357.5825
320.784
403.45404
243.54553
262.26218
497.21448
271.54904
334.7649
363.0064
293.76318
298.955
713.5959
315.6015
308.89145
478.20407
310.15576
307.04947
518.90765
328.11816
279.32547
625.7288
444.66083
383.54483
494.47662
657.7038
422.90338
437.61484
425.38913
736.53107
347.06668
308.9841
485.28558
316.5861
331.0878
551.17694
288.89148
290.82358
308.64722
711.16455
223.52974
295.4309
309.75272
935.7174
374.00687
423.48926
306.19016
574.9065
319.076
294.92987
513.4431
326.9619
260.09738
761.70917
287.1197
295.37778
286.96957
804.264
338.05408
355.6232
347.94766
859.11615
258.1355
324.7038
355.7351
611.1649
317.4269
314.86636
376.88287
601.68774
330.48535
365.17404
306.43182
761.2149
291.59943
346.4503
298.13345
762.6124
316.4581
366.56143
292.72375
495.56412
376.50964
312.16174
640.37915
236.6478
247.31943
279.6935
402.2418
242.43835
218.48526
599.3749
286.7695
278.02243
351.69492
202.50435
210.45459
592.2267
301.99472
314.1079
234.81895
306.35266
336.83017
256.98663
473.742
287.8894
303.45358
444.3269
391.93713
281.61008
666.9465
275.8861
280.69028
446.71597
295.90906
341.00616
275.48022
363.49622
247.03302
201.7969
573.8628
268.9429
261.92905
585.9838
228.15675
225.156
332.095
692.08575
346.64206
360.42007
263.3233
877.2272
266.52008
321.51862
240.00851
873.38446
270.9253
317.27377
214.09688
871.2385
219.632
298.7061
195.98747
328.63794
344.25177
265.3785
538.6607
205.08684
209.79953
422.30566
225.92003
187.9105
668.3688
276.0313
288.6824
328.09436
815.93976
220.22366
336.83417
183.98476
795.0649
189.29478
254.39354
258.55704
599.2766
268.53204
280.37888
310.53635
793.74554
207.83751
312.72818
226.18022
620.98517
178.84348
231.13672
337.5838
216.05344
231.39119
514.38367
373.30643
395.91525
413.73535
410.0511
423.05545
387.9149
547.3109
262.14328
383.73932
331.1735
405.60413
206.26115
198.72491
389.51102
268.15128
206.18927
513.4149
214.49684
220.43806
469.27402
261.6533
199.50407
585.1221
222.69196
221.68721
325.69308
187.78775
166.42767
213.57239
430.91193
280.99597
272.82983
351.3628
949.2186
274.22937
362.89963
198.85999
705.0299
187.50012
215.42458
167.98631
194.54109
199.24268
198.43172
628.89435
277.72037
290.19284
322.51486
953.75085
291.6321
387.65707
288.70978
446.11722
921.60675
298.36505
347.97885
224.924
708.47296
298.21338
198.77235
199.48686
536.9521
236.88016
199.49217
376.9234
198.48383
216.89449
589.23773
350.22244
369.15295
407.0345
251.23079
285.80673
314.0914
269.49207
196.11438
195.39653
278.60376
193.22139
209.64822
648.2539
296.44852
292.64197
320.63904
867.6606
243.9371
374.88657
199.88351
762.1198
195.63696
235.36339
210.70827
231.10059
249.07219
204.01057
504.78085
225.35284
257.53857
434.86655
219.30484
201.46564
301.69696
275.54715
282.32352
360.67175
295.67072
330.74594
333.82745
359.78058
388.76935
535.6612
287.89542
223.64336
584.13684
249.80089
220.60252
447.59335
209.99066
212.56096
475.19525
218.60707
205.14345
421.03888
192.56493
184.15794
592.25745
315.8904
286.51416
465.37668
204.38963
192.63722
590.5886
262.22748
239.12364
336.38632
854.8034
252.49176
362.02936
206.25159
620.22375
210.3647
205.03152
340.23572
196.04887
210.61188
501.91443
265.16568
255.86128
302.6239
305.77728
312.21683
300.56918
224.03584
580.2306
251.80075
256.33887
561.8779
343.56134
282.45932
560.2535
216.57686
204.89893
557.73553
288.99564
235.01701
448.05313
215.8176
243.10872
555.7693
297.46277
285.85553
425.1331
258.6159
159.01833
404.16724
328.9627
249.2602
548.9648
217.53957
216.49655
504.3793
256.054
211.77364
533.3503
219.62079
213.96805
491.81326
239.44395
197.68549
492.7534
247.69876
240.00398
528.2355
220.89558
206.99063
487.36246
276.37555
238.47884
646.0274
248.54199
236.74944
304.0159
223.64919
296.61075
235.5998
704.76996
265.15625
305.38678
281.24207
609.52155
292.5462
295.319
680.95917
255.6278
337.17688
373.38257
526.3626
369.71222
365.0942
449.87366
208.94
305.47147
330.14896
570.98004
243.96124
237.9936
511.31674
266.62463
219.07787
460.31726
213.39919
210.42175
366.37073
215.94269
188.88016
603.0841
304.74646
413.3484
288.37445
352.667
359.3669
284.46146
573.736
278.02133
309.2095
430.077
270.7026
257.04245
341.00464
237.51744
232.43254
536.9233
216.05399
225.03755
382.21808
771.2853
289.98465
369.6767
319.7573
545.4716
209.16989
346.47702
566.18567
287.42606
248.52515
400.16797
286.0176
229.18336
310.69043
244.65825
228.31076
301.7578
187.69508
189.0666
604.0004
343.7882
347.58557
379.2659
250.82199
304.78683
378.94647
254.36473
254.9194
634.7271
271.3353
294.39392
345.9041
200.02962
223.42117
204.72992
242.81543
669.8612
289.39603
331.374
228.21877
809.2844
270.45712
413.39117
320.83853
646.3594
396.53418
436.49417
441.95258
324.4389
686.94476
462.67102
379.3128
412.44083
288.4454
567.71686
402.57217
321.525
353.54294
258.55646
573.71356
277.99884
276.57324
287.53546
232.45506
714.08093
165.15794
312.5763
302.52917
221.22821
827.5116
241.60481
374.51968
387.09476
233.2457
694.63464
271.41858
328.8823
334.9299
227.08444
775.91626
312.48416
216.8879
257.72498
568.2416
223.6058
253.11621
239.57254
415.2264
345.16125
336.02664
430.35156
277.56754
413.47772
378.20084
402.50183
218.747
316.5302
311.25928
284.37686
256.42114
328.59534
215.32724
218.63911
547.4471
263.8043
262.84662
434.0318
209.3014
140.90889
201.64322
434.00714
267.49295
238.86537
544.2465
222.07173
208.41568
479.2121
276.12326
296.86096
402.76834
172.8632
185.7246
248.93907
275.37256
199.08281
194.72005
729.5843
264.44766
283.36847
278.71954
847.1005
215.93564
295.15985
205.39056
769.79895
198.44589
231.78339
285.46082
791.2702
308.12158
327.51764
263.32877
834.7737
200.69035
295.71277
221.87679
198.06493
289.43842
262.04166
704.97015
207.19618
259.06305
279.96683
812.67487
255.23875
284.36844
318.6626
627.89825
301.63382
328.9323
196.95819
882.1759
196.80685
398.57767
404.93942
231.60333
779.9634
445.23737
394.78864
407.20865
370.18393
301.6283
472.80267
242.04323
248.22543
260.16617
217.36916
415.51105
284.114
251.52483
499.98917
223.29112
209.8414
500.51657
279.0745
258.5056
431.3842
229.86377
124.109955
316.97543
284.48926
214.49945
585.95264
209.0246
362.07916
292.71234
538.8664
230.17436
206.45859
360.34393
298.14737
223.39629
500.70114
209.9348
239.4097
366.93823
238.7992
197.8757
572.55
213.18213
242.37444
394.4828
201.50534
183.43428
583.6363
277.12308
267.94257
425.25018
202.44897
181.42903
245.31718
266.46835
197.2135
608.6976
194.39189
221.42511
395.0741
198.2019
210.2062
458.2233
240.11191
236.12955
419.22775
279.7505
260.7884
443.26822
267.9405
199.58522
645.8337
300.45227
316.62585
478.7086
256.40134
246.04814
386.1015
341.26572
275.75986
569.9229
205.827
205.69037
503.62653
247.44429
226.17873
480.08505
223.92816
217.25066
547.90216
244.43903
219.9002
516.3268
243.78679
231.8068
558.91016
226.04263
210.79083
543.31396
271.66763
246.47919
564.93353
227.37102
220.93146
488.00873
242.71245
235.07204
290.1764
268.6856
208.11589
598.0818
210.9818
244.88329
488.88068
202.67194
194.98015
454.9262
237.86685
231.6629
509.6183
203.14491
195.56705
426.07764
237.15715
226.69617
543.91046
202.09001
204.41254
364.5248
265.221
243.4552
767.78906
216.20442
257.2265
301.14478
206.01694
303.72122
355.2393
515.0507
217.09492
230.95062
374.63882
288.63715
273.8052
676.29663
290.4635
310.04477
310.69098
776.9988
261.23007
373.79404
335.17853
593.0761
363.9959
405.60617
409.8684
284.55737
717.38324
378.90097
349.03824
353.9938
345.44305
756.3302
357.40054
250.09683
266.29102
253.34033
794.7454
263.44894
374.3908
388.93027
303.52026
584.15295
366.465
305.83948
341.10315
329.9195
409.004
238.50363
378.2327
274.0744
260.16428
368.40057
217.27716
246.62706
223.81908
230.37285
769.8535
314.6258
317.24088
304.15164
832.59625
233.62201
304.3994
304.81625
246.20929
255.39183
548.0543
327.6619
270.57065
338.64658
318.99872
473.11002
292.3116
220.5025
517.7067
306.26584
281.74716
347.12183
844.6062
313.4317
320.29907
313.10846
584.4547
667.45764
363.8151
405.66327
437.08737
606.0991
427.54703
420.84122
430.9863
360.44208
793.94214
552.0691
397.90942
399.5026
376.3518
355.8716
591.81506
296.9874
308.14575
232.19339
757.4369
267.8215
318.05923
442.65424
273.54453
236.01761
236.45714
365.38333
254.70874
221.85506
556.3156
257.27158
228.44649
618.35345
228.80801
230.85693
379.99182
205.93028
198.82826
651.193
275.49786
256.32217
374.74664
190.10474
187.01343
655.80005
304.2495
290.86743
468.76086
212.49432
199.43848
561.06
292.09293
261.4172
531.17163
208.81201
241.18764
373.91605
246.50204
214.44371
587.8339
240.28499
251.10849
453.76486
211.85527
201.15985
584.7804
271.21594
235.39801
445.56488
207.25238
193.57397
625.1916
273.96002
269.5024
407.38068
204.01175
200.833
655.5849
301.79062
286.70892
458.3277
218.45708
197.35748
460.06732
303.3016
260.35135
530.1821
228.0527
207.75066
214.8423
408.5493
241.10574
199.76503
560.6235
244.6234
246.70341
453.45123
208.3364
201.43176
559.20984
258.26706
253.15932
419.74252
207.571
187.52098
613.4323
269.73862
255.02411
454.65027
213.14345
209.42964
558.8387
261.36078
241.46802
478.27975
221.00739
212.27374
525.2891
229.20282
213.51663
494.97696
230.24904
220.53731
478.82895
218.54626
203.78859
527.1141
231.13507
221.7089
471.1035
219.8434
204.27406
499.16046
241.01576
221.92911
469.65564
220.80196
206.05492
520.9706
234.89928
224.06711
476.64923
220.55428
208.08264
498.90024
228.52737
227.27933
496.89212
233.57619
209.14383
492.31845
227.96605
232.9351
427.5949
222.74548
132.41623
204.7536
218.24994
208.80444
424.75424
259.40616
319.31006
657.7107
241.59438
250.92714
302.99994
639.7103
313.7423
357.8727
458.35437
224.74232
258.8831
474.5138
253.85822
276.46603
547.869
219.64339
210.96143
523.745
254.85959
265.03558
456.36133
203.24109
203.20451
580.4329
285.46848
269.33255
325.53442
204.20123
264.71872
713.27606
326.82684
313.772
312.74634
796.4313
274.08286
315.56052
504.6859
244.72717
226.98163
679.81116
308.51865
316.79947
523.4316
393.22015
251.96571
511.42493
335.13388
321.0581
601.01056
284.40875
321.32364
329.38083
254.98218
259.40082
565.4649
533.981
341.0699
472.577
552.85944
293.7176
476.90256
372.54465
300.7978
634.9981
311.613
314.67752
636.1671
366.3298
408.3448
357.42917
633.8475
284.58118
261.19354
560.2214
333.34674
279.02625
700.532
252.58307
267.9604
395.7655
451.16306
359.81787
363.61917
439.02368
363.50983
256.12668
327.2966
354.5413
320.88702
373.54858
288.88168
280.8821
226.29099
365.36688
305.0068
273.7476
641.49457
174.05193
302.13608
368.747
267.73767
265.80054
331.34546
243.4672
193.59993
219.86577
392.33127
269.5806
213.69106
611.84045
221.94252
226.00224
427.13193
223.1978
190.17094
524.0578
253.24184
184.76286
288.7472
225.13127
190.67236
563.7005
215.83987
260.18127
449.40695
205.03777
187.52298
533.9819
238.27681
263.48544
423.1173
190.89798
170.21823
185.9705
375.82278
230.95663
198.72748
519.4672
200.75873
193.32462
418.17816
203.82564
349.56293
250.99416
523.25116
144.71976
319.65317
245.35834
483.09387
169.1704
284.34177
216.30963
330.9524
175.51761
212.69055
317.23688
240.9636
167.27881
279.23856
221.25854
217.7725
179.11397
225.73518
296.2404
215.201
219.41551
200.97098
323.30423
277.448
237.91577
345.05615
215.65549
198.22496
527.738
200.0232
202.61606
391.9786
198.09213
190.15874
524.3707
232.64032
227.83353
440.81516
231.95692
215.2455
430.33157
213.59184
162.69095
427.7726
230.61436
170.16364
284.69055
223.45503
192.63985
512.98236
185.69034
178.40393
239.27522
222.561
239.18042
546.3761
198.37883
239.23825
414.12875
191.32428
194.42528
180.1216
207.6751
217.70242
203.49983
307.6761
218.93916
196.30132
489.25067
205.86278
162.80797
341.2232
226.25334
152.76427
145.86699
299.7737
257.7196
210.73753
443.5133
265.28903
354.93317
340.21014
217.96301
662.71436
380.71985
339.17194
363.8085
290.78247
396.57727
399.5627
246.85281
276.79306
212.78407
512.08545
321.51355
304.70322
327.7215
231.82948
491.94138
355.77383
291.01996
320.4235
234.76537
527.1865
375.48615
278.89792
326.10248
240.07658
435.8138
332.642
280.50558
297.74338
163.75275
382.57245
126.19773
220.37376
150.69038
332.45383
142.00183
255.99979
219.4834
385.4019
281.6437
285.0298
290.54196
199.38539
554.2567
323.31564
334.82205
344.8624
219.47768
518.44763
377.9165
279.11716
322.6164
217.27335
461.76776
335.81375
278.33444
296.66992
203.43465
512.8762
340.64496
288.65515
318.97324
216.81505
462.91095
359.17816
273.05655
291.5076
183.59578
405.9172
327.311
274.60513
301.96143
208.39148
453.18723
342.2559
276.2712
300.17926
173.38013
283.83725
197.47142
117.92427
171.974
190.495
204.93837
148.01674
133.19664
110.549774
109.04755
104.11384
103.0454
98.78239
96.989944
96.955154
94.87318
95.710266
94.191925
95.93128
96.013885
96.2914
96.000244
94.46391
94.46404
93.53294
93.81946
94.10704
93.47642
92.319786
92.08038
91.762405
92.0203
92.2327
92.41648
92.1799
92.15401
91.898865
91.99259
91.93684
91.49544
91.33749
91.5846
91.296974
91.048515
91.30441
91.126076
90.961334
91.156006
91.04205
90.8524
90.96317
91.03382
91.007805
91.012726
90.955414
90.936035
91.02519
91.002815
90.8948
90.90001
90.91341
90.88207
90.901054
90.89711
90.84035
90.84619
90.87297
90.84055
90.816345
90.82684
90.82553
90.82104
90.81888
90.804276
90.79844
90.80044
90.78798
90.77751
90.77682
90.768585
90.76085
90.759575
90.751114
90.74229
90.74137
90.73688
90.72928
90.72653
90.7231
90.717384
90.71422
90.71067
90.70635
90.704155
90.7014
90.698105
90.69654
90.6946
90.692535
90.69216
90.69175
90.69126
90.692375
90.69358
90.69472
90.697365
90.70051
90.70407
90.708725
90.714355
90.720985
90.72894
90.73811
90.74865
90.76125
90.77577
90.79256
90.811935
90.83418
90.859886
90.88915
90.92231
90.959465
91.00045
91.04446
91.09064
91.1382
91.1872
91.23908
91.29493
91.35526
91.418526
91.483246
91.54845
91.61306
91.67674
91.73898
91.798256
91.84984
91.882195
91.88038
91.84366
91.749916
91.86179
91.78649
91.9028
91.97947
92.102036
92.25217
92.33707
92.48655
92.55705
92.65081
92.71838
92.77598
92.804405
92.80202
92.77672
92.709236
92.554695
92.47276
92.4365
92.614334
92.63305
92.80089
92.850815
93.04104
93.04732
93.269905
93.360504
93.55782
93.52039
93.34969
93.19537
93.1553
93.13159
93.100235
93.01217
93.11772
92.906746
92.82795
92.69746
92.78182
92.541916
92.53184
92.49316
92.47391
92.44683
92.50281
92.424225
92.45808
92.45009
92.49094
92.450386
92.6483
92.49348
92.64108
92.578445
92.76831
92.5657
92.682976
92.459724
92.53634
92.35929
92.45829
92.29583
92.39285
92.28784
92.43854
92.352715
92.53743
92.39874
92.5425
92.39262
92.5373
92.36885
92.510765
92.36501
92.52401
92.394035
92.57603
92.43427
92.60519
92.45374
92.61663
92.43723
92.58765
92.41785
92.581024
92.417404
92.58897
92.43337
92.60883
92.44714
92.61595
92.44309
92.60661
92.43343
92.60407
92.431725
92.60531
92.43761
92.61612
92.44096
92.61067
92.437645
92.61444
92.4326
92.59875
92.43071
92.61863
92.42857
92.57944
92.42473
92.636986
92.41487
92.50155
92.38791
92.663376
92.378006
92.35197
92.26109
92.1734
92.126076
92.269356
92.069275
92.10485
92.077324
92.20474
92.27046
92.664444
92.486435
92.25548
92.1632
92.15594
92.120926
92.21336
92.00544
92.033646
92.00406
92.08532
92.102135
92.33074
92.24187
92.42643
92.42179
92.43899
92.198555
92.41348
92.12902
92.26598
92.55905
92.818634
91.976395
93.02609
93.06344
93.50401
91.960144
92.42227
93.209946
92.83641
92.300674
92.090805
92.40664
91.94731
91.86241
91.66037
91.59347
92.05648
91.86719
91.48982
91.80522
92.307686
92.01838
91.48583
91.83932
91.78604
91.12826
91.41544
91.2914
91.17343
91.436646
91.77913
91.03834
92.03498
92.291824
91.432465
91.03094
91.9901
91.80074
92.895454
97.86633
92.2588
96.291115
112.750404
104.809235
95.9417
96.15542
96.721954
94.077156
95.023445
95.71047
99.655014
101.67629
97.77916
96.922005
97.37917
94.873985
103.92292
113.61578
112.08528
102.29503
98.395935
106.984245
114.98485
110.77647
106.40955
101.1243
94.45872
104.909386
101.28607
96.19267
102.91894
100.05258