20.0
20.0
20.4
31.8
40.0
40.0
41.0
53.2
52.0
46.2
40.8
40.2
40.0
40.0
42.0
47.0
47.0
45.0
49.2
49.399998
47.0
53.600002
64.0
61.6
63.4
65.0
54.000004
52.8
68.2
49.6
54.4
41.4
44.0
41.4
45.6
58.399998
45.6
45.0
54.2
49.6
46.6
44.600002
49.399998
62.800003
44.4
43.6
49.2
64.8
42.2
41.0
42.0
51.8
57.6
45.0
43.8
50.800003
40.0
46.2
41.2
40.2
40.2
43.2
66.2
45.4
44.600002
50.0
50.4
58.0
47.4
41.600002
42.399998
48.6
77.200005
58.399998
56.0
62.4
69.0
61.0
55.199997
61.6
89.600006
60.8
61.0
73.0
76.200005
51.0
45.8
49.399998
66.399994
68.4
55.199997
49.6
54.8
64.600006
82.200005
50.199997
47.0
57.4
78.2
62.199997
61.799995
56.4
75.8
46.399998
44.4
56.0
70.0
43.2
32.600002
43.6
59.8
45.8
60.399998
52.8
52.0
67.0
51.6
56.6
52.2
55.4
58.999996
62.800003
68.0
70.6
68.6
69.6
56.6
56.199997
71.200005
57.0
43.399998
39.6
44.0
54.000004
40.6
40.4
62.199997
71.4
67.0
63.0
48.2
60.600002
50.4
42.2
38.0
33.0
30.000002
41.800003
42.0
56.0
59.399998
63.0
43.2
53.2
62.6
51.8
57.200005
46.6
61.199997
58.8
40.0
53.2
44.600002
39.2
42.0
39.2
43.2
47.8
46.399998
44.0
51.2
53.8
44.600002
54.6
40.6
43.2
58.399998
58.0
22.2
21.8
36.199997
41.600002
51.8
30.4
22.400002
40.0
42.0
57.8
44.2
42.0
42.6
44.4
44.4
44.600002
41.600002
51.8
50.4
57.6
48.2
48.4
54.000004
40.0
39.8
40.0
29.4
43.6
37.4
41.800003
46.8
59.399998
40.2
40.2
42.2
50.0
22.6
20.6
21.4
34.0
40.8
40.0
33.8
46.399998
38.0
22.2
26.4
46.399998
42.2
40.8
38.800003
49.8
33.8
67.799995
43.0
68.4
40.0
41.2
41.0
42.8
46.0
44.2
41.0
46.399998
49.0
42.6
55.199997
45.8
48.4
43.6
47.8
49.8
41.4
49.6
46.8
41.4
40.0
30.199999
43.8
37.6
49.8
49.399998
57.6
42.8
43.8
41.800003
41.2
48.4
41.800003
53.600002
55.6
47.2
43.399998
53.399998
53.600002
43.0
41.600002
44.4
46.0
59.2
44.0
46.2
41.0
42.399998
55.4
44.800003
44.2
22.8
27.4
38.2
58.8
28.2
50.4
48.0
43.399998
42.0
53.8
39.399998
40.6
50.800003
59.2
49.8
46.8
58.2
49.6
52.399998
43.6
61.799995
39.8
49.2
45.8
52.8
47.2
66.799995
50.6
45.2
64.600006
44.2
66.6
59.8
61.0
66.2
63.4
62.6
49.0
51.6
59.8
43.6
39.399998
77.600006
52.399998
69.4
72.399994
44.600002
41.0
56.6
46.0
73.4
69.0
55.0
59.399998
56.800003
53.399998
49.6
66.799995
64.4
49.399998
64.4
62.800003
43.0
55.4
42.0
33.399998
48.4
43.8
52.0
47.2
52.999996
48.6
56.0
60.600002
41.0
29.0
46.6
56.199997
39.2
56.199997
51.4
47.8
43.6
58.8
46.399998
57.200005
39.2
47.8
47.600002
47.2
45.0
46.0
51.2
51.6
55.6
66.399994
60.399998
66.2
79.4
54.4
49.8
72.799995
51.4
43.2
28.400002
55.0
52.999996
68.0
74.2
63.6
73.2
52.999996
55.0
54.000004
48.0
63.4
68.2
48.6
44.600002
38.0
56.199997
52.999996
31.2
28.2
31.600002
61.799995
55.6
58.8
50.6
31.400002
27.599998
48.8
40.2
48.0
34.6
57.200005
42.0
41.600002
46.399998
50.6
56.800003
60.000004
62.0
52.8
47.2
78.4
58.0
42.6
35.0
78.799995
45.6
58.600002
30.4
29.800001
57.8
50.199997
69.2
33.399998
32.4
40.4
70.8
72.2
59.399998
59.600002
77.4
68.6
71.8
60.600002
71.8
69.4
79.6
66.0
69.0
52.2
63.4
62.4
60.000004
71.0
56.0
47.4
64.8
54.8
67.6
70.8
51.6
71.6
75.2
56.800003
66.6
69.2
59.399998
66.399994
62.4
61.6
65.6
70.6
57.6
69.0
69.4
55.4
68.2
74.8
53.600002
81.6
72.2
53.399998
75.8
66.399994
75.8
78.2
72.399994
70.4
71.0
54.8
67.6
65.6
71.0
89.4
76.4
59.2
70.0
71.0
55.199997
75.0
65.6
63.6
85.0
74.0
88.8
72.799995
72.399994
75.2
72.6
73.2
57.200005
70.200005
70.0
56.800003
73.0
85.6
90.8
71.8
80.0
72.2
75.8
55.199997
65.4
61.6
54.000004
71.0
69.8
74.0
70.8
74.8
72.6
89.200005
70.6
82.6
56.0
61.6
56.4
75.8
70.0
64.8
66.0
69.8
76.6
53.2
63.800003
77.600006
73.799995
68.2
80.0
61.0
68.6
67.0
74.8
75.0
72.0
71.8
73.6
72.799995
70.4
71.6
64.4
79.2
72.799995
76.0
73.6
72.2
70.6
68.2
61.799995
73.0
73.4
73.2
75.0
73.4
74.0
70.8
78.4
57.4
58.399998
53.2
58.600002
71.4
51.4
58.399998
56.6
57.0
56.0
63.800003
65.6
65.6
70.0
74.4
63.800003
64.200005
44.2
45.6
67.2
72.799995
67.799995
66.6
73.4
62.4
72.0
67.6
76.200005
86.4
74.4
59.8
58.8
74.6
60.000004
61.0
65.0
75.2
56.0
73.4
72.799995
76.4
71.200005
74.8
70.8
68.0
56.0
61.799995
54.6
55.0
71.0
44.800003
54.8
58.8
49.6
38.2
41.4
72.6
74.2
70.0
72.0
72.0
54.2
64.600006
63.800003
60.8
50.0
73.799995
70.0
72.399994
46.8
57.4
53.600002
48.0
55.0
65.200005
47.0
71.8
73.6
51.0
69.4
67.0
71.0
47.0
73.2
59.2
65.4
72.0
64.0
59.8
55.6
58.2
48.6
59.600002
57.8
70.4
60.2
71.8
69.6
88.8
51.8
43.2
58.0
59.8
51.2
80.4
90.8
53.600002
64.0
62.800003
71.6
71.200005
72.399994
70.4
73.0
69.4
67.799995
65.200005
72.399994
58.399998
58.600002
57.8
55.6
58.8
61.4
58.2
58.2
60.000004
60.8
56.800003
45.6
47.2
50.199997
72.6
70.4
55.4
69.0
71.8
88.6
55.199997
62.4
60.600002
70.8
68.2
65.6
67.0
55.4
70.0
58.0
57.4
44.2
56.6
65.6
60.2
66.2
67.799995
62.4
63.200005
68.6
74.2
74.2
68.0
72.399994
72.2
73.0
73.6
85.399994
73.6
78.0
60.600002
58.999996
56.800003
57.8
74.8
68.6
62.0
63.6
58.399998
62.800003
52.600002
68.0
56.199997
72.6
68.6
73.0
70.8
73.0
67.4
73.2
72.0
62.6
51.4
63.6
64.200005
66.0
64.600006
73.6
75.4
60.2
66.0
71.4
65.8
62.4
52.399998
73.6
65.0
74.8
74.2
68.8
78.799995
66.0
58.600002
68.6
70.200005
75.0
75.4
74.8
75.8
57.0
72.0
70.6
59.8
81.6
73.2
76.200005
55.0
75.6
73.6
54.8
72.6
80.2
93.8
68.8
73.2
73.799995
76.4
92.799995
75.0
71.0
90.6
95.0
77.4
73.799995
72.2
71.200005
91.799995
78.0
70.4
67.6
65.6
78.0
35.2
59.8
61.0
68.0
66.0
74.0
72.799995
63.200005
67.4
50.6
55.6
54.2
58.2
68.8
47.600002
65.200005
57.4
50.199997
44.4
45.8
49.8
38.800003
51.4
46.8
51.0
42.6
61.4
67.4
67.799995
76.0
70.6
71.6
66.399994
68.8
56.4
69.6
57.8
72.6
73.799995
75.6
68.8
66.0
72.799995
84.6
63.0
58.0
75.8
53.600002
63.800003
61.199997
72.0
72.399994
56.199997
59.2
47.4
57.4
70.200005
73.0
70.8
76.4
73.4
72.399994
74.0
74.4
73.4
73.4
68.2
71.8
54.2
57.0
73.4
57.0
61.6
51.6
67.2
62.199997
72.2
71.200005
75.2
62.4
58.600002
72.799995
31.8
37.2
31.600002
34.6
30.599998
48.8
45.8
50.6
45.6
54.000004
48.2
47.0
50.0
59.399998
70.0
54.8
69.6
63.0
69.0
72.6
73.799995
73.6
70.4
76.4
57.6
58.8
47.0
60.000004
59.600002
48.4
70.200005
74.6
68.0
65.4
74.2
56.0
42.399998
37.0
41.2
51.6
70.0
43.399998
48.0
61.0
74.4
82.0
77.0
68.2
56.0
47.8
43.8
25.6
39.8
39.8
41.4
54.2
34.2
33.399998
40.0
25.2
61.199997
68.4
49.399998
47.600002
49.8
53.399998
67.2
72.799995
69.6
63.0
79.2
68.8
67.0
62.6
69.0
66.6
70.8
69.0
66.799995
78.6
68.2
46.8
44.2
53.2
38.600002
39.8
40.0
22.8
61.199997
46.0
60.000004
61.0
48.4
50.4
53.600002
60.000004
59.8
75.4
60.600002
61.6
59.600002
67.0
68.2
70.4
73.4
67.799995
63.4
65.8
73.6
57.4
53.2
52.0
33.399998
50.800003
46.0
44.600002
52.999996
46.6
54.6
54.6
32.2
35.2
52.0
47.4
52.2
61.4
56.199997
43.8
55.0
41.4
37.2
54.000004
49.8
49.0
62.0
56.0
57.200005
58.999996
57.6
60.000004
63.6
49.6
48.2
57.200005
47.600002
65.0
68.8
62.800003
63.800003
58.600002
62.6
70.8
56.199997
62.199997
55.6
65.4
48.8
42.0
38.600002
40.2
63.6
63.0
70.6
44.2
44.4
45.4
57.6
57.4
49.2
48.8
53.399998
36.6
56.4
36.8
41.0
38.4
39.399998
55.0
40.4
60.399998
60.8
68.4
61.4
62.6
65.4
57.8
48.4
62.199997
65.200005
65.8
61.4
60.8
61.0
71.0
66.799995
64.0
62.800003
68.8
66.2
68.4
51.6
68.0
64.8
60.2
70.4
70.200005
62.0
61.6
44.600002
50.6
49.6
68.6
41.2
43.6
65.6
67.2
55.4
53.2
56.4
54.000004
58.999996
48.4
55.199997
47.600002
45.6
41.600002
43.6
53.600002
65.0
47.8
58.600002
49.6
50.199997
60.000004
49.8
48.6
69.8
63.6
68.4
52.399998
47.4
27.8
39.0
36.0
37.4
48.0
37.4
39.8
39.2
40.0
28.2
54.8
57.200005
65.6
57.0
57.4
56.199997
55.6
29.4
58.399998
58.999996
55.0
50.6
52.0
58.8
42.0
41.2
39.399998
63.6
50.800003
51.0
70.200005
59.600002
55.199997
62.199997
46.399998
51.6
58.2
56.0
57.6
64.200005
52.0
47.4
45.2
44.4
53.399998
42.6
56.4
50.0
52.999996
73.6
56.199997
56.4
69.2
55.800003
55.4
53.8
47.4
55.6
55.6
55.6
64.200005
55.6
68.2
58.399998
58.999996
60.8
29.800001
59.399998
54.4
60.399998
53.2
65.4
59.2
44.600002
55.6
52.399998
52.999996
49.6
50.199997
62.0
72.6
65.8
63.800003
58.0
56.800003
62.199997
59.2
61.199997
74.2
71.0
55.4
56.800003
72.6
49.0
64.200005
59.600002
69.2
52.399998
60.000004
58.999996
61.6
55.199997
59.399998
58.8
66.6
54.2
55.800003
51.8
52.2
57.0
67.799995
36.8
61.799995
61.0
57.200005
58.600002
72.399994
30.599998
82.4
62.0
65.6
67.2
74.8
65.4
57.8
54.8
56.6
53.600002
57.0
66.399994
68.6
66.0
68.6
61.799995
60.399998
58.999996
60.000004
31.0
59.8
56.800003
58.999996
68.8
64.200005
52.0
41.800003
40.0
44.2
61.799995
48.6
51.8
69.0
69.8
67.2
56.6
55.800003
54.8
74.6
73.6
73.4
66.2
73.4
71.4
71.4
73.6
72.2
72.399994
75.0
74.8
74.2
74.2
52.8
65.8
63.800003
70.4
67.0
70.0
71.6
75.0
74.8
74.0
53.600002
93.2
75.0
63.200005
63.200005
65.200005
58.600002
58.999996
57.4
58.999996
54.4
58.600002
54.2
69.6
70.4
69.8
60.000004
58.0
66.0
59.399998
57.4
51.2
61.199997
48.2
74.0
64.600006
68.4
75.0
62.0
62.199997
57.8
59.8
63.0
57.6
66.2
67.2
77.0
42.399998
41.0
67.799995
31.600002
52.600002
53.8
55.800003
67.799995
58.2
53.399998
71.8
55.4
42.2
54.000004
37.6
40.6
65.200005
39.0
62.800003
59.600002
53.8
65.8
54.000004
75.2
70.8
62.800003
44.0
41.2
53.399998
35.4
47.4
41.800003
61.4
46.0
45.2
42.0
42.8
42.8
45.0
44.800003
54.4
46.399998
44.4
57.6
50.199997
52.399998
17.6
53.2
52.0
55.0
52.399998
56.199997
69.4
55.6
60.000004
58.999996
58.8
59.600002
63.6
78.2
76.0
73.0
74.2
62.199997
59.2
63.800003
48.6
49.8
43.2
59.600002
58.0
70.200005
73.0
57.8
59.399998
64.200005
64.200005
55.6
59.2
70.200005
70.0
76.8
54.6
65.4
63.6
77.0
70.6
86.4
74.6
62.0
66.6
67.6
73.799995
69.6
73.0
73.0
66.2
88.4
71.8
74.6
90.8
72.799995
72.0
77.0
75.2
41.2
58.999996
57.0
58.2
44.600002
60.000004
58.2
64.8
63.200005
52.0
52.999996
68.0
68.8
57.8
23.199999
48.4
46.399998
44.4
44.800003
62.6
38.0
78.2
59.399998
69.8
59.600002
51.8
62.0
58.999996
61.6
62.199997
63.200005
60.399998
52.2
64.600006
68.0
61.4
74.2
51.0
71.8
68.4
67.2
54.4
69.0
70.8
77.0
68.8
72.0
52.0
40.8
39.6
40.2
51.8
46.0
50.4
63.800003
73.6
68.2
51.0
51.6
56.199997
21.199999
48.6
46.6
44.4
43.6
49.8
37.4
77.200005
72.799995
65.8
55.4
56.6
68.2
65.8
64.0
67.4
48.4
50.800003
50.0
47.2
29.6
44.2
55.4
54.4
25.2
56.0
53.2
51.4
40.6
46.2
63.6
71.6
58.399998
68.2
51.8
68.4
75.0
56.6
60.2
64.0
55.6
51.4
50.4
51.4
66.6
60.000004
62.199997
68.0
65.6
50.6
49.2
48.8
60.399998
55.800003
55.800003
59.2
67.6
68.2
76.4
69.0
78.799995
75.2
82.200005
66.0
68.2
56.6
71.4
64.600006
54.000004
55.800003
52.2
59.2
52.0
52.8
53.2
62.199997
52.8
52.8
51.8
56.4
51.8
52.0
53.8
64.8
59.600002
61.0
84.0
65.4
81.6
32.0
58.0
55.4
50.199997
52.999996
45.6
64.600006
73.6
78.6
47.4
72.6
61.799995
64.0
49.6
53.8
56.800003
55.4
57.4
51.4
69.2
74.2
79.0
58.2
68.8
62.0
61.4
49.399998
61.4
62.4
66.799995
62.199997
75.4
77.8
70.0
77.200005
75.8
65.6
62.199997
60.000004
60.600002
60.8
52.999996
77.0
69.2
65.8
62.800003
76.200005
68.2
68.0
71.0
62.4
65.0
65.0
78.6
67.6
61.0
63.800003
60.600002
57.4
51.8
59.399998
34.8
72.2
61.4
60.8
70.200005
74.8
87.6
66.399994
59.8
65.8
55.0
52.399998
67.799995
69.6
74.8
68.8
83.600006
89.0
84.2
71.4
70.0
70.8
51.4
77.8
75.0
77.0
20.800001
63.200005
56.0
52.999996
54.8
54.2
56.800003
69.8
44.2
46.8
92.0
80.6
80.8
59.2
62.0
67.0
61.0
73.799995
75.2
70.0
66.799995
65.0
70.4
73.799995
77.4
55.800003
78.4
74.8
72.0
61.4
59.2
55.800003
49.0
45.0
74.0
63.0
59.8
52.999996
67.6
75.2
67.0
52.8
64.0
65.0
68.2
52.600002
63.4
68.4
56.199997
69.0
71.6
66.399994
71.0
68.4
52.399998
58.2
53.8
58.2
57.6
45.6
46.6
71.0
72.0
59.8
65.200005
69.6
49.8
57.200005
57.8
53.2
52.2
53.2
64.0
44.600002
63.0
62.6
62.4
58.600002
25.400002
70.4
66.6
68.2
71.8
58.8
39.2
58.600002
54.2
71.8
73.6
70.4
75.8
60.2
54.8
76.6
74.0
70.8
65.0
59.2
56.199997
57.8
59.399998
66.2
69.8
69.6
55.4
55.4
53.2
66.399994
53.600002
67.0
73.6
70.4
48.6
72.799995
75.8
76.0
87.4
81.6
88.6
78.799995
75.8
72.6
85.2
72.6
89.600006
74.0
71.6
85.2
66.399994
78.6
75.4
79.6
73.2
86.799995
64.4
89.8
85.6
69.4
81.6
73.6
70.6
48.2
71.4
74.6
73.0
95.4
79.4
90.6
90.6
74.2
89.0
78.2
72.0
88.6
62.800003
90.6
73.2
74.2
52.399998
87.0
95.4
68.4
79.0
87.6
87.4
73.4
89.200005
89.8
73.799995
93.8
68.6
89.200005
87.2
80.8
85.799995
92.799995
89.600006
74.8
75.4
60.399998
89.200005
94.8
73.4
88.6
73.6
90.8
60.2
92.2
92.2
69.6
80.8
73.6
82.200005
63.4
92.799995
91.2
74.8
93.8
91.6
95.6
94.0
82.0
94.4
85.2
93.8
93.0
88.8
79.799995
95.6
91.6
74.2
81.2
70.6
93.8
93.4
75.4
91.6
88.200005
81.4
94.0
95.0
95.0
94.4
81.0
77.200005
89.8
72.799995
94.2
92.0
78.2
90.200005
82.4
91.2
94.4
96.200005
96.6
96.4
96.4
96.6
96.0
94.4
87.2
94.0
94.6
92.799995
86.2
96.200005
96.0
80.2
96.4
94.8
96.4
92.799995
88.8
84.4
96.4
93.4
76.0
91.6
72.2
92.2
92.6
76.4
91.799995
73.0
93.2
70.0
96.0
74.0
91.0
71.200005
92.2
72.0
74.0
94.2
89.200005
76.200005
76.6
93.8
97.2
92.799995
90.0
77.0
86.6
76.200005
93.2
73.6
84.0
72.6
94.8
71.6
73.2
92.2
96.200005
77.200005
88.200005
74.0
78.0
74.6
93.6
96.6
96.200005
74.2
75.8
73.2
66.6
96.8
94.4
68.8
79.4
86.2
67.4
93.8
73.4
77.0
77.0
92.4
90.8
92.0
83.0
97.6
73.2
93.0
69.8
89.200005
76.8
96.200005
93.8
76.8
95.200005
95.200005
94.6
94.2
95.4
93.6
91.2
94.8
96.0
83.8
98.2