571.0687
573.7331
577.4243
580.6074
586.0459
601.2152
620.74994
615.348
563.3145
490.51184
457.73874
477.49716
504.45313
512.2391
503.0357
485.38232
464.5463
442.1392
420.17487
404.6462
399.2172
398.2353
395.92923
392.55804
389.43896
386.18668
382.2733
378.2779
375.317
373.7105
372.60123
371.01694
368.8121
366.342
363.80322
361.174
358.48868
355.93362
353.6947
351.7962
350.14703
348.67575
347.37112
346.21597
345.1564
344.1358
343.13016
342.1434
341.1812
340.23828
339.30963
338.39703
337.50504
336.63522
335.78345
334.94714
334.12964
333.33804
332.57748
331.84985
331.1523
330.47964
329.82306
329.17477
328.52805
327.8787
327.22754
326.57648
325.92978
325.28995
324.65903
324.0374
323.4243
322.8187
322.2194
321.62592
321.03778
320.45526
319.87897
319.3083
318.7434
318.18283
317.62598
317.07175
316.51965
315.96957
315.4213
314.8757
314.33304
313.79373
313.25745
312.72467
312.1956
311.66852
311.14474
310.62308
310.104
309.58704
309.07257
308.56058
308.05075
307.5431
307.03784
306.53442
306.0332
305.53384
305.03625
304.5407
304.04678
303.55508
303.06555
302.57758
302.0915
301.6074
301.12485
300.64417
300.16504
299.6875
299.2118
298.73782
298.2652
297.7942
297.32492
296.8571
296.39096
295.92627
295.46307
295.00134
294.54102
294.08218
293.62503
293.1688
292.7143
292.2611
291.8095
291.359
290.9097
290.46185
290.015
289.56976
289.12604
288.68307
288.24155
287.80124
287.36212
286.92422
286.4875
286.0517
285.61737
285.18384
284.75174
284.32047
283.89038
283.46155
283.03363
282.60672
282.18082
281.75595
281.33206
280.9095
280.48758
280.06656
279.64655
279.22772
278.8094
278.39236
277.97635
277.56085
277.14655
276.73276
276.32022
275.90833
275.49728
275.08716
274.67792
274.26932
273.86172
273.45486
273.04877
272.64362
272.2388
271.83524
271.43228
271.02994
270.62845
270.2279
269.82776
269.4285
269.0298
268.63217
268.2348
267.83847
267.44257
267.04767
266.65332
266.25955
265.86655
265.47418
265.08246
264.69144
264.30115
263.91125
263.5223
263.13382
262.74622
262.35873
261.97223
261.58658
261.20117
260.81653
260.43243
260.0491
259.6661
259.284
258.90247
258.52127
258.14096
257.7611
257.38187
257.00323
256.62543
256.2479
255.87105
255.49483
255.1192
254.74405
254.36942
253.99568
253.6224
253.24954
252.87744
252.50586
252.13467
251.76413
251.39438
251.02501
250.65643
250.28828
249.92075
249.55356
249.1872
248.82126
248.45586
248.091
247.72676
247.36333
247.00006
246.63768
246.27565
245.91418
245.55353
245.1931
244.83344
244.4743
244.11578
243.75757
243.40042
243.04344
242.68692
242.33122
241.97604
241.62129
241.26718
240.91359
240.56062
240.20819
239.85638
239.50493
239.15404
238.80386
238.45416
238.10513
237.75647
237.40842
237.06105
236.71417
236.3679
236.0219
235.67665
235.33183
234.9877
234.64412
234.30109
233.9583
233.6164
233.27501
232.93411
232.59369
232.25377
231.91458
231.57579
231.23764
230.90002
230.56277
230.22615
229.89021
229.55452
229.21962
228.88513
228.5512
228.21767
227.8848
227.55246
227.22066
226.88936
226.5584
226.22829
225.8985
225.56926
225.2405
224.91228
224.58463
224.25742
223.93065
223.60445
223.27902
222.95367
222.62917
222.30496
221.98123
221.65811
221.33546
221.0133
220.69171
220.37054
220.04979
219.72949
219.40988
219.09065
218.77187
218.4537
218.13585
217.81862
217.50163
217.18533
216.86925
216.55403
216.2391
215.92468
215.61052
215.29703
214.98396
214.6713
214.35907
214.0472
213.73593
213.42508
213.11473
212.80472
212.49529
212.18616
211.87756
211.56937
211.26167
210.95432
210.64742
210.34084
210.03496
209.72932
209.42421
209.1194
208.81499
208.51122
208.2076
207.90459
207.60185
207.29958
206.99774
206.69632
206.39519
206.0946
205.7943
205.49443
205.19516
204.8961
204.59752
204.29909
204.00134
203.7039
203.4068
203.11015
202.81392
202.51794
202.22241
201.92715
201.63261
201.33817
201.04414
200.75055
200.45723
200.16434
199.87193
199.57979
199.28809
198.99658
198.7056
198.41492
198.12476
197.83476
197.54521
197.25609
196.96715
196.67877
196.39052
196.10298
195.81552
195.52853
195.24203
194.95558
194.66966
194.38414
194.09894
193.81398
193.52971
193.24536
192.9616
192.6782
192.39522
192.11238
191.83018
191.54819
191.26646
190.98515
190.70425
190.42366
190.14337
189.86345
189.58409
189.30492
189.02606
188.74762
188.46953
188.19183
187.91457
187.63765
187.36101
187.08461
186.80864
186.53313
186.25786
185.98302
185.70854
185.43456
185.16072
184.88727
184.61432
184.34169
184.06946
183.79756
183.52597
183.2548
182.98405
182.71358
182.44354
182.17378
181.90456
181.63562
181.36708
181.09892
180.83118
180.5637
180.29669
180.03004
179.76376
179.49796
179.23251
178.96739
178.70265
178.4384
178.17458
177.91101
177.64789
177.3852
177.12282
176.86089
176.59949
176.33852
176.07782
175.81754
175.55756
175.29807
175.03906
174.78056
174.52228
174.26447
174.0071
173.75018
173.4936
173.2376
172.98189
172.72667
172.47183
172.21751
171.96358
171.71011
171.45712
171.20453
170.95236
170.70056
170.4493
170.19838
169.94803
169.6982
169.44868
169.19962
168.95102
168.7029
168.45534
168.20819
167.96138
167.71527
167.46938
167.22408
166.97917
166.73485
166.4909
166.24754
166.0047
165.76201
165.52019
165.27855
165.03761
164.79703
164.55711
164.31755
164.07831
163.8398
163.60165
163.36427
163.12708
162.89043
162.65446
162.4188
162.1838
161.94917
161.71501
161.48148
161.24847
161.01598
160.78389
160.5524
160.3214
160.09085
159.861
159.6315
159.40254
159.17412
158.94612
158.71869
158.49197
158.26561
158.03987
157.8145
157.58984
157.36548
157.14182
156.91864
156.69608
156.47408
156.25244
156.03143
155.81085
155.59087
155.37155
155.15262
154.93431
154.7165
154.4991
154.28244
154.0662
153.85062
153.63547
153.4208
153.20688
152.99342
152.78044
152.56796
152.35623
152.14485
151.9341
151.72392
151.51427
151.30516
151.0965
150.88843
150.68102
150.47408
150.26775
150.06184
149.8565
149.65172
149.44756
149.24388
149.0407
148.83826
148.63623
148.43474
148.23384
148.03345
147.83359
147.63423
147.43555
147.23735
147.03975
146.8426
146.64601
146.44998
146.25453
146.05968
145.86525
145.67136
145.47804
145.28539
145.09319
144.9014
144.71022
144.51973
144.32964
144.14017
143.95117
143.76277
143.57489
143.38754
143.20079
143.01443
142.82872
142.64348
142.45882
142.27461
142.091
141.90785
141.7253
141.54332
141.36176
141.18085
141.0004
140.8206
140.64108
140.46228
140.28404
140.10606
139.92882
139.7521
139.57578
139.40005
139.22493
139.05026
138.876
138.70241
138.52922
138.35664
138.18446
138.01283
137.8418
137.6712
137.50114
137.33153
137.16246
136.99403
136.82588
136.65839
136.49124
136.32469
136.15875
135.9932
135.82814
135.66348
135.49954
135.336
135.17291
135.0103
134.84828
134.68669
134.52554
134.36497
134.20485
134.04518
133.88602
133.72743
133.56917
133.41147
133.25435
133.09755
132.94113
132.78548
132.63005
132.47523
132.32085
132.16695
132.01343
131.86055
131.7081
131.55597
131.40439
131.25334
131.10266
130.95253
130.80287
130.65349
130.50473
130.35626
130.20842
130.06105
129.91412
129.76744
129.62141
129.47577
129.3306
129.18585
129.04152
128.89764
128.75435
128.61134
128.46881
128.32675
128.18504
128.04384
127.902985
127.76276
127.62285
127.483376
127.34428
127.20573
127.067505
126.92973
126.79238
126.655495
126.51901
126.383
126.24735
126.11215
125.97731
125.8429
125.708984
125.5754
125.4423
125.30961
125.1773
125.045395
124.91389
124.78282
124.652176
124.52187
124.39207
124.26262
124.133415
124.00485
123.87666
123.7488
123.62132
123.494316
123.36763
123.24141
123.11558
122.99013
122.86497
122.74033
122.616005
122.492134
122.368614
122.2455
122.12276
122.00037
121.878395
121.75687
121.635635
121.51483
121.39436
121.27429
121.154655
121.03533
120.91635
120.79784
120.679695
120.56179
120.444374
120.32732
120.21069
120.09436
119.97835
119.86274
119.74762
119.63266
119.5182
119.404144
119.29039
119.17692
119.06397
118.951195
118.83892
118.72695
118.615395
118.50415
118.3932
118.28265
118.172516
118.0627
117.95325
117.84412
117.735374
117.62703
117.5189
117.41118
117.30382
117.19677
117.09005
116.983734
116.877754
116.77209
116.6668
116.56196
116.457306
116.352974
116.24903
116.14544
116.04216
115.93926
115.83668
115.73446
115.63254
115.53088
115.42976
115.32879
115.22821
115.12796
115.02808
114.928444
114.82912
114.730286
114.63168
114.53348
114.43552
114.33795
114.24061
114.143555
114.04695
113.9507
113.85468
113.75901
113.66363
113.56864
113.47393
113.37962
113.28545
113.191734
113.098335
113.00514
112.91241
112.8199
112.72767
112.63588
112.54435
112.45312
112.362206
112.27163
112.18135
112.09138
112.00168
111.91232
111.82323
111.73447
111.64611
111.558014
111.47018
111.382614
111.29547
111.20853
111.12195
111.03566
110.94963
110.86391
110.778656
110.69354
110.60865
110.52426
110.44006
110.356125
110.272575
110.18933
110.10629
110.02358
109.941185
109.85912
109.77728
109.69571
109.614525
109.53358
109.452965
109.37261
109.292564
109.2128
109.133194
109.05418
108.97523
108.89665
108.81836
108.740265
108.662544
108.585075
108.507904
108.43099
108.35433
108.27806
108.20209
108.12627
108.05077
107.97563
107.90069
107.82604
107.75167
107.677635
107.6039
107.5303
107.45705
107.384125
107.31142
107.23886
107.1668
107.09489
107.02329
106.95197
106.880936
106.81014
106.73965
106.669464
106.599335
106.529655
106.46017
106.39098
106.32213
106.2535
106.18515
106.116974
106.049126
105.98155
105.91418
105.846985
105.78028
105.713806
105.6474
105.58136
105.51558
105.45008
105.384796
105.3198
105.25499
105.19052
105.126274
105.06225
104.99842
104.934975
104.87171
104.80871
104.74591
104.68343
104.62118
104.55913
104.497345
104.435776
104.37456
104.31351
104.25267