0.8
0.6
12.8
20.4
21.6
22.2
24.2
25.0
25.2
25.2
25.8
26.6
28.400002
30.000002
31.8
36.6
40.8
42.8
45.6
49.399998
52.2
53.2
52.600002
51.0
49.8
49.0
52.600002
59.8
62.199997
62.199997
62.0
61.4
61.0
60.600002
59.600002
58.999996
57.8
57.200005
57.4
58.0
58.0
58.2
59.399998
60.2
60.399998
61.4
62.0
62.4
62.6
63.200005
63.6
64.0
64.0
64.200005
64.4
64.600006
64.600006
64.600006
64.600006
64.600006
64.8
64.8
65.0
65.4
65.4
65.4
65.6
65.8
65.8
65.8
66.0
66.0
66.0
66.0
66.2
66.6
66.799995
66.799995
67.2
67.2
67.6
68.2
68.2
68.2
68.4
68.4
68.4
68.4
68.4
68.6
69.0
69.0
69.0
69.2
69.2
68.8
69.0
69.0
69.0
69.0
69.0
69.2
69.2
69.2
69.4
69.4
69.4
69.4
69.6
69.8
69.8
69.8
69.8
70.0
70.0
70.0
70.200005
70.4
70.6
70.6
70.6
70.6
70.6
70.6
70.6
70.6
70.6
70.6
70.6
70.8
70.8
71.0
71.0
71.0
71.200005
71.4
71.4
71.4
71.4
71.4
71.4
71.4
71.4
71.4
71.4
71.4
71.4
71.4
71.4
71.4
71.4
71.200005
71.200005
71.200005
71.200005
71.200005
71.200005
71.200005
71.200005
71.4
71.8
71.8
71.8
71.8
72.0
72.0
72.0
72.2
72.2
72.2
72.2
72.399994
72.6
72.399994
72.399994
72.399994
72.399994
72.399994
72.399994
72.2
72.0
72.0
72.0
72.0
72.0
72.0
72.0
72.0
72.0
71.8
71.8
72.2
72.399994
72.399994
72.399994
72.6
72.799995
73.0
73.0
73.2
73.4
73.4
73.4
73.4
73.4
73.4
73.4
73.4
73.4
73.2
73.2
73.6
73.6
73.6
73.4
74.0
74.0
74.2
74.2
74.2
74.2
74.2
74.2
74.2
74.4
74.4
74.4
74.8
75.0
75.2
75.2
75.2
75.4
75.4
75.6
75.6
75.6
75.6
75.6
75.6
75.8
75.8
76.0
76.200005
76.200005
76.200005
76.4
76.4
76.6
76.6
76.6
76.8
77.0
77.0
77.0
77.0
77.0
77.0
77.4
77.4
77.600006
78.0
78.2
78.2
78.2
78.2
78.2
78.4
78.4
78.4
78.4
78.4
78.6
78.799995
78.799995
78.799995
78.799995
78.799995
79.0
79.2
79.2
79.4
79.4
79.6
79.799995
79.799995
79.799995
80.2
80.2
80.4
80.4
80.4
80.4
80.4
80.4
80.4
80.6
80.6
80.8
80.8
80.8
80.8
80.8
81.0
81.0
81.0
81.0
81.2
81.2
81.4
81.6
81.8
81.8
82.0
82.0
82.0
82.200005
82.200005
82.200005
82.200005
82.4
82.8
82.8
82.8
83.0
83.0
83.0
83.4
83.4
83.4
83.4
83.600006
83.8
84.0
84.2
84.4
84.6
84.6
84.6
84.6
84.6
84.6
84.6
84.799995
84.799995
84.799995
84.799995
85.0
85.0
85.0
85.2
85.2
85.2
85.6
85.799995
86.0
86.2
86.2
86.4
86.4
86.6
86.6
86.6
86.799995
86.799995
86.799995
86.799995
86.799995
87.0
87.0
87.0
87.0
87.0
87.0
87.0
87.0
87.2
87.2
87.4
87.4
87.6
87.6
87.8
88.0
88.200005
88.200005
88.4
88.4
88.6
88.6
88.8
88.8
88.8
88.8
88.8
89.200005
89.200005
89.200005
89.4
89.4
89.4
89.4
89.4
89.600006
89.600006
89.8
90.0
90.0
90.0
90.0
90.0
90.200005
90.200005
90.200005
90.6
90.8
90.8
90.8
91.0
91.2
91.2
91.2
91.2
91.2
91.2
91.2
91.2
91.2
91.6
91.799995
91.799995
91.799995
91.799995
91.799995
91.799995
91.799995
91.799995
92.0
92.0
92.0
92.0
92.0
92.0
92.0
92.0
92.2
92.2
92.2
92.2
92.2
92.2
92.2
92.2
92.2
92.4
92.4
92.6
92.6
92.6
92.6
92.6
92.6
92.6
92.6
92.6
92.799995
93.0
93.2
93.2
93.2
93.6
93.6
93.6
93.6
93.6
93.6
93.6
93.6
93.8
94.0
94.0
94.2
94.2
94.2
94.2
94.2
94.2
94.2
94.2
94.2
94.2
94.2
94.4
94.4
94.4
94.4
94.4
94.4
94.4
94.4
94.4
94.4
94.4
94.4
94.4
94.4
94.4
94.4
94.4
94.4
94.4
94.4
94.4
94.4
94.4
94.4
94.4
94.4
94.4
94.4
94.4
94.4
94.4
94.4
94.4
94.4
94.4
94.4
94.4
94.4
94.4
94.4
94.4
94.4
94.4
94.4
94.4
94.4
94.4
94.4
94.4
94.4
94.4
94.4
94.4
94.4
94.4
94.8
94.8
94.8
94.8
95.0
95.0
95.0
95.0
95.0
95.0
95.0
95.0
95.0
95.0
95.0
95.0
95.0
95.0
95.0
95.0
95.200005
95.200005
95.200005
95.200005
95.200005
95.200005
95.200005
95.200005
95.200005
95.200005
95.200005
95.200005
95.200005
95.200005
95.200005
95.200005
95.200005
95.200005
95.200005
95.200005
95.4
95.4
95.4
95.4
95.4
95.4
95.4
95.4
95.4
95.4
95.4
95.4
95.4
95.4
95.4
95.4
95.6
95.6
95.6
95.8
95.8
95.8
95.8
95.8
95.8
95.8
95.8
95.8
95.8
95.8
95.8
95.8
95.8
95.8
95.8
95.8
95.8
95.8
95.8
95.8
95.8
95.8
95.8
96.0
96.0
96.0
96.0
96.0
96.0
96.0
96.200005
96.200005
96.200005
96.200005
96.200005
96.4
96.4
96.4
96.4
96.4
96.4
96.4
96.4
96.4
96.4
96.4
96.4
96.4
96.4
96.4
96.4
96.4
96.4
96.4
96.4
96.4
96.4
96.4
96.4
96.4
96.4
96.4
96.4
96.4
96.4
96.4
96.4
96.4
96.4
96.4
96.4
96.4
96.4
96.4
96.4
96.4
96.6
96.6
96.6
96.6
96.6
96.6
96.6
96.6
96.6
96.6
96.6
96.6
96.6
96.6
96.6
96.6
96.6
96.6
96.4
96.4
96.4
96.4
96.4
96.4
96.4
96.4
96.4
96.4
96.4
96.4
96.4
96.4
96.4
96.6
96.6
96.6
96.6
96.6
96.6
96.6
96.6
96.6
96.6
96.6
96.6
96.6
96.6
96.6
96.6
96.6
96.6
96.6
96.6
96.6
96.6
96.6
96.6
96.6
96.6
96.6
96.6
96.6
96.6
96.6
96.6
96.6
96.6
96.6
96.6
96.6
96.6
96.6
96.6
96.6
96.6
96.6
96.6
96.6
96.6
96.6
96.6
96.6
96.6
96.6
96.6
96.6
96.6
96.6
96.6
96.6
96.6
96.6
96.6
96.6
96.6
96.6
96.6
96.6
96.6
96.6
96.6
96.6
96.6
96.6
96.6
96.6
96.6
96.6
96.6
96.6
96.6
96.6
96.6
96.6
96.6
96.6
96.6
96.6
96.6
96.6
96.6
96.6
96.6
96.6
96.6
96.6
96.6
96.6
96.6
96.8
96.8
96.8
96.8
96.8
96.8
96.8
96.8
96.8
96.8
96.8
96.8
96.8
96.8
96.8
96.8
96.8
96.8
96.8
96.8
96.8
96.8
96.8
96.8
96.8
96.8
96.8
96.8
96.8
96.8
96.8
96.8
96.8
96.8
96.8
96.8
96.8
96.8
96.8
97.0
97.0
97.0
97.0
97.0
97.0
97.2
97.2
97.2
97.2
97.2
97.2
97.2
97.399994
97.399994
97.399994
97.399994
97.399994
97.399994
97.6
97.6
97.6
97.6
97.6
97.6
97.6
97.6
97.6
97.6
97.6
97.6
97.6
97.6
97.6
97.6
97.6
97.6
97.6
97.6
97.6
97.6
97.6
97.6
97.6
97.6
97.6
97.6
97.6
97.6
97.799995
97.799995
97.799995
97.799995
97.799995
97.799995
97.799995
97.799995
97.799995
98.0