29.800001
45.8
43.8
28.0
40.0
30.199999
29.4
34.4
68.8
54.4
49.8
46.0
40.0
40.0
40.0
40.0
40.4
45.4
61.4
61.799995
61.6
62.4
63.800003
46.2
46.6
53.8
52.999996
61.199997
75.4
54.8
54.000004
54.8
55.4
58.0
59.600002
59.8
75.4
60.2
51.8
50.4
64.0
49.0
53.2
57.200005
47.4
52.399998
70.0
45.4
54.000004
53.8
28.0
54.4
70.6
73.6
61.6
65.6
61.4
55.800003
62.6
55.199997
75.0
59.8
60.8
77.600006
35.2
51.6
49.399998
45.2
66.0
49.0
51.0
53.2
71.4
55.6
66.6
62.4
62.800003
55.4
73.799995
78.0
58.0
68.2
53.399998
69.4
66.799995
70.8
65.8
60.000004
52.2
46.0
43.8
48.0
48.2
43.8
41.4
41.4
41.600002
42.8
62.0
69.0
61.0
54.4
46.399998
42.2
55.0
38.0
49.0
51.2
56.6
59.399998
80.2
54.000004
62.6
60.000004
57.200005
55.6
57.6
55.800003
55.800003
51.4
48.0
45.0
62.199997
62.199997
50.800003
61.4
62.6
71.0
62.4
56.0
57.8
50.800003
48.0
44.2
41.800003
57.0
41.2
41.800003
41.800003
46.2
48.6
47.8
51.4
65.0
40.4
70.8
72.6
46.8
69.0
66.2
60.399998
73.4
79.6
57.4
60.8
56.4
63.0
62.0
63.4
64.200005
68.8
81.0
91.6
72.799995
79.0
79.6
88.6
73.2
75.2
76.200005
70.4
72.0
73.799995
66.6
74.0
66.399994
72.399994
81.8
81.2
67.0
76.6
76.200005
65.4
74.4
73.799995
84.799995
46.399998
80.4
76.6
61.6
64.4
75.4
76.200005
86.4
75.8
75.4
68.0
64.600006
73.0
61.6
89.0
79.0
61.199997
61.0
61.799995
64.200005
66.6
55.6
69.4
46.399998
77.200005
69.2
54.2
77.8
68.2
62.0
73.4
53.2
47.2
52.399998
61.0
65.0
67.0
71.6
61.199997
78.0
65.4
68.0
69.0
63.6
70.4
85.799995
71.200005
74.8
74.2
78.799995
72.6
72.399994
77.0
75.2
77.0
71.6
78.6
78.799995
89.8
70.0
77.600006
77.0
75.2
61.0
74.6
77.200005
84.799995
42.8
71.6
65.6
59.2
59.8
72.0
76.4
93.4
60.600002
73.6
69.2
82.0
49.0
93.2
86.0
51.2
88.4
71.6
60.399998
86.4
86.2
50.4
95.0
74.8
88.0
76.0
95.200005
84.4
77.200005
76.0
69.0
78.2
78.6
74.4
78.0
77.4
79.799995
79.2
95.200005
57.0
77.4
74.0
91.399994
77.0
83.4
78.799995
91.399994
77.8
77.200005
82.8
77.8
78.0
78.2
58.600002
78.0
73.2
64.4
45.8
75.8
76.4
94.6
58.2
71.4
73.2
71.8
76.8
88.4
61.6
77.600006
75.0
75.6
48.6
76.200005
74.2
72.799995
54.000004
91.6
76.6
83.4
62.0
77.200005
80.8
59.8
84.4
89.600006
65.8
78.0
90.8
59.399998
92.4
94.0
64.4
94.2
94.0
83.600006
77.200005
97.2
75.0
78.2
90.0
63.0
94.4
77.4
78.2
63.0
77.4
76.200005
76.6
74.2
68.4
66.399994
77.600006
76.4
72.6
83.0
79.4
76.6
79.2
80.0
61.799995
73.4
77.200005
76.8
74.0
94.8
84.2
78.0
78.799995
97.0
96.200005
77.8
84.2
62.4
93.8
77.200005
77.4
65.4
95.8
77.600006
84.2
77.4
95.6
70.8
78.0
78.2
74.4
79.0
89.0
63.0
77.600006
83.8
58.8
94.2
91.6
64.8
90.200005
97.2
73.799995
78.0
86.2
62.199997
93.8
78.0
77.0
85.6
84.2
78.2
91.6
77.4
93.6
95.4
89.200005
77.600006
92.0
65.6
97.399994
78.2
77.4
56.6
70.200005
78.2
73.4
75.8
59.8
61.6
77.200005
70.0
71.8
96.0
55.4
57.0
76.0
67.4
69.2
92.4
60.8
92.799995
90.8
95.4
78.6
87.0
87.8
95.4
91.399994
87.2
92.6
97.2
87.4
78.0
78.2
91.6
77.0
82.4
81.2
78.799995
78.0
87.4
95.4
67.0
78.6
73.799995
75.2
55.800003
81.2
93.2
72.6
73.4
77.0
86.6
78.0
78.6
89.4
71.8
78.0
74.2
79.0
55.0
57.8
72.6
43.399998
58.999996
72.799995
72.2
65.200005
59.8
63.4
67.2
54.4
75.2
50.800003
55.0
71.6
68.0
60.399998
62.0
74.8
58.600002
39.399998
47.600002
68.4
55.4
70.6
75.4
72.799995
39.8
63.4
77.0
76.200005
74.6
65.6
68.0
66.2
80.0
72.0
71.200005
67.2
78.0
69.0
72.2
73.4
82.0
73.6
72.799995
70.200005
68.2
72.399994
77.4
69.4
74.4
71.200005
73.4
71.6
74.0
72.6
67.2
69.2
44.800003
41.2
52.2
47.600002
56.199997
57.6
58.399998
40.4
49.6
56.0
38.800003
52.999996
57.4
56.800003
55.800003
56.199997
54.8
54.6
62.6
75.4
73.799995
54.8
55.4
68.4
54.4
72.799995
64.0
58.2
27.000002
57.0
58.600002
58.399998
38.800003
36.199997
34.2
36.199997
25.2
23.199999
44.800003
59.8
56.6
56.4
58.2
76.8
46.0
62.199997
59.600002
60.399998
64.0
69.4
66.799995
71.4
66.6
65.6
55.4
60.2
61.799995
63.200005
64.600006
70.4
74.0
86.4
80.2
87.6
69.2
55.6
81.2
57.6
68.4
70.8
71.6
63.0
60.600002
48.0
52.600002
59.2
68.4
58.399998
64.600006
43.8
53.600002
46.0
55.199997
32.4
54.8
45.0
59.600002
60.600002
64.600006
73.6
70.200005
62.800003
66.399994
65.6
68.6
60.399998
70.4
50.800003
70.6
48.6
51.4
54.000004
66.399994
58.999996
56.199997
62.199997
64.8
50.199997
52.2
63.200005
64.8
75.6
74.0
74.4
64.600006
56.0
60.000004
67.0
72.6
74.4
57.8
57.0
69.8
67.2
66.6
72.799995
73.2
78.4
70.8
80.2
92.799995
91.6
63.800003
58.2
57.4
47.0
71.8
86.0
55.0
73.0
62.800003
70.0
61.0
73.6
79.4
76.200005
71.4
67.2
78.799995
77.8
87.0
68.6
85.6
88.8
61.199997
97.2
87.0
58.0
90.0
65.200005
60.600002
65.4
89.600006
68.0
64.600006
87.0
60.399998
78.799995
83.4
81.0
59.8
95.4
92.0
68.6
91.0
90.200005
83.0
81.8
89.600006
69.2
79.0
79.4
95.200005
81.6
96.4
79.0
81.2
72.799995
79.0
77.8
72.799995
96.4
68.0
65.200005
92.0
83.8
77.200005
92.4
90.0
79.2
77.4
76.0
79.2
77.200005
77.600006
87.8
76.8
78.0
77.4
78.6
72.799995
76.8
70.200005
57.0
78.799995
77.4
73.4
49.2
76.200005
76.6
81.6
73.799995
75.0
73.799995
73.4
73.4
79.4
83.0
75.0
73.799995
68.2
66.0
78.0
70.6
88.6
91.799995
74.2
70.6
71.200005
88.200005
70.0
77.4
67.799995
65.200005
74.4
73.0
63.200005
76.200005
67.799995
64.200005
89.200005
66.0
80.8
75.0
61.4
72.399994
67.6
94.0
94.2
78.6
78.6
69.6
58.600002
74.4
73.2
96.6
69.6
76.8
75.0
83.8
89.0
79.2
79.0
91.399994
93.4
78.799995
77.600006
70.4
78.799995
90.0
70.6
77.8
76.6
68.4
87.0
74.8
78.0
67.2
68.4
72.6
63.800003
56.199997
74.2
59.2
58.2
72.399994
63.0
55.6
80.2
64.0
74.6
66.799995
69.4
68.0
62.199997
87.0
57.0
58.399998
55.4
73.799995
62.199997
68.6
70.0
57.6
51.2
60.000004
64.8
62.6
71.8
58.999996
58.0
73.2
65.200005
54.4
72.2
80.8
70.8
68.2
61.799995
50.6
58.2
69.4
86.799995
64.4
90.0
85.799995
67.2
62.199997
60.000004
75.2
84.4
62.800003
89.8
67.799995
71.8
58.600002
78.6
65.4
89.4
91.2
64.200005
85.6
76.200005
71.6
76.0
59.399998
93.0
94.2
59.399998
74.2
74.0
85.399994
82.8
93.8
71.8
79.2
76.6
67.4
76.4
91.399994
79.0
97.6
76.8
76.0
85.399994
67.0
74.2
92.2
68.0
77.8
75.4
94.0
42.0
78.0
71.200005
81.6
64.8
78.2
77.200005
65.8
70.200005
65.6
72.799995
72.6
77.4
67.799995
65.8
60.8
82.6
69.8
67.799995
79.2
78.6
77.4
75.2
68.0
75.4
56.800003
46.8
84.6
55.6
88.6
78.2
78.4
70.4
60.8
43.399998
75.0
71.4
72.399994
57.200005
78.4
65.0
45.2
76.6
66.2
40.4
59.2
86.4
74.2
81.0
70.0
74.0
76.6
74.6
78.4
87.6
76.4
75.2
82.200005
77.0
90.0
55.800003
60.600002
71.0
75.4
57.8
77.200005
75.8
59.600002
39.0
75.4
80.4
62.4
76.0
73.2
89.4
73.6
69.6
91.0
60.8
76.0
77.200005
73.4
42.8
64.600006
58.999996
50.4
57.8
64.4
55.0
52.999996
84.6
70.200005
59.2
57.6
67.2
62.6
51.6
54.8
71.6
54.2
57.0
76.8
66.399994
65.6
71.6
76.4
72.0
75.6
74.0
60.2
67.4
75.6
74.4
55.6
57.6
73.6
61.799995
63.800003
93.4
56.4
67.0
91.399994
87.6
75.6
75.2
81.8
81.6
85.799995
80.6
90.0
82.200005
76.6
88.0
88.6
78.6
77.0
68.2
84.4
80.6
68.8
72.399994
70.200005
64.4
65.200005
74.0
76.0
62.0
66.6
75.2
77.4
60.399998
50.6
66.2
82.0
81.8
83.8
75.0
76.200005
76.0
82.200005
77.8
83.8
74.8
74.4
74.6
75.6
76.6
83.8
77.0
76.4
77.600006
74.2
75.4
78.2
79.0
78.0
80.8
77.0
79.6
90.8
79.6
81.4
86.2
79.4
78.4
93.6
88.0
96.6
93.4
92.4
88.6
92.799995
94.0
97.6
93.6
81.8
87.0
87.4
87.4
79.4
79.0
82.6
78.799995
84.6
91.799995
77.8
75.2
74.4
78.4
68.6
79.2
78.2
72.399994
70.200005
72.399994
38.4
52.0
74.8
72.6
75.8
59.600002
88.200005
91.0
44.4
57.200005
59.399998
52.0
67.2
74.2
65.200005
78.0
77.200005
69.2
77.8
78.0
69.0
77.0
87.8
71.6
74.6
68.0
70.0
75.8
87.0
85.2
91.799995
75.8
70.0
69.0
83.200005
68.2
63.200005
77.600006
72.2
75.8
78.4
77.8
91.799995
79.0
79.799995
89.600006
71.0
78.6
76.0
71.6
76.8
90.0
83.0
91.799995
70.8
77.0
73.4
69.8
89.0
88.6
77.200005
76.6
77.200005
70.0
68.6
89.600006
89.0
74.2
68.2
80.4
68.2
76.6
75.8
76.8
53.8
73.799995
74.8
66.6
78.4
76.200005
87.0
75.0
85.399994
77.600006
75.8
77.200005
76.6
90.6
78.4
79.2
90.6
78.2
78.799995
94.6
79.0
78.4
78.2
72.0
74.8
78.4
75.6
88.0
79.2
78.799995
74.8
58.399998
78.2
79.2
78.6
64.200005
76.6
76.6
71.200005
56.4
88.4
87.0
76.6
87.2
74.8
79.4
76.0
74.2
75.6
64.200005
57.0
55.6
53.2
49.6
50.0
48.4
56.800003
73.4
72.799995
72.799995
65.8
73.799995
77.600006
76.4
73.4
77.200005
86.799995
49.6
72.799995
65.6
57.8
56.4
55.800003
51.0
54.2
61.6
68.8
66.0
65.4
67.799995
52.2
44.2
61.799995
56.6
52.600002
68.8
68.4
68.6
75.4
89.600006
85.0
66.2
78.799995
66.399994
66.0
91.799995
77.8
73.6
80.8
72.6
88.8
87.4
51.6
80.6
76.0
75.2
87.0
77.0
73.799995
73.4
85.2
87.2
76.200005
73.4
76.200005
70.0
69.2
57.6
57.200005
67.6
69.8
75.0
77.600006
77.8
93.4
95.8
93.8
75.2
65.200005
72.399994
77.0
57.8
78.6
78.799995
73.6
88.8
77.8
72.0
72.6
88.8
93.0
78.2
74.0
70.6
77.600006
50.0
46.8
71.6
68.6
69.2
72.2
70.200005
50.6
42.399998
43.399998
67.0
58.600002
61.6
67.2
87.6
70.200005
57.4
76.6
84.6
73.6
66.799995
60.8
52.999996
76.200005
59.8
71.4
76.4
67.799995
69.8
77.600006
76.6
76.4
53.399998
72.6
67.4
60.399998
61.4
73.2
41.4
39.8
39.6
64.8
77.0
71.6
71.4
74.6
51.6
57.8
58.999996
46.6
44.800003
52.2
59.399998
40.2
39.8
47.4
65.200005
58.600002
60.600002
72.399994
68.2
69.2
69.2
71.0
54.2
55.199997
58.8
70.0
60.8
71.8
72.2
68.0
48.8
55.4
74.2
74.0
70.8
50.0
76.0
69.4
83.200005
64.8
77.0
75.2
70.6
72.2
76.4
76.6
84.6
71.6
77.200005
77.4
72.799995
46.2
73.799995
75.8
75.4
94.2
75.8
69.2
71.200005
81.6
40.8
40.4
72.0
53.8
79.799995
74.6
68.2
39.2
47.2
65.6
62.800003
78.6
87.8
75.8
71.8
72.399994
66.2
38.2
59.8
75.2
77.8
77.200005
61.799995
51.4
76.0
75.4
76.200005
69.6
48.6
71.0
37.4
75.8
68.6
71.4
60.000004
46.0
41.0
40.4
47.8
51.6
42.8
48.8
41.800003
52.0
45.6
46.399998
36.8
60.399998
60.2
66.2
68.6
61.4
58.2
73.4
56.4
89.8
66.6
71.6
64.600006
55.4
74.0
72.399994
71.200005
66.0
75.8
73.0
64.0
44.800003
87.8
84.0
68.2
72.399994
70.8
62.0
59.8
64.200005
72.2
83.4
91.399994
97.0
69.4
78.6
77.4
86.2
84.6
75.0
75.4
66.6
77.0
94.4
69.2
87.4
81.2
75.6
64.8
75.0
74.6
85.399994
85.6
76.200005
73.4
87.4
76.200005
77.4
80.8
77.0
76.0
80.2
73.4
73.2
87.2
79.4
78.0
78.4
77.0
48.6
75.8
78.2
92.4
62.6
84.799995
82.8
73.2
89.600006
93.8
81.0
85.399994
90.200005
66.399994
77.8
77.600006
68.4
77.8
77.200005
76.0
78.0
77.4
85.6
78.4
82.4
82.0
78.0
75.6
84.0
82.4
94.4
77.200005
78.6
73.799995
66.799995
74.8
90.0
69.6
75.8
78.6
81.4
76.4
79.0
95.4
79.2
79.6
84.2
79.6
78.799995
76.8
69.4
73.2
73.799995
73.0
63.0
73.0
79.2
81.2
75.2
89.200005
77.4
74.8
81.0
89.4
89.600006
89.0
85.799995
78.4
73.799995
71.6
90.8
77.0
71.0
61.6
83.200005
72.0
65.4
79.4
82.200005
83.8
65.8
85.2
95.200005
75.8
94.2
91.799995
71.4
96.200005
87.6
94.6
81.2
95.8
97.399994
76.8
96.6
96.200005
66.6
93.6
91.399994
91.399994
92.2
92.2
94.0
87.2
97.2
85.799995
86.4
91.799995
75.6
94.0
85.2
85.2
90.6
90.0
88.0
94.8
97.799995
74.0
96.200005
77.8
75.2
90.6
95.6
95.6
91.399994
94.8
98.6