38.0
38.600002
55.4
49.8
52.2
45.6
40.2
55.4
57.8
57.8
52.0
52.600002
52.999996
51.2
51.8
57.4
58.8
56.800003
62.0
64.600006
62.4
62.6
58.8
66.399994
69.4
57.8
58.8
41.4
40.8
47.4
46.0
43.8
58.8
64.4
58.600002
58.2
60.399998
55.800003
74.8
70.8
72.799995
64.600006
66.6
66.799995
67.0
62.6
56.6
52.999996
54.2
54.2
40.2
40.0
41.2
55.199997
40.0
40.0
40.0
42.399998
59.600002
48.4
43.2
48.0
55.800003
48.4
57.0
40.6
40.4
40.8
40.4
40.0
40.2
45.8
47.4
59.2
49.8
42.6
41.4
58.999996
54.4
63.6
74.6
58.999996
62.6
40.0
40.0
42.0
56.800003
40.0
39.8
39.8
52.8
56.800003
40.0
40.0
40.0
40.8
55.199997
47.8
52.600002
55.199997
45.6
41.2
40.4
40.4
40.4
40.8
54.8
42.399998
46.0
57.6
56.199997
46.6
43.6
41.800003
48.6
46.2
48.8
47.0
46.2
47.0
51.8
56.4
57.0
56.199997
59.399998
59.399998
52.2
60.2
54.6
51.2
50.800003
61.0
49.399998
49.2
51.4
54.2
54.2
61.4
56.0
56.6
55.199997
65.0
52.600002
56.199997
61.0
77.8
60.000004
59.2
57.6
75.8
55.199997
56.199997
53.2
47.4
45.4
52.600002
55.800003
54.000004
68.4
66.2
68.6
83.600006
83.8
64.8
72.0
78.2
66.2
63.0
60.000004
73.6
41.600002
55.4
59.399998
58.399998
55.800003
47.2
69.8
42.2
42.6
45.4
86.2
85.0
57.0
51.2
71.4
59.600002
78.4
72.799995
75.0
70.200005
94.6
61.0
63.800003
61.4
84.2
52.399998
55.6
43.399998
59.8
65.4
46.399998
42.0
44.0
53.2
63.6
53.399998
68.6
57.0
58.399998
62.0
55.4
59.600002
60.000004
69.4
53.600002
75.4
75.4
68.4
63.800003
53.399998
66.2
64.600006
69.0
87.6
57.200005
65.4
59.2
66.0
38.4
81.6
48.6
49.2
73.6
55.0
68.0
70.6
72.0
61.799995
74.6
76.6
58.0
73.0
78.4
89.200005
55.6
54.2
74.8
93.0
78.2
74.4
67.799995
72.0
76.8
84.4
55.4
51.4
55.0
51.6
74.2
66.2
78.6
64.4
56.6
56.4
66.799995
36.199997
70.0
65.8
57.8
57.200005
50.800003
53.8
51.4
61.4
65.8
51.0
55.4
50.4
61.4
54.8
69.4
65.0
54.6
74.8
57.8
52.2
45.6
47.8
51.8
73.799995
64.600006
61.199997
69.4
64.4
45.8
61.0
63.0
63.200005
75.4
83.8
95.8
75.8
70.8
80.6
66.2
89.600006
75.6
78.2
76.200005
62.0
59.8
63.800003
61.4
76.0
65.200005
75.0
73.6
69.0
78.6
75.4
73.2
71.200005
76.4
71.200005
70.6
89.200005
58.999996
71.4
67.4
69.2
65.4
83.200005
55.199997
56.0
52.2
64.8
80.2
68.6
67.4
82.8
64.200005
56.4
55.800003
75.6
75.2
54.6
55.199997
81.2
87.8
55.800003
48.0
63.0
55.6
54.8
71.8
63.200005
60.000004
67.4
71.8
59.2
74.0
55.4
69.8
68.0
84.0
74.8
66.6
86.0
79.6
71.8
56.199997
55.800003
74.0
64.4
55.0
54.8
58.399998
46.399998
73.0
46.0
45.0
56.0
46.0
65.200005
49.6
53.399998
56.4
64.200005
83.600006
51.4
54.8
66.2
71.4
68.2
63.800003
64.4
53.2
68.8
61.4
74.4
63.0
67.4
66.0
71.0
67.4
52.600002
68.6
66.6
73.4
54.2
56.4
73.799995
68.4
71.0
78.799995
76.0
69.8
53.2
59.2
70.8
70.0
73.0
66.399994
69.0
93.0
76.200005
62.199997
72.799995
73.6
77.200005
88.200005
65.200005
59.2
55.800003
62.800003
57.6
46.0
62.6
58.2
65.4
60.8
59.2
70.200005
68.8
61.4
69.6
51.2
72.0
63.0
60.000004
48.8
55.0
47.600002
48.4
51.4
64.4
77.0
69.2
59.2
61.799995
64.600006
64.200005
65.4
70.8
68.6
67.6
69.8
66.399994
68.8
77.0
73.4
73.2
77.600006
71.0
70.200005
59.2
52.999996
49.8
47.4
39.6
29.800001
36.0
41.800003
58.399998
54.4
53.8
52.0
41.0
57.8
54.2
58.399998
57.4
64.600006
79.4
48.6
75.0
71.4
68.2
58.0
67.0
73.799995
82.0
43.8
41.600002
41.4
56.800003
35.600002
50.6
65.8
39.2
43.2
60.8
58.0
57.200005
56.199997
61.0
61.4
62.4
68.6
66.799995
58.999996
58.0
59.8
67.2
57.200005
61.4
51.2
60.600002
61.199997
58.999996
67.6
70.8
67.799995
46.2
43.6
63.800003
50.0
50.6
44.800003
43.6
44.4
48.6
41.2
61.199997
60.2
51.8
44.0
42.8
68.4
55.199997
53.600002
39.0
40.4
57.8
62.199997
64.0
65.4
73.4
54.000004
51.4
81.8
51.8
57.8
46.0
43.399998
62.6
54.2
56.6
63.0
59.600002
48.0
47.600002
58.999996
71.4
76.6
71.4
75.2
74.4
74.0
77.4
80.2
68.4
63.4
84.2
60.600002
67.4
63.0
55.6
56.6
66.399994
66.6
50.199997
52.0
82.6
63.200005
41.600002
56.4
68.6
86.2
90.6
90.0
69.2
81.0
62.800003
72.799995
72.399994
75.8
81.4
85.399994
92.6
80.6
73.2
74.6
80.4
72.799995
87.8
82.8
58.0
59.399998
92.799995
76.8
77.0
77.200005
84.799995
71.200005
88.4
87.4
64.200005
76.200005
81.0
66.2
89.600006
95.0
84.4
75.0
78.799995
86.4
76.4
77.8
92.799995
77.8
82.6
92.6
72.399994
66.399994
59.600002
64.4
73.6
43.399998
76.4
76.0
71.6
67.4
77.0
78.6
88.4
69.0
59.8
51.6
54.000004
70.8
37.6
38.2
75.2
73.4
67.4
67.6
75.0
58.999996
58.8
56.0
60.2
81.6
57.6
62.6
64.4
70.6
78.0
90.0
79.6
75.2
83.8
71.6
79.4
81.0
97.0
96.0
85.6
79.0
75.0
67.4
77.8
78.2
82.6
73.799995
78.2
76.4
78.0
77.200005
73.4
86.0
75.0
74.6
79.2
88.8
93.6
92.2
79.0
81.6
66.6
63.800003
70.6
85.0
76.4
75.4
77.8
73.4
76.200005
79.2
95.200005
70.6
78.6
72.0
76.6
78.6
79.799995
83.4
75.4
86.2
68.4
66.0
96.0
91.799995
83.600006
88.6
91.399994
77.8
86.2
90.200005
95.0
85.799995
91.0
81.0
89.600006
90.8
86.799995
83.200005
78.799995
81.6
78.799995
79.2
92.6
79.6
79.2
80.8
79.2
79.6
79.4
87.0
76.0
71.6
63.800003
62.4
79.2
67.2
78.6
68.8
68.4
66.6
65.8
73.4
79.0
65.4
85.6
75.8
72.2
83.8
84.4
84.0
77.4
64.8
60.8
78.799995
67.799995
77.8
75.8
65.0
56.4
55.0
79.6
40.4
52.999996
74.0
61.4
77.8
89.600006
76.6
67.6
67.6
86.0
76.200005
60.000004
84.4
79.4
93.0
78.0
95.0
86.799995
87.2
91.2
97.0
91.6
78.2
77.0
68.2
78.4
77.4
84.2
78.0
79.2
92.2
78.2
78.4
84.0
78.2
79.0
79.2
97.399994
77.8
77.200005
91.0
71.6
95.0
91.799995
62.800003
95.6
92.799995
69.2
87.8
94.2
70.6
85.399994
80.8
79.2
71.6
80.4
82.4
94.0
90.6
97.0
92.799995
87.0
90.6
89.4
67.6
81.8
76.8
71.6
59.2
78.6
77.600006
62.0
87.4
77.200005
72.399994
87.2
89.200005
88.200005
77.200005
94.4
87.4
77.4
85.399994
95.200005
96.200005
90.200005
84.0
89.8
69.0
91.0
82.0
97.0
64.200005
98.4