39.399998
39.8
39.2
34.2
38.4
62.0
52.999996
49.2
53.600002
51.2
51.0
53.399998
57.4
58.600002
51.4
45.8
52.399998
61.199997
63.200005
63.800003
64.200005
65.4
64.0
64.4
66.6
68.2
69.0
69.8
70.4
70.4
71.6
72.399994
72.399994
72.399994
73.0
72.6
73.2
74.0
73.799995
74.4
74.6
75.0
75.2
76.200005
76.0
77.200005
77.200005
77.8
78.4
78.4
78.4
78.799995
79.0
79.799995
80.4
80.8
80.8
80.8
81.0
81.2
81.6
82.4
83.200005
83.8
83.8
83.8
84.0
84.2
85.2
85.0
85.6
85.6
86.799995
86.6
87.4
87.0
88.6
86.799995
90.0
86.6
92.2
86.4
93.4
87.6
92.2
89.4
93.2
89.0
94.2
88.0
94.0
88.200005
92.2
91.399994
95.0
91.0
95.0
89.8
94.2
89.600006
92.2
92.4
95.0
92.6
95.4
91.2
94.2
90.200005
93.4
92.799995
95.6
93.2
95.6
92.0
94.4
91.2
93.4
94.8
95.0
94.2
95.8
93.6
95.200005
91.799995
94.6
93.4
95.0
95.4
95.0
95.0
95.4
94.6
95.0
95.200005
95.6
93.4
94.2
94.0
94.0
96.4
93.4
94.4
93.8
95.4
94.6
96.4
95.200005
96.200005
95.0
95.6
93.8
94.2
94.0
96.4
95.4
95.6
95.6
95.6
93.8
95.200005
93.4
95.200005
97.0
93.0
92.6
95.4
96.200005
95.6
96.200005
96.200005
95.6
96.6
95.0
95.200005
94.0
95.200005
97.399994
93.8
93.2
95.4
96.200005
96.200005
96.4
97.6
95.200005
96.6
95.8
95.6
95.8
97.6
96.0
97.2
95.8
96.8
95.6
95.6
96.4
97.799995
96.0
97.0
96.200005
96.8
96.200005
97.0
97.2
97.399994
96.8
97.0
97.2
96.6
96.4
97.2
97.6
97.799995
96.4
97.2
96.8
96.8
96.200005
97.399994
98.2