20.2
22.6
26.199999
20.0
20.0
31.8
37.2
33.8
49.399998
58.399998
47.0
40.0
40.0
40.2
40.4
40.6
40.6
41.4
41.800003
43.8
46.2
55.0
59.2
61.4
64.0
64.8
64.8
66.399994
68.4
69.0
68.4
68.8
69.4
70.6
72.399994
73.2
73.4
72.799995
72.799995
72.799995
73.2
73.799995
74.6
74.8
75.6
76.6
76.4
76.6
76.8
77.0
77.0
77.8
78.6
78.6
78.6
78.6
79.0
79.799995
80.4
80.4
80.2
80.4
81.0
81.2
81.4
81.6
82.200005
83.200005
83.200005
83.600006
83.600006
83.600006
83.8
84.0
84.2
84.6
84.799995
85.0
85.799995
86.0
86.2
86.6
86.6
86.6
87.4
87.4
88.0
88.0
88.200005
88.4
89.4
88.4
91.799995
88.6
93.0
88.200005
94.0
86.4
92.6
88.0
92.6
92.799995
92.6
93.0
91.799995
93.2
90.8
95.4
90.0
93.8
88.8
89.600006
88.6
93.2
89.200005
65.4
88.4
69.6
77.0
76.200005
65.6
64.4
75.2
93.4
79.799995
78.2
76.6
69.0
86.6
95.200005
86.799995
87.2
90.6
90.8
96.8
92.799995
94.4
95.8
93.0
97.2
93.4
95.6
93.4
95.6
96.6
96.6
94.8
96.6
95.200005
96.6
94.6
96.8
95.200005
96.8
96.200005
97.399994
95.4
97.399994
94.8
96.8
95.200005
96.4
96.8
97.399994
95.0
97.399994
94.4
96.4
94.6
96.200005
97.399994
96.6
96.6
96.200005
97.6
95.6
97.0
96.0
96.8
96.4
97.399994
96.0
97.399994
96.200005
97.2
96.4
96.8
97.799995
98.0