39.399998
39.2
38.800003
38.2
38.0
37.4
37.0
37.8
38.2
38.800003
39.2
39.2
39.8
39.8
39.6
41.800003
48.4
40.0
40.0
40.0
40.0
40.0
40.0
40.0
43.2
45.2
47.600002
49.399998
50.4
51.0
52.0
53.399998
55.0
55.4
55.199997
55.6
55.800003
55.6
56.6
56.800003
57.200005
57.200005
57.4
57.4
57.6
58.0
58.2
58.2
58.0
58.0
58.0
58.0
58.0
58.0
58.2
58.399998
58.399998
58.399998
58.399998
58.399998
58.399998
58.399998
58.399998
58.399998
58.399998
58.399998
58.399998
58.399998
58.399998
58.399998
58.399998
58.399998
58.399998
58.399998
58.600002
58.399998
58.399998
58.399998
58.399998
58.600002
58.600002
58.600002
58.600002
58.8
58.8
58.999996
58.999996
59.2
59.399998
59.399998
59.399998
59.399998
59.399998
59.600002
59.600002
59.399998
60.000004
60.2
60.2
60.399998
60.8
60.8
61.0
61.6
61.4
61.4
61.4
61.6
61.799995
62.0
62.199997
62.199997
62.199997
62.4
62.4
62.4
62.6
62.800003
62.800003
63.200005
63.800003
64.0
64.200005
64.4
64.4
64.4
64.4
64.4
65.0
65.0
65.0
65.0
65.4
65.4
65.6
66.0
66.2
66.2
66.2
66.2
66.399994
66.6
66.799995
66.799995
66.799995
67.2
67.4
67.6
67.6
67.6
67.6
67.6
67.799995
67.799995
68.2
68.2
68.4
68.6
68.6
68.6
68.8
69.0
69.2
69.2
69.2
69.2
69.2
69.2
69.2
69.4
69.8
70.200005
70.200005
70.200005
70.4
70.4
70.6
70.8
70.8
70.8
71.0
71.0
71.0
71.0
71.0
71.0
71.0
71.200005
71.4
71.6
71.8
71.8
72.0
72.2
72.2
72.2
72.2
72.2
72.2
72.2
72.399994
72.399994
72.399994
72.399994
72.799995
72.799995
73.0
73.0
73.2
73.2
73.4
73.6
73.6
73.799995
73.799995
74.0
74.0
74.0
74.0
74.0
74.0
73.799995
74.0
74.0
74.0
74.0
74.0
74.0
74.0
74.0
74.0
74.0
73.799995
73.799995
74.0
74.0
74.2
74.2
74.2
74.2
74.4
74.4
74.4
74.6
74.6
74.8
74.8
74.8
74.8
74.8
74.8
74.8
74.8
74.8
75.0
75.2
75.4
75.4
75.4
75.4
75.6
75.8
75.8
76.0
76.0
76.200005
76.8
76.8
77.200005
77.4
77.4
77.4
77.4
77.4
77.600006
77.600006
77.600006
77.600006
78.2
78.2
78.2
78.2
78.4
78.4
78.4
78.4
78.4
78.6
78.6
78.6
78.6
78.6
78.799995
78.6
78.6
78.6
78.6
78.6
78.6
78.799995
78.6
78.6
79.0
79.0
79.0
79.2
79.2
79.4
79.6
79.6
79.6
79.6
79.799995
80.0
80.0
80.0
80.0
80.0
80.0
80.2
80.4
80.4
80.4
80.4
80.4
80.6
80.6
80.6
80.8
80.8
80.8
81.0
81.0
81.0
81.0
81.2
81.4
81.2
81.2
81.2
81.2
81.6
81.6
81.6
81.8
81.8
82.0
82.0
82.4
82.4
82.4
82.4
82.8
83.0
83.200005
83.200005
83.200005
83.200005
83.4
83.4
83.4
83.4
83.4
83.600006
83.600006
83.600006
83.600006
83.600006
83.600006
83.4
83.4
83.600006
83.600006
83.600006
83.600006
83.8
84.0
84.0
84.2
84.2
84.2
84.2
84.2
84.4
84.4
84.6
84.6
84.6
84.6
84.799995
84.799995
84.799995
84.799995
85.0
85.0
85.0
85.0
85.2
85.2
85.399994
85.6
85.799995
86.0
86.0
86.0
86.0
86.2
86.2
86.2
86.2
86.4
86.4
86.4
86.4
86.4
86.4
86.4
86.799995
87.0
87.0
87.0
87.0
87.2
87.2
87.2
87.4
87.4
87.4
87.4
87.4
87.6
87.6
87.8
88.0
88.0
88.0
88.0
88.0
88.0
88.200005
88.200005
88.200005
88.4
88.6
88.6
88.6
88.6
88.6
88.6
88.8
88.8
88.8
88.8
89.0
89.200005
89.4
89.4
89.4
90.0
90.0
90.200005
90.4
90.8
90.8
90.8
91.0
91.2
91.399994
91.6
91.6
91.6
91.799995
91.799995
92.0
92.0
91.799995
91.799995
91.799995
91.799995
91.799995
92.0
92.2
92.2
92.4
92.4
92.6
92.6
92.6
92.6
92.6
92.6
92.6
93.0
93.0
93.0
93.0
93.0
93.0
93.0
93.0
93.4
93.4
93.4
93.4
93.4
93.4
93.8
93.8
93.8
93.8
93.8
93.8
93.8
94.0
93.8
93.8
93.8
93.8
93.8
93.8
93.8
93.8
93.8
93.8
93.8
93.8
93.8
93.8
93.8
93.8
93.8
94.0
94.0
94.0
94.0
94.2
94.2
94.4
94.4
94.4
94.4
94.4
94.6
94.6
94.6
94.6
94.4
94.4
94.4
94.4
94.4
94.4
94.4
94.4
94.4
94.4
94.4
94.4
94.4
94.4
94.4
94.4
94.4
94.4
94.4
94.4
94.4
94.4
94.4
94.4
94.4
94.4
94.4
94.4
94.4
94.4
94.4
94.4
94.4
94.4
94.4
94.4
94.4
94.4
94.4
94.4
94.4
94.4
94.4
94.4
94.4
94.4
94.4
94.4
94.4
94.4
94.6
94.6
94.6
94.6
94.8
94.8
94.8
94.8
95.0
95.0
95.0
95.0
95.0
95.0
95.0
95.0
95.0
95.0
95.0
95.0
95.0
95.200005
95.200005
95.200005
95.200005
95.200005
95.200005
95.4
95.4
95.4
95.4
95.4
95.6
95.6
95.6
95.6
95.6
95.6
95.6
95.6
95.6
95.6
95.6
95.6
95.6
95.6
95.6
95.6
95.6
95.6
95.6
95.6
95.6
95.6
95.6
95.6
95.6
95.6
95.6
95.6
95.6
95.6
95.6
95.6
95.6
95.6
95.8
96.0
96.0
96.0
96.0
96.0
96.0
96.0
96.0
96.0
96.0
96.0
96.0
96.0
96.0
96.0
96.0
96.0
96.0
96.0
96.0
96.0
96.0
96.0
96.0
96.0
96.200005
96.200005
96.0
96.0
96.0
96.0
96.200005
96.200005
96.200005
96.4
96.4
96.4
96.4
96.4
96.4
96.4
96.4
96.4
96.4
96.4
96.4
96.4
96.4
96.4
96.4
96.4
96.4
96.6
96.6
96.6
96.6
96.6
96.6
96.6
96.6
96.6
96.6
96.6
96.6
96.6
96.6
96.6
96.6
96.6
96.6
96.6
96.6
96.6
96.6
96.6
96.6
96.6
96.6
96.6
96.6
96.6
96.6
96.6
96.6
96.6
96.6
96.6
96.6
96.6
96.6
96.6
96.6
96.6
96.6
96.6
96.6
96.6
96.6
96.6
96.6
96.6
96.6
96.6
96.6
96.6
96.6
96.6
96.6
96.6
96.6
96.6
96.6
96.6
96.6
96.6
96.6
96.6
96.6
96.6
96.6
96.8
96.8
96.8
96.8
96.8
96.8
96.8
96.8
96.8
96.8
96.8
96.8
96.8
96.8
96.8
96.8
96.8
96.8
96.8
96.8
96.8
96.8
96.8
96.8
96.8
96.8
96.8
96.8
96.8
96.8
96.8
96.8
96.8
96.8
96.8
96.8
96.8
96.8
96.8
96.8
96.8
96.8
96.8
96.8
96.8
96.8
96.8
96.8
96.8
96.8
96.8
96.8
96.8
96.8
96.8
96.8
96.8
96.8
96.8
96.8
97.0
97.0
97.0
97.0
97.0
97.2
97.2
97.2
97.2
97.2
97.2
97.2
97.2
97.2
97.2
97.2
97.2
97.2
97.2
97.2
97.2
97.2
97.2
97.2
97.2
97.2
97.2
97.2
97.2
97.2
97.2
97.2
97.2
97.2
97.2
97.2
97.2
97.2
97.2
97.399994
97.399994
97.399994
97.399994
97.399994
97.399994
97.399994
97.399994
97.399994
97.399994
97.399994
97.399994
97.399994
97.6
97.6
97.6
97.6
97.6
97.6
97.6
97.6
97.6
97.6
97.6
97.6
97.6
97.6
97.799995
97.799995
97.799995
97.799995
97.799995
97.799995
97.799995
97.799995
97.799995
97.799995
97.799995
97.799995
97.799995
97.799995
97.799995
97.799995
97.799995
97.799995
97.799995
97.799995
97.799995
97.799995
97.799995
97.799995
97.799995
97.799995
97.799995
97.799995
97.799995
97.799995
97.799995
97.799995
97.799995
97.799995
97.799995
97.799995
97.799995
97.799995
97.799995
97.799995
97.799995
97.799995
97.799995
97.799995
97.799995
97.799995
97.799995
97.799995
97.799995
97.799995
97.799995
97.799995
98.0