19.2
19.2
20.0
20.0
20.0
20.0
20.0
20.0
20.0
35.8
39.6
40.2
40.0
39.6
39.6
39.399998
39.0
38.2
38.0
38.2
39.6
42.399998
48.2
51.6
54.4
55.6
56.800003
57.0
57.4
57.8
57.4
57.200005
56.6
56.4
55.4
54.4
54.000004
53.8
53.600002
53.600002
53.399998
52.999996
52.8
52.2
51.8
51.6
51.6
51.4
51.6
51.6
51.8
51.8
51.6
51.2
51.4
51.4
51.4
51.2
51.2
51.4
51.4
51.8
52.0
52.0
52.0
52.0
52.0
52.0
52.0
52.2
52.2
52.399998
52.399998
52.399998
52.600002
52.8
53.2
53.2
53.2
53.2
53.2
53.2
53.600002
54.000004
54.000004
54.000004
54.2
54.2
54.6
55.199997
55.6
56.0
56.4
56.6
56.800003
57.4
57.4
57.4
57.6
58.0
58.399998
58.600002
58.999996
59.399998
59.399998
59.600002
60.000004
60.2
60.399998
60.8
61.199997
61.6
61.799995
61.799995
61.799995
62.199997
62.199997
62.199997
62.199997
62.199997
62.4
62.800003
62.800003
62.800003
63.0
63.200005
63.4
63.800003
63.800003
64.0
64.0
64.200005
64.600006
64.600006
65.0
65.0
65.0
65.0
65.6
66.2
66.399994
66.399994
66.799995
67.0
67.0
67.0
67.0
67.6
67.6
68.2
68.2
68.4
68.6
68.6
68.6
68.6
68.6
68.6
68.6
68.6
68.6
68.6
68.8
68.8
68.8
69.2
69.2
69.6
69.6
69.6
69.6
69.6
69.8
70.0
70.200005
70.4
70.8
71.0
71.200005
71.4
71.8
71.8
71.8
71.8
72.0
72.0
72.2
72.6
72.6
72.799995
73.0
73.0
73.0
73.0
73.2
73.2
73.2
73.2
73.4
73.799995
73.799995
74.2
74.2
74.2
74.2
74.2
74.2
74.2
74.2
74.2
74.4
74.6
74.4
74.4
74.4
74.8
74.8
74.8
74.6
74.8
74.8
74.8
75.0
75.0
75.2
75.4
75.4
75.4
75.6
75.8
75.8
75.6
75.8
76.0
76.0
76.0
76.0
76.200005
76.200005
76.200005
76.200005
76.4
76.6
76.8
76.8
76.8
76.8
77.200005
77.200005
77.4
77.8
77.8
78.0
78.0
78.2
78.2
78.2
78.2
78.2
78.2
78.2
78.2
78.2
78.4
78.2
78.2
78.2
78.2
78.2
78.2
78.2
78.6
78.4
78.6
79.2
79.2
79.2
79.4
79.4
79.799995
80.0
80.0
80.2
80.2
80.2
80.2
80.0
80.0
80.0
80.0
80.0
80.0
80.0
80.0
80.2
80.4
80.4
80.4
80.8
80.8
80.8
80.8
80.8
80.8
81.0
81.2
81.2
81.4
81.6
81.4
81.4
81.4
82.0
82.0
82.0
82.200005
82.200005
82.4
82.4
82.4
82.6
82.6
82.8
83.0
83.0
83.0
83.0
83.0
83.200005
83.200005
83.200005
83.600006
83.8
83.8
83.8
83.8
83.8
84.0
84.0
84.2
84.2
84.2
84.4
84.4
84.4
84.4
84.6
84.6
84.799995
85.0
85.2
85.399994
85.799995
86.0
86.0
86.2
86.2
86.2
86.2
86.4
86.4
86.4
86.4
86.6
86.6
86.6
86.6
86.6
86.6
86.6
86.6
86.6
86.6
86.799995
86.799995
86.799995
87.0
87.2
87.4
87.4
87.4
87.4
87.6
87.6
88.0
88.0
88.200005
88.200005
88.4
88.4
88.4
88.6
89.0
89.0
89.200005
89.200005
89.200005
89.200005
89.200005
89.200005
89.600006
89.8
89.8
89.8
89.8
89.8
89.8
89.8
90.200005
90.200005
90.4
90.6
90.6
90.8
91.0
91.0
91.0
91.0
91.0
91.0
91.0
91.0
91.2
91.2
91.399994
91.6
91.799995
91.799995
91.799995
92.0
92.0
92.2
92.2
92.2
92.2
92.2
92.2
92.2
92.2
92.2
92.2
92.2
92.6
92.6
92.6
92.799995
92.799995
92.799995
92.799995
93.2
93.2
93.2
93.2
93.2
93.4
93.4
93.4
93.6
93.6
93.6
93.8
93.8
93.8
93.8
93.8
93.8
93.8
94.0
94.0
94.0
94.0
94.0
94.0
94.0
94.0
94.2
94.2
94.2
94.2
94.2
94.2
94.2
94.2
94.2
94.2
94.2
94.2
94.2
94.4
94.4
94.4
94.4
94.4
94.4
94.4
94.4
94.4
94.4
94.4
94.4
94.4
94.4
94.4
94.4
94.4
94.4
94.4
94.6
94.6
94.6
94.6
94.8
95.0
95.0
95.0
95.0
95.0
95.0
95.0
95.0
95.0
95.0
95.0
95.0
95.0
95.0
95.0
95.0
95.0
95.0
95.0
95.0
95.0
95.0
95.0
95.0
94.8
94.8
94.8
94.8
94.8
94.8
94.8
94.8
94.8
94.8
94.8
94.8
94.8
95.0
95.200005
95.200005
95.200005
95.200005
95.200005
95.200005
95.200005
95.200005
95.200005
95.4
95.4
95.4
95.4
95.4
95.4
95.4
95.4
95.4
95.4
95.4
95.4
95.4
95.4
95.6
95.6
95.6
95.6
95.6
95.8
95.8
95.8
96.0
96.0
96.0
96.0
96.0
96.200005
96.200005
96.200005
96.200005
96.200005
96.200005
96.200005
96.200005
96.200005
96.200005
96.200005
96.4
96.4
96.4
96.4
96.4
96.4
96.4
96.4
96.6
96.6
96.6
96.6
96.6
96.6
96.6
96.6
96.6
96.6
96.6
96.6
96.6
96.6
96.6
96.6
96.6
96.6
96.6
96.6
96.6
96.6
96.8
96.8
96.8
96.8
97.0
97.0
97.0
97.0
97.0
97.0
97.0
97.2
97.2
97.2
97.2
97.2
97.2
97.399994
97.399994
97.399994
97.399994
97.399994
97.399994
97.399994
97.399994
97.399994
97.399994
97.399994
97.399994
97.399994
97.399994
97.399994
97.399994
97.399994
97.399994
97.399994
97.399994
97.399994
97.399994
97.399994
97.399994
97.399994
97.399994
97.399994
97.399994
97.399994
97.399994
97.399994
97.399994
97.399994
97.399994
97.399994
97.399994
97.399994
97.399994
97.399994
97.399994
97.399994
97.399994
97.399994
97.399994
97.399994
97.399994
97.399994
97.399994
97.399994
97.399994
97.399994
97.399994
97.399994
97.399994
97.399994
97.399994
97.399994
97.399994
97.399994
97.399994
97.399994
97.399994
97.399994
97.399994
97.399994
97.399994
97.399994
97.399994
97.399994
97.399994
97.399994
97.399994
97.399994
97.399994
97.399994
97.399994
97.399994
97.399994
97.399994
97.399994
97.399994
97.399994
97.399994
97.399994
97.399994
97.399994
97.399994
97.399994
97.399994
97.399994
97.399994
97.399994
97.399994
97.399994
97.399994
97.2
97.2
97.2
97.2
97.2
97.2
97.2
97.2
97.2
97.2
97.2
97.2
97.399994
97.399994
97.399994
97.399994
97.399994
97.399994
97.6
97.6
97.6
97.6
97.6
97.6
97.6
97.6
97.799995
97.799995
97.799995
97.799995
97.799995
97.799995
97.799995
97.799995
97.799995
97.799995
97.799995
97.799995
97.799995
97.799995
97.799995
97.799995
97.799995
97.799995
97.799995
97.799995
97.799995
97.799995
97.799995
97.799995
97.799995
97.799995
97.799995
97.799995
97.799995
97.799995
97.799995
97.799995
97.799995
97.799995
97.799995
97.799995
97.799995
97.799995
98.0