38.4
38.600002
38.600002
38.600002
38.800003
38.800003
38.800003
39.0
39.0
39.0
39.2
39.399998
39.2
39.2
39.2
39.2
39.399998
39.399998
39.399998
39.6
39.6
39.6
39.6
39.6
39.6
39.6
39.6
39.399998
39.399998
39.399998
39.399998
39.399998
39.399998
39.399998
39.2
39.2
39.2
39.2
39.2
39.0
39.0
38.800003
38.800003
38.800003
38.800003
38.800003
38.800003
38.800003
38.800003
38.800003
38.800003
38.600002
38.2
38.0
37.8
37.6
37.2
36.8
36.8
36.399998
36.399998
36.199997
35.8
35.8
36.0
35.8
36.399998
37.0
38.600002
39.8
40.6
40.4
41.2
42.399998
43.0
42.8
42.399998
42.399998
42.0
42.399998
42.2
41.2
41.2
40.8
40.6
39.6
39.2
38.800003
39.2
38.800003
39.8
41.600002
43.6
46.0
48.6
49.2
49.399998
49.0
49.0
48.6
49.0
49.399998
48.6
48.4
47.600002
47.4
47.0
46.8
46.0
45.6
44.800003
44.2
43.8
43.399998
43.399998
43.2
42.8
42.399998
42.399998
42.2
42.2
42.0
42.0
42.0
41.4
41.4
41.4
41.4
41.4
41.2
41.2
41.2
41.2
41.2
41.2
41.2
41.0
41.0
41.0
41.0
41.0
41.0
41.0
41.0
41.0
41.0
40.8
40.6
40.6
40.6
40.6
40.6
40.6
40.6
40.6
40.6
40.4
40.4
40.4
40.4
40.4
40.4
40.4
40.4
40.4
40.4
40.4
40.4
40.2
40.2
40.2
40.2
40.2
40.2
40.2
40.2
40.2
40.2
40.2
40.2
40.2
40.2
40.2
40.2
40.2
40.2
40.2
40.2
40.2
40.2
40.2
40.4
40.4
40.4
40.4
40.4
40.4
40.4
40.4
40.8
40.8
40.8
40.6
40.8
40.8
40.8
41.0
41.2
41.4
41.4
41.600002
41.600002
41.600002
41.600002
41.600002
41.600002
41.600002
41.800003
41.800003
41.800003
41.800003
42.0
42.0
42.2
42.2
42.2
42.2
42.399998
42.6
42.6
42.6
42.6
42.8
42.8
42.8
42.8
43.0
43.0
43.0
43.0
43.0
43.0
43.2
43.399998
43.6
43.6
43.8
43.8
43.8
44.0
44.0
44.2
44.2
44.2
44.2
44.2
44.2
44.2
44.4
44.4
44.4
44.4
44.600002
44.600002
45.0
45.0
45.0
45.0
45.0
45.0
45.2
45.2
45.2
45.2
45.4
45.4
45.4
45.6
45.6
45.6
45.6
45.6
45.6
45.6
45.6
45.6
45.8
45.8
45.8
45.8
46.2
46.2
46.2
46.2
46.2
46.399998
46.399998
46.399998
46.6
46.6
46.6
46.6
46.6
46.8
46.8
47.0
47.2
47.4
47.4
47.600002
47.600002
47.600002
47.600002
47.600002
47.600002
47.600002
47.600002
47.600002
47.8
47.8
48.0
48.0
48.0
48.0
48.0
48.0
48.0
48.0
48.0
48.0
48.0
48.0
48.2
48.2
48.2
48.2
48.2
48.2
48.2
48.2
48.4
48.4
48.4
48.4
48.6
48.6
48.6
48.8
49.0
49.0
49.2
49.2
49.2
49.2
49.399998
49.399998
49.399998
49.399998
49.399998
49.399998
49.399998
49.6
49.6
49.6
49.8
49.8
49.8
49.8
49.8
50.0
50.0
50.0
50.199997
50.199997
50.4
50.4
50.6
50.6
50.6
50.6
50.800003
51.0
51.0
51.0
51.0
51.0
51.0
51.0
51.2
51.2
51.2
51.2
51.2
51.2
51.2
51.4
51.4
51.4
51.4
51.4
51.4
51.4
51.4
51.4
51.6
51.6
51.6
51.6
51.6
51.6
51.6
51.6
51.6
51.6
51.6
51.6
51.6
51.6
51.6
51.6
51.6
51.6
51.6
51.8
51.8
51.8
51.8
51.8
51.8
51.8
51.8
51.8
51.8
51.8
51.8
51.8
51.8
51.8
51.8
51.8
51.8
51.8
51.8
51.8
51.8
51.8
51.8
51.8
51.8
51.8
51.8
52.0
52.0
52.0
52.0
52.2
52.2
52.2
52.2
52.399998
52.399998
52.399998
52.399998
52.399998
52.399998
52.399998
52.399998
52.399998
52.399998
52.399998
52.399998
52.399998
52.399998
52.399998
52.399998
52.399998
52.399998
52.399998
52.399998
52.399998
52.399998
52.399998
52.399998
52.399998
52.399998
52.600002
52.600002
52.8
52.999996
52.999996
52.999996
52.999996
52.999996
52.999996
52.999996
52.999996
52.999996
52.999996
52.999996
53.2
53.2
53.2
53.2
53.2
53.2
53.2
53.2
53.2
53.399998
53.399998
53.399998
53.399998
53.399998
53.600002
53.600002
53.600002
53.600002
53.600002
53.600002
53.600002
53.8
53.8
53.8
53.8
54.000004
54.000004
54.2
54.2
54.2
54.2
54.2
54.2
54.2
54.2
54.2
54.2
54.2
54.2
54.2
54.2
54.2
54.2
54.2
54.2
54.2
54.2
54.2
54.2
54.2
54.2
54.2
54.2
54.2
54.2
54.2
54.2
54.2
54.2
54.2
54.2
54.2
54.2
54.2
54.2
54.2
54.2
54.2
54.2
54.4
54.6
54.6
54.6
54.6
54.6
54.6
54.6
54.6
54.6
54.8
54.8
54.8
54.8
54.8
54.8
55.0
55.0
55.0
55.199997
55.199997
55.199997
55.199997
55.199997
55.199997
55.199997
55.199997
55.199997
55.199997
55.199997
55.199997
55.199997
55.199997
55.199997
55.199997
55.199997
55.199997
55.199997
55.199997
55.199997
55.199997
55.199997
55.199997
55.199997
55.199997
55.199997
55.199997
55.199997
55.4
55.4
55.4
55.6
55.6
55.800003
55.800003
55.800003
55.800003
55.800003
55.800003
56.0
56.0
56.0
56.199997
56.199997
56.199997
56.199997
56.199997
56.199997
56.199997
56.199997
56.199997
56.199997
56.199997
56.199997
56.199997
56.199997
56.199997
56.199997
56.199997
56.199997
56.199997
56.199997
56.199997
56.199997
56.4
56.4
56.4
56.4
56.4
56.4
56.4
56.4
56.4
56.4
56.4
56.4
56.4
56.4
56.4
56.4
56.4
56.4
56.4
56.4
56.4
56.4
56.4
56.4
56.6
56.6
56.6
56.800003
56.800003
56.800003
56.800003
56.800003
56.800003
56.800003
56.800003
56.800003
56.800003
56.800003
56.800003
56.800003
56.800003
56.800003
56.800003
57.0
57.0
57.200005
57.200005
57.200005
57.200005
57.200005
57.200005
57.4
57.4
57.4
57.4
57.4
57.4
57.4
57.6
57.6
57.6
57.6
57.6
57.8
57.8
57.8
57.8
57.8
57.8
57.8
57.8
57.8
57.8
57.8
57.8
57.8
58.0
58.2
58.2
58.2
58.2
58.2
58.2
58.2
58.2
58.2
58.2
58.2
58.2
58.2
58.399998
58.600002
58.600002
58.600002
58.600002
58.600002
58.600002
58.600002
58.600002
58.600002
58.600002
58.600002
58.600002
58.600002
58.8
58.8
58.999996
58.999996
58.999996
59.2
59.2
59.2
59.399998
59.399998
59.399998
59.399998
59.399998
59.399998
59.399998
59.399998
59.399998
59.399998
59.399998
59.600002
59.600002
59.600002
59.600002
59.600002
59.600002
59.600002
59.600002
59.600002
59.8
60.000004
60.000004
60.000004
60.000004
60.000004
60.000004
60.2
60.399998
60.399998
60.399998
60.399998
60.399998
60.399998
60.399998
60.399998
60.399998
60.399998
60.399998
60.399998
60.600002
60.8
60.8
60.8
60.8
60.8
60.8
60.8
60.8
60.8
61.0
61.0
61.0
61.0
61.0
61.0
61.0
61.0
61.0
61.0
61.0
61.199997
61.199997
61.199997
61.199997
61.199997
61.199997
61.199997
61.199997
61.199997
61.199997
61.199997
61.199997
61.199997
61.199997
61.199997
61.199997
61.199997
61.4
61.4
61.6
61.6
61.6
61.6
61.6
61.799995
61.799995
61.799995
61.799995
61.799995
61.799995
61.799995
61.799995
61.799995
61.799995
61.799995
61.799995
61.799995
61.799995
61.799995
62.0
62.0
62.0
62.0
62.0
62.0
62.0
62.0
62.0
62.0
62.0
62.0
62.0
62.0
62.0
62.0
62.0
62.0
62.0
62.0
62.0
62.0
62.0
62.0
62.0
62.0
62.0
62.0
62.0
62.199997
62.4
62.4
62.4
62.4
62.6
62.800003
62.800003
62.800003
62.800003
62.800003
62.800003
62.800003
63.0
63.0
63.0
63.200005
63.200005
63.200005
63.200005
63.200005
63.200005
63.200005
63.200005
63.200005
63.200005
63.200005
63.200005
63.200005
63.200005
63.200005
63.200005
63.200005
63.200005
63.200005
63.200005
63.200005
63.200005
63.200005
63.200005
63.4
63.4
63.4
63.4
63.4
63.4
63.4
63.4
63.4
63.4
63.4
63.4
63.4
63.4
63.4
63.4
63.6
63.6
63.6
63.6
63.800003
63.800003
63.800003
63.800003
63.800003
63.800003
63.800003
63.800003
64.0
64.0
64.0
64.0
64.0
64.0
64.0
64.0
64.0
64.0
64.0
64.0
64.0
64.0
64.200005
64.200005
64.200005
64.200005
64.200005
64.200005
64.200005
64.200005
64.200005
64.200005
64.200005
64.200005
64.200005
64.200005
64.200005
64.200005
64.4
64.4
64.4
64.4
64.4
64.4
64.4
64.600006
64.600006
64.600006
64.600006
64.600006
64.600006
64.600006
64.600006
64.600006
64.600006
64.600006
64.600006
64.600006
64.600006
64.600006
64.600006
64.600006
64.600006
64.600006
64.600006
64.600006
64.600006
64.600006
64.600006
64.600006
64.600006
64.600006
64.600006
64.600006
64.600006
64.600006
64.8
64.8
64.8
64.8
64.8
64.8
64.8
64.8
64.8
64.8
64.8
64.8
65.0
65.0
65.0
65.0
65.0
65.0
65.0
65.0
65.0
65.0
65.4
65.4
65.6
65.6
65.6
65.6
65.6
65.6
65.6
65.6
65.6
65.6
65.6
65.6
65.8
65.8
65.8
65.8
65.8
65.8
65.8
65.8
65.8
65.8
65.8
65.8
65.8
65.8
65.8
65.8
65.8
65.8
65.8
65.8
65.8
65.8
65.8
65.8
65.8
65.8
65.8
65.8
65.8
65.8
65.8
65.8
65.8
65.8
66.0
66.0
66.0
66.0
66.0
66.0
66.0
66.2
66.2
66.2
66.2
66.2
66.2
66.2
66.2
66.2
66.2
66.2
66.2
66.2
66.2
66.2
66.2
66.2
66.399994
66.399994
66.399994
66.399994
66.399994
66.399994
66.399994
66.6
66.6
66.6
66.6
66.6
66.6
66.6
66.6
66.6
66.6
66.6
66.6
66.6
66.6
66.6
66.6
66.6
66.6
66.6
66.6
66.6
66.6
66.6
66.799995
67.0
67.0
67.0
67.2
67.2
67.2
67.2
67.2
67.2
67.2
67.2
67.2
67.2
67.2
67.2
67.2
67.2
67.2
67.6
67.6
67.6
67.6
67.6
67.6
67.6
67.6
67.6
67.6
67.6
67.6
67.6
67.6
67.6
67.6
67.6
67.6
67.6
67.799995
67.799995
67.799995
67.799995
67.799995
67.799995
67.799995
67.799995
67.799995
67.799995
67.799995
68.0
68.0
68.0
68.0
68.0
68.0
68.0
68.0
67.799995
67.799995
67.799995
68.2
68.2
68.2
68.2
68.2
68.2
68.2
68.2
68.2
68.2
68.2
68.2
68.2
68.2
68.2
68.2
68.2
68.2
68.2
68.2
68.2
68.4
68.4
68.4
68.4
68.4
68.6
68.6
68.6
68.6
68.6
68.6
68.6
68.6
68.8
68.8
68.8
68.8
68.8
68.8
68.8
68.8
69.0
69.0
69.0
69.0
69.0
69.0
69.0
69.0
69.0
69.0
69.0
69.0
69.0
69.0
69.0
69.0
69.0
69.0
68.8
68.8
68.8
68.8
68.8
68.8
68.8
69.0
69.0
69.0
69.0
69.0
69.2
69.2
69.2
69.2
69.2
69.2
69.2
69.2
69.2
69.2
69.2
69.2
69.2
69.2
69.2
69.4
69.4
69.4
69.6
69.6
69.6
69.6
69.6
69.6
69.6
69.6
69.6
69.6
69.6
69.6
69.6
69.6
69.6
69.6
69.6
69.6
69.6
69.6
69.6
69.6
69.6
69.6
69.6
69.4
69.4
69.4
69.4
69.4
69.4
69.4
69.6
69.6
69.6
69.6
69.6
69.6
69.6
69.6
69.6
69.6
69.6
69.6
69.6
69.6
69.6
69.6
69.6
69.6
69.6
69.6
69.6
69.6
69.6
69.6
69.6
69.6
69.6
69.6
69.6
69.6
69.6
69.6
69.6
69.6
69.6
69.6
69.6
69.6
69.6
69.6
69.6
69.6
69.6
69.6
69.6
69.8
69.8
69.8
69.8
69.8
69.8
69.8
69.8
69.8
69.8
69.8
70.0
70.0
70.0
70.0
70.0
70.0
70.0
70.200005
70.200005
70.200005
70.200005
70.4
70.4
70.4
70.4
70.4
70.6
70.6
70.6
70.6
70.6
70.6
70.6
70.6
70.6
70.6
70.6
70.6
70.6
70.6
70.6
70.6
70.6
70.6
70.6
70.6
70.6
70.6
70.6
70.6
70.6
70.6
70.6
70.6
70.6
70.6
70.6
70.6
70.6
70.6
70.6
70.6
70.6
70.6
70.6
70.8
70.8
70.8
70.8
70.8
70.8
70.8
70.8
70.8
70.8
70.8
70.8
71.0
71.0
71.0
71.0
71.0
71.0
71.0
71.4
71.4
71.4
71.4
71.4
71.4
71.4
71.4
71.4
71.4
71.4
71.4
71.4
71.6
71.8
71.8
72.0
72.0
72.0
72.0
72.0
72.0
72.0
72.0
72.0
72.0
72.0
72.0
72.0
72.0
72.0
72.0
72.0
72.0
72.0
72.0
72.0
72.0
72.0
72.0
72.0
72.0
72.0
72.0
72.0
72.0
72.0
72.0
72.0
72.0
72.0
72.0
72.0
72.0
72.0
72.0
72.0
72.0
72.0
72.0
72.0
72.0
72.0
72.0
72.0
72.0
72.2
72.2
72.2
72.2
72.2
72.2
72.2
72.2
72.2
72.2
72.2
72.2
72.2
72.2
72.2
72.2
72.2
72.2
72.2
72.2
72.2
72.2
72.2
72.2
72.2
72.2
72.2
72.2
72.2
72.2
72.2
72.2
72.2
72.2
72.2
72.2
72.2
72.2
72.2
72.399994
72.399994
72.399994
72.399994
72.399994
72.399994
72.399994
72.399994
72.399994
72.399994
72.399994
72.399994
72.399994
72.399994
72.399994
72.399994
72.399994
72.399994
72.399994
72.399994
72.399994
72.399994
72.399994
72.399994
72.399994
72.399994
72.6
72.6
72.6
72.6
72.799995
72.799995
72.799995
72.799995
72.799995
72.799995
72.799995
72.799995
72.799995
72.799995
72.799995
72.799995
72.799995
72.799995
72.799995
72.799995
72.799995
72.799995
72.799995
72.799995
72.799995
72.799995
72.799995
73.0
73.0
73.0
73.4
73.4
73.4
73.4
73.4
73.4
73.4
73.4
73.4
73.4
73.4
73.4
73.4
73.4
73.4
73.4
73.4
73.4
73.4
73.4
73.4
73.4
73.4
73.4
73.4
73.4
73.4
73.4
73.4
73.4
73.4
73.4
73.4
73.4
73.4
73.4
73.4
73.4
73.4
73.4
73.4
73.4
73.4
73.4
73.4
73.4
73.6
73.6
73.6
73.6
73.6
73.6
73.6
73.799995
73.799995
73.799995
73.799995
73.799995
73.799995
73.799995
73.799995
73.799995
73.799995
73.799995
73.799995
73.799995
73.799995
73.799995
73.799995
73.799995
73.799995
73.799995
73.799995
73.799995
73.799995
73.799995
73.799995
73.799995
73.799995
73.799995
73.799995
74.0
74.0
74.0
74.0
74.0
74.0
74.0
74.0
74.0
74.0
74.0
74.0
74.0
74.0
74.0
74.0
74.0
74.0
74.0
74.0
74.0
74.0
74.0
74.0
74.0
74.0
74.0
74.0
74.0
74.0
74.0
74.0
74.0
74.0
74.0
74.0
74.0
74.0
74.0
74.0
74.0
74.0
74.0
74.0
74.0
74.0
74.0
74.0
74.0
74.0
74.0
74.0
74.0
74.0
74.0
74.0
74.0
74.0
74.0
74.0
74.0
74.0
74.0
74.0
74.0
74.0
74.0
74.0
74.0
74.0
74.0
74.0
74.0
74.0
74.0
74.0
74.0
74.0
74.0
74.0
74.0
74.0
74.0
74.0
74.0
74.0
74.0
74.2
74.2
74.2
74.2
74.2
74.2
74.2
74.2
74.2
74.2
74.2
74.2
74.2
74.4
74.4
74.4
74.4
74.4
74.4
74.4
74.4
74.4
74.2
74.2
74.2
74.2
74.2
74.2
74.4
74.4
74.4
74.4
74.4
74.4
74.4
74.4
74.4
74.8
74.8
74.8
74.8
74.8
74.8
74.8
74.8
74.8
74.8
74.8
74.8
74.6
74.6
74.6
74.6
74.6
74.8
74.8
74.8
74.8
74.8
74.8
74.8
74.8
74.8
74.8
74.8
74.8
74.8
74.8
74.8
74.8
74.8
74.8
74.8
74.8
74.8
74.8
74.8
74.8
74.8
74.8
74.8
74.8
75.0
75.0
75.0
75.0
75.0
75.2
75.2
75.2
75.2
75.2
75.2
75.2
75.2
75.2
75.2
75.2
75.2
75.2
75.2
75.2
75.2
75.2
75.2
75.2
75.2
75.2
75.2
75.2
75.2
75.2
75.2
75.2
75.2
75.2
75.2
75.2
75.2
75.2
75.2
75.2
75.2
75.2
75.2
75.2
75.2
75.2
75.2
75.2
75.2
75.2
75.2
75.2
75.2
75.2
75.2
75.2
75.2
75.2
75.2
75.0
75.0
75.0
75.0
75.0
75.0
75.0
75.0
75.0
75.0
75.0
75.0
75.0
75.0
75.0
75.0
75.0
75.0
75.0
75.0
75.0
75.0
75.0
75.0
75.0
75.0
75.0
75.0
75.0
75.0
75.0
75.0
75.0
75.0
75.0
75.0
75.0
75.0
75.0
75.0
75.0
75.0
74.8
74.8
74.8
74.8
75.0
75.0
75.0
75.0
74.8
74.8
74.8
74.8
74.8
74.8
74.8
74.8
74.8
74.8
74.8
74.8
74.8
74.8
74.8
74.8
74.8
75.0
75.0
75.0
75.0
75.0
75.0
75.0
75.0
75.0
75.0
75.0
75.0
75.0
75.0
75.0
75.0
75.0
75.0
75.0
75.2
75.2
75.2
75.2
75.2
75.4
75.4
75.4
75.4
75.4
75.4
75.4
75.4
75.4
75.4
75.4
75.4
75.4
75.4
75.4
75.4
75.4
75.4
75.4
75.4
75.4
75.4
75.4
75.4
75.4
75.4
75.4
75.4
75.4
75.4
75.4
75.4
75.4
75.4
75.4
75.4
75.4
75.4
75.4
75.4
75.4
75.4
75.4
75.4
75.4
75.4
75.4
75.4
75.4
75.4
75.4
75.4
75.4
75.4
75.4
75.4
75.4
75.4
75.4
75.4
75.4
75.4
75.4
75.4
75.4
75.4
75.4
75.4
75.4
75.4
75.4
75.4
75.4
75.4
75.4
75.4
75.4
75.4
75.4
75.4
75.4
75.4
75.4
75.4
75.4
75.4
75.4
75.4
75.4
75.4
75.4
75.4
75.4
75.4
75.4
75.4
75.4
75.4
75.4
75.4
75.4
75.4
75.4
75.4
75.4
75.4
75.4
75.6
75.6
75.6
75.6
75.6
75.6
75.6
75.6
75.6
75.6
75.6
75.6
75.6
75.6
75.6
75.6
75.6
75.6
75.6
75.6
75.6
75.6
75.6
75.6
75.6
75.6
75.6
75.6
75.6
75.6
75.6
75.6
75.6
75.6
75.6
75.6
75.6
75.6
75.6
75.6
75.6
75.6
75.6
75.6
75.6
75.6
75.6
75.6
75.6
75.6
75.6
75.6
75.6
75.6
75.6
75.6
75.6
75.6
75.6
75.6
75.6
75.6
75.6
75.6
75.6
75.6
75.6
75.6
75.6
75.6
75.6
75.6
75.6
75.6
75.6
75.6
75.6
75.6
75.6
75.6
75.6
75.6
75.6
75.6
75.6
75.6
75.6
75.6
75.6
75.6
75.6
75.6
75.6
75.6
75.6
75.6
75.6
75.6
75.6
75.6
75.6
75.6
75.6
75.6
75.6
75.6
75.6
75.6
75.6
75.6
75.6
75.8
75.8
75.8
75.8
75.8
75.8
75.8
75.8
75.8
76.200005
76.200005
76.200005
76.200005
76.200005
76.200005
76.200005
76.200005
76.200005
76.200005
76.200005
76.200005
76.200005
76.200005
76.200005
76.4
76.4
76.4
76.4
76.4
76.4
76.4
76.4
76.4
76.4
76.4
76.4
76.4
76.4
76.4
76.4
76.4
76.4
76.4
76.4
76.200005
76.200005
76.200005
76.200005
76.200005
76.200005
76.200005
76.200005
76.200005
76.200005
76.200005
76.200005
76.200005
76.200005
76.200005
76.200005
76.4
76.4
76.4
76.4
76.4
76.4
76.4
76.4
76.4
76.4
76.4
76.4
76.4
76.4
76.4
76.4
76.4
76.4
76.4
76.4
76.4
76.4
76.4
76.4
76.4
76.4
76.4
76.4
76.4
76.4
76.4
76.4
76.4
76.4
76.4
76.4
76.4
76.4
76.4
76.4
76.4
76.4
76.4
76.4
76.4
76.4
76.4
76.4
76.4
76.4
76.6
76.6
76.6
76.6
76.6
76.8
76.8
76.8
76.8
76.8
76.8
76.8
76.8
77.0
77.0
77.0
77.200005
77.200005
77.200005
77.200005
77.200005
77.200005
77.200005
77.200005
77.200005
77.200005
77.200005
77.200005
77.200005
77.200005
77.200005
77.200005
77.200005
77.200005
77.200005
77.200005
77.200005
77.4
77.4
77.4
77.4
77.4
77.4
77.4
77.4
77.4
77.4
77.4
77.4
77.4
77.4
77.4
77.4
77.4
77.4
77.4
77.4
77.4
77.4
77.4
77.4
77.4
77.4
77.4
77.4
77.4
77.4
77.600006
77.600006
77.600006
77.600006
77.600006
77.600006
77.600006
77.600006
77.600006
77.600006
77.600006
77.600006
77.600006
77.8
77.8
77.8
77.8
77.8
77.8
77.8
77.8
77.8
77.8
77.8
77.8
77.8
77.8
77.8
77.8
77.8
77.8
77.8
77.8
78.0
78.0
78.0
78.0
78.0
78.0
78.0
78.0
78.0
78.0
78.0
78.0
78.2
78.2
78.2
78.2
78.2
78.4
78.4
78.4
78.4
78.4
78.4
78.4
78.4
78.4
78.4
78.4
78.4
78.4
78.4
78.4
78.4
78.4
78.4
78.4
78.4
78.4
78.4
78.4
78.4
78.6
78.6
78.799995
78.799995
78.799995
78.799995
78.799995
78.799995
78.799995
78.799995
78.799995
78.799995
78.799995
78.799995
78.799995
78.799995
78.799995
78.799995
79.0
79.0
79.0
79.0
79.0
79.0
79.0
79.0
79.0
79.0
79.0
79.0
79.0
79.0
79.0
79.0
79.0
79.0
79.0
79.0
79.0
79.0
79.0
79.0
79.0
79.0
79.0
79.0
79.0
79.0
79.0
79.0
79.0
79.0
79.0
79.0
79.0
79.0
79.0
79.0
79.0
79.0
79.0
79.0
79.0
79.0
79.0
79.0
79.0
79.0
79.0
79.0
79.0
79.0
79.0
79.0
79.0
79.0
79.0
79.0
79.0
79.0
79.0
79.2
79.2
79.2
79.2
79.2
79.2
79.2
79.0
79.0
79.0
79.0
79.0
79.0
79.0
79.0
79.0
79.0
79.0
79.0
79.0
79.0
79.2
79.2
79.2
79.2
79.2
79.2
79.2
79.2
79.2
79.2
79.2
79.0
79.0
79.0
79.0
79.0
79.0
79.0
79.0
79.0
79.0
79.0
79.0
79.0
79.0
79.0
79.0
79.0
79.0
79.0
79.0
79.0
79.0
79.2
79.2
79.2
79.2
79.2
79.2
79.2
79.2
79.2
79.2
79.2
79.2
79.2
79.2
79.2
79.2
79.2
79.2
79.2
79.2
79.2
79.2
79.2
79.2
79.2
79.2
79.2
79.2
79.2
79.2
79.2
79.2
79.2
79.2
79.2
79.2
79.2
79.2
79.2
79.2
79.2
79.2
79.2
79.2
79.2
79.2
79.2
79.2
79.2
79.2
79.2
79.2
79.2
79.2
79.2
79.2
79.2
79.2
79.2
79.2
79.2
79.2
79.2
79.2
79.2
79.2
79.2
79.2
79.2
79.2
79.2
79.2
79.2
79.2
79.2
79.2
79.2
79.2
79.2
79.2
79.2
79.2
79.2
79.2
79.2
79.2
79.2
79.2
79.2
79.2
79.2
79.2
79.2
79.2
79.2
79.2
79.2
79.2
79.2
79.2
79.2
79.2
79.2
79.2
79.2
79.2
79.2
79.2
79.2
79.2
79.2
79.2
79.2
79.2
79.2
79.2
79.2
79.2
79.2
79.2
79.2
79.2
79.2
79.2
79.2
79.2
79.2
79.2
79.2
79.2
79.2
79.2
79.2
79.2
79.2
79.2
79.2
79.2
79.2
79.2
79.2
79.2
79.2
79.4
79.4
79.4
79.4
79.4
79.4
79.4
79.4
79.4
79.4
79.4
79.4
79.4
79.6
79.6
79.6
79.6
79.6
79.6
79.799995
79.799995
79.799995
79.799995
79.799995
79.799995
79.799995
79.799995
79.799995
79.799995
79.799995
79.799995
79.799995
79.799995
79.799995
79.799995
79.799995
79.799995
79.799995
80.0
80.0
80.0
80.0
80.0
80.0
80.0
80.0
80.0
80.0
80.0
80.0
80.2
80.2
80.2
80.2
80.2
80.2
80.2
80.2
80.2
80.2
80.2
80.2
80.2
80.2
80.2
80.2
80.2
80.2
80.2
80.2
80.2
80.2
80.2
80.2
80.2
80.2
80.2
80.2
80.2
80.2
80.2
80.2
80.2
80.2
80.2
80.4
80.4
80.4
80.4
80.4
80.4
80.4
80.4
80.4
80.4
80.4
80.4
80.4
80.4
80.4
80.4
80.4
80.4
80.4
80.4
80.4
80.4
80.4
80.4
80.4
80.4
80.4
80.4
80.4
80.4
80.4
80.4
80.4
80.4
80.4
80.4
80.4
80.4
80.4
80.4
80.4
80.4
80.4
80.4
80.4
80.4
80.4
80.4
80.4
80.4
80.4
80.4
80.4
80.4
80.4
80.4
80.4
80.4
80.4
80.4
80.4
80.4
80.4
80.4
80.4
80.4
80.4
80.4
80.4
80.4
80.4
80.4
80.4
80.4
80.4
80.4
80.4
80.4
80.4
80.4
80.4
80.6
80.6
80.6
80.6
80.6
80.6
80.6
80.6
80.6
80.6
80.6
80.6
80.6
80.6
80.6
80.6
80.6
80.6
80.6
80.6
80.6
80.6
80.6
80.6
80.6
80.6
80.6
80.6
80.6
80.6
80.6
80.6
80.6
80.6
80.6
80.6
80.6
80.6
80.6
80.6
80.6
80.6
80.6
80.6
80.6
80.6
80.6
80.6
80.6
80.6
80.6
80.6
80.6
80.6
80.6
80.6
80.6
80.6
80.6
80.6
80.6
80.6
80.6
80.6
80.6
80.6
80.6
80.6
80.6
80.6
80.6
80.6
80.6
80.6
80.6
80.6
80.6
80.6
80.6
80.6
80.6
80.6
80.6
80.8
80.8
80.8
81.0
81.0
81.0
81.0
81.0
81.0
81.0
81.0
81.0
81.0
81.0
81.0
81.0
81.0
81.0
81.0
81.0
81.0
81.0
81.0
81.0
81.0
81.0
81.0
81.0
81.2
81.2
81.2
81.2
81.2
81.2
81.2
81.2
81.2
81.2
81.2
81.2
81.2
81.2
81.4
81.4
81.4
81.4
81.4
81.4
81.4
81.4
81.4
81.4
81.4
81.4
81.4
81.4
81.4
81.4
81.4
81.4
81.4
81.4
81.4
81.4
81.4
81.4
81.4
81.4
81.4
81.4
81.4
81.4
81.4
81.4
81.4
81.4
81.4
81.4
81.6
81.6
81.6
81.6
81.6
81.8
81.8
81.8
81.8
81.8
81.8
81.8
81.8
81.8
81.8
81.8
81.8
81.8
81.8
81.8
81.8
81.8
81.8
81.8
81.8
81.8
81.8
81.8
81.8
81.8
81.8
81.8
81.8
81.8
81.8
81.8
81.8
81.8
81.8
81.8
81.8
81.8
81.8
81.8
81.8
81.8
81.8
81.8
81.8
81.8
81.8
81.8
81.8
81.8
81.8
81.8
81.8
81.8
81.8
82.0
82.0
82.0
82.0
82.0
82.200005
82.200005
82.200005
82.200005
82.200005
82.200005
82.200005
82.200005
82.200005
82.200005
82.200005
82.200005
82.200005
82.200005
82.200005
82.200005
82.200005
82.200005
82.200005
82.200005
82.200005
82.200005
82.200005
82.200005
82.200005
82.200005
82.200005
82.200005
82.200005
82.200005
82.200005
82.4
82.4
82.4
82.4
82.4
82.4
82.4
82.4
82.4
82.4
82.4
82.4
82.4
82.4
82.4
82.4
82.4
82.4
82.4
82.4
82.4
82.4
82.4
82.4
82.4
82.4
82.4
82.4
82.4
82.4
82.4
82.4
82.4
82.4
82.4
82.4
82.4
82.4
82.4
82.4
82.4
82.4
82.4
82.4
82.4
82.4
82.4
82.6
82.6
82.6
82.6
82.6
82.6
82.6
82.6
82.6
82.6
82.6
82.6
82.6
82.6
82.6
82.6
82.6
82.6
82.6
82.6
82.6
82.6
82.6
82.6
82.6
82.6
82.6
82.6
82.6
82.8
82.8
82.8
82.8
82.8
82.8
82.8
82.8
82.8
82.8
82.8
82.8
82.8
82.8
82.8
82.8
82.8
82.8
82.8
82.8
82.8
82.8
82.8
82.8
82.8
82.8
82.8
82.8
82.8
82.8
82.8
82.8
82.8
82.8
82.8
82.8
82.8
82.8
82.8
82.8
82.8
82.8
82.8
82.8
82.8
82.8
82.8
82.8
82.8
82.8
82.8
82.8
82.8
82.8
82.8
82.8
82.8
82.8
82.8
82.8
82.8
82.8
82.8
82.8
82.8
82.8
82.8
82.8
82.8
82.8
82.8
82.8
82.8
82.8
82.8
82.8
82.8
83.0
83.0
83.0
83.0
83.0
83.0
83.0
83.0
83.0
83.0
83.200005
83.200005
83.200005
83.200005
83.200005
83.200005
83.200005
83.200005
83.200005
83.200005
83.200005
83.200005
83.200005
83.200005
83.4
83.4
83.600006
83.600006
83.600006
83.600006
83.600006
83.600006
83.600006
83.600006
83.600006
83.600006
83.600006
83.600006
83.600006
83.8
83.8
83.8
83.8
83.8
83.8
83.8
84.0
84.0
84.0
84.2
84.2
84.2
84.2
84.2
84.2
84.2
84.2
84.2
84.2
84.2
84.2
84.2
84.2
84.2
84.2
84.2
84.2
84.2
84.2
84.2
84.2
84.2
84.2
84.2
84.2
84.2
84.2
84.2
84.2
84.2
84.2
84.2
84.2
84.2
84.2
84.2
84.2
84.2
84.2
84.2
84.2
84.2
84.4
84.4
84.4
84.4
84.4
84.4
84.4
84.4
84.4
84.4
84.4
84.4
84.4
84.4
84.4
84.4
84.4
84.4
84.4
84.4
84.4
84.4
84.4
84.4
84.4
84.4
84.4
84.4
84.4
84.4
84.6
84.6
84.6
84.6
84.6
84.6
84.6
84.6
84.6
84.6
84.6
84.6
84.6
84.6
84.6
84.6
84.6
84.6
84.6
84.6
84.6
84.6
84.6
84.6
84.6
84.6
84.6
84.6
84.6
84.6
84.6
84.6
84.6
84.6
84.6
84.6
84.6
84.6
84.6
84.6
84.6
84.799995
84.799995
84.799995
84.799995
84.799995
84.799995
84.799995
84.799995
84.799995
84.799995
84.799995
84.799995
84.799995
84.799995
85.0
85.0
85.0
85.0
85.0
85.0
85.0
85.0
85.0
85.0
85.0
85.0
85.0
85.0
85.0
85.0
85.0
85.0
85.0
85.0
85.0
85.0
85.0
85.0
85.0
85.0
85.0
85.0
85.0
85.0
85.0
85.0
85.0
85.0
85.0
85.0
85.0
85.0
85.0
85.0
85.0
85.0
85.2
85.2
85.2
85.2
85.2
85.2
85.2
85.2
85.2
85.2
85.2
85.2
85.399994
85.399994
85.399994
85.399994
85.399994
85.399994
85.399994
85.399994
85.399994
85.399994
85.399994
85.399994
85.399994
85.399994
85.399994
85.399994
85.399994
85.399994
85.399994
85.399994
85.399994
85.399994
85.399994
85.399994
85.399994
85.399994
85.399994
85.399994
85.399994
85.399994
85.399994
85.399994
85.399994
85.399994
85.399994
85.399994
85.399994
85.399994
85.399994
85.399994
85.399994
85.399994
85.399994
85.399994
85.399994
85.399994
85.399994
85.399994
85.399994
85.399994
85.6
85.6
85.799995
85.799995
85.799995
85.799995
85.799995
85.799995
85.799995
85.799995
85.799995
85.799995
85.799995
85.799995
85.799995
85.799995
85.799995
85.799995
85.799995
85.799995
85.799995
85.799995
85.799995
85.799995
85.799995
85.799995
85.799995
85.799995
85.799995
85.799995
85.799995
85.799995
85.799995
85.799995
85.799995
85.799995
85.799995
85.799995
85.799995
86.0
86.0
86.0
86.0
86.0
86.0
86.0
86.0
86.0
86.0
86.0
86.0
86.0
86.0
86.0
86.0
86.0
86.0
86.0
86.0
86.2
86.2
86.2
86.2
86.2
86.2
86.2
86.2
86.2
86.2
86.2
86.2
86.2
86.2
86.2
86.2
86.2
86.2
86.2
86.2
86.2
86.2
86.2
86.4
86.4
86.4
86.4
86.4
86.4
86.4
86.4
86.4
86.4
86.4
86.4
86.4
86.4
86.4
86.4
86.4
86.6
86.6
86.6
86.6
86.6
86.6
86.6
86.6
86.6
86.6
86.6
86.6
86.6
86.6
86.6
86.6
86.6
86.6
86.6
86.6
86.6
86.6
86.6
86.799995
86.799995
86.799995
86.799995
86.799995
86.799995
86.799995
86.799995
86.799995
86.799995
86.799995
86.799995
86.799995
86.799995
86.799995
86.799995
86.799995
86.799995
87.0
87.0
87.0
87.0
87.0
87.0
87.0
87.0
87.0
87.0
87.0
87.0
87.0
87.0
87.0
87.0
87.0
87.0
87.0
87.0
87.0
87.0
87.0
87.0
87.0
87.0
87.0
87.0
87.0
87.0
87.0
87.0
87.0
87.0
87.0
87.0
87.0
87.0
87.0
87.0
87.0
87.0
87.0
87.0
87.0
87.0
87.0
87.0
87.0
87.0
87.0
87.0
87.0
87.0
87.0
87.0
87.0
87.0
87.0
87.0
87.0
87.0
87.0
87.0
87.0
87.0
87.0
87.0
87.0
87.0
87.2
87.2
87.2
87.2
87.2
87.2
87.2
87.2
87.2
87.2
87.4
87.4
87.4
87.4
87.4
87.4
87.4
87.4
87.4
87.4
87.4
87.4
87.4
87.4
87.4
87.4
87.4
87.4
87.4
87.4
87.4
87.4
87.4
87.4
87.4
87.4
87.4
87.4
87.4
87.4
87.4
87.4
87.4
87.4
87.4
87.4
87.4
87.4
87.4
87.4
87.4
87.4
87.4
87.4
87.4
87.4
87.6
87.6
87.6
87.6
87.6
87.6
87.6
87.6
87.6
87.6
87.6
87.6
87.6
87.6
87.6
87.6
87.6
87.6
87.6
87.6
87.6
87.6
87.6
87.6
87.6
87.6
87.6
87.6
87.6
87.8
87.8
87.8
87.8
87.8
87.8
87.8
87.8
87.8
87.8
87.8
87.8
87.8
87.8
87.8
87.8
87.8
87.8
87.8
87.8
87.8
87.8
87.8
87.8
87.8
87.8
87.8
88.0
88.0
88.0
88.0
88.0
88.0
88.0
88.0
88.0
88.0
88.0
88.0
88.0
88.0
88.0
88.0
88.0
88.200005
88.4
88.4
88.4
88.4
88.4
88.4
88.4
88.4
88.4
88.4
88.4
88.4
88.4
88.4
88.4
88.4
88.4
88.4
88.4
88.4
88.4
88.4
88.4
88.4
88.4
88.4
88.4
88.6
88.6
88.6
88.6
88.6
88.6
88.6
88.6
88.6
88.6
88.6
88.6
88.6
88.6
88.6
88.6
88.6
88.6
88.6
88.6
88.6
88.6
88.6
88.6
88.6
88.6
88.6
88.6
88.6
88.6
88.6
88.6
88.6
88.6
88.6
88.6
88.6
88.6
88.6
88.6
88.6
88.6
88.6
88.6
88.6
88.6
88.6
88.6
88.6
88.6
88.6
88.6
88.6
88.6
88.6
88.6
88.6
88.6
88.8
88.8
88.8
88.8
88.8
88.8
88.8
88.8
88.8
88.8
88.8
88.8
88.8
88.8
89.0
89.0
89.0
89.0
89.0
89.200005
89.200005
89.200005
89.200005
89.200005
89.200005
89.200005
89.200005
89.200005
89.200005
89.200005
89.200005
89.200005
89.200005
89.200005
89.200005
89.200005
89.200005
89.200005
89.200005
89.200005
89.200005
89.200005
89.200005
89.200005
89.200005
89.200005
89.200005
89.200005
89.200005
89.200005
89.200005
89.200005
89.200005
89.200005
89.200005
89.200005
89.200005
89.200005
89.200005
89.200005
89.200005
89.200005
89.200005
89.200005
89.200005
89.4
89.4
89.4
89.4
89.4
89.4
89.4
89.4
89.4
89.4
89.4
89.4
89.4
89.4
89.4
89.4
89.4
89.4
89.4
89.4
89.4
89.4
89.4
89.4
89.4
89.4
89.4
89.4
89.4
89.4
89.4
89.4
89.4
89.4
89.4
89.4
89.4
89.4
89.4
89.4
89.4
89.4
89.4
89.4
89.4
89.4
89.4
89.4
89.4
89.4
89.4
89.4
89.4
89.4
89.4
89.4
89.4
89.4
89.4
89.4
89.4
89.4
89.4
89.4
89.4
89.4
89.4
89.4
89.4
89.4
89.4
89.4
89.4
89.4
89.4
89.4
89.4
89.600006
89.600006
89.600006
89.600006
89.600006
89.600006
89.600006
89.600006
89.600006
89.600006
89.600006
89.600006
89.600006
89.600006
89.600006
89.600006
89.600006
89.600006
89.600006
89.600006
89.600006
89.600006
89.600006
89.600006
89.600006
89.600006
89.600006
89.600006
89.600006
89.600006
89.600006
89.600006
89.600006
89.600006
89.600006
89.8
89.8
89.8
89.8
89.8
89.8
89.8
89.8
89.8
89.8
89.8
89.8
89.8
90.0
90.0
90.0
90.0
90.0
90.0
90.0
90.0
90.0
90.0
90.0
90.0
90.0
90.0
90.0
90.0
90.0
90.0
90.0
90.0
90.0
90.0
90.0
90.0
90.0
90.0
90.0
90.0
90.0
90.0
90.0
90.0
90.0
90.0
90.0
90.0
90.0
90.0
90.0
90.0
90.0
90.0
90.0
90.0
90.0
90.0
90.0
90.0
90.0
90.0
90.0
90.0
90.0
90.0
90.0
90.0
90.0
90.0
90.0
90.0
90.0
90.200005
90.200005
90.200005
90.200005
90.200005
90.200005
90.200005
90.200005
90.200005
90.200005
90.200005
90.200005
90.200005
90.200005
90.200005
90.200005
90.200005
90.200005
90.200005
90.200005
90.200005
90.200005
90.200005
90.4
90.4
90.4
90.4
90.4
90.4
90.4
90.4
90.4
90.4
90.4
90.4
90.4
90.4
90.4
90.4
90.4
90.4
90.4
90.4
90.4
90.4
90.4
90.4
90.4
90.4
90.4
90.4
90.4
90.4
90.4
90.4
90.4
90.4
90.4
90.4
90.4
90.4
90.4
90.6
90.6
90.6
90.6
90.6
90.6
90.6
90.6
90.6
90.6
90.6
90.6
90.6
90.6
90.6
90.6
90.6
90.6
90.6
90.6
90.6
90.6
90.6
90.6
90.6
90.6
90.6
90.6
90.6
90.6
90.6
90.6
90.6
90.6
90.6
90.6
90.6
90.6
90.6
90.6
90.6
90.6
90.6
90.6
90.6
90.6
90.8
90.8
90.8
90.8
90.8
90.8
90.8
90.8
90.8
90.8
90.8
90.8
90.8
90.8
91.0
91.0
91.0
91.0
91.0
91.0
91.0
91.0
91.0
91.0
91.0
91.0
91.0
91.0
91.0
91.0
91.0
91.0
91.0
91.0
91.0
91.0
91.0
91.0
91.0
91.0
91.0
91.0
91.0
91.0
91.0
91.0
91.0
91.0
91.0
91.0
91.0
91.0
91.0
91.0
91.0
91.0
91.0
91.0
91.0
91.0
91.0
91.0
91.0
91.0
91.0
91.2
91.2
91.2
91.2
91.2
91.2
91.2
91.2
91.399994
91.399994
91.399994
91.399994
91.399994
91.399994
91.399994
91.399994
91.6
91.6
91.6
91.6
91.6
91.6
91.6
91.6
91.6
91.6
91.6
91.6
91.6
91.6
91.6
91.6
91.6
91.6
91.6
91.6
91.6
91.6
91.6
91.6
91.6
91.6
91.6
91.6
91.6
91.6
91.6
91.6
91.6
91.6
91.6
91.6
91.6
91.6
91.6
91.6
91.6
91.6
91.6
91.6
91.6
91.799995
91.799995
91.799995
91.799995
91.799995
91.799995
91.799995
91.799995
91.799995
91.799995
91.799995
91.799995
91.799995
91.799995
91.799995
91.799995
91.799995
91.799995
91.799995
91.799995
91.799995
91.799995
91.799995
91.799995
91.799995
92.0
92.0
92.0
92.0
92.0
92.0
92.0
92.0
92.0
92.0
92.0
92.0
92.0
92.0
92.0
92.0
92.0
92.0
92.0
92.0
92.2
92.2
92.2
92.2
92.2
92.2
92.2
92.2
92.2
92.2
92.2
92.2
92.2
92.2
92.2
92.2
92.2
92.2
92.2
92.2
92.2
92.2
92.2
92.2
92.2
92.2
92.2
92.2
92.2
92.2
92.2
92.2
92.2
92.2
92.2
92.2
92.2
92.2
92.2
92.2
92.2
92.2
92.2
92.2
92.2
92.2
92.2
92.2
92.2
92.2
92.2
92.2
92.2
92.2
92.2
92.2
92.2
92.2
92.2
92.2
92.2
92.2
92.2
92.2
92.2
92.2
92.2
92.2
92.2
92.2
92.2
92.2
92.2
92.2
92.2
92.2
92.2
92.2
92.2
92.2
92.2
92.2
92.2
92.2
92.2
92.2
92.2
92.2
92.2
92.2
92.2
92.2
92.2
92.2
92.2
92.2
92.2
92.2
92.2
92.2
92.2
92.2
92.2
92.2
92.2
92.2
92.2
92.2
92.2
92.2
92.2
92.2
92.2
92.2
92.2
92.2
92.2
92.2
92.2
92.2
92.2
92.2
92.2
92.2
92.2
92.2
92.2
92.2
92.2
92.2
92.2
92.2
92.2
92.2
92.2
92.2
92.2
92.2
92.2
92.2
92.2
92.2
92.2
92.2
92.2
92.2
92.2
92.2
92.2
92.2
92.2
92.2
92.2
92.2
92.2
92.2
92.2
92.2
92.2
92.2
92.2
92.2
92.2
92.2
92.2
92.2
92.2
92.2
92.2
92.2
92.2
92.2
92.2
92.2
92.2
92.2
92.2
92.2
92.2
92.2
92.2
92.2
92.4
92.4
92.4
92.4
92.4
92.4
92.4
92.4
92.4
92.4
92.4
92.2
92.2
92.2
92.2
92.2
92.2
92.2
92.2
92.2
92.2
92.2
92.2
92.2
92.2
92.2
92.2
92.2
92.2
92.2
92.2
92.2
92.2
92.2
92.2
92.2
92.2
92.2
92.2
92.2
92.2
92.2
92.2
92.2
92.2
92.2
92.2
92.2
92.2
92.2
92.2
92.2
92.2
92.2
92.2
92.2
92.2
92.2
92.2
92.2
92.2
92.2
92.2
92.2
92.2
92.2
92.2
92.2
92.2
92.2
92.2
92.2
92.2
92.2
92.2
92.2
92.2
92.2
92.2
92.2
92.2
92.2
92.2
92.2
92.2
92.2
92.2
92.2
92.2
92.2
92.2
92.2
92.2
92.2
92.4
92.4
92.4
92.4
92.4
92.4
92.4
92.4
92.4
92.4
92.4
92.4
92.4
92.4
92.4
92.4
92.4
92.4
92.4
92.4
92.4
92.4
92.4
92.4
92.4
92.4
92.4
92.4
92.4
92.4
92.4
92.4
92.4
92.4
92.4
92.4
92.4
92.4
92.4
92.4
92.4
92.4
92.4
92.4
92.4
92.4
92.4
92.4
92.4
92.4
92.4
92.4
92.4
92.4
92.4
92.4
92.4
92.4
92.4
92.4
92.4
92.4
92.4
92.4
92.4
92.4
92.4
92.4
92.4
92.4
92.4
92.4
92.4
92.4
92.4
92.4
92.4
92.4
92.4
92.4
92.4
92.4
92.4
92.4
92.4
92.4
92.4
92.4
92.4
92.4
92.4
92.4
92.4
92.4
92.4
92.4
92.4
92.4
92.4
92.4
92.4
92.4
92.4
92.4
92.4
92.4
92.4
92.4
92.4
92.4
92.4
92.4
92.4
92.4
92.4
92.4
92.4
92.4
92.4
92.4
92.4
92.4
92.4
92.4
92.4
92.4
92.4
92.4
92.4
92.4
92.4
92.4
92.4
92.4
92.4
92.4
92.4
92.4
92.4
92.4
92.4
92.4
92.4
92.4
92.4
92.4
92.4
92.4
92.4
92.4
92.4
92.4
92.4
92.4
92.4
92.4
92.4
92.4
92.4
92.4
92.4
92.4
92.4
92.4
92.4
92.4
92.4
92.4
92.4
92.4
92.6
92.6
92.6
92.6
92.6
92.6
92.6
92.6
92.6
92.6
92.6
92.6
92.6
92.6
92.6
92.6
92.6
92.6
92.6
92.6
92.6
92.6
92.6
92.6
92.6
92.6
92.6
92.6
92.6
92.6
92.6
92.6
92.6
92.6
92.6
92.6
92.6
92.6
92.6
92.6
92.6
92.6
92.6
92.6
92.6
92.6
92.6
92.6
92.6
92.6
92.6
92.6
92.6
92.6
92.6
92.6
92.6
92.6
92.6
92.6
92.6
92.6
92.6
92.6
92.6
92.6
92.6
92.6
92.6
92.6
92.6
92.6
92.6
92.6
92.6
92.6
92.6
92.799995
92.799995
92.799995
92.799995
92.799995
93.0
93.0
93.0
93.0
93.0
93.0
93.0
93.0
93.0
93.0
93.0
93.0
93.0
93.2
93.2
93.2
93.2
93.2
93.2
93.2
93.2
93.2
93.2
93.2
93.2
93.2
93.2
93.2
93.2
93.2
93.2
93.2
93.2
93.2
93.2
93.2
93.2
93.2
93.2
93.2
93.2
93.2
93.2
93.4
93.4
93.4
93.4
93.4
93.4
93.4
93.4
93.4
93.4
93.4
93.4
93.4
93.4
93.4
93.4
93.4
93.4
93.4
93.4
93.4
93.4
93.4
93.4
93.4
93.4
93.4
93.4
93.4
93.4
93.4
93.4
93.4
93.4
93.4
93.4
93.4
93.4
93.4
93.4
93.4
93.4
93.4
93.4
93.4
93.4
93.4
93.4
93.4
93.4
93.4
93.4
93.4
93.4
93.4
93.4
93.4
93.4
93.4
93.4
93.4
93.4
93.4
93.4
93.4
93.4
93.4
93.4
93.4
93.4
93.4
93.4
93.4
93.4
93.4
93.4
93.4
93.4
93.4
93.4
93.4
93.4
93.4
93.4
93.4
93.4
93.4
93.4
93.4
93.4
93.4
93.4
93.4
93.4
93.4
93.4
93.4
93.4
93.4
93.4
93.4
93.4
93.4
93.4
93.4
93.4
93.4
93.4
93.4
93.4
93.4
93.4
93.4
93.4
93.4
93.4
93.4
93.4
93.4
93.4
93.4
93.4
93.4
93.4
93.4
93.4
93.4
93.4
93.4
93.4
93.4
93.4
93.4
93.6
93.6
93.6
93.6
93.8
93.8
93.8
93.8
93.8
93.8
93.8
93.8
93.8
93.8
93.8
93.8
93.8
93.8
93.8
94.0
94.0
94.0
94.0
94.0
94.0
94.0
94.0
94.0
94.0
94.0
94.0
94.0
94.0
94.0
94.0
94.0
94.0
94.0
94.0
94.0
94.0
94.0
94.0
94.0
94.0
94.0
94.0
94.0
94.0
94.0
94.0
94.0
94.0
94.0
94.0
94.0
94.0
94.0
94.0
94.0
94.0
94.0
94.0
94.0
94.0
94.0
94.0
94.0
94.0
94.0
94.0
94.0
94.0
94.0
94.0
94.0
94.0
94.0
94.0
94.0
94.0
94.0
94.0
94.0
94.0
94.0
94.0
94.0
94.0
94.0
94.0
94.0
94.0
94.0
94.0
94.0
94.0
94.0
94.0
94.0
94.0
94.0
94.0
94.0
94.0
94.0
94.0
94.0
94.0
94.0
94.0
94.0
94.0
94.0
94.0
94.0
94.0
94.0
94.0
94.0
94.0
94.0
94.0
94.0
94.0
94.0
94.0
94.0
94.0
94.0
94.0
94.0
94.0
94.0
94.0
94.0
94.0
94.0
94.0
94.0
94.0
94.0
94.0
94.2
94.2
94.2
94.2
94.2
94.2
94.2
94.2
94.4
94.4
94.4
94.4
94.4
94.4
94.4
94.4
94.4
94.4
94.4
94.4
94.4
94.4
94.4
94.4
94.4
94.4
94.4
94.4
94.4
94.4
94.4
94.4
94.4
94.4
94.4
94.4
94.4
94.4
94.4
94.4
94.4
94.4
94.4
94.4
94.4
94.4
94.4
94.4
94.4
94.4
94.4
94.4
94.4
94.4
94.4
94.4
94.4
94.4
94.4
94.4
94.4
94.4
94.4
94.4
94.4
94.4
94.4
94.4
94.4
94.4
94.4
94.4
94.4
94.4
94.4
94.4
94.4
94.4
94.4
94.4
94.4
94.4
94.4
94.4
94.4
94.4
94.4
94.4
94.4
94.4
94.4
94.4
94.4
94.4
94.4
94.4
94.4
94.4
94.4
94.4
94.4
94.4
94.4
94.4
94.4
94.4
94.4
94.4
94.4
94.4
94.4
94.4
94.4
94.4
94.4
94.4
94.4
94.4
94.4
94.4
94.4
94.4
94.4
94.4
94.4
94.4
94.4
94.4
94.4
94.4
94.4
94.4
94.4
94.4
94.4
94.4
94.4
94.4
94.4
94.4
94.4
94.4
94.4
94.4
94.4
94.4
94.4
94.4
94.4
94.4
94.4
94.4
94.4
94.4
94.4
94.4
94.4
94.4
94.4
94.4
94.4
94.4
94.4
94.4
94.4
94.4
94.4
94.4
94.4
94.4
94.4
94.4
94.4
94.4
94.4
94.4
94.4
94.4
94.4
94.4
94.4
94.4
94.4
94.4
94.4
94.4
94.4
94.4
94.4
94.4
94.4
94.4
94.4
94.4
94.4
94.4
94.4
94.4
94.4
94.4
94.4
94.4
94.4
94.4
94.4
94.4
94.4
94.4
94.4
94.4
94.4
94.4
94.4
94.4
94.4
94.4
94.4
94.4
94.4
94.4
94.4
94.4
94.4
94.4
94.4
94.4
94.4
94.4
94.4
94.4
94.4
94.4
94.4
94.4
94.4
94.4
94.4
94.4
94.4
94.4
94.4
94.4
94.4
94.4
94.4
94.4
94.4
94.4
94.4
94.4
94.4
94.4
94.4
94.4
94.4
94.4
94.4
94.4
94.4
94.4
94.4
94.4
94.4
94.4
94.4
94.4
94.4
94.4
94.4
94.4
94.4
94.4
94.4
94.4
94.4
94.4
94.4
94.4
94.6
94.6
94.6
94.6
94.6
94.6
94.6
94.6
94.6
94.6
94.6
94.6
94.6
94.6
94.6
94.6
94.6
94.8
94.8
94.8
94.8
94.8
95.0
95.0
95.0
95.0
95.0
95.0
95.0
95.0
95.0
95.0
95.0
95.0
95.0
95.0
95.0
95.0
95.0
95.0
95.0
95.0
95.0
95.0
95.0
95.0
95.0
95.0
95.0
95.0
95.0
95.0
95.0
95.0
95.0
95.0
95.0
95.0
95.0
95.0
95.0
95.0
95.0
95.0
95.0
95.0
95.0
95.0
95.0
95.0
95.0
95.0
95.0
95.0
95.0
95.0
95.0
95.0
95.0
95.0
95.0
95.0
95.0
95.0
95.0
95.0
95.0
95.0
95.0
95.0
95.0
95.0
95.0
95.0
95.0
95.0
95.0
95.0
95.0
95.0
95.0
95.0
95.0
95.0
95.0
95.0
95.0
95.0
95.0
95.0
95.0
95.0
95.0
95.0
95.0
95.0
95.0
95.0
95.0
95.0
95.0
95.0
95.0
95.0
95.0
95.0
95.0
95.0
95.0
95.0
95.0
95.0
95.0
95.0
95.0
95.0
95.0
95.0
95.0
95.0
95.0
95.0
95.0
95.0
95.0
95.0
95.0
95.0
95.0
95.0
95.0
95.0
95.0
95.0
95.0
95.0
95.0
95.0
95.0
95.0
95.0
95.0
95.0
95.0
95.0
95.0
95.0
95.0
95.0
95.0
95.0
95.0
95.0
95.0
95.0
95.0
95.0
95.0
95.0
95.0
95.0
95.0
95.0
95.0
95.0
95.0
95.0
95.0
95.0
95.0
95.0
95.0
95.0
95.0
95.0
95.0
95.0
95.0
95.0
95.0
95.0
95.0
95.0
95.0
95.0
95.0
95.0
95.0
95.0
95.0
95.0
95.0
95.0
95.0
95.0
95.0
95.0
95.0
95.0
95.0
95.0
95.0
95.0
95.0
95.0
95.0
95.0
95.0
95.0
95.0
95.0
95.0
95.0
95.0
95.0
95.0
95.0
95.0
95.0
95.0
95.0
95.0
95.0
95.0
95.0
95.0
95.0
95.0
95.0
95.0
95.0
95.0
95.0
95.0
95.0
95.0
95.0
95.0
95.0
95.0
95.0
95.0
95.0
95.0
95.0
95.0
95.0
95.0
95.0
95.0
95.0
95.0
95.0
95.0
95.0
95.0
95.0
95.0
95.0
95.200005
95.200005
95.200005
95.200005
95.200005
95.200005
95.200005
95.200005
95.200005
95.200005
95.200005
95.200005
95.200005
95.200005
95.200005
95.200005
95.200005
95.200005
95.200005
95.200005
95.200005
95.200005
95.200005
95.200005
95.200005
95.200005
95.200005
95.200005
95.200005
95.200005
95.200005
95.200005
95.200005
95.200005
95.200005
95.200005
95.200005
95.200005
95.200005
95.200005
95.200005
95.200005
95.200005
95.200005
95.200005
95.200005
95.200005
95.200005
95.200005
95.200005
95.200005
95.200005
95.200005
95.200005
95.200005
95.200005
95.200005
95.200005
95.200005
95.200005
95.200005
95.200005
95.200005
95.200005
95.200005
95.200005
95.200005
95.200005
95.200005
95.200005
95.200005
95.200005
95.200005
95.200005
95.200005
95.200005
95.200005
95.200005
95.200005
95.200005
95.200005
95.200005
95.200005
95.200005
95.200005
95.200005
95.200005
95.200005
95.200005
95.200005
95.200005
95.200005
95.200005
95.200005
95.200005
95.200005
95.200005
95.200005
95.200005
95.200005
95.200005
95.200005
95.200005
95.200005
95.200005
95.200005
95.200005
95.200005
95.200005
95.200005
95.200005
95.200005
95.200005
95.200005
95.200005
95.200005
95.200005
95.200005
95.200005
95.200005
95.200005
95.200005
95.200005
95.200005
95.200005
95.200005
95.200005
95.200005
95.200005
95.200005
95.200005
95.200005
95.200005
95.200005
95.200005
95.200005
95.200005
95.200005
95.200005
95.200005
95.200005
95.200005
95.200005
95.200005
95.200005
95.200005
95.200005
95.200005
95.200005
95.200005
95.200005
95.200005
95.200005
95.200005
95.200005
95.200005
95.200005
95.200005
95.200005
95.200005
95.200005
95.200005
95.200005
95.200005
95.200005
95.200005
95.200005
95.200005
95.200005
95.200005
95.200005
95.200005
95.200005
95.200005
95.200005
95.200005
95.200005
95.200005
95.200005
95.200005
95.200005
95.200005
95.200005
95.200005
95.200005
95.200005
95.200005
95.200005
95.200005
95.200005
95.200005
95.200005
95.200005
95.200005
95.200005
95.200005
95.200005
95.200005
95.200005
95.200005
95.200005
95.200005
95.200005
95.200005
95.200005
95.200005
95.200005
95.200005
95.200005
95.200005
95.200005
95.200005
95.200005
95.200005
95.200005
95.200005
95.200005
95.200005
95.200005
95.200005
95.200005
95.200005
95.200005
95.200005
95.200005
95.200005
95.200005
95.200005
95.200005
95.200005
95.200005
95.200005
95.200005
95.200005
95.200005
95.200005
95.200005
95.200005
95.200005
95.200005
95.200005
95.200005
95.200005
95.200005
95.200005
95.200005
95.200005
95.200005
95.200005
95.200005
95.200005
95.200005
95.200005
95.200005
95.200005
95.200005
95.200005
95.200005
95.200005
95.200005
95.200005
95.200005
95.200005
95.200005
95.200005
95.200005
95.200005
95.200005
95.200005
95.200005
95.200005
95.200005
95.200005
95.200005
95.200005
95.200005
95.200005
95.200005
95.200005
95.200005
95.200005
95.200005
95.200005
95.200005
95.200005
95.200005
95.200005
95.200005
95.200005
95.200005
95.200005
95.200005
95.200005
95.200005
95.200005
95.200005
95.200005
95.200005
95.200005
95.200005
95.200005
95.200005
95.200005
95.200005
95.200005
95.200005
95.200005
95.200005
95.200005
95.200005
95.200005
95.200005
95.200005
95.200005
95.200005
95.200005
95.200005
95.200005
95.200005
95.200005
95.200005
95.200005
95.200005
95.200005
95.200005
95.200005
95.200005
95.200005
95.200005
95.200005
95.200005
95.200005
95.200005
95.200005
95.200005
95.200005
95.200005
95.200005
95.4
95.4
95.4
95.4
95.4
95.4
95.4
95.4
95.4
95.4
95.4
95.4
95.4
95.6
95.6
95.6
95.6
95.6
95.6
95.6
95.6
95.6
95.6
95.6
95.6
95.6
95.6
95.6
95.6
95.6
95.6
95.6
95.6
95.6
95.6
95.6
95.6
95.6
95.6
95.6
95.6
95.6
95.6
95.6
95.6
95.6
95.6
95.6
95.6
95.6
95.6
95.6
95.6
95.6
95.6
95.6
95.6
95.6
95.6
95.6
95.6
95.6
95.6
95.6
95.6
95.6
95.6
95.6
95.6
95.6
95.6
95.6
95.6
95.6
95.6
95.6
95.6
95.6
95.6
95.6
95.6
95.6
95.6
95.6
95.6
95.6
95.6
95.6
95.6
95.6
95.6
95.6
95.6
95.6
95.6
95.6
95.6
95.6
95.6
95.6
95.6
95.6
95.6
95.6
95.6
95.6
95.6
95.6
95.6
95.6
95.6
95.6
95.6
95.6
95.6
95.6
95.6
95.8
95.8
95.8
95.8
95.8
95.8
95.8
95.8
95.8
95.8
95.8
95.8
95.8
95.8
95.8
95.8
95.8
95.8
95.8
95.8
95.8
95.8
95.8
95.8
95.8
95.8
95.8
95.8
95.8
95.8
95.8
95.8
95.8
95.8
95.8
95.8
95.8
95.8
95.8
95.8
95.8
95.8
95.8
95.8
95.8
95.8
95.8
95.8
95.8
95.8
95.8
95.8
95.8
95.8
95.8
95.8
95.8
95.8
95.8
95.8
95.8
95.8
95.8
95.8
95.8
95.8
95.8
95.8
95.8
95.8
95.8
95.8
95.8
95.8
95.8
95.8
95.8
95.8
95.8
95.8
95.8
95.8
95.8
95.8
95.8
95.8
95.8
95.8
95.8
95.8
95.8
95.8
95.8
95.8
95.8
95.8
95.8
95.8
95.8
95.8
95.8
95.8
95.8
95.8
95.8
95.8
95.8
95.8
95.8
95.8
95.8
95.8
95.8
95.8
95.8
95.8
95.8
95.8
95.8
95.8
95.8
95.8
95.8
95.8
95.8
95.8
95.8
95.8
95.8
95.8
95.8
95.8
95.8
95.8
95.8
95.8
95.8
95.8
95.8
95.8
95.8
95.8
95.8
95.8
95.8
95.8
95.8
95.8
95.8
95.8
95.8
95.8
95.8
95.8
95.8
95.8
95.8
95.8
95.8
95.8
95.8
95.8
95.8
95.8
95.8
95.8
95.8
95.8
95.8
95.8
95.8
95.8
95.8
95.8
95.8
95.8
95.8
95.8
95.8
95.8
95.8
95.8
95.8
95.8
95.8
95.8
95.8
95.8
95.8
95.8
95.8
95.8
95.8
95.8
95.8
95.8
95.8
95.8
95.8
95.8
95.8
95.8
95.8
95.8
95.8
95.8
95.8
95.8
95.8
95.8
95.8
95.8
95.8
95.8
95.8
95.8
95.8
95.8
95.8
95.8
95.8
95.8
95.8
95.8
95.8
95.8
95.8
95.8
95.8
95.8
95.8
95.8
95.8
95.8
95.8
95.8
95.8
95.8
95.8
95.8
95.8
95.8
95.8
95.8
95.8
95.8
95.8
95.8
95.8
95.8
95.8
95.8
95.8
95.8
95.8
95.8
95.8
95.8
95.8
95.8
95.8
95.8
95.8
95.8
95.8
95.8
95.8
95.8
95.8
95.8
95.8
95.8
95.8
95.8
95.8
95.8
95.8
95.8
95.8
95.8
95.8
95.8
95.8
95.8
95.8
95.8
96.0
96.0
96.0
96.0
96.0
96.0
96.0
96.0
96.0
96.0
96.0
96.0
96.0
96.0
96.0
96.0
96.0
96.0
96.0
96.0
96.0
96.0
96.0
96.0
96.0
96.0
96.0
96.0
96.0
96.0
96.0
96.0
96.0
96.0
96.0
96.0
96.0
96.0
96.0
96.0
96.0
96.0
96.0
96.0
96.0
96.0
96.0
96.0
96.0
96.0
96.0
96.0
96.0
96.0
96.0
96.0
96.0
96.0
96.0
96.0
96.0
96.0
96.0
96.0
96.0
96.0
96.0
96.0
96.0
96.0
96.0
96.0
96.0
96.0
96.0
96.0
96.0
96.0
96.0
96.0
96.0
96.0
96.0
96.0
96.0
96.0
96.0
96.0
96.0
96.0
96.0
96.0
96.0
96.0
96.0
96.0
96.0
96.0
96.0
96.0
96.0
96.0
96.0
96.0
96.0
96.0
96.0
96.0
96.0
96.0
96.0
96.0
96.0
96.0
96.0
96.0
96.0
96.0
96.0
96.0
96.0
96.0
96.0
96.0
96.0
96.0
96.0
96.0
96.0
96.0
96.0
96.0
96.0
96.0
96.0
96.0
96.0
96.0
96.0
96.0
96.0
96.0
96.0
96.0
96.0
96.0
96.0
96.0
96.0
96.0
96.0
96.0
96.0
96.0
96.0
96.0
96.0
96.0
96.0
96.0
96.0
96.0
96.0
96.0
96.0
96.0
96.0
96.0
96.0
96.0
96.0
96.0
96.0
96.0
96.0
96.0
96.0
96.0
96.0
96.0
96.0
96.0
96.0
96.0
96.0
96.0
96.0
96.0
96.0
96.0
96.0
96.0
96.0
96.0
96.0
96.0
96.0
96.0
96.0
96.0
96.0
96.0
96.0
96.0
96.0
96.0
96.0
96.0
96.0
96.0
96.0
96.0
96.0
96.0
96.0
96.0
96.0
96.0
96.0
96.0
96.0
96.0
96.0
96.0
96.0
96.0
96.0
96.0
96.0
96.0
96.0
96.0
96.0
96.0
96.0
96.0
96.0
96.0
95.8
95.8
95.8
95.8
95.8
95.8
95.8
95.8
95.8
95.8
95.8
95.8
95.8
95.8
95.8
95.8
95.8
95.8
95.8
95.8
95.8
95.8
95.8
95.8
95.8
95.8
95.8
95.8
95.8
95.8
95.8
95.8
95.8
95.8
95.8
95.8
95.8
95.8
95.8
95.8
95.8
95.8
95.8
95.8
95.8
95.8
95.8
95.8
95.8
95.8
95.8
95.8
95.8
95.8
96.0
96.0
96.0
96.0
96.0
96.0
96.0
96.0
96.0
96.0
96.0
96.0
96.200005
96.200005
96.200005
96.200005
96.200005
96.200005
96.200005
96.200005
96.200005
96.200005
96.200005
96.200005
96.200005
96.200005
96.200005
96.200005
96.200005
96.200005
96.200005
96.200005
96.200005
96.200005
96.200005
96.200005
96.200005
96.200005
96.200005
96.200005
96.200005
96.200005
96.200005
96.200005
96.200005
96.200005
96.200005
96.200005
96.200005
96.200005
96.200005
96.200005
96.200005
96.200005
96.200005
96.200005
96.200005
96.200005
96.200005
96.200005
96.200005
96.200005
96.200005
96.200005
96.200005
96.200005
96.200005
96.200005
96.200005
96.200005
96.200005
96.200005
96.200005
96.200005
96.200005
96.200005
96.200005
96.200005
96.200005
96.200005
96.200005
96.200005
96.200005
96.200005
96.200005
96.200005
96.200005
96.200005
96.200005
96.200005
96.200005
96.200005
96.200005
96.200005
96.200005
96.200005
96.200005
96.200005
96.200005
96.200005
96.200005
96.200005
96.200005
96.200005
96.200005
96.200005
96.200005
96.200005
96.200005
96.200005
96.200005
96.200005
96.200005
96.200005
96.200005
96.200005
96.200005
96.200005
96.200005
96.200005
96.200005
96.200005
96.200005
96.200005
96.200005
96.200005
96.200005
96.200005
96.200005
96.200005
96.200005
96.200005
96.200005
96.200005
96.200005
96.200005
96.200005
96.200005
96.200005
96.200005
96.200005
96.200005
96.200005
96.200005
96.200005
96.200005
96.200005
96.200005
96.200005
96.200005
96.200005
96.200005
96.200005
96.200005
96.200005
96.200005
96.200005
96.200005
96.200005
96.200005
96.200005
96.200005
96.200005
96.200005
96.200005
96.200005
96.200005
96.200005
96.200005
96.200005
96.200005
96.200005
96.200005
96.200005
96.200005
96.200005
96.200005
96.200005
96.200005
96.200005
96.200005
96.200005
96.200005
96.200005
96.200005
96.200005
96.200005
96.200005
96.200005
96.200005
96.200005
96.200005
96.200005
96.200005
96.200005
96.200005
96.200005
96.200005
96.200005
96.200005
96.200005
96.200005
96.200005
96.200005
96.200005
96.200005
96.200005
96.200005
96.200005
96.200005
96.200005
96.200005
96.200005
96.200005
96.200005
96.200005
96.200005
96.200005
96.200005
96.200005
96.200005
96.200005
96.200005
96.200005
96.200005
96.200005
96.200005
96.200005
96.200005
96.200005
96.200005
96.200005
96.200005
96.200005
96.200005
96.200005
96.200005
96.200005
96.200005
96.200005
96.200005
96.200005
96.200005
96.200005
96.200005
96.200005
96.200005
96.200005
96.200005
96.200005
96.200005
96.200005
96.200005
96.200005
96.200005
96.200005
96.200005
96.200005
96.200005
96.200005
96.200005
96.200005
96.200005
96.200005
96.200005
96.200005
96.200005
96.200005
96.200005
96.200005
96.200005
96.200005
96.200005
96.200005
96.200005
96.200005
96.200005
96.200005
96.200005
96.200005
96.200005
96.200005
96.200005
96.200005
96.200005
96.200005
96.200005
96.200005
96.200005
96.200005
96.200005
96.200005
96.200005
96.200005
96.200005
96.200005
96.200005
96.200005
96.200005
96.200005
96.200005
96.200005
96.200005
96.200005
96.200005
96.200005
96.200005
96.200005
96.200005
96.200005
96.200005
96.200005
96.200005
96.200005
96.200005
96.200005
96.200005
96.200005
96.200005
96.200005
96.200005
96.200005
96.200005
96.200005
96.200005
96.200005
96.200005
96.200005
96.200005
96.200005
96.200005
96.200005
96.200005
96.200005
96.200005
96.200005
96.200005
96.200005
96.200005
96.200005
96.200005
96.200005
96.200005
96.200005
96.200005
96.200005
96.200005
96.200005
96.200005
96.200005
96.200005
96.200005
96.200005
96.200005
96.200005
96.200005
96.200005
96.200005
96.200005
96.200005
96.200005
96.200005
96.200005
96.200005
96.200005
96.200005
96.200005
96.200005
96.200005
96.200005
96.200005
96.200005
96.200005
96.200005
96.200005
96.200005
96.200005
96.200005
96.200005
96.200005
96.200005
96.200005
96.200005
96.200005
96.200005
96.200005
96.200005
96.200005
96.200005
96.200005
96.200005
96.200005
96.200005
96.200005
96.200005
96.200005
96.200005
96.200005
96.200005
96.200005
96.200005
96.200005
96.200005
96.200005
96.200005
96.200005
96.200005
96.200005
96.200005
96.200005
96.200005
96.200005
96.200005
96.200005
96.200005
96.200005
96.200005
96.200005
96.200005
96.200005
96.200005
96.200005
96.200005
96.200005
96.200005
96.200005
96.200005
96.200005
96.200005
96.200005
96.200005
96.200005
96.200005
96.200005
96.200005
96.200005
96.200005
96.200005
96.200005
96.200005
96.200005
96.200005
96.200005
96.200005
96.200005
96.200005
96.200005
96.200005
96.200005
96.200005
96.200005
96.200005
96.200005
96.200005
96.200005
96.200005
96.200005
96.200005
96.200005
96.200005
96.200005
96.200005
96.200005
96.200005
96.200005
96.200005
96.200005
96.200005
96.200005
96.200005
96.200005
96.200005
96.200005
96.200005
96.200005
96.200005
96.200005
96.200005
96.200005
96.200005
96.200005
96.200005
96.200005
96.200005
96.200005
96.200005
96.200005
96.200005
96.200005
96.200005
96.200005
96.200005
96.200005
96.200005
96.200005
96.200005
96.200005
96.200005
96.200005
96.200005
96.200005
96.200005
96.200005
96.200005
96.200005
96.200005
96.200005
96.200005
96.200005
96.200005
96.200005
96.200005
96.200005
96.200005
96.200005
96.200005
96.200005
96.200005
96.200005
96.200005
96.200005
96.200005
96.200005
96.200005
96.200005
96.200005
96.200005
96.200005
96.200005
96.200005
96.200005
96.200005
96.200005
96.200005
96.200005
96.200005
96.200005
96.200005
96.200005
96.200005
96.200005
96.200005
96.200005
96.200005
96.200005
96.200005
96.200005
96.200005
96.200005
96.200005
96.200005
96.200005
96.200005
96.200005
96.200005
96.200005
96.200005
96.200005
96.200005
96.200005
96.200005
96.200005
96.200005
96.200005
96.200005
96.200005
96.200005
96.200005
96.200005
96.200005
96.200005
96.200005
96.200005
96.200005
96.200005
96.200005
96.200005
96.200005
96.200005
96.200005
96.200005
96.200005
96.200005
96.200005
96.200005
96.200005
96.200005
96.200005
96.200005
96.200005
96.200005
96.200005
96.200005
96.200005
96.200005
96.200005
96.200005
96.200005
96.200005
96.200005
96.200005
96.200005
96.200005
96.200005
96.200005
96.200005
96.200005
96.200005
96.200005
96.200005
96.200005
96.200005
96.200005
96.200005
96.200005
96.200005
96.200005
96.200005
96.200005
96.200005
96.200005
96.200005
96.200005
96.200005
96.200005
96.200005
96.200005
96.200005
96.200005
96.200005
96.200005
96.200005
96.200005
96.200005
96.200005
96.200005
96.200005
96.200005
96.200005
96.200005
96.200005
96.200005
96.200005
96.200005
96.200005
96.200005
96.200005
96.200005
96.200005
96.200005
96.200005
96.200005
96.200005
96.200005
96.200005
96.200005
96.200005
96.200005
96.200005
96.200005
96.200005
96.200005
96.200005
96.200005
96.200005
96.200005
96.200005
96.200005
96.200005
96.200005
96.200005
96.200005
96.200005
96.200005
96.200005
96.200005
96.200005
96.200005
96.200005
96.200005
96.200005
96.200005
96.200005
96.200005
96.200005
96.200005
96.200005
96.200005
96.200005
96.200005
96.200005
96.200005
96.200005
96.200005
96.200005
96.200005
96.200005
96.200005
96.200005
96.200005
96.200005
96.200005
96.200005
96.200005
96.200005
96.200005
96.200005
96.200005
96.200005
96.200005
96.200005
96.200005
96.200005
96.200005
96.200005
96.200005
96.200005
96.200005
96.200005
96.200005
96.200005
96.200005
96.200005
96.200005
96.200005
96.200005
96.200005
96.200005
96.200005
96.200005
96.200005
96.200005
96.200005
96.200005
96.200005
96.200005
96.200005
96.4
96.4
96.4
96.4
96.4
96.4
96.4
96.4
96.4
96.4
96.4
96.4
96.4
96.4
96.4
96.4
96.4
96.4
96.4
96.4
96.4
96.4
96.4
96.4
96.4
96.4
96.4
96.4
96.4
96.4
96.4
96.4
96.4
96.4
96.4
96.4
96.4
96.4
96.4
96.4
96.4
96.4
96.4
96.4
96.4
96.4
96.4
96.4
96.4
96.4
96.4
96.4
96.4
96.4
96.4
96.4
96.4
96.4
96.4
96.6
96.6
96.6
96.6
96.6
96.6
96.6
96.6
96.6
96.6
96.6
96.6
96.6
96.6
96.6
96.6
96.6
96.6
96.6
96.6
96.6
96.6
96.6
96.6
96.6
96.6
96.6
96.6
96.6
96.6
96.6
96.6
96.6
96.6
96.6
96.6
96.6
96.6
96.6
96.6
96.6
96.6
96.6
96.6
96.6
96.6
96.6
96.6
96.6
96.6
96.6
96.6
96.6
96.6
96.6
96.6
96.6
96.6
96.6
96.6
96.6
96.6
96.6
96.6
96.6
96.6
96.6
96.6
96.6
96.6
96.6
96.6
96.6
96.6
96.6
96.6
96.6
96.6
96.6
96.6
96.6
96.6
96.6
96.6
96.6
96.6
96.6
96.6
96.6
96.6
96.6
96.6
96.6
96.6
96.6
96.6
96.6
96.6
96.6
96.6
96.6
96.6
96.6
96.6
96.6
96.6
96.6
96.6
96.6
96.6
96.6
96.6
96.6
96.6
96.6
96.6
96.6
96.6
96.6
96.6
96.6
96.6
96.6
96.6
96.6
96.6
96.6
96.6
96.6
96.6
96.6
96.6
96.6
96.6
96.6
96.6
96.6
96.6
96.6
96.6
96.6
96.6
96.6
96.6
96.6
96.6
96.6
96.6
96.6
96.6
96.6
96.6
96.6
96.6
96.6
96.6
96.6
96.6
96.6
96.6
96.6
96.6
96.6
96.6
96.6
96.6
96.6
96.6
96.6
96.6
96.6
96.6
96.6
96.6
96.6
96.6
96.6
96.6
96.6
96.6
96.6
96.6
96.6
96.6
96.6
96.6
96.6
96.6
96.6
96.6
96.6
96.6
96.6
96.6
96.6
96.6
96.6
96.6
96.6
96.6
96.6
96.6
96.6
96.6
96.6
96.6
96.6
96.6
96.6
96.6
96.6
96.6
96.6
96.6
96.6
96.6
96.6
96.6
96.6
96.6
96.6
96.6
96.6
96.6
96.6
96.6
96.6
96.6
96.6
96.6
96.6
96.6
96.6
96.6
96.6
96.6
96.6
96.6
96.6
96.6
96.6
96.6
96.6
96.6
96.6
96.6
96.6
96.6
96.6
96.6
96.6
96.6
96.6
96.6
96.6
96.6
96.6
96.6
96.6
96.6
96.6
96.6
96.6
96.6
96.6
96.6
96.6
96.6
96.6
96.6
96.6
96.6
96.6
96.6
96.6
96.6
96.6
96.6
96.6
96.6
96.6
96.6
96.6
96.6
96.6
96.6
96.6
96.6
96.6
96.6
96.6
96.6
96.6
96.6
96.6
96.6
96.6
96.6
96.6
96.6
96.6
96.6
96.6
96.6
96.6
96.6
96.6
96.6
96.6
96.6
96.6
96.6
96.6
96.6
96.6
96.6
96.6
96.6
96.6
96.6
96.6
96.6
96.6
96.6
96.6
96.6
96.6
96.6
96.6
96.6
96.6
96.6
96.6
96.6
96.6
96.6
96.6
96.6
96.6
96.6
96.6
96.6
96.6
96.6
96.6
96.6
96.6
96.6
96.6
96.6
96.6
96.6
96.6
96.6
96.6
96.6
96.6
96.6
96.6
96.6
96.6
96.6
96.6
96.6
96.6
96.6
96.6
96.6
96.6
96.6
96.6
96.6
96.6
96.6
96.6
96.6
96.6
96.6
96.6
96.6
96.6
96.6
96.6
96.6
96.6
96.6
96.6
96.6
96.6
96.6
96.6
96.6
96.6
96.6
96.6
96.6
96.6
96.6
96.6
96.6
96.6
96.6
96.6
96.6
96.6
96.6
96.6
96.6
96.6
96.6
96.6
96.6
96.6
96.6
96.6
96.6
96.6
96.6
96.6
96.6
96.6
96.6
96.6
96.6
96.6
96.6
96.6
96.6
96.6
96.6
96.6
96.6
96.6
96.6
96.6
96.6
96.6
96.6
96.6
96.6
96.6
96.6
96.6
96.6
96.6
96.6
96.6
96.6
96.6
96.6
96.6
96.6
96.6
96.6
96.6
96.6
96.6
96.6
96.6
96.6
96.6
96.6
96.6
96.6
96.6
96.6
96.6
96.6
96.6
96.6
96.6
96.6
96.6
96.6
96.6
96.6
96.6
96.6
96.6
96.6
96.6
96.6
96.6
96.6
96.6
96.6
96.6
96.6
96.6
96.6
96.6
96.6
96.6
96.6
96.6
96.6
96.6
96.6
96.6
96.6
96.6
96.6
96.6
96.6
96.6
96.6
96.6
96.6
96.6
96.6
96.6
96.6
96.6
96.6
96.6
96.6
96.6
96.6
96.6
96.6
96.6
96.6
96.6
96.6
96.6
96.6
96.6
96.6
96.6
96.6
96.6
96.6
96.6
96.6
96.6
96.6
96.6
96.6
96.6
96.6
96.6
96.6
96.6
96.6
96.6
96.6
96.6
96.6
96.6
96.6
96.6
96.6
96.6
96.6
96.6
96.6
96.6
96.6
96.6
96.6
96.6
96.6
96.6
96.6
96.6
96.6
96.6
96.6
96.6
96.6
96.6
96.6
96.6
96.6
96.6
96.6
96.6
96.6
96.6
96.6
96.6
96.6
96.6
96.6
96.6
96.6
96.6
96.6
96.6
96.6
96.6
96.6
96.6
96.6
96.6
96.6
96.6
96.6
96.6
96.6
96.6
96.6
96.6
96.6
96.6
96.6
96.6
96.6
96.6
96.6
96.6
96.6
96.6
96.6
96.6
96.6
96.6
96.6
96.6
96.6
96.6
96.6
96.6
96.6
96.6
96.6
96.6
96.6
96.6
96.6
96.6
96.6
96.6
96.6
96.6
96.6
96.6
96.6
96.6
96.6
96.6
96.6
96.6
96.6
96.6
96.6
96.6
96.6
96.6
96.6
96.6
96.6
96.6
96.6
96.6
96.6
96.6
96.6
96.6
96.6
96.6
96.6
96.6
96.6
96.6
96.6
96.6
96.6
96.6
96.6
96.6
96.6
96.6
96.6
96.6
96.6
96.6
96.6
96.6
96.6
96.6
96.6
96.6
96.6
96.6
96.6
96.6
96.6
96.6
96.6
96.6
96.6
96.6
96.6
96.6
96.6
96.6
96.6
96.6
96.6
96.6
96.6
96.6
96.6
96.6
96.6
96.6
96.6
96.6
96.6
96.6
96.6
96.6
96.6
96.6
96.6
96.6
96.6
96.6
96.6
96.6
96.6
96.6
96.6
96.6
96.6
96.6
96.6
96.6
96.6
96.6
96.6
96.6
96.6
96.6
96.6
96.6
96.6
96.6
96.6
96.6
96.6
96.6
96.6
96.6
96.6
96.6
96.6
96.6
96.6
96.6
96.6
96.6
96.6
96.6
96.6
96.6
96.6
96.6
96.6
96.6
96.6
96.6
96.6
96.6
96.6
96.6
96.6
96.6
96.6
96.6
96.6
96.6
96.6
96.6
96.6
96.6
96.6
96.6
96.6
96.6
96.6
96.6
96.6
96.6
96.6
96.6
96.6
96.6
96.6
96.6
96.6
96.6
96.6
96.6
96.6
96.6
96.6
96.6
96.6
96.6
96.6
96.6
96.6
96.6
96.6
96.6
96.6
96.6
96.6
96.6
96.6
96.6
96.6
96.6
96.6
96.6
96.6
96.6
96.6
96.6
96.6
96.6
96.6
96.6
96.6
96.6
96.6
96.6
96.6
96.6
96.6
96.6
96.6
96.6
96.6
96.6
96.6
96.6
96.6
96.6
96.6
96.6
96.6
96.6
96.6
96.6
96.6
96.6
96.6
96.6
96.6
96.6
96.6
96.6
96.6
96.6
96.6
96.6
96.6
96.6
96.6
96.6
96.6
96.6
96.6
96.6
96.6
96.6
96.6
96.6
96.6
96.6
96.6
96.6
96.6
96.6
96.6
96.6
96.6
96.6
96.6
96.6
96.6
96.6
96.6
96.6
96.6
96.6
96.6
96.6
96.6
96.6
96.6
96.6
96.6
96.6
96.6
96.6
96.6
96.6
96.6
96.6
96.6
96.6
96.6
96.6
96.6
96.6
96.6
96.6
96.6
96.6
96.6
96.6
96.6
96.6
96.6
96.6
96.6
96.6
96.6
96.6
96.6
96.6
96.6
96.6
96.6
96.6
96.6
96.6
96.6
96.6
96.6
96.6
96.6
96.6
96.6
96.6
96.6
96.6
96.6
96.6
96.6
96.6
96.6
96.6
96.6
96.6
96.6
96.6
96.6
96.6
96.6
96.6
96.6
96.6
96.6
96.6
96.6
96.6
96.6
96.6
96.6
96.6
96.6
96.6
96.6
96.6
96.6
96.6
96.6
96.6
96.6
96.6
96.6
96.6
96.6
96.6
96.6
96.6
96.6
96.6
96.6
96.6
96.6
96.6
96.6
96.6
96.6
96.6
96.6
96.6
96.6
96.6
96.6
96.6
96.6
96.6
96.6
96.6
96.6
96.6
96.6
96.6
96.6
96.6
96.6
96.6
96.6
96.6
96.6
96.6
96.6
96.6
96.6
96.6
96.6
96.6
96.6
96.6
96.6
96.6
96.6
96.6
96.6
96.6
96.6
96.6
96.6
96.6
96.6
96.6
96.6
96.6
96.6
96.6
96.6
96.6
96.6
96.6
96.6
96.6
96.6
96.6
96.6
96.6
96.6
96.6
96.6
96.6
96.6
96.6
96.6
96.6
96.6
96.6
96.6
96.6
96.6
96.6
96.6
96.6
96.6
96.6
96.6
96.6
96.6
96.6
96.6
96.6
96.6
96.6
96.6
96.6
96.6
96.6
96.6
96.6
96.6
96.6
96.6
96.6
96.6
96.6
96.6
96.6
96.6
96.6
96.6
96.6
96.6
96.6
96.6
96.6
96.6
96.6
96.6
96.6
96.6
96.6
96.6
96.6
96.6
96.6
96.6
96.6
96.6
96.6
96.6
96.6
96.6
96.6
96.6
96.6
96.6
96.6
96.6
96.6
96.6
96.6
96.6
96.6
96.6
96.6
96.6
96.6
96.6
96.6
96.6
96.6
96.6
96.6
96.6
96.6
96.6
96.6
96.6
96.6
96.6
96.6
96.6
96.6
96.6
96.6
96.6
96.6
96.6
96.6
96.6
96.6
96.6
96.6
96.6
96.6
96.6
96.6
96.6
96.6
96.6
96.6
96.6
96.6
96.6
96.6
96.6
96.6
96.6
96.6
96.6
96.6
96.6
96.6
96.6
96.6
96.6
96.6
96.6
96.6
96.6
96.6
96.6
96.6
96.6
96.6
96.6
96.6
96.6
96.6
96.6
96.6
96.6
96.6
96.6
96.6
96.6
96.6
96.6
96.6
96.6
96.6
96.6
96.6
96.6
96.6
96.6
96.6
96.6
96.6
96.6
96.6
96.6
96.6
96.6
96.6
96.6
96.6
96.6
96.6
96.6
96.6
96.6
96.6
96.6
96.6
96.6
96.6
96.6
96.6
96.6
96.6
96.6
96.6
96.6
96.6
96.6
96.6
96.6
96.6
96.6
96.6
96.6
96.6
96.6
96.6
96.6
96.6
96.6
96.6
96.6
96.6
96.6
96.6
96.6
96.6
96.6
96.6
96.6
96.6
96.6
96.6
96.6
96.6
96.6
96.6
96.6
96.6
96.6
96.6
96.6
96.6
96.6
96.6
96.6
96.6
96.6
96.6
96.6
96.6
96.6
96.6
96.6
96.6
96.6
96.6
96.6
96.6
96.6
96.6
96.6
96.6
96.6
96.6
96.6
96.6
96.6
96.6
96.6
96.6
96.6
96.6
96.6
96.6
96.6
96.6
96.6
96.6
96.6
96.6
96.6
96.6
96.6
96.6
96.6
96.6
96.6
96.6
96.6
96.6
96.6
96.6
96.6
96.6
96.6
96.6
96.6
96.6
96.6
96.6
96.6
96.6
96.6
96.6
96.6
96.6
96.6
96.6
96.6
96.6
96.6
96.6
96.6
96.6
96.6
96.6
96.6
96.6
96.6
96.6
96.6
96.6
96.6
96.6
96.6
96.6
96.6
96.6
96.6
96.6
96.6
96.6
96.6
96.6
96.6
96.6
96.6
96.6
96.6
96.6
96.6
96.6
96.6
96.6
96.6
96.6
96.6
96.6
96.6
96.6
96.6
96.6
96.6
96.6
96.6
96.6
96.6
96.6
96.6
96.6
96.6
96.6
96.6
96.6
96.6
96.6
96.6
96.6
96.6
96.6
96.6
96.6
96.6
96.6
96.6
96.6
96.6
96.6
96.6
96.6
96.6
96.8
96.8
96.8
96.8
96.8
96.8
96.8
96.8
96.8
96.8
96.8
96.8
96.8
96.8
96.8
96.8
97.0
97.0
97.0
97.0
97.0
97.0
97.0
97.0
97.0
97.0
97.0
97.0
97.0
97.0
97.0
97.0
97.0
97.0
97.0
97.0
97.0
97.0
97.0
97.0
97.0
97.0
97.0
97.0
97.0
97.0
97.0
97.0
97.0
97.0
97.0
97.0
97.0
97.0
97.2
97.2
97.2
97.2
97.2
97.2
97.2
97.2
97.2
97.2
97.2
97.2
97.2
97.2
97.2
97.2
97.2
97.2
97.2
97.2
97.2
97.2
97.2
97.2
97.2
97.2
97.2
97.2
97.2
97.2
97.2
97.2
97.2
97.2
97.2
97.2
97.2
97.2
97.2
97.2
97.2
97.2
97.2
97.2
97.2
97.2
97.2
97.2
97.2
97.2
97.2
97.2
97.2
97.399994
97.399994
97.399994
97.399994
97.399994
97.399994
97.399994
97.399994
97.399994
97.399994
97.399994
97.399994
97.399994
97.399994
97.399994
97.399994
97.399994
97.399994
97.399994
97.399994
97.399994
97.399994
97.399994
97.399994
97.399994
97.399994
97.399994
97.399994
97.399994
97.399994
97.399994
97.399994
97.399994
97.399994
97.399994
97.399994
97.399994
97.399994
97.399994
97.399994
97.399994
97.399994
97.399994
97.399994
97.399994
97.399994
97.399994
97.399994
97.399994
97.399994
97.399994
97.399994
97.399994
97.399994
97.399994
97.399994
97.399994
97.399994
97.399994
97.399994
97.399994
97.399994
97.399994
97.399994
97.399994
97.399994
97.399994
97.399994
97.399994
97.399994
97.399994
97.399994
97.399994
97.399994
97.399994
97.399994
97.399994
97.399994
97.399994
97.399994
97.399994
97.399994
97.399994
97.399994
97.399994
97.399994
97.399994
97.399994
97.399994
97.399994
97.399994
97.399994
97.399994
97.399994
97.399994
97.399994
97.399994
97.399994
97.399994
97.399994
97.399994
97.399994
97.399994
97.399994
97.399994
97.399994
97.399994
97.399994
97.399994
97.399994
97.399994
97.399994
97.399994
97.399994
97.399994
97.399994
97.399994
97.6
97.6
97.6
97.6
97.6
97.6
97.6
97.6
97.6
97.6
97.6
97.6
97.6
97.6
97.6
97.6
97.6
97.6
97.6
97.6
97.6
97.6
97.6
97.6
97.6
97.6
97.6
97.6
97.6
97.6
97.6
97.6
97.6
97.6
97.6
97.6
97.6
97.6
97.6
97.6
97.6
97.6
97.6
97.6
97.6
97.6
97.6
97.6
97.6
97.6
97.6
97.6
97.6
97.6
97.6
97.6
97.6
97.6
97.6
97.6
97.6
97.6
97.6
97.6
97.6
97.6
97.6
97.6
97.6
97.6
97.6
97.6
97.6
97.6
97.6
97.6
97.6
97.6
97.6
97.6
97.6
97.6
97.6
97.6
97.6
97.6
97.6
97.6
97.6
97.6
97.6
97.6
97.6
97.6
97.6
97.6
97.6
97.6
97.6
97.6
97.6
97.6
97.6
97.6
97.6
97.6
97.799995
97.799995
97.799995
97.799995
97.799995
97.799995
97.799995
97.799995
97.799995
97.799995
97.799995
97.799995
97.799995
97.799995
97.799995
97.799995
97.799995
97.799995
97.799995
97.799995
97.799995
97.799995
97.799995
97.799995
97.799995
97.799995
97.799995
97.799995
97.799995
97.799995
97.799995
97.799995
97.799995
97.799995
97.799995
97.799995
97.799995
97.799995
97.799995
97.799995
97.799995
97.799995
97.799995
97.799995
97.799995
97.799995
97.799995
97.799995
97.799995
97.799995
97.799995
97.799995
97.799995
97.799995
97.799995
97.799995
97.799995
97.799995
97.799995
97.799995
97.799995
97.799995
97.799995
97.799995
97.799995
97.799995
97.799995
97.799995
97.799995
97.799995
97.799995
97.799995
97.799995
97.799995
97.799995
97.799995
97.799995
97.799995
97.799995
97.799995
97.799995
97.799995
97.799995
97.799995
97.799995
97.799995
97.799995
97.799995
97.799995
97.799995
97.799995
97.799995
97.799995
97.799995
97.799995
97.799995
97.799995
97.799995
97.799995
97.799995
97.799995
97.799995
97.799995
97.799995
97.799995
97.799995
97.799995
97.799995
97.799995
97.799995
97.799995
97.799995
97.799995
97.799995
97.799995
97.799995
97.799995
97.799995
97.799995
97.799995
97.799995
97.799995
97.799995
97.799995
97.799995
97.799995
97.799995
97.799995
97.799995
97.799995
97.799995
97.799995
97.799995
97.799995
97.799995
97.799995
97.799995
97.799995
97.799995
97.799995
97.799995
97.799995
97.799995
97.799995
97.799995
97.799995
97.799995
97.799995
97.799995
97.799995
97.799995
97.799995
97.799995
97.799995
97.799995
97.799995
97.799995
97.799995
97.799995
97.799995
97.799995
97.799995
97.799995
97.799995
97.799995
97.799995
97.799995
97.799995
97.799995
97.799995
97.799995
97.799995
97.799995
98.0