728.82153
731.59924
736.1471
740.8082
742.9512
738.89526
724.3103
695.70276
653.41583
598.52783
576.5686
630.19965
614.4481
565.8742
527.7802
508.90216
498.27057
486.27982
469.97668
469.888
464.83035
452.03214
446.23422
440.9783
431.47116
418.98154
410.3819
407.69022
404.44675
400.2026
396.88522
393.17224
387.93607
382.10587
377.3226
373.74866
370.55127
367.75037
365.62076
363.75586
361.70157
359.54803
357.60065
355.88684
354.23337
352.57462
350.924
349.22543
347.41852
345.54718
343.72122
342.0091
340.41736
338.9328
337.53732
336.1936
334.86404
333.53635
332.2219
330.93594
329.68054
328.45285
327.24454
326.04517
324.84668
323.64795
322.45755
321.28598
320.1403
319.02155
317.9251
316.84348
315.76993
314.70007
313.63525
312.57825
311.53256
310.499
309.4765
308.463
307.4561
306.4546
305.45975
304.47348
303.4972
302.53186
301.57635
300.62924
299.6889
298.75433
297.82565
296.9033
295.98798
295.08044
294.17996
293.2859
292.3982
291.51633
290.64017
289.77005
288.90652
288.04977
287.19934
286.35498
285.51636
284.6834
283.85568
283.03372
282.21738
281.4073
280.60245
279.8033
279.00952
278.2209
277.4374
276.65955
275.88684
275.11957
274.3573
273.60025
272.84833
272.1011
271.35907
270.62137
269.88937
269.1621
268.43948
267.72156
267.00842
266.30005
265.5963
264.8972
264.20255
263.51288
262.82733
262.1464
261.46967
260.79752
260.12982
259.46637
258.80734
258.1525
257.50186
256.8555
256.21344
255.57527
254.94133
254.3115
253.68575
253.06383
252.44609
251.83214
251.22235
250.61612
250.01407
249.41573
248.82117
248.23055
247.64346
247.0602
246.48055
245.90462
245.33228
244.76358
244.19838
243.63687
243.07875
242.52446
241.97319
241.4256
240.88113
240.3404
239.80284
239.26865
238.73772
238.2101
237.6857
237.16449
236.64647
236.13185
235.61995
235.11139
234.60585
234.1034
233.6039
233.10745
232.61417
232.12367
231.63606
231.15134
230.66957
230.19054
229.71436
229.2412
228.77058
228.30263
227.83755
227.37505
226.91536
226.45816
226.00363
225.5518
225.10234
224.65558
224.2113
223.76941
223.3301
222.89339
222.45872
222.02675
221.59698
221.16946
220.74457
220.3217
219.90129
219.48315
219.06711
218.65347
218.24165
217.83223
217.42496
217.01965
216.61679
216.21558
215.81662
215.41965
215.02486
214.63176
214.24084
213.85178
213.46461
213.07921
212.69589
212.31445
211.93471
211.55698
211.18094
210.80655
210.43393
210.06316
209.69397
209.32668
208.96097
208.59694
208.23439
207.87352
207.5143
207.15671
206.80072
206.44621
206.09302
205.74164
205.39163
205.04308
204.69597
204.35037
204.00613
203.66322
203.32204
202.98184
202.64333
202.30583
201.9699
201.63521
201.30191
200.9697
200.63885
200.30925
199.98083
199.6537
199.32777
199.00285
198.6793
198.35686
198.03563
197.71541
197.39642
197.0785
196.7616
196.44582
196.1312
195.8176
195.50504
195.19353
194.88287
194.5734
194.26471
193.95741
193.65094
193.34521
193.04042
192.73668
192.43373
192.13196
191.83093
191.53075
191.23167
190.93349
190.6359
190.33926
190.04347
189.74852
189.45462
189.16122
188.86864
188.57701
188.28607
187.99585
187.70671
187.41809
187.13026
186.8432
186.55673
186.27115
185.98631
185.70207
185.41864
185.13574
184.85373
184.57231
184.2916
184.01158
183.73209
183.45349
183.17546
182.898
182.62123
182.34505
182.06949
181.79466
181.52039
181.24666
180.9736
180.70114
180.4292
180.158
179.88724
179.61716
179.34761
179.07867
178.81018
178.54231
178.27502
178.00822
177.74217
177.47655
177.2113
176.94675
176.68268
176.41908
176.15607
175.89362
175.63156
175.3701
175.1092
174.84879
174.58871
174.32938
174.07048
173.81194
173.55392
173.29652
173.0396
172.7831
172.52692
172.27142
172.01642
171.7618
171.50769
171.25404
171.00084
170.7481
170.49582
170.24405
169.99283
169.74184
169.49149
169.24142
168.99205
168.74298
168.49435
168.24634
167.99864
167.75142
167.50452
167.25824
167.01231
166.7669
166.5218
166.27734
166.03317
165.78958
165.54642
165.30356
165.06119
164.81929
164.57785
164.33673
164.09624
163.85617
163.61635
163.37717
163.13828
162.89998
162.66193
162.4245
162.18744
161.95103
161.71463
161.479
161.24367
161.00893
160.77452
160.54056
160.30695
160.0739
159.84132
159.60918
159.37738
159.14612
158.91528
158.68481
158.45503
158.22539
157.9963
157.76773
157.53955
157.31204
157.08466
156.85786
156.6316
156.40569
156.18028
155.95543
155.73079
155.50688
155.28313
155.06017
154.83737
154.61525
154.39352
154.1722
153.95145
153.73103
153.51126
153.2918
153.07295
152.85449
152.63655
152.41896
152.20197
151.98544
151.76924
151.55379
151.33861
151.124
150.90979
150.69608
150.48286
150.27019
150.05801
149.84612
149.63498
149.42418
149.21396
149.0041
148.79488
148.58603
148.37775
148.16997
147.96262
147.75586
147.54941
147.34355
147.13832
146.93353
146.72917
146.5253
146.32207
146.11916
145.91693
145.71512
145.51387
145.31302
145.11276
144.91302
144.71376
144.51494
144.31674
144.11896
143.92177
143.72507
143.52896
143.3332
143.13814
142.9434
142.74934
142.55571
142.36273
142.17004
141.978
141.78647
141.5954
141.40489
141.2149
141.0254
140.8365
140.64806
140.4602
140.27281
140.08604
139.89964
139.71384
139.52852
139.34375
139.1596
138.97588
138.79257
138.61002
138.42787
138.24625
138.06522
137.88455
137.70439
137.52501
137.34592
137.16745
136.98944
136.81212
136.6351
136.45876
136.28287
136.10747
135.9326
135.75835
135.58466
135.41125
135.23846
135.06621
134.89453
134.72339
134.55264
134.38246
134.21281
134.04375
133.87503
133.70702
133.53943
133.37228
133.20572
133.03964
132.8741
132.70905
132.5446
132.38069
132.21712
132.05412
131.8917
131.72975
131.56822
131.4072
131.24677
131.08688
130.92726
130.76836
130.60997
130.45203
130.29453
130.1376
129.9811
129.82513
129.66963
129.51468
129.36021
129.2062
129.05267
128.89967
128.74712
128.59506
128.4435
128.29247
128.14186
127.99173
127.84211
127.69301
127.54425
127.39609
127.248375
127.10112
126.95435
126.80804
126.66221
126.51682
126.371925
126.22753
126.08357
125.94003
125.797
125.65448
125.51227
125.37055
125.229485
125.08874
124.94834
124.808586
124.66925
124.53033
124.39169
124.25375
124.11615
123.979004
123.84238
123.706055
123.57026
123.43488
123.299965
123.16542
123.03135
122.89779
122.76452
122.631775
122.49947
122.367516
122.23604
122.104935
121.974304
121.84408
121.71437
121.58493
121.45599
121.327484
121.19937
121.07167
120.9443
120.81748
120.691025
120.56494
120.43919
120.31401
120.18913
120.06473
119.94069
119.81698
119.693726
119.57094
119.44844
119.32633
119.20469
119.0835
118.96263
118.84213
118.721985
118.60217
118.48292
118.363914
118.24537
118.127144
118.009384
117.89191
117.77482
117.658104
117.54186
117.425865
117.310295
117.195175
117.08028
116.965744
116.8517
116.73795
116.624535
116.511604
116.39888
116.28657
116.17472
116.06314
115.95194
115.84102
115.7305
115.62034
115.5106
115.40106
115.292
115.18318
115.0748
114.96661
114.85891
114.751526
114.64448
114.537796
114.43142
114.325325
114.219666
114.11426
114.00929
113.90453
113.800186
113.69609
113.59244
113.489075
113.38601
113.28324
113.180824
113.078735
112.97705
112.8756
112.774445
112.67372
112.573166
112.473015
112.37321
112.273674
112.17449
112.07557
111.97699
111.87869
111.780624
111.68308
111.58572
111.48873
111.39197
111.295555
111.199394
111.10366
111.00809
110.91289
110.818016
110.72335
110.629036
110.53503
110.441284
110.347885
110.25474
110.16199
110.06944
109.9772
109.88517
109.79364
109.702194
109.611145
109.52044
109.42994
109.33972
109.24984
109.16016
109.070816
108.98174
108.89299
108.80445
108.71627
108.628365
108.54059
108.453354
108.36614
108.27935
108.19285
108.10667
108.02063
107.93497
107.849556
107.764404
107.679474
107.594925
107.51064
107.42652