736.62537
735.69147
733.51434
729.30817
721.77295
709.0425
688.73914
658.2267
615.5599
577.3321
603.85876
635.4492
635.2156
620.61584
595.4543
567.2696
542.5897
521.5576
503.7668
496.2078
497.3844
487.19217
471.33298
459.81888
451.02808
441.9843
432.50146
425.38004
420.9423
415.7217
409.47913
403.85812
398.79376
393.65247
388.67566
384.60983
381.47668
378.53482
375.47864
372.6279
370.15396
367.91718
365.82758
363.93582
362.2473
360.63797
359.00024
357.34998
355.75644
354.2428
352.79297
351.39795
350.06244
348.78104
347.53778
346.32153
345.13754
343.98932
342.87146
341.77582
340.69632
339.63153
338.57913
337.5376
336.50677
335.4876
334.4813
333.48682
332.50354
331.53238
330.57312
329.62714
328.69427
327.77344
326.86423
325.96478
325.07333
324.1896
323.31326
322.4441
321.58252
320.72903
319.88385
319.04587
318.21472
317.38992
316.57175
315.7598
314.9545
314.15567
313.36346
312.57727
311.79736
311.02234
310.2525
309.48767
308.72787
307.97342
307.22397
306.47983
305.74057
305.00607
304.2764
303.55103
302.83047
302.11432
301.40283
300.69574
299.9932
299.29477
298.60034
297.91052
297.22433
296.54236
295.86438
295.19037
294.52026
293.8539
293.19168
292.533
291.878
291.22665
290.57925
289.93512
289.29456
288.65738
288.02377
287.39377
286.76715
286.1434
285.52322
284.90634
284.2927
283.6824
283.0749
282.4706
281.86923
281.2713
280.67618
280.08414
279.49493
278.90878
278.32547
277.7449
277.16724
276.59232
276.02008
275.45074
274.88412
274.3201
273.75885
273.20032
272.64407
272.09067
271.53964
270.99142
270.44522
269.90192
269.3611
268.82248
268.2862
267.7527
267.22116
266.69223
266.1658
265.64136
265.11926
264.59952
264.082
263.56665
263.0536
262.5426
262.0341
261.52747
261.0231
260.52084
260.02045
259.5225
259.02652
258.5326
258.04074
257.5509
257.06308
256.57724
256.0931
255.61153
255.13145
254.65344
254.17738
253.70317
253.2311
252.76056
252.29222
251.82571
251.36076
250.89778
250.4368
249.97737
249.5198
249.06415
248.61028
248.15808
247.70747
247.25896
246.8121
246.36668
245.9232
245.48141
245.04118
244.60274
244.16582
243.73059
243.29709
242.86531
242.43478
242.00626
241.57921
241.1536
240.7296
240.3073
239.88652
239.46709
239.04948
238.6331
238.21832
237.80518
237.39343
236.98318
236.57437
236.16708
235.76117
235.35677
234.95374
234.5522
234.15195
233.75327
233.35588
232.95982
232.56528
232.17189
231.78003
231.38943
231.00015
230.6122
230.22566
229.84018
229.45616
229.07349
228.69208
228.31172
227.93286
227.55513
227.17862
226.80324
226.42928
226.05649
225.68492
225.31439
224.94505
224.57701
224.21007
223.84418
223.4795
223.11592
222.75351
222.39217
222.03204
221.67291
221.3149
220.95786
220.602
220.24724
219.89345
219.5407
219.18893
218.83821
218.48854
218.13983
217.79225
217.44543
217.09982
216.755
216.41129
216.0684
215.7265
215.3856
215.04556
214.70651
214.3682
214.03085
213.69441
213.35905
213.02441
212.69049
212.3577
212.02571
211.69447
211.36406
211.03447
210.70586
210.37796
210.0509
209.72461
209.39914
209.07439
208.7504
208.42728
208.10501
207.78342
207.46257
207.1423
206.82295
206.50436
206.18642
205.8693
205.5527
205.2369
204.92175
204.6074
204.29367
203.98067
203.66832
203.35672
203.04568
202.73518
202.42561
202.11661
201.80812
201.50032
201.19308
200.8867
200.58078
200.27548
199.97072
199.66666
199.36317
199.0602
198.75774
198.45624
198.15508
197.8545
197.55447
197.25517
196.95618
196.65782
196.36002
196.06276
195.76607
195.47015
195.17445
194.87943
194.58478
194.29085
193.99745
193.70439
193.41202
193.1201
192.82869
192.53764
192.2472
191.95732
191.66792
191.37895
191.09053
190.80255
190.51505
190.22803
189.94164
189.65553
189.37003
189.08492
188.8003
188.51625
188.23247
187.94931
187.66653
187.38419
187.10228
186.82098
186.5401
186.25966
185.97952
185.70006
185.42097
185.14241
184.86403
184.58621
184.309
184.03203
183.75566
183.47958
183.20403
182.92892
182.65419
182.37993
182.10617
181.8327
181.55972
181.28725
181.01524
180.7436
180.47223
180.20149
179.93108
179.6614
179.39175
179.12277
178.85399
178.58583
178.31815
178.05075
177.78386
177.51736
177.2514
176.98576
176.72058
176.45583
176.19142
175.92755
175.66418
175.40115
175.1386
174.87648
174.6147
174.35364
174.09267
173.83234
173.57242
173.3128
173.0537
172.79512
172.53694
172.27913
172.02185
171.76497
171.5086
171.2526
170.99707
170.7421
170.48737
170.23328
169.97955
169.72609
169.47327
169.22081
168.96915
168.71759
168.46663
168.2161
167.96603
167.71637
167.46721
167.21849
166.97029
166.72247
166.47517
166.22833
165.98204
165.73601
165.49075
165.24567
165.00119
164.75728
164.51372
164.27063
164.02823
163.78609
163.54442
163.30347
163.06271
162.82259
162.58293
162.34375
162.10504
161.86705
161.6293
161.39206
161.15541
160.91911
160.6835
160.44824
160.21364
159.97925
159.7457
159.51257
159.27986
159.04768
158.81602
158.58496
158.3543
158.12402
157.89456
157.66544
157.43686
157.20871
156.98126
156.75415
156.52766
156.30179
156.07622
155.8513
155.62675
155.40297
155.17966
154.9568
154.73459
154.5127
154.29163
154.07085
153.8507
153.63097
153.41176
153.19331
152.97517
152.75784
152.54083
152.32431
152.10835
151.89305
151.67812
151.46404
151.25038
151.03711
150.82452
150.61234
150.40076
150.18985
149.97935
149.76941
149.56
149.35118
149.14293
148.93513
148.72798
148.52132
148.31534
148.10968
147.90465
147.70026
147.49643
147.29305
147.09024
146.88794
146.68626
146.4851
146.28459
146.08443
145.8849
145.68605
145.48763
145.28984
145.09254
144.89574
144.69958
144.50395
144.30893
144.11436
143.92024
143.72691
143.53404
143.34158
143.14977
142.95862
142.76776
142.57764
142.38805
142.199
142.01053
141.82245
141.63506
141.4482
141.26187
141.07607
140.89078
140.70609
140.52196
140.33829
140.15518
139.97272
139.79066
139.6092
139.42827
139.24788
139.06796
138.88869
138.7098
138.53157
138.35388
138.17667
138.0001
137.824
137.64835
137.47331
137.29875
137.12482
136.95132
136.77827
136.60583
136.43398
136.26257
136.09172
135.92133
135.75157
135.58228
135.4135
135.24521
135.07747
134.91031
134.7435
134.57732
134.41158
134.24637
134.0816
133.91753
133.75385
133.59068
133.4281
133.26587
133.10419
132.94301
132.78238
132.62213
132.4626
132.3033
132.14473
131.98653
131.82878
131.6716
131.51483
131.35857
131.20284
131.04758
130.89282
130.73851
130.58469
130.4314
130.27855
130.12611
129.9742
129.82275
129.67183
129.52133
129.37135
129.22171
129.07262
128.92404
128.77592
128.62825
128.48088
128.33418
128.18785
128.042
127.896576
127.7516
127.60715
127.46306
127.31957
127.17637
127.0337
126.8914
126.749626
126.6082
126.46732
126.3268
126.186646
126.04719
125.90788
125.76924
125.63089
125.493
125.355484
125.21853
125.081894
124.9457
124.81002
124.674644
124.53971
124.40527
124.27112
124.137505
124.004295
123.87143
123.73915
123.607056
123.47548
123.34427
123.213455
123.08309
122.95316
122.823524
122.69433
122.56565
122.43729
122.30919
122.18167
122.054474
121.92766
121.80132
121.675224
121.549644
121.424484
121.29959
121.17511
121.05108
120.92732
120.80399
120.681015
120.55842
120.43625
120.31445
120.19303
120.071945
119.95123
119.83086
119.710915
119.59129
119.47207
119.35323
119.23467
119.116516
118.9988
118.88136
118.764275
118.64749
118.53126
118.415146
118.29954
118.1842
118.069275
117.95467
117.8404
117.72644
117.61299
117.49961
117.38679
117.27423
117.16204
117.05019
116.93867
116.827385
116.71656
116.60606
116.49591
116.38606
116.2765
116.16736
116.05843
115.94985
115.841606
115.73379
115.62622
115.5189
115.41201
115.30539
115.19914
115.09321
114.987495
114.882195
114.77716
114.6724
114.56799
114.46386
114.36014
114.25668
114.15351
114.05065
113.948074
113.84588
113.74391
113.64231
113.54096
113.43989
113.33923
113.23874
113.13868
113.0388
112.939224
112.84003
112.74102
112.64234
112.54408
112.44595
112.34812
112.25062
112.15337
112.0565
111.95985
111.86351
111.76744
111.67169
111.57614
111.48098
111.38602
111.29137
111.196945
111.10283
111.00906
110.9155
110.82221
110.72924
110.63651
110.544014
110.45182
110.359924
110.26831
110.176865
110.08589
109.99501
109.90442
109.814095
109.72406
109.63433
109.5448
109.45558
109.36661
109.27784
109.189384
109.1012
109.0133
108.925606
108.83817
108.751
108.66415
108.57751
108.49112
108.40494
108.31905
108.23342
108.148026
108.06298
107.97808
107.89349
107.80919
107.7249
107.64113
107.55745
107.474045
107.39094
107.30805
107.22541
107.14299
107.060875
106.97897
106.89738
106.81588
106.73472
106.653755
106.57307
106.49263
106.4124
106.33236
106.25258
106.17315
106.09388
106.01477
105.93606
105.85749
105.77918
105.70105
105.62311
105.54554
105.46816
105.39106
105.314125
105.237434
105.161
105.084755
105.00862
104.93295
104.85731
104.78205
104.707
104.63214
104.55752
104.48298
104.40889
104.334915
104.26121
104.18766
104.11437
104.04135
103.96849
103.89585
103.823456
103.751335
103.67941
103.60762
103.53615
103.46487
103.3938
103.32286
103.25232
103.18187
103.111725
103.041756
102.972015
102.90244
102.833145
102.76405
102.695114
102.626465
102.55805
102.48974
102.42172
102.353935
102.28638
102.21893
102.15177
102.08484
102.018036