33.6
32.4
37.8
23.0
40.0
36.8
39.2
23.4
33.399998
42.0
42.399998
65.200005
50.4
46.6
41.4
40.0
40.0
41.2
42.2
43.6
49.6
61.799995
69.0
67.6
68.6
71.200005
71.6
71.4
71.0
70.4
70.6
70.8
71.4
71.8
72.799995
73.0
72.799995
73.2
73.4
73.2
73.2
73.6
73.6
74.0
73.6
74.0
74.2
74.4
75.0
75.2
75.2
75.4
75.4
75.6
76.0
76.200005
76.6
77.0
77.200005
77.600006
77.600006
77.8
77.8
78.0
78.799995
79.799995
80.2
80.6
81.0
81.4
82.0
82.4
82.4
82.8
83.200005
83.600006
83.8
84.4
84.799995
85.6
86.0
86.2
86.6
86.799995
87.0
87.0
87.4
87.4
87.4
88.200005
88.6
88.8
89.4
90.0
90.4
91.0
92.2
92.4
92.6
93.4
94.2
94.2
94.2
94.4
94.4
94.6
94.8
94.8
95.0
95.200005
95.6
95.4
95.6
95.6
95.8
95.8
96.0
96.0
96.0
96.0
96.0
96.0
96.0
96.0
96.0
96.0
96.0
96.0
96.0
96.0
96.200005
96.4
96.4
96.6
96.6
96.6
96.6
96.8
96.8
96.8
96.8
96.8
96.8
96.8
96.8
96.8
97.2
97.2
97.399994
97.6
97.6
97.6
97.6
97.799995
97.799995
98.2