22.0
22.6
24.2
27.2
35.4
39.8
40.0
40.0
40.0
40.0
40.0
40.0
40.0
40.0
40.0
39.2
38.800003
38.4
37.8
37.6
37.2
37.0
37.0
36.8
36.8
36.399998
36.399998
36.0
36.0
36.0
36.0
36.0
36.0
36.0
36.0
36.0
36.399998
36.8
36.8
36.8
36.8
36.8
37.0
37.0
37.0
37.0
37.2
37.2
37.2
37.6
37.8
38.0
38.0
38.2
38.2
38.4
38.4
38.4
38.800003
38.800003
39.0
39.0
39.2
39.2
39.6
39.6
39.8
39.8
40.0
40.0
40.0
40.0
40.0
40.0
40.0
40.0
40.0
40.0
40.0
40.0
40.0
40.2
41.2
42.8
43.399998
33.399998
28.400002
29.0
29.6
29.800001
30.199999
30.4
30.599998
30.8
30.8
31.0
31.2
31.2
31.2
31.2
31.2
31.400002
31.400002
31.600002
31.600002
31.600002
31.600002
31.600002
31.600002
31.8
32.0
31.8
31.8
32.0
31.8
31.8
31.8
32.0
32.2
32.2
32.2
32.4
32.4
32.600002
32.600002
32.600002
32.600002
32.8
33.199997
33.199997
33.199997
33.199997
33.399998
33.6
33.8
33.8
33.8
34.0
34.0
34.2
34.4
34.4
34.4
34.4
34.8
34.8
34.8
35.0
35.0
35.2
35.4
35.600002
35.8
36.199997
36.199997
35.8
36.0
36.199997
36.199997
36.199997
36.6
36.6
36.6
37.2
37.4
37.2
37.2
37.4
37.8
38.2
38.600002
39.0
39.399998
39.399998
39.8
40.0
40.2
40.4
40.8
41.0
41.0
41.2
41.2
41.4
41.800003
42.0
42.2
42.6
42.6
42.6
43.2
43.399998
43.399998
43.399998
43.399998
43.8
43.8
43.8
44.0
44.4
44.4
44.4
44.4
44.4
44.600002
44.800003
44.800003
45.4
47.600002
49.6
52.600002
53.2
55.0
56.0
57.0
57.6
58.2
58.399998
58.8
59.399998
60.2
60.600002
61.4
62.0
62.6
62.800003
63.200005
63.800003
64.0
64.600006
64.600006
64.8
65.200005
65.4
65.6
65.6
66.2
66.2
66.2
66.2
66.6
66.799995
67.0
67.2
67.2
67.799995
67.799995
68.2
68.2
68.2
68.2
68.4
68.4
68.4
68.4
68.6
68.6
68.6
68.6
68.6
68.6
68.2
68.2
68.2
68.2
67.799995
67.799995
67.6
67.6
67.6
67.799995
67.799995
68.0
68.0
67.799995
67.799995
67.6
67.6
67.799995
67.799995
67.799995
67.4
67.0
67.0
67.0
66.799995
67.0
67.2
67.2
67.2
67.2
66.799995
67.0
67.0
66.799995
66.799995
66.6
66.399994
66.399994
66.399994
66.2
66.0
65.8
65.6
64.8
64.200005
63.6
63.200005
62.6
62.199997
61.799995
61.4
61.199997
60.600002
60.399998
59.8
59.600002
59.2
58.999996
58.999996
58.2
58.0
57.8
57.6
57.200005
56.800003
56.6
55.800003
55.800003
56.0
55.800003
55.6
55.6
55.4
55.4
55.0
54.6
54.4
54.4
54.000004
54.4
54.6
54.000004
54.2
54.2
54.4
54.6
54.6
54.6
54.6
54.6
55.0
55.199997
55.4
55.199997
55.0
55.0
54.8
54.8
55.0
55.0
55.199997
55.0
55.0
55.199997
55.199997
55.199997
55.199997
55.4
55.4
55.4
55.6
55.6
55.6
55.800003
55.800003
55.6
55.6
55.6
55.6
55.6
55.6
55.800003
56.0
56.0
56.199997
56.6
56.4
56.4
56.4
56.4
56.6
56.800003
57.4
57.4
57.4
57.4
57.200005
57.200005
57.200005
57.200005
57.200005
57.4
57.4
57.4
57.6
57.6
57.6
57.8
57.8
57.8
57.8
57.6
57.6
57.6
57.6
57.6
57.6
57.6
57.6
57.6
58.0
58.0
58.0
58.0
58.0
58.2
58.2
58.2
58.8
58.999996
58.999996
58.999996
59.2
59.600002
59.600002
59.8
60.000004
60.2
60.2
60.2
60.2
60.2
60.2
60.399998
60.399998
60.399998
60.399998
60.600002
60.8
60.8
60.8
61.199997
61.799995
62.0
62.0
62.199997
62.4
62.4
62.4
62.6
63.0
63.0
63.200005
63.4
63.4
63.4
63.4
63.4
63.4
63.6
63.6
63.800003
64.0
64.200005
64.200005
64.600006
64.600006
64.600006
64.8
65.0
65.0
65.0
65.4
65.8
66.399994
66.399994
66.799995
67.6
68.2
68.6
69.0
69.2
69.8
70.8
71.0
71.4
71.6
71.8
71.8
71.8
72.2
73.0
73.0
73.0
73.4
73.799995
74.0
74.0
74.2
74.2
74.2
74.6
75.0
75.2
75.6
75.8
75.8
75.8
75.8
76.0
76.0
76.200005
76.200005
76.4
76.4
76.4
76.6
76.6
76.6
76.6
76.6
76.8
77.0
77.200005
77.200005
77.200005
77.200005
77.200005
77.200005
77.200005
77.200005
77.200005
77.200005
77.200005
77.200005
77.200005
77.0
77.0
77.0
77.0
77.4
77.4
77.4
77.200005
77.200005
77.200005
77.200005
77.200005
77.200005
77.200005
77.200005
77.200005
77.200005
77.200005
77.200005
77.0
77.0
77.0
77.0
77.0
77.0
77.0
77.0
77.0
77.0
77.0
77.200005
77.200005
77.200005
77.0
77.0
77.0
77.0
77.0
77.0
77.0
77.0
77.0
77.0
77.0
77.0
77.0
77.0
77.0
77.0
76.8
76.8
76.8
77.0
77.0
77.0
77.0
77.0
77.0
77.0
77.0
77.200005
77.200005
77.200005
77.200005
77.200005
77.200005
77.200005
77.200005
77.200005
77.4
77.4
77.4
77.4
77.4
77.4
77.4
77.4
77.4
77.4
77.4
77.4
77.4
77.4
77.4
77.4
77.4
77.4
77.200005
77.200005
77.4
77.4
77.4
77.200005
77.200005
77.200005
77.200005
77.200005
77.200005
77.0
77.0
77.0
77.0
77.0
77.0
76.8
76.8
76.8
76.8
76.8
76.8
76.8
76.6
76.6
76.6
76.4
76.4
76.4
76.4
76.4
76.4
76.4
76.4
76.4
76.4
76.4
76.6
76.6
76.6
76.6
76.6
76.6
76.6
76.6
76.6
76.6
76.6
76.6
76.8
76.8
76.8
76.8
76.8
76.8
76.8
76.8
76.8
76.8
76.8
76.8
76.8
76.8
77.0
77.0
77.0
77.0
77.0
77.200005
77.200005
77.200005
77.200005
77.200005
77.200005
77.200005
77.200005
77.200005
77.200005
77.200005
77.200005
77.200005
77.200005
77.200005
77.200005
77.0
77.0
77.0
77.0
76.8
76.8
76.8
76.8
76.8
76.8
76.8
76.8
76.8
76.8
76.8
77.0
76.8
77.0
77.0
77.0
77.0
77.0
77.0
76.6
76.6
76.6
76.8
76.8
76.8
76.8
76.8
76.8
76.8
76.8
76.8
77.0
77.0
77.200005
77.200005
77.200005
77.200005
77.200005
77.4
77.4
77.600006
77.600006
77.8
77.8
77.8
77.8
78.2
78.2
78.2
78.2
78.2
78.6
78.6
78.6
78.6
78.799995
78.799995
79.0
79.2
79.4
79.6
79.799995
79.799995
80.0
80.0
80.2
80.2
80.0
80.0
80.0
80.2
80.2
80.2
80.2
80.2
80.2
80.4
80.6
80.6
80.6
80.6
80.6
80.6
80.6
80.6
80.6
80.6
80.6
80.6
81.0
81.2
81.2
81.2
81.2
81.8
82.0
82.0
82.200005
82.200005
82.200005
82.4
82.4
82.8
82.8
83.0
83.4
83.4
83.600006
83.8
83.8
83.8
84.0
84.2
84.4
84.6
84.6
84.6
85.0
85.2
85.2
85.2
85.6
85.6
85.6
86.2
86.4
86.4
86.799995
86.799995
87.0
87.0
87.0
87.0
87.0
87.0
87.2
87.2
87.2
87.2
87.6
87.6
87.8
87.8
87.8
88.0
88.0
88.0
88.0
88.0
88.0
88.0
88.200005
88.200005
88.200005
88.200005
88.200005
88.200005
88.200005
88.4
88.4
88.6
88.6
88.6
88.6
88.6
88.6
88.6
88.6
88.8
89.200005
89.4
89.4
89.200005
89.200005
89.200005
89.200005
89.200005
89.200005
89.4
89.4
89.4
89.4
89.4
89.4
89.4
89.4
89.4
89.4
89.4
89.4
89.4
89.4
89.4
89.4
89.4
89.600006
89.600006
89.600006
89.600006
89.600006
89.600006
89.600006
89.600006
89.600006
89.600006
89.600006
89.600006
89.600006
89.8
89.8
89.8
89.8
89.8
89.8
89.8
90.0
90.0
90.0
90.200005
90.200005
90.200005
90.200005
90.200005
90.200005
90.200005
90.200005
90.200005
90.200005
90.200005
90.200005
90.200005
90.200005
90.200005
90.200005
90.4
90.4
90.4
90.4
90.4
90.4
90.4
90.4
90.4
90.4
90.4
90.4
90.4
90.4
90.4
90.4
90.4
90.4
90.4
90.4
90.4
90.4
90.6
90.6
90.6
90.6
90.6
90.6
90.6
90.6
90.6
90.6
90.6
90.6
90.6
90.6
90.6
90.6
90.8
91.0
91.0
91.0
91.0
91.0
91.0
91.0
91.0
91.0
91.0
91.0
91.0
91.0
91.0
91.0
91.0
91.0
91.0
91.0
91.0
91.0
91.0
91.2
91.2
91.2
91.2
91.2
91.2
91.2
91.2
91.2
91.2
91.2
91.2
91.2
91.2
91.2
91.2
91.2
91.2
91.2
91.2
91.2
91.2
91.399994
91.399994
91.399994
91.399994
91.399994
91.399994
91.399994
91.399994
91.399994
91.399994
91.399994
91.6
91.6
91.6
91.6
91.6
91.6
91.6
91.6
91.6
91.6
91.6
91.6
91.6
91.6
91.799995
91.799995
91.799995
91.799995
91.799995
92.0
92.0
92.0
92.0
92.0
92.0
92.0
92.0
92.2
92.2
92.2
92.2
92.2
92.4
92.4
92.4
92.4
92.4
92.4
92.4
92.4
92.4
92.4
92.4
92.4
92.4
92.4
92.4
92.4
92.4
92.4
92.4
92.4
92.4
92.4
92.4
92.4
92.4
92.4
92.4
92.4
92.4
92.4
92.6
92.6
92.6
92.6
92.6
92.6
92.6
92.6
92.6
92.6
92.6
92.6
92.6
92.6
92.6
92.6
92.6
92.6
92.6
92.6
92.6
92.6
92.6
92.6
92.6
92.6
92.6
92.6
92.6
92.6
92.6
92.6
92.6
92.6
92.6
92.6
92.6
92.6
92.6
92.6
92.6
92.6
92.6
92.6
92.6
92.6
92.6
92.6
92.6
92.6
92.6
92.6
92.6
92.6
92.6
92.6
92.4
92.4
92.4
92.4
92.4
92.4
92.4
92.4
92.4
92.4
92.4
92.4
92.4
92.4
92.4
92.4
92.4
92.4
92.4
92.4
92.4
92.4
92.4
92.4
92.4
92.4
92.4
92.4
92.6
92.6
92.6
92.6
92.6
92.6
92.6
92.6
92.6
92.6
92.6
92.6
92.6
92.6
92.6
92.6
92.6
92.6
92.6
92.6
92.6
92.6
92.6
92.6
92.6
92.6
92.6
92.6
92.6
92.6
92.6
92.6
92.6
92.6
92.6
92.6
92.6
92.6
92.6
92.6
92.6
92.6
92.6
92.6
92.6
92.6
92.6
92.6
92.6
92.6
92.6
92.6
92.6
92.6
92.6
92.6
92.799995
92.799995
92.799995
92.799995
92.799995
92.799995
92.799995
92.799995
92.799995
93.0
93.0
93.0
93.2
93.2
93.2
93.4
93.4
93.4
93.4
93.4
93.4
93.4
93.4
93.4
93.4
93.4
93.4
93.4
93.4
93.4
93.4
93.4
93.4
93.4
93.4
93.4
93.4
93.4
93.4
93.4
93.4
93.4
93.4
93.4
93.4
93.4
93.4
93.4
93.4
93.4
93.4
93.4
93.4
93.4
93.4
93.4
93.4
93.4
93.4
93.4
93.4
93.4
93.4
93.6
93.6
93.6
93.6
93.6
93.6
93.6
93.6
93.6
93.6
93.6
93.6
93.6
93.6
93.6
93.6
93.6
93.6
93.6
93.6
93.8
93.8
93.8
93.8
93.8
93.8
93.8
93.8
93.8
93.8
93.8
93.8
93.8
93.8
93.8
93.8
93.8
93.8
93.8
93.8
93.8
93.8
93.8
93.8
93.8
93.8
93.8
93.8
93.8
93.8
93.8
93.8
93.8
93.8
93.8
93.8
93.8
93.8
93.8
93.8
93.8
93.8
93.8
93.8
93.8
93.8
93.8
93.8
93.8
93.8
93.8
93.8
93.8
93.8
93.8
93.8
93.8
93.8
93.8
93.8
93.8
93.8
93.8
93.8
93.8
93.8
93.8
93.8
93.8
93.8
93.8
93.8
93.8
93.8
93.8
93.8
93.8
93.8
93.8
93.8
93.8
93.8
94.0
94.0
94.0
94.0
94.0
94.0
94.0
94.0
94.0
94.0
94.0
94.0
94.0
94.0
94.0
94.0
94.0
94.0
94.0
94.0
94.0
94.0
94.0
94.0
94.0
94.0
94.2
94.2
94.2
94.2
94.2
94.2
94.4
94.4
94.4
94.4
94.4
94.4
94.4
94.4
94.6
94.6
94.6
94.6
94.6
94.6
94.6
94.6
94.6
94.6
94.6
94.6
94.6
94.6
94.6
94.6
94.6
94.6
94.6
94.6
94.6
94.6
94.6
94.6
94.6
94.6
94.6
94.6
94.6
94.6
94.6
94.6
94.6
94.6
94.6
94.6
94.6
94.6
94.6
94.6
94.6
94.6
94.6
94.6
94.6
94.6
94.8
94.8
94.8
94.8
94.8
94.8
95.0
95.0
95.0
95.0
95.0
95.0
95.0
95.0
95.0
95.0
95.0
95.0
95.0
95.0
95.0
95.0
95.0
95.0
95.0
95.0
95.0
95.0
95.0
95.0
95.0
95.0
95.0
95.0
95.0
95.0
95.0
95.0
95.0
95.0
95.0
95.0
95.0
95.0
95.0
95.0
95.0
95.0
95.0
95.0
95.0
95.0
95.0
95.0
95.0
95.0
95.0
95.0
95.0
95.0
95.0
95.0
95.0
95.0
95.0
95.0
95.0
95.0
95.0
95.0
95.0
95.0
95.0
95.0
95.0
95.0
95.0
95.0
95.0
95.0
95.0
95.0
95.0
95.0
95.0
95.0
95.0
95.0
95.0
95.0
95.0
95.0
95.0
95.0
95.0
95.0
95.0
95.0
95.0
95.0
95.0
95.0
95.0
95.0
95.0
95.0
95.0
95.0
95.0
95.0
95.0
95.0
95.0
95.0
95.0
95.0
95.0
95.0
95.0
95.0
95.0
95.0
95.0
95.0
95.0
95.0
95.0
95.0
95.0
95.0
95.0
95.0
95.0
95.0
95.0
95.0
95.0
95.0
95.0
95.0
95.0
95.0
95.0
95.0
95.0
95.0
95.0
95.0
95.0
95.0
95.0
95.0
95.0
95.0
95.0
95.0
95.0
95.200005
95.200005
95.200005
95.200005
95.200005
95.200005
95.200005
95.200005
95.200005
95.200005
95.200005
95.200005
95.200005
95.200005
95.200005
95.200005
95.200005
95.200005
95.200005
95.200005
95.200005
95.200005
95.200005
95.200005
95.200005
95.200005
95.200005
95.200005
95.200005
95.200005
95.200005
95.200005
95.200005
95.200005
95.200005
95.200005
95.200005
95.200005
95.200005
95.200005
95.200005
95.200005
95.200005
95.200005
95.200005
95.200005
95.200005
95.200005
95.200005
95.200005
95.200005
95.200005
95.200005
95.200005
95.200005
95.200005
95.200005
95.200005
95.200005
95.200005
95.200005
95.200005
95.200005
95.200005
95.200005
95.200005
95.200005
95.200005
95.200005
95.200005
95.200005
95.200005
95.200005
95.200005
95.200005
95.200005
95.200005
95.200005
95.200005
95.200005
95.200005
95.200005
95.200005
95.200005
95.200005
95.200005
95.200005
95.200005
95.200005
95.200005
95.200005
95.200005
95.200005
95.200005
95.200005
95.200005
95.200005
95.200005
95.0
95.0
95.0
95.0
95.0
95.0
95.0
95.0
95.0
95.200005
95.200005
95.200005
95.200005
95.200005
95.200005
95.200005
95.200005
95.200005
95.200005
95.200005
95.200005
95.200005
95.200005
95.200005
95.200005
95.200005
95.200005
95.200005
95.200005
95.200005
95.200005
95.200005
95.4
95.4
95.4
95.4
95.4
95.4
95.4
95.4
95.4
95.4
95.4
95.4
95.4
95.4
95.4
95.4
95.4
95.4
95.4
95.4
95.4
95.4
95.4
95.4
95.4
95.4
95.4
95.4
95.4
95.4
95.4
95.4
95.4
95.4
95.4
95.4
95.4
95.4
95.4
95.4
95.4
95.4
95.4
95.4
95.4
95.4
95.4
95.4
95.4
95.4
95.4
95.4
95.4
95.4
95.4
95.4
95.4
95.4
95.4
95.4
95.4
95.4
95.4
95.4
95.4
95.4
95.4
95.4
95.4
95.4
95.4
95.4
95.6
95.6
95.6
95.6
95.6
95.6
95.6
95.6
95.6
95.8
95.8
95.8
95.8
95.8
95.8
95.8
95.8
95.8
95.8
95.8
95.8
95.8
95.8
95.8
95.8
95.8
95.8
95.8
95.8
95.8
95.8
95.8
95.8
95.8
95.8
95.8
95.8
95.8
95.8
95.8
95.8
95.8
95.8
96.0
96.0
96.0
96.0
96.0
96.0
96.0
96.0
96.0
96.0
96.0
96.0
96.0
96.0
96.0
96.0
96.0
96.0
96.0
96.0
96.0
96.0
96.0
96.0
96.0
96.0
96.0
96.0
96.0
96.0
96.0
96.0
96.0
96.0
96.0
96.0
96.0
96.0
96.0
96.0
96.0
96.0
96.0
96.0
96.0
96.0
96.0
96.0
96.0
96.0
96.0
96.0
96.0
96.0
96.0
96.0
96.0
96.0
96.0
96.0
96.0
96.0
96.0
96.0
96.0
96.0
96.0
96.0
96.0
96.0
96.0
96.0
96.0
96.0
96.0
96.0
96.0
96.0
96.0
96.0
96.0
96.0
96.0
96.0
96.0
96.0
96.0
96.0
96.0
96.0
96.0
96.0
96.0
96.0
96.0
96.0
96.0
96.0
96.0
96.0
96.0
96.0
96.0
96.0
96.0
96.0
96.0
96.0
96.0
96.0
96.0
96.0
96.0
96.0
96.0
96.0
96.0
96.0
96.0
96.0
96.0
96.0
96.0
96.0
96.0
96.0
96.0
96.0
96.0
96.0
96.0
96.0
96.0
96.0
96.0
96.0
96.0
96.0
96.0
96.0
96.0
96.0
96.0
96.0
96.0
96.0
96.0
96.0
96.0
96.0
96.0
96.0
96.0
96.0
96.0
96.0
96.0
96.0
96.0
96.0
96.0
96.0
96.0
96.0
96.0
96.0
96.0
96.0
96.0
96.0
96.0
96.0
96.0
96.0
96.0
96.0
96.0
96.0
96.0
96.0
96.0
96.0
96.0
96.200005
96.200005
96.200005
96.200005
96.200005
96.200005
96.200005
96.200005
96.200005
96.200005
96.200005
96.200005
96.200005
96.200005
96.200005
96.200005
96.200005
96.200005
96.200005
96.200005
96.200005
96.200005
96.200005
96.200005
96.200005
96.200005
96.200005
96.200005
96.200005
96.200005
96.200005
96.200005
96.200005
96.200005
96.200005
96.200005
96.200005
96.200005
96.200005
96.200005
96.200005
96.200005
96.200005
96.200005
96.200005
96.200005
96.200005
96.200005
96.200005
96.200005
96.200005
96.200005
96.200005
96.200005
96.200005
96.200005
96.200005
96.200005
96.200005
96.200005
96.200005
96.200005
96.200005
96.200005
96.200005
96.200005
96.200005
96.200005
96.200005
96.200005
96.200005
96.200005
96.200005
96.200005
96.200005
96.200005
96.200005
96.200005
96.200005
96.200005
96.200005
96.200005
96.200005
96.200005
96.200005
96.200005
96.200005
96.200005
96.200005
96.200005
96.200005
96.200005
96.200005
96.200005
96.200005
96.200005
96.200005
96.200005
96.200005
96.200005
96.200005
96.200005
96.200005
96.200005
96.200005
96.200005
96.200005
96.200005
96.200005
96.200005
96.200005
96.200005
96.200005
96.200005
96.200005
96.200005
96.200005
96.200005
96.200005
96.200005
96.200005
96.200005
96.200005
96.200005
96.200005
96.200005
96.200005
96.200005
96.200005
96.200005
96.200005
96.200005
96.200005
96.200005
96.200005
96.200005
96.200005
96.200005
96.200005
96.200005
96.200005
96.200005
96.200005
96.200005
96.200005
96.200005
96.200005
96.200005
96.200005
96.200005
96.200005
96.200005
96.200005
96.200005
96.200005
96.200005
96.200005
96.200005
96.200005
96.200005
96.200005
96.200005
96.200005
96.200005
96.200005
96.200005
96.200005
96.200005
96.200005
96.200005
96.200005
96.200005
96.200005
96.200005
96.200005
96.200005
96.200005
96.200005
96.200005
96.200005
96.200005
96.200005
96.4
96.4
96.4
96.4
96.4
96.4
96.4
96.4
96.4
96.4
96.4
96.4
96.4
96.4
96.4
96.4
96.4
96.4
96.4
96.4
96.4
96.4
96.4
96.4
96.4
96.4
96.4
96.4
96.4
96.4
96.4
96.4
96.4
96.4
96.4
96.4
96.4
96.4
96.4
96.4
96.4
96.4
96.4
96.4
96.4
96.4
96.4
96.4
96.4
96.4
96.4
96.4
96.4
96.4
96.4
96.4
96.4
96.4
96.4
96.4
96.4
96.4
96.4
96.4
96.4
96.4
96.4
96.4
96.4
96.4
96.4
96.4
96.4
96.4
96.4
96.4
96.4
96.4
96.4
96.4
96.4
96.4
96.4
96.4
96.4
96.4
96.4
96.4
96.4
96.4
96.4
96.4
96.4
96.4
96.4
96.4
96.4
96.4
96.4
96.4
96.4
96.4
96.4
96.4
96.4
96.4
96.4
96.4
96.4
96.4
96.4
96.4
96.4
96.4
96.4
96.4
96.4
96.4
96.4
96.4
96.4
96.4
96.4
96.4
96.4
96.4
96.4
96.4
96.4
96.4
96.4
96.4
96.4
96.4
96.4
96.4
96.4
96.4
96.4
96.4
96.4
96.4
96.4
96.4
96.4
96.4
96.4
96.4
96.4
96.4
96.4
96.4
96.4
96.4
96.4
96.4
96.4
96.4
96.4
96.4
96.4
96.4
96.4
96.4
96.4
96.4
96.4
96.4
96.4
96.4
96.4
96.4
96.4
96.4
96.4
96.4
96.4
96.4
96.4
96.4
96.4
96.4
96.4
96.4
96.4
96.4
96.4
96.4
96.4
96.4
96.4
96.4
96.4
96.4
96.4
96.4
96.4
96.4
96.4
96.4
96.4
96.4
96.4
96.4
96.4
96.4
96.4
96.4
96.4
96.4
96.4
96.4
96.4
96.4
96.4
96.4
96.4
96.4
96.4
96.4
96.4
96.4
96.4
96.4
96.4
96.4
96.4
96.4
96.4
96.4
96.4
96.4
96.4
96.4
96.4
96.4
96.4
96.4
96.4
96.4
96.4
96.4
96.4
96.4
96.4
96.4
96.4
96.4
96.4
96.4
96.4
96.4
96.4
96.4
96.4
96.4
96.4
96.4
96.4
96.4
96.4
96.4
96.4
96.4
96.4
96.4
96.4
96.4
96.4
96.4
96.4
96.4
96.4
96.4
96.4
96.4
96.4
96.4
96.4
96.4
96.4
96.4
96.4
96.4
96.4
96.4
96.4
96.4
96.4
96.4
96.4
96.4
96.4
96.4
96.4
96.4
96.4
96.4
96.4
96.4
96.4
96.4
96.4
96.4
96.4
96.4
96.4
96.4
96.4
96.4
96.4
96.4
96.4
96.4
96.4
96.4
96.4
96.4
96.4
96.4
96.4
96.4
96.4
96.4
96.4
96.4
96.4
96.4
96.4
96.4
96.4
96.4
96.4
96.4
96.4
96.4
96.4
96.4
96.4
96.4
96.4
96.4
96.4
96.4
96.4
96.4
96.4
96.4
96.4
96.4
96.4
96.4
96.4
96.4
96.4
96.4
96.4
96.4
96.4
96.4
96.4
96.4
96.4
96.4
96.4
96.4
96.4
96.4
96.4
96.4
96.4
96.4
96.4
96.4
96.4
96.4
96.4
96.4
96.4
96.4
96.4
96.4
96.4
96.4
96.4
96.4
96.4
96.4
96.4
96.4
96.4
96.4
96.4
96.4
96.4
96.4
96.4
96.4
96.4
96.4
96.4
96.4
96.4
96.4
96.4
96.4
96.4
96.4
96.4
96.4
96.4
96.4
96.4
96.4
96.4
96.4
96.4
96.4
96.4
96.4
96.4
96.4
96.4
96.4
96.4
96.4
96.4
96.4
96.4
96.4
96.4
96.4
96.4
96.4
96.4
96.4
96.4
96.4
96.4
96.4
96.4
96.4
96.4
96.4
96.4
96.4
96.4
96.4
96.4
96.4
96.4
96.4
96.4
96.4
96.4
96.4
96.4
96.4
96.4
96.4
96.4
96.4
96.4
96.4
96.4
96.4
96.4
96.4
96.4
96.4
96.4
96.4
96.4
96.4
96.4
96.4
96.4
96.4
96.4
96.4
96.4
96.4
96.4
96.4
96.4
96.4
96.4
96.4
96.4
96.4
96.4
96.4
96.4
96.4
96.4
96.4
96.4
96.4
96.4
96.4
96.4
96.4
96.4
96.4
96.4
96.4
96.4
96.4
96.4
96.4
96.4
96.4
96.4
96.4
96.4
96.4
96.4
96.4
96.4
96.4
96.4
96.4
96.4
96.4
96.4
96.4
96.4
96.4
96.4
96.4
96.4
96.4
96.4
96.4
96.4
96.4
96.4
96.4
96.4
96.4
96.4
96.4
96.4
96.4
96.4
96.4
96.4
96.4
96.4
96.4
96.4
96.4
96.4
96.4
96.4
96.4
96.4
96.4
96.4
96.4
96.4
96.4
96.4
96.4
96.4
96.4
96.4
96.4
96.4
96.4
96.4
96.4
96.4
96.4
96.4
96.4
96.4
96.4
96.4
96.4
96.4
96.4
96.4
96.4
96.4
96.4
96.4
96.4
96.4
96.4
96.4
96.4
96.4
96.4
96.4
96.4
96.4
96.4
96.4
96.4
96.4
96.4
96.4
96.4
96.4
96.4
96.4
96.4
96.4
96.4
96.4
96.4
96.4
96.4
96.4
96.4
96.4
96.4
96.4
96.4
96.4
96.4
96.4
96.4
96.4
96.4
96.4
96.4
96.4
96.4
96.4
96.4
96.4
96.4
96.4
96.4
96.4
96.4
96.4
96.4
96.4
96.4
96.4
96.4
96.4
96.4
96.4
96.4
96.4
96.4
96.4
96.4
96.4
96.4
96.4
96.4
96.4
96.4
96.4
96.4
96.4
96.4
96.4
96.4
96.4
96.4
96.4
96.4
96.4
96.4
96.4
96.4
96.4
96.4
96.4
96.4
96.4
96.4
96.4
96.4
96.4
96.4
96.4
96.4
96.4
96.4
96.4
96.4
96.4
96.4
96.4
96.4
96.4
96.4
96.4
96.4
96.4
96.4
96.4
96.4
96.4
96.4
96.4
96.4
96.4
96.4
96.4
96.4
96.4
96.4
96.4
96.4
96.4
96.4
96.4
96.4
96.4
96.4
96.4
96.4
96.4
96.4
96.4
96.4
96.4
96.4
96.4
96.4
96.4
96.4
96.4
96.4
96.4
96.4
96.4
96.4
96.4
96.4
96.4
96.4
96.4
96.4
96.4
96.4
96.4
96.4
96.4
96.4
96.4
96.4
96.4
96.4
96.4
96.4
96.4
96.4
96.4
96.4
96.4
96.4
96.4
96.4
96.4
96.4
96.4
96.4
96.4
96.4
96.4
96.4
96.4
96.4
96.4
96.4
96.4
96.4
96.4
96.4
96.4
96.4
96.4
96.4
96.4
96.4
96.4
96.4
96.4
96.4
96.4
96.4
96.4
96.4
96.4
96.4
96.4
96.4
96.4
96.4
96.4
96.4
96.4
96.4
96.4
96.4
96.4
96.4
96.4
96.4
96.4
96.4
96.4
96.4
96.4
96.4
96.4
96.4
96.4
96.4
96.4
96.4
96.4
96.4
96.4
96.4
96.4
96.4
96.4
96.4
96.4
96.4
96.4
96.4
96.4
96.4
96.4
96.4
96.4
96.4
96.4
96.4
96.4
96.4
96.4
96.4
96.4
96.4
96.4
96.4
96.4
96.4
96.4
96.4
96.4
96.4
96.4
96.4
96.4
96.4
96.4
96.4
96.4
96.4
96.4
96.4
96.4
96.4
96.4
96.4
96.4
96.4
96.4
96.4
96.4
96.4
96.4
96.4
96.4
96.4
96.4
96.4
96.4
96.4
96.4
96.4
96.4
96.4
96.4
96.4
96.4
96.4
96.4
96.4
96.4
96.4
96.4
96.4
96.4
96.4
96.4
96.4
96.4
96.4
96.4
96.4
96.4
96.4
96.4
96.4
96.4
96.4
96.4
96.4
96.4
96.4
96.4
96.4
96.4
96.4
96.4
96.4
96.4
96.4
96.4
96.4
96.4
96.4
96.4
96.4
96.4
96.4
96.4
96.4
96.4
96.4
96.4
96.4
96.4
96.4
96.4
96.4
96.4
96.4
96.4
96.4
96.4
96.4
96.4
96.4
96.4
96.4
96.4
96.4
96.4
96.4
96.4
96.4
96.4
96.4
96.4
96.4
96.4
96.4
96.4
96.4
96.4
96.4
96.4
96.4
96.4
96.4
96.4
96.4
96.4
96.4
96.4
96.4
96.4
96.4
96.4
96.4
96.4
96.4
96.4
96.4
96.4
96.4
96.4
96.4
96.4
96.4
96.4
96.4
96.4
96.4
96.4
96.4
96.4
96.4
96.4
96.4
96.4
96.4
96.4
96.4
96.4
96.4
96.4
96.4
96.4
96.4
96.4
96.4
96.4
96.4
96.4
96.4
96.4
96.4
96.4
96.4
96.4
96.4
96.4
96.4
96.4
96.4
96.4
96.4
96.4
96.4
96.4
96.4
96.4
96.4
96.4
96.4
96.4
96.4
96.4
96.4
96.4
96.4
96.4
96.4
96.4
96.4
96.4
96.4
96.4
96.4
96.4
96.4
96.4
96.4
96.4
96.4
96.4
96.4
96.4
96.4
96.4
96.4
96.4
96.4
96.4
96.4
96.4
96.4
96.4
96.4
96.4
96.4
96.4
96.4
96.4
96.4
96.4
96.4
96.4
96.4
96.4
96.4
96.4
96.4
96.4
96.4
96.4
96.4
96.4
96.4
96.4
96.4
96.4
96.4
96.4
96.4
96.4
96.4
96.4
96.4
96.4
96.4
96.4
96.4
96.4
96.4
96.4
96.4
96.4
96.4
96.4
96.4
96.4
96.4
96.4
96.4
96.4
96.4
96.4
96.4
96.4
96.4
96.4
96.4
96.4
96.4
96.4
96.4
96.4
96.4
96.4
96.4
96.4
96.4
96.4
96.4
96.4
96.4
96.4
96.4
96.4
96.4
96.4
96.4
96.4
96.4
96.4
96.4
96.4
96.4
96.4
96.4
96.4
96.4
96.4
96.4
96.4
96.4
96.4
96.4
96.4
96.4
96.4
96.4
96.4
96.4
96.4
96.4
96.4
96.4
96.4
96.4
96.4
96.4
96.4
96.4
96.4
96.4
96.4
96.4
96.4
96.4
96.4
96.4
96.4
96.4
96.4
96.4
96.4
96.4
96.4
96.4
96.4
96.4
96.4
96.4
96.4
96.4
96.4
96.4
96.4
96.4
96.4
96.4
96.4
96.4
96.4
96.4
96.4
96.4
96.4
96.4
96.4
96.4
96.4
96.4
96.4
96.4
96.4
96.4
96.4
96.4
96.4
96.4
96.4
96.4
96.4
96.4
96.4
96.4
96.4
96.4
96.4
96.4
96.4
96.4
96.4
96.4
96.4
96.4
96.4
96.4
96.4
96.4
96.4
96.4
96.4
96.4
96.4
96.4
96.4
96.4
96.4
96.4
96.4
96.4
96.4
96.4
96.4
96.4
96.4
96.4
96.4
96.4
96.4
96.4
96.4
96.4
96.4
96.4
96.4
96.4
96.4
96.4
96.4
96.4
96.4
96.4
96.4
96.4
96.4
96.4
96.4
96.4
96.4
96.4
96.4
96.4
96.4
96.4
96.4
96.4
96.4
96.4
96.4
96.4
96.4
96.4
96.4
96.4
96.4
96.4
96.4
96.4
96.4
96.4
96.4
96.4
96.4
96.4
96.4
96.4
96.4
96.4
96.4
96.4
96.4
96.4
96.4
96.4
96.4
96.4
96.4
96.4
96.4
96.4
96.4
96.4
96.4
96.4
96.4
96.4
96.4
96.4
96.4
96.4
96.4
96.4
96.4
96.4
96.4
96.4
96.4
96.4
96.4
96.4
96.4
96.4
96.4
96.4
96.4
96.4
96.4
96.4
96.4
96.4
96.4
96.4
96.4
96.4
96.4
96.4
96.4
96.4
96.4
96.4
96.4
96.4
96.4
96.4
96.4
96.4
96.4
96.4
96.4
96.4
96.4
96.4
96.4
96.4
96.4
96.4
96.4
96.4
96.4
96.4
96.4
96.4
96.4
96.4
96.4
96.4
96.4
96.4
96.4
96.4
96.4
96.4
96.4
96.4
96.4
96.4
96.4
96.4
96.4
96.4
96.4
96.4
96.4
96.4
96.4
96.4
96.4
96.4
96.4
96.4
96.4
96.4
96.4
96.4
96.4
96.4
96.4
96.4
96.4
96.4
96.4
96.4
96.4
96.4
96.4
96.4
96.4
96.4
96.4
96.4
96.4
96.4
96.4
96.4
96.4
96.4
96.4
96.4
96.4
96.4
96.4
96.4
96.4
96.4
96.4
96.4
96.4
96.4
96.4
96.4
96.4
96.4
96.4
96.4
96.4
96.4
96.4
96.4
96.4
96.4
96.4
96.4
96.4
96.4
96.4
96.4
96.4
96.4
96.4
96.4
96.4
96.4
96.4
96.4
96.4
96.4
96.4
96.4
96.4
96.4
96.4
96.4
96.4
96.4
96.4
96.4
96.4
96.4
96.4
96.4
96.4
96.4
96.4
96.4
96.4
96.4
96.4
96.4
96.4
96.4
96.4
96.4
96.4
96.4
96.4
96.4
96.4
96.4
96.4
96.4
96.4
96.4
96.4
96.4
96.4
96.4
96.4
96.4
96.4
96.4
96.4
96.4
96.4
96.4
96.4
96.4
96.4
96.4
96.4
96.4
96.4
96.4
96.4
96.4
96.4
96.4
96.4
96.4
96.4
96.4
96.4
96.4
96.4
96.4
96.4
96.4
96.4
96.4
96.4
96.4
96.4
96.4
96.4
96.4
96.4
96.4
96.4
96.4
96.4
96.4
96.4
96.4
96.4
96.4
96.4
96.4
96.4
96.4
96.4
96.4
96.4
96.4
96.4
96.4
96.4
96.4
96.6
96.6
96.6
96.6
96.6
96.6
96.6
96.6
96.6
96.6
96.6
96.6
96.6
96.6
96.6
96.6
96.6
96.6
96.6
96.6
96.6
96.6
96.6
96.6
96.6
96.6
96.6
96.6
96.6
96.6
96.6
96.6
96.6
96.6
96.6
96.6
96.6
96.6
96.6
96.6
96.6
96.6
96.6
96.6
96.6
96.6
96.6
96.6
96.6
96.6
96.6
96.6
96.6
96.6
96.6
96.6
96.6
96.6
96.6
96.6
96.6
96.6
96.6
96.6
96.6
96.6
96.6
96.6
96.6
96.6
96.6
96.6
96.6
96.6
96.6
96.6
96.6
96.6
96.6
96.6
96.6
96.6
96.6
96.6
96.6
96.6
96.6
96.6
96.6
96.6
96.6
96.6
96.6
96.6
96.6
96.6
96.6
96.6
96.6
96.6
96.6
96.6
96.6
96.6
96.6
96.6
96.6
96.6
96.6
96.6
96.6
96.6
96.6
96.6
96.6
96.6
96.6
96.6
96.6
96.6
96.6
96.6
96.6
96.6
96.6
96.6
96.6
96.6
96.6
96.6
96.6
96.6
96.6
96.6
96.6
96.6
96.6
96.6
96.6
96.6
96.6
96.6
96.6
96.6
96.6
96.6
96.6
96.6
96.6
96.6
96.6
96.6
96.6
96.6
96.6
96.6
96.6
96.6
96.6
96.6
96.6
96.6
96.6
96.6
96.6
96.6
96.6
96.6
96.6
96.6
96.6
96.6
96.6
96.6
96.6
96.6
96.6
96.6
96.6
96.6
96.8
96.8
96.8
96.8
96.8
96.8
96.8
96.8
96.8
96.8
96.8
96.8
96.8
96.8
96.8
96.8
96.8
96.8
96.8
96.8
96.8
96.8
96.8
96.8
96.8
96.8
96.8
96.8
96.8
97.0
97.0
97.0
97.0
97.0
97.0
97.0
97.0
97.0
97.0
97.0
97.0
97.0
97.0
97.0
97.0
97.0
97.0
97.0
97.0
97.0
97.0
97.0
97.0
97.0
97.0
97.0
97.0
97.0
97.0
97.0
97.0
97.0
97.0
97.0
97.0
97.0
97.0
97.0
97.0
97.0
97.0
97.0
97.0
97.0
97.0
97.0
97.0
97.0
97.0
97.0
97.0
97.0
97.0
97.0
97.0
97.0
97.0
97.0
97.0
97.0
97.0
97.0
97.0
97.0
97.0
97.0
97.0
97.0
97.0
97.0
97.0
97.0
97.0
97.0
97.0
97.0
97.0
97.0
97.0
97.0
97.0
97.0
97.0
97.0
97.0
97.0
97.0
97.0
97.0
97.0
97.0
97.0
97.0
97.0
97.0
97.0
97.0
97.0
97.0
97.0
97.0
97.0
97.0
97.0
97.0
97.2
97.2
97.2
97.2
97.2
97.2
97.2
97.2
97.2
97.2
97.2
97.2
97.2
97.2
97.2
97.2
97.2
97.2
97.2
97.2
97.2
97.2
97.2
97.2
97.2
97.2
97.2
97.2
97.2
97.2
97.2
97.2
97.2
97.2
97.2
97.2
97.2
97.2
97.2
97.2
97.2
97.2
97.2
97.2
97.2
97.2
97.2
97.2
97.2
97.2
97.2
97.2
97.2
97.2
97.2
97.2
97.2
97.2
97.2
97.2
97.2
97.2
97.2
97.2
97.2
97.2
97.2
97.2
97.2
97.2
97.2
97.2
97.2
97.2
97.2
97.2
97.2
97.2
97.2
97.2
97.2
97.2
97.2
97.2
97.2
97.2
97.2
97.2
97.2
97.2
97.2
97.2
97.2
97.2
97.2
97.2
97.2
97.2
97.2
97.2
97.2
97.2
97.2
97.2
97.2
97.2
97.2
97.2
97.2
97.2
97.2
97.2
97.2
97.2
97.2
97.2
97.2
97.2
97.2
97.2
97.2
97.2
97.2
97.2
97.2
97.2
97.2
97.2
97.2
97.2
97.2
97.2
97.2
97.2
97.2
97.2
97.2
97.2
97.2
97.2
97.2
97.2
97.2
97.2
97.2
97.2
97.2
97.2
97.2
97.2
97.2
97.2
97.2
97.2
97.2
97.2
97.2
97.2
97.2
97.2
97.2
97.2
97.2
97.2
97.2
97.2
97.2
97.2
97.2
97.2
97.2
97.2
97.2
97.2
97.2
97.2
97.2
97.2
97.2
97.2
97.2
97.2
97.2
97.2
97.2
97.2
97.2
97.2
97.2
97.2
97.2
97.2
97.2
97.2
97.2
97.2
97.2
97.2
97.2
97.2
97.2
97.2
97.2
97.2
97.2
97.2
97.2
97.2
97.2
97.2
97.2
97.2
97.2
97.2
97.2
97.2
97.2
97.2
97.2
97.2
97.2
97.2
97.2
97.2
97.2
97.2
97.2
97.2
97.2
97.2
97.2
97.2
97.2
97.2
97.2
97.2
97.2
97.2
97.2
97.2
97.2
97.2
97.2
97.2
97.2
97.2
97.2
97.2
97.2
97.2
97.2
97.2
97.2
97.2
97.2
97.2
97.2
97.2
97.2
97.2
97.2
97.2
97.2
97.2
97.2
97.2
97.2
97.2
97.2
97.2
97.2
97.2
97.2
97.2
97.2
97.2
97.2
97.2
97.2
97.2
97.2
97.2
97.2
97.2
97.2
97.2
97.2
97.2
97.2
97.2
97.2
97.2
97.2
97.2
97.2
97.2
97.2
97.2
97.2
97.2
97.2
97.2
97.2
97.2
97.2
97.2
97.2
97.2
97.2
97.2
97.2
97.2
97.2
97.2
97.2
97.2
97.2
97.2
97.2
97.2
97.2
97.2
97.2
97.2
97.2
97.2
97.2
97.2
97.2
97.2
97.2
97.2
97.2
97.2
97.2
97.2
97.2
97.2
97.2
97.2
97.2
97.2
97.2
97.2
97.2
97.2
97.2
97.2
97.2
97.2
97.2
97.2
97.2
97.2
97.2
97.2
97.2
97.2
97.2
97.2
97.2
97.2
97.2
97.2
97.2
97.2
97.2
97.2
97.2
97.399994
97.399994
97.399994
97.399994
97.399994
97.399994
97.399994
97.399994
97.399994
97.399994
97.399994
97.399994
97.399994
97.399994
97.399994
97.399994
97.399994
97.399994
97.399994
97.399994
97.399994
97.399994
97.399994
97.399994
97.399994
97.399994
97.399994
97.399994
97.399994
97.399994
97.399994
97.399994
97.399994
97.399994
97.399994
97.399994
97.399994
97.399994
97.399994
97.399994
97.399994
97.399994
97.399994
97.399994
97.399994
97.399994
97.399994
97.399994
97.399994
97.399994
97.399994
97.399994
97.399994
97.399994
97.399994
97.399994
97.399994
97.399994
97.399994
97.399994
97.399994
97.399994
97.399994
97.399994
97.399994
97.399994
97.399994
97.399994
97.399994
97.399994
97.399994
97.399994
97.399994
97.399994
97.399994
97.399994
97.399994
97.399994
97.399994
97.399994
97.399994
97.399994
97.399994
97.399994
97.399994
97.399994
97.399994
97.399994
97.399994
97.399994
97.399994
97.399994
97.399994
97.399994
97.399994
97.399994
97.399994
97.399994
97.399994
97.399994
97.399994
97.399994
97.399994
97.399994
97.399994
97.399994
97.399994
97.399994
97.399994
97.399994
97.399994
97.399994
97.399994
97.399994
97.399994
97.399994
97.399994
97.399994
97.399994
97.399994
97.399994
97.399994
97.399994
97.399994
97.399994
97.399994
97.399994
97.399994
97.399994
97.399994
97.399994
97.399994
97.399994
97.399994
97.399994
97.399994
97.399994
97.399994
97.399994
97.399994
97.399994
97.399994
97.399994
97.399994
97.399994
97.399994
97.399994
97.399994
97.399994
97.399994
97.399994
97.399994
97.399994
97.399994
97.399994
97.399994
97.399994
97.399994
97.399994
97.399994
97.399994
97.399994
97.399994
97.399994
97.399994
97.399994
97.399994
97.399994
97.399994
97.399994
97.399994
97.399994
97.399994
97.399994
97.399994
97.399994
97.399994
97.399994
97.399994
97.399994
97.399994
97.399994
97.399994
97.399994
97.399994
97.399994
97.399994
97.399994
97.399994
97.399994
97.399994
97.399994
97.399994
97.399994
97.399994
97.399994
97.399994
97.399994
97.399994
97.399994
97.399994
97.399994
97.399994
97.399994
97.399994
97.399994
97.399994
97.399994
97.399994
97.399994
97.399994
97.399994
97.399994
97.399994
97.399994
97.399994
97.399994
97.399994
97.399994
97.399994
97.399994
97.399994
97.399994
97.399994
97.399994
97.399994
97.399994
97.399994
97.399994
97.399994
97.399994
97.399994
97.399994
97.399994
97.399994
97.399994
97.399994
97.399994
97.399994
97.399994
97.399994
97.399994
97.399994
97.399994
97.399994
97.399994
97.399994
97.399994
97.399994
97.399994
97.399994
97.399994
97.399994
97.399994
97.399994
97.399994
97.399994
97.399994
97.399994
97.399994
97.399994
97.399994
97.399994
97.399994
97.399994
97.399994
97.399994
97.399994
97.399994
97.399994
97.399994
97.399994
97.399994
97.399994
97.399994
97.399994
97.399994
97.399994
97.399994
97.399994
97.399994
97.399994
97.399994
97.399994
97.399994
97.399994
97.399994
97.399994
97.6
97.6
97.6
97.6
97.6
97.6
97.6
97.6
97.6
97.6
97.6
97.6
97.6
97.6
97.6
97.6
97.6
97.6
97.6
97.6
97.6
97.6
97.6
97.6
97.6
97.6
97.6
97.6
97.6
97.6
97.6
97.6
97.6
97.6
97.6
97.6
97.6
97.6
97.6
97.6
97.6
97.6
97.6
97.6
97.6
97.6
97.6
97.6
97.6
97.6
97.6
97.6
97.6
97.6
97.6
97.6
97.6
97.6
97.6
97.6
97.6
97.6
97.6
97.6
97.6
97.6
97.6
97.6
97.6
97.6
97.6
97.6
97.6
97.6
97.6
97.6
97.6
97.6
97.6
97.6
97.6
97.6
97.6
97.6
97.6
97.6
97.6
97.6
97.6
97.6
97.6
97.6
97.6
97.6
97.6
97.6
97.6
97.6
97.6
97.6
97.6
97.6
97.6
97.6
97.6
97.6
97.6
97.6
97.6
97.6
97.6
97.6
97.6
97.6
97.6
97.6
97.6
97.6
97.6
97.6
97.6
97.6
97.6
97.6
97.6
97.6
97.6
97.6
97.6
97.6
97.6
97.6
97.6
97.6
97.6
97.6
97.6
97.6
97.6
97.6
97.6
97.6
97.6
97.6
97.6
97.6
97.6
97.6
97.6
97.6
97.6
97.6
97.6
97.6
97.6
97.6
97.6
97.6
97.6
97.6
97.6
97.6
97.6
97.6
97.6
97.6
97.6
97.6
97.6
97.6
97.6
97.6
97.6
97.6
97.6
97.6
97.6
97.6
97.6
97.6
97.6
97.6
97.6
97.6
97.6
97.6
97.6
97.6
97.6
97.6
97.6
97.799995
97.799995
97.799995
97.799995
97.799995
97.799995
97.799995
97.799995
97.799995
97.799995
97.799995
97.799995
97.799995
97.799995
97.799995
97.799995
97.799995
97.799995
97.799995
97.799995
97.799995
97.799995
97.799995
97.799995
97.799995
97.799995
97.799995
97.799995
97.799995
97.799995
97.799995
97.799995
97.799995
97.799995
97.799995
97.799995
97.799995
97.799995
97.799995
97.799995
97.799995
97.799995
97.799995
97.799995
97.799995
97.799995
97.799995
97.799995
97.799995
97.799995
97.799995
97.799995
97.799995
97.799995
97.799995
97.799995
97.799995
97.799995
97.799995
97.799995
97.799995
97.799995
97.799995
97.799995
97.799995
97.799995
97.799995
97.799995
97.799995
97.799995
97.799995
97.799995
97.799995
97.799995
97.799995
97.799995
97.799995
97.799995
97.799995
97.799995
97.799995
97.799995
97.799995
97.799995
97.799995
97.799995
97.799995
97.799995
97.799995
97.799995
97.799995
97.799995
97.799995
97.799995
97.799995
97.799995
97.799995
97.799995
97.799995
97.799995
97.799995
97.799995
97.799995
97.799995
97.799995
97.799995
97.799995
97.799995
97.799995
97.799995
97.799995
97.799995
97.799995
97.799995
97.799995
97.799995
97.799995
97.799995
97.799995
97.799995
97.799995
97.799995
97.799995
97.799995
97.799995
97.799995
97.799995
97.799995
97.799995
97.799995
97.799995
97.799995
97.799995
97.799995
97.799995
97.799995
97.799995
97.799995
97.799995
97.799995
97.799995
97.799995
97.799995
97.799995
97.799995
97.799995
97.799995
97.799995
97.799995
97.799995
97.799995
97.799995
97.799995
97.799995
97.799995
97.799995
97.799995
97.799995
97.799995
97.799995
97.799995
97.799995
97.799995
97.799995
97.799995
97.799995
97.799995
97.799995
97.799995
97.799995
97.799995
97.799995
97.799995
97.799995
97.799995
97.799995
97.799995
97.799995
97.799995
97.799995
97.799995
97.799995
97.799995
97.799995
97.799995
97.799995
97.799995
97.799995
97.799995
97.799995
97.799995
97.799995
97.799995
97.799995
97.799995
97.799995
97.799995
97.799995
97.799995
97.799995
97.799995
97.799995
97.799995
97.799995
97.799995
97.799995
97.799995
97.799995
97.799995
97.799995
97.799995
97.799995
97.799995
97.799995
97.799995
97.799995
97.799995
97.799995
97.799995
97.799995
97.799995
97.799995
97.799995
97.799995
97.799995
97.799995
97.799995
97.799995
97.799995
97.799995
97.799995
97.799995
97.799995
97.799995
97.799995
97.799995
97.799995
97.799995
97.799995
97.799995
97.799995
97.799995
97.799995
97.799995
97.799995
97.799995
97.799995
97.799995
97.799995
97.799995
97.799995
97.799995
97.799995
97.799995
97.799995
97.799995
97.799995
97.799995
97.799995
97.799995
97.799995
97.799995
97.799995
97.799995
97.799995
97.799995
97.799995
97.799995
97.799995
97.799995
97.799995
97.799995
97.799995
97.799995
97.799995
97.799995
97.799995
97.799995
97.799995
97.799995
97.799995
97.799995
97.799995
97.799995
97.799995
97.799995
97.799995
97.799995
97.799995
97.799995
97.799995
97.799995
97.799995
97.799995
97.799995
97.799995
97.799995
97.799995
97.799995
97.799995
97.799995
97.799995
97.799995
97.799995
97.799995
97.799995
97.799995
97.799995
97.799995
97.799995
97.799995
97.799995
97.799995
97.799995
97.799995
97.799995
97.799995
97.799995
97.799995
97.799995
97.799995
97.799995
97.799995
97.799995
97.799995
97.799995
97.799995
97.799995
97.799995
97.799995
97.799995
97.799995
97.799995
97.799995
97.799995
97.799995
97.799995
97.799995
97.799995
97.799995
97.799995
97.799995
97.799995
97.799995
97.799995
97.799995
97.799995
97.799995
97.799995
97.799995
97.799995
97.799995
97.799995
97.799995
97.799995
97.799995
97.799995
97.799995
97.799995
97.799995
97.799995
97.799995
97.799995
97.799995
97.799995
97.799995
97.799995
97.799995
97.799995
97.799995
97.799995
97.799995
97.799995
97.799995
97.799995
97.799995
97.799995
97.799995
97.799995
97.799995
97.799995
97.799995
97.799995
97.799995
97.799995
97.799995
97.799995
97.799995
97.799995
97.799995
97.799995
97.799995
97.799995
97.799995
97.799995
97.799995
97.799995
97.799995
97.799995
97.799995
97.799995
97.799995
97.799995
97.799995
97.799995
97.799995
97.799995
97.799995
97.799995
97.799995
97.799995
97.799995
97.799995
97.799995
97.799995
97.799995
97.799995
97.799995
97.799995
97.799995
97.799995
97.799995
97.799995
97.799995
97.799995
97.799995
97.799995
97.799995
97.799995
97.799995
97.799995
97.799995
97.799995
97.799995
97.799995
97.799995
97.799995
97.799995
97.799995
97.799995
97.799995
97.799995
97.799995
97.799995
97.799995
97.799995
97.799995
97.799995
97.799995
97.799995
97.799995
97.799995
97.799995
97.799995
97.799995
97.799995
97.799995
97.799995
97.799995
97.799995
97.799995
97.799995
97.799995
97.799995
97.799995
97.799995
97.799995
97.799995
97.799995
97.799995
97.799995
97.799995
97.799995
97.799995
97.799995
97.799995
97.799995
97.799995
97.799995
97.799995
97.799995
97.799995
97.799995
97.799995
97.799995
97.799995
97.799995
97.799995
97.799995
97.799995
97.799995
97.799995
97.799995
97.799995
97.799995
97.799995
97.799995
97.799995
97.799995
97.799995
97.799995
97.799995
97.799995
97.799995
97.799995
97.799995
97.799995
97.799995
97.799995
97.799995
97.799995
97.799995
97.799995
97.799995
97.799995
97.799995
97.799995
97.799995
97.799995
97.799995
97.799995
97.799995
97.799995
97.799995
97.799995
97.799995
97.799995
97.799995
97.799995
97.799995
97.799995
97.799995
97.799995
97.799995
97.799995
97.799995
97.799995
97.799995
97.799995
97.799995
97.799995
97.799995
97.799995
97.799995
97.799995
97.799995
97.799995
97.799995
97.799995
97.799995
97.799995
97.799995
97.799995
97.799995
97.799995
97.799995
97.799995
97.799995
97.799995
97.799995
97.799995
97.799995
97.799995
97.799995
97.799995
97.799995
97.799995
97.799995
97.799995
97.799995
97.799995
97.799995
97.799995
97.799995
97.799995
97.799995
97.799995
97.799995
97.799995
97.799995
97.799995
97.799995
97.799995
97.799995
97.799995
97.799995
97.799995
97.799995
97.799995
97.799995
97.799995
97.799995
97.799995
97.799995
97.799995
97.799995
97.799995
97.799995
97.799995
97.799995
97.799995
97.799995
97.799995
97.799995
97.799995
97.799995
97.799995
97.799995
97.799995
97.799995
97.799995
97.799995
97.799995
97.799995
97.799995
97.799995
97.799995
97.799995
97.799995
97.799995
97.799995
97.799995
97.799995
97.799995
97.799995
97.799995
97.799995
97.799995
97.799995
97.799995
97.799995
97.799995
97.799995
97.799995
97.799995
97.799995
97.799995
97.799995
97.799995
97.799995
97.799995
97.799995
97.799995
97.799995
97.799995
97.799995
97.799995
97.799995
97.799995
97.799995
97.799995
97.799995
97.799995
97.799995
97.799995
97.799995
97.799995
97.799995
97.799995
97.799995
97.799995
97.799995
97.799995
97.799995
97.799995
97.799995
97.799995
97.799995
97.799995
97.799995
97.799995
97.799995
97.799995
97.799995
97.799995
97.799995
97.799995
97.799995
97.799995
97.799995
97.799995
97.799995
97.799995
97.799995
97.799995
97.799995
97.799995
97.799995
97.799995
97.799995
97.799995
97.799995
97.799995
97.799995
97.799995
97.799995
97.799995
97.799995
97.799995
97.799995
97.799995
97.799995
97.799995
97.799995
97.799995
97.799995
97.799995
97.799995
97.799995
97.799995
97.799995
97.799995
97.799995
97.799995
97.799995
97.799995
97.799995
97.799995
97.799995
97.799995
97.799995
97.799995
97.799995
97.799995
97.799995
97.799995
97.799995
97.799995
97.799995
97.799995
97.799995
97.799995
97.799995
97.799995
97.799995
97.799995
97.799995
97.799995
97.799995
97.799995
97.799995
97.799995
97.799995
97.799995
97.799995
97.799995
97.799995
97.799995
97.799995
97.799995
97.799995
97.799995
97.799995
97.799995
97.799995
97.799995
97.799995
97.799995
97.799995
97.799995
97.799995
97.799995
97.799995
97.799995
97.799995
97.799995
97.799995
97.799995
97.799995
97.799995
97.799995
97.799995
97.799995
97.799995
97.799995
97.799995
97.799995
97.799995
97.799995
97.799995
97.799995
97.799995
97.799995
97.799995
97.799995
97.799995
97.799995
97.799995
97.799995
97.799995
97.799995
97.799995
97.799995
97.799995
97.799995
97.799995
97.799995
97.799995
97.799995
97.799995
97.799995
97.799995
97.799995
97.799995
97.799995
97.799995
97.799995
97.799995
97.799995
97.799995
97.799995
97.799995
97.799995
97.799995
97.799995
97.799995
97.799995
97.799995
97.799995
97.799995
97.799995
97.799995
97.799995
97.799995
97.799995
97.799995
97.799995
97.799995
97.799995
97.799995
97.799995
97.799995
97.799995
97.799995
97.799995
97.799995
97.799995
97.799995
97.799995
97.799995
97.799995
97.799995
97.799995
97.799995
97.799995
97.799995
97.799995
97.799995
97.799995
97.799995
97.799995
97.799995
97.799995
97.799995
97.799995
97.799995
97.799995
97.799995
97.799995
97.799995
97.799995
97.799995
97.799995
97.799995
97.799995
97.799995
97.799995
97.799995
97.799995
97.799995
97.799995
97.799995
97.799995
97.799995
97.799995
97.799995
97.799995
97.799995
97.799995
97.799995
97.799995
97.799995
97.799995
97.799995
97.799995
97.799995
97.799995
97.799995
97.799995
97.799995
97.799995
97.799995
97.799995
97.799995
97.799995
97.799995
97.799995
97.799995
97.799995
97.799995
97.799995
97.799995
97.799995
97.799995
97.799995
97.799995
97.799995
97.799995
97.799995
97.799995
97.799995
97.799995
97.799995
97.799995
97.799995
97.799995
97.799995
97.799995
98.0