x y label
4.2447561e+00  -3.6910558e+00   1.0000000e+00
3.3511902e+00  -3.5734299e+00   1.0000000e+00
6.2560467e+00  -3.8224909e+00   1.0000000e+00
5.4272799e+00  -7.8379042e+00   1.0000000e+00
4.6162095e+00  -4.0028669e+00   1.0000000e+00
1.9805508e+00  -5.6153754e+00   1.0000000e+00
6.7326209e+00  -4.8999566e+00   1.0000000e+00
6.9835327e+00  -5.4880184e+00   1.0000000e+00
6.7976196e+00  -4.7007631e+00   1.0000000e+00
5.9119237e+00  -7.2318631e+00   1.0000000e+00
2.5017116e+00  -4.1815161e+00   1.0000000e+00
4.2730793e+00  -7.8378725e+00   1.0000000e+00
4.1239560e+00  -5.5152362e+00   1.0000000e+00
3.4890948e+00  -6.9238223e+00   1.0000000e+00
5.1904745e+00  -4.4228762e+00   1.0000000e+00
3.5717185e+00  -2.8612421e+00   1.0000000e+00
4.0696803e+00  -8.0836548e+00   1.0000000e+00
4.8761883e+00  -3.6674563e+00   1.0000000e+00
1.8411013e+00  -1.9860530e+00   1.0000000e+00
4.3806133e+00  -6.2538168e+00   1.0000000e+00
5.2883654e+00  -5.8059498e+00   1.0000000e+00
6.3409765e+00  -2.8546687e+00   1.0000000e+00
5.5312443e+00  -4.9620251e+00   1.0000000e+00
2.1480134e+00  -6.1604321e+00   1.0000000e+00
4.8744661e+00  -8.1113447e+00   1.0000000e+00
3.1743299e+00  -4.7170367e+00   1.0000000e+00
2.8930609e+00  -6.1721875e+00   1.0000000e+00
5.3161098e+00  -4.6539391e+00   1.0000000e+00
5.0273858e+00  -1.0956758e+00   1.0000000e+00
5.8998164e+00  -6.0272608e+00   1.0000000e+00
4.9166873e+00  -3.1192626e+00   1.0000000e+00
7.6985364e+00  -3.8713265e+00   1.0000000e+00
3.6103649e+00  -3.8698589e+00   1.0000000e+00
5.7381971e+00  -4.1231616e+00   1.0000000e+00
4.7551568e+00  -5.2976386e+00   1.0000000e+00
4.9932122e+00  -5.8997441e+00   1.0000000e+00
5.7793608e+00  -5.0334228e+00   1.0000000e+00
6.9445731e+00  -3.7748917e+00   1.0000000e+00
5.1976979e+00  -2.8489798e+00   1.0000000e+00
6.2122860e+00  -4.4158979e+00   1.0000000e+00
3.4008626e+00  -2.8472637e+00   1.0000000e+00
4.6403383e+00  -5.5089918e+00   1.0000000e+00
4.8876301e+00  -3.2649173e+00   1.0000000e+00
5.0273897e+00  -6.7496077e+00   1.0000000e+00
4.3961320e+00  -6.2274685e+00   1.0000000e+00
4.4104311e+00  -6.9309367e+00   1.0000000e+00
5.4022611e+00  -5.4982342e+00   1.0000000e+00
3.4431243e+00  -5.8719427e+00   1.0000000e+00
6.8478240e+00  -6.8420400e+00   1.0000000e+00
5.6081496e+00  -4.6863064e+00   1.0000000e+00
2.9535649e+00  -4.8899877e+00   1.0000000e+00
3.3775580e+00  -3.6322749e+00   1.0000000e+00
5.7112430e+00  -5.1382587e+00   1.0000000e+00
3.2766290e+00  -5.7749372e+00   1.0000000e+00
4.0527312e+00  -4.4074413e+00   1.0000000e+00
6.8095709e+00  -3.7542766e+00   1.0000000e+00
4.1365322e+00  -7.9292290e+00   1.0000000e+00
3.6769762e+00  -4.3959531e+00   1.0000000e+00
3.1629682e+00  -4.9614776e+00   1.0000000e+00
7.1673520e+00  -2.3843944e+00   1.0000000e+00
5.1178574e+00  -2.1562781e+00   1.0000000e+00
5.7405574e+00  -3.8328972e+00   1.0000000e+00
5.7195910e+00  -5.7325319e+00   1.0000000e+00
5.1497823e+00  -4.1350668e+00   1.0000000e+00
6.7136256e+00  -9.0171357e+00   1.0000000e+00
3.4903261e+00  -2.7618091e+00   1.0000000e+00
5.8703100e+00  -4.6090915e+00   1.0000000e+00
5.6658977e+00  -3.0832356e+00   1.0000000e+00
3.3460404e+00  -4.3037108e+00   1.0000000e+00
1.8673041e+00  -4.7445665e+00   1.0000000e+00
4.9919747e+00  -2.9620103e+00   1.0000000e+00
3.6787963e+00  -4.0913097e+00   1.0000000e+00
6.3505702e+00  -6.0702111e+00   1.0000000e+00
5.3324949e+00  -4.8762521e+00   1.0000000e+00
4.5652769e+00  -5.7407704e+00   1.0000000e+00
3.7932738e+00  -6.7991957e+00   1.0000000e+00
4.1077626e+00  -6.4231698e+00   1.0000000e+00
4.7670460e+00  -2.4799008e+00   1.0000000e+00
4.3717604e+00  -3.4177174e+00   1.0000000e+00
5.6111921e+00  -2.8189636e+00   1.0000000e+00
4.8297542e+00  -5.1104422e+00   1.0000000e+00
4.6008939e+00  -6.8774326e+00   1.0000000e+00
8.0521938e+00  -7.2085598e+00   1.0000000e+00
4.6440376e+00  -5.5324971e+00   1.0000000e+00
4.9563769e+00  -7.2151600e+00   1.0000000e+00
6.0704361e+00  -5.0215745e+00   1.0000000e+00
4.4781265e+00  -2.7063439e+00   1.0000000e+00
5.9062735e+00  -2.2369010e+00   1.0000000e+00
6.9174139e+00  -5.8180674e+00   1.0000000e+00
4.4356373e+00  -2.9822214e+00   1.0000000e+00
4.1807466e+00  -5.0721253e+00   1.0000000e+00
4.1304328e+00  -4.2937526e+00   1.0000000e+00
6.5393604e+00  -5.9156753e+00   1.0000000e+00
4.0468404e+00  -3.4460186e+00   1.0000000e+00
7.5428320e+00  -3.4481095e+00   1.0000000e+00
2.6702907e+00  -5.0614313e+00   1.0000000e+00
5.3370568e+00  -4.8382046e+00   1.0000000e+00
4.0040378e+00  -7.7282362e+00   1.0000000e+00
6.7474677e+00  -3.2755827e+00   1.0000000e+00
5.9830853e+00  -5.5503862e+00   1.0000000e+00
-2.3466899e-01  -2.9912497e+00   2.0000000e+00
-2.3536060e+00  -3.5257912e+00   2.0000000e+00
-2.5315178e+00  -5.0727290e+00   2.0000000e+00
-3.6088616e+00  -5.6051777e+00   2.0000000e+00
-3.9068778e+00  -4.3470659e+00   2.0000000e+00
-5.0785644e+00  -4.5666019e+00   2.0000000e+00
-4.9597466e+00  -4.7884169e+00   2.0000000e+00
-4.0226228e+00  -4.1337825e+00   2.0000000e+00
-1.0302300e+00  -7.0192936e+00   2.0000000e+00
-3.7513882e+00  -5.5479941e+00   2.0000000e+00
-3.2963184e+00  -4.6705754e+00   2.0000000e+00
-4.0364763e+00  -4.7692821e+00   2.0000000e+00
-9.9844256e-01  -4.1366098e+00   2.0000000e+00
-3.3569404e+00  -3.8815456e+00   2.0000000e+00
-1.7086221e+00  -7.1720782e+00   2.0000000e+00
-2.8445490e+00  -1.2244096e+00   2.0000000e+00
-2.4775662e+00  -4.0880190e+00   2.0000000e+00
-7.7010245e-02  -6.2685448e+00   2.0000000e+00
-1.2200217e+00  -4.8499457e+00   2.0000000e+00
-2.1762483e+00  -3.4117970e+00   2.0000000e+00
-2.8964911e+00  -5.3694112e+00   2.0000000e+00
-1.5535571e+00  -4.5587414e+00   2.0000000e+00
-2.3964321e+00  -3.4215941e+00   2.0000000e+00
-1.1437836e+00  -4.7565554e+00   2.0000000e+00
-4.1063699e+00  -3.6907848e+00   2.0000000e+00
-4.9694353e-01  -5.3440982e+00   2.0000000e+00
-1.7788912e+00  -2.1290561e+00   2.0000000e+00
-2.6832993e+00  -3.8418215e+00   2.0000000e+00
-2.7425063e+00  -5.8257495e+00   2.0000000e+00
-3.8339438e+00  -6.3093409e+00   2.0000000e+00
-2.8339113e+00  -1.5149573e+00   2.0000000e+00
-2.1988518e+00  -1.7912192e+00   2.0000000e+00
-3.9874516e+00  -5.1536457e+00   2.0000000e+00
1.7271543e-01  -6.5119797e+00   2.0000000e+00
-4.6287242e+00  -1.2087547e+00   2.0000000e+00
-1.0121903e+00  -3.9925236e+00   2.0000000e+00
-2.4676078e+00  -2.6011763e+00   2.0000000e+00
-1.5408324e+00  -3.1756738e+00   2.0000000e+00
-2.9843577e-01  -2.3320689e+00   2.0000000e+00
-2.1895393e+00  -6.4967813e+00   2.0000000e+00
-4.0253524e-01  -5.9470903e+00   2.0000000e+00
-6.5085972e+00  -3.7633501e+00   2.0000000e+00
-2.3327539e+00  -5.2942475e+00   2.0000000e+00
-2.3324554e+00  -2.1749705e+00   2.0000000e+00
-2.0231650e+00  -4.8186452e+00   2.0000000e+00
-2.4027503e+00  -6.9861479e+00   2.0000000e+00
-4.9213542e+00  -6.0539979e+00   2.0000000e+00
-4.3766737e+00  -8.7550090e-01   2.0000000e+00
-1.6658976e+00  -2.8024494e+00   2.0000000e+00
-3.0254296e+00  -5.5208716e+00   2.0000000e+00
-1.3085137e+00  -3.7171601e+00   2.0000000e+00
-3.2385864e+00  -7.1975188e+00   2.0000000e+00
7.3238288e-01  -1.1711893e+00   2.0000000e+00
-4.2598301e+00  -2.3921323e+00   2.0000000e+00
-3.0340117e+00  -5.3430852e+00   2.0000000e+00
-4.2092155e+00  -5.0871284e+00   2.0000000e+00
-2.3053797e+00  -6.6318907e+00   2.0000000e+00
-2.3868872e+00  -6.7923542e+00   2.0000000e+00
-2.8394179e+00  -5.8769519e+00   2.0000000e+00
-5.8460202e-01  -5.4745717e+00   2.0000000e+00
-2.9242651e+00  -3.6886187e+00   2.0000000e+00
-2.8964445e+00  -5.2766333e+00   2.0000000e+00
-5.3590665e+00  -4.9870607e+00   2.0000000e+00
-7.6495223e-01  -3.7023370e+00   2.0000000e+00
-4.4005290e+00  -2.8538121e+00   2.0000000e+00
-2.7867207e+00  -3.1950486e+00   2.0000000e+00
-2.3283886e+00  -8.0307823e+00   2.0000000e+00
-4.2535117e+00  -1.8404955e+00   2.0000000e+00
-2.8686840e+00  -5.3311069e+00   2.0000000e+00
-2.1375921e+00  -3.4565484e+00   2.0000000e+00
-3.7171485e+00  -3.8806628e+00   2.0000000e+00
-4.5713179e+00  -5.4442375e+00   2.0000000e+00
-3.5569069e+00  -4.0662200e+00   2.0000000e+00
4.6081145e-01  -3.4215727e+00   2.0000000e+00
-4.0085630e+00  -7.0169793e+00   2.0000000e+00
-3.8068156e+00  -2.0031865e+00   2.0000000e+00
-1.7439534e+00  -6.0827981e+00   2.0000000e+00
-4.6195949e-01  -5.7007894e+00   2.0000000e+00
-2.6260139e+00  -5.4733533e+00   2.0000000e+00
-2.5886250e+00  -5.4476955e+00   2.0000000e+00
-3.7414314e+00  -5.5378264e+00   2.0000000e+00
6.4689884e-01  -7.5344242e+00   2.0000000e+00
-9.5127402e-01  -5.0964082e+00   2.0000000e+00
-1.6971620e+00  -2.7294426e+00   2.0000000e+00
-4.8863764e+00  -3.1938391e+00   2.0000000e+00
-2.9707879e+00  -5.9930337e+00   2.0000000e+00
-2.6186380e+00  -4.5097395e+00   2.0000000e+00
-2.0814879e+00  -3.7263187e+00   2.0000000e+00
-3.0509032e+00  -3.1814976e+00   2.0000000e+00
-2.0817860e+00  -2.3506019e+00   2.0000000e+00
-3.1795528e-01  -5.1395496e+00   2.0000000e+00
-3.0053569e+00  -2.6730031e+00   2.0000000e+00
6.3569537e-01  -2.3137827e+00   2.0000000e+00
-2.5696748e+00  -4.0297452e+00   2.0000000e+00
-2.4598652e-02  -6.1383851e+00   2.0000000e+00
-2.9569060e+00  -5.6157105e+00   2.0000000e+00
-3.6026044e-01  -6.3404542e+00   2.0000000e+00
-3.3919354e+00  -4.2687068e+00   2.0000000e+00
-2.0463812e+00  -4.9916503e+00   2.0000000e+00
-4.1743645e+00  -4.8876906e+00   2.0000000e+00
-6.6019267e+00  -1.0251017e+01   3.0000000e+00
-8.2291368e+00  -1.0318824e+01   3.0000000e+00
-6.6263098e+00  -1.2633530e+01   3.0000000e+00
-7.5789385e+00  -1.2602205e+01   3.0000000e+00
-7.4284004e+00  -1.2727294e+01   3.0000000e+00
-3.6291662e+00  -1.1600067e+01   3.0000000e+00
-7.1679334e+00  -9.4334626e+00   3.0000000e+00
-4.5313444e+00  -1.0697869e+01   3.0000000e+00
-6.3531440e+00  -1.0237782e+01   3.0000000e+00
-6.5128478e+00  -1.2542572e+01   3.0000000e+00
-6.4482697e+00  -1.2018210e+01   3.0000000e+00
-4.6550960e+00  -9.8682686e+00   3.0000000e+00
-8.6443851e+00  -1.2023279e+01   3.0000000e+00
-7.7661721e+00  -9.3883798e+00   3.0000000e+00
-2.9417155e+00  -1.2317096e+01   3.0000000e+00
-4.1038403e+00  -1.0410429e+01   3.0000000e+00
-4.8569576e+00  -9.8227643e+00   3.0000000e+00
-4.2794206e+00  -1.0902261e+01   3.0000000e+00
-6.6190229e+00  -8.8754517e+00   3.0000000e+00
-7.0378934e+00  -1.1395630e+01   3.0000000e+00
-5.9918684e+00  -9.6630305e+00   3.0000000e+00
-3.5557288e+00  -9.1928019e+00   3.0000000e+00
-3.2009961e+00  -1.3476422e+01   3.0000000e+00
-4.8479225e+00  -1.1213953e+01   3.0000000e+00
-6.4154243e+00  -1.0940307e+01   3.0000000e+00
-5.9165931e+00  -1.3187274e+01   3.0000000e+00
-6.6923224e+00  -1.2755459e+01   3.0000000e+00
-6.8410323e+00  -1.1440062e+01   3.0000000e+00
-5.1065770e+00  -1.2783259e+01   3.0000000e+00
-7.8736226e+00  -1.2898106e+01   3.0000000e+00
-4.4610569e+00  -9.8662746e+00   3.0000000e+00
-7.6706442e+00  -1.0678020e+01   3.0000000e+00
-6.1386331e+00  -1.2706991e+01   3.0000000e+00
-4.9758656e+00  -1.3431033e+01   3.0000000e+00
-7.6015959e+00  -1.1839303e+01   3.0000000e+00
-9.0920689e+00  -1.2518936e+01   3.0000000e+00
-7.5464901e+00  -1.4056639e+01   3.0000000e+00
-6.8292442e+00  -1.1174449e+01   3.0000000e+00
-5.9276689e+00  -7.7659246e+00   3.0000000e+00
-5.7018126e+00  -1.2645569e+01   3.0000000e+00
-4.3107529e+00  -1.0262485e+01   3.0000000e+00
-6.9225842e+00  -1.1426398e+01   3.0000000e+00
-7.2886594e+00  -1.1829823e+01   3.0000000e+00
-5.9394869e+00  -7.9151938e+00   3.0000000e+00
-4.3580067e+00  -1.3108601e+01   3.0000000e+00
-7.7147141e+00  -1.2370364e+01   3.0000000e+00
-4.8866153e+00  -8.2790738e+00   3.0000000e+00
-6.4007367e+00  -1.1512905e+01   3.0000000e+00
-7.9380305e+00  -9.3298529e+00   3.0000000e+00
-4.4925229e+00  -9.8448925e+00   3.0000000e+00
-4.2656722e+00  -1.4532566e+01   3.0000000e+00
-3.6499837e+00  -1.1338133e+01   3.0000000e+00
-6.3958204e+00  -1.1960938e+01   3.0000000e+00
-3.7032069e+00  -8.2242747e+00   3.0000000e+00
-3.8159570e+00  -8.3687344e+00   3.0000000e+00
-6.2802481e+00  -1.3644795e+01   3.0000000e+00
-6.0419470e+00  -1.2940320e+01   3.0000000e+00
-7.1749419e+00  -1.1828265e+01   3.0000000e+00
-7.7922872e+00  -1.2664805e+01   3.0000000e+00
-5.5976745e+00  -1.1055469e+01   3.0000000e+00
-6.6744200e+00  -1.1652765e+01   3.0000000e+00
-5.4695526e+00  -1.1799564e+01   3.0000000e+00
-4.3127258e+00  -1.2664884e+01   3.0000000e+00
-4.7018475e+00  -8.8550681e+00   3.0000000e+00
-2.7798886e+00  -1.2057439e+01   3.0000000e+00
-4.6272417e+00  -1.2776674e+01   3.0000000e+00
-4.6773742e+00  -1.3870496e+01   3.0000000e+00
-8.1443958e+00  -1.2683020e+01   3.0000000e+00
-8.3177545e+00  -1.0437308e+01   3.0000000e+00
-5.3060470e+00  -9.6661956e+00   3.0000000e+00
-4.9322694e+00  -1.0200133e+01   3.0000000e+00
-6.9775122e+00  -9.8570003e+00   3.0000000e+00
-5.4614417e+00  -1.2267774e+01   3.0000000e+00
-3.6188470e+00  -1.0049117e+01   3.0000000e+00
-5.7141643e+00  -1.0790691e+01   3.0000000e+00
-6.0120809e+00  -1.2566347e+01   3.0000000e+00
-5.0867102e+00  -1.1656742e+01   3.0000000e+00
-6.0339690e+00  -1.0655456e+01   3.0000000e+00
-6.1716012e+00  -1.1744633e+01   3.0000000e+00
-2.7836073e+00  -1.4818444e+01   3.0000000e+00
-6.6283571e+00  -1.3234991e+01   3.0000000e+00
-2.1986116e+00  -1.1633352e+01   3.0000000e+00
-2.8295247e+00  -1.0945697e+01   3.0000000e+00
-5.3201560e+00  -1.3088728e+01   3.0000000e+00
-7.1140478e+00  -1.1339819e+01   3.0000000e+00
-6.4026835e+00  -7.9603416e+00   3.0000000e+00
-7.2234690e+00  -9.0289434e+00   3.0000000e+00
-4.7462774e+00  -1.1766424e+01   3.0000000e+00
-7.0524939e+00  -1.2409786e+01   3.0000000e+00
-6.4899290e+00  -1.3361521e+01   3.0000000e+00
-3.0080163e+00  -1.2515083e+01   3.0000000e+00
-7.3414447e+00  -1.1201082e+01   3.0000000e+00
-5.3859902e+00  -1.3414132e+01   3.0000000e+00
-6.1676379e+00  -1.0843351e+01   3.0000000e+00
-3.3841638e+00  -1.1782665e+01   3.0000000e+00
-3.9606230e+00  -1.3786209e+01   3.0000000e+00
-6.0597749e+00  -1.0956020e+01   3.0000000e+00
-9.2397252e+00  -1.0872930e+01   3.0000000e+00
-6.4033037e+00  -1.2984734e+01   3.0000000e+00
-3.5602776e+00  -1.0762601e+01   3.0000000e+00
2.6651151e-01  -1.5103631e+01   4.0000000e+00
-4.5014317e-01  -1.7525594e+01   4.0000000e+00
-1.1928439e-01  -1.7192723e+01   4.0000000e+00
-6.2972862e-01  -1.4676977e+01   4.0000000e+00
5.3227419e-02  -1.4760935e+01   4.0000000e+00
-1.9233340e+00  -1.6212814e+01   4.0000000e+00
-1.7353207e+00  -1.6079735e+01   4.0000000e+00
-1.6261037e+00  -1.5550471e+01   4.0000000e+00
1.5415748e+00  -1.6734018e+01   4.0000000e+00
4.8993573e-01  -1.4703666e+01   4.0000000e+00
1.2647119e+00  -1.5985366e+01   4.0000000e+00
-2.3873904e+00  -1.6767974e+01   4.0000000e+00
-2.9173566e+00  -1.6651622e+01   4.0000000e+00
1.6228655e+00  -1.5310200e+01   4.0000000e+00
4.0645201e+00  -1.6363709e+01   4.0000000e+00
1.3475221e+00  -1.5887021e+01   4.0000000e+00
-1.2521580e+00  -1.6009449e+01   4.0000000e+00
-6.7163530e-01  -1.7516132e+01   4.0000000e+00
-7.2334575e-01  -1.6375756e+01   4.0000000e+00
4.4073496e+00  -1.6894685e+01   4.0000000e+00
-8.6386351e-01  -1.7202567e+01   4.0000000e+00
2.2731842e-01  -1.4245023e+01   4.0000000e+00
-1.6053223e+00  -1.9938212e+01   4.0000000e+00
9.4105564e-02  -1.4484101e+01   4.0000000e+00
-3.5865362e+00  -1.4840712e+01   4.0000000e+00
2.2059824e+00  -1.5783461e+01   4.0000000e+00
-2.8676851e+00  -1.6027198e+01   4.0000000e+00
1.1212325e+00  -1.4744065e+01   4.0000000e+00
1.3499112e+00  -1.4899905e+01   4.0000000e+00
2.0080334e+00  -1.7952782e+01   4.0000000e+00
1.8642958e+00  -1.8835740e+01   4.0000000e+00
3.1383082e-01  -1.5542227e+01   4.0000000e+00
1.9610866e+00  -1.7605014e+01   4.0000000e+00
5.1690685e-01  -1.3948666e+01   4.0000000e+00
8.5163305e-01  -1.4864726e+01   4.0000000e+00
1.7924379e-01  -1.6999770e+01   4.0000000e+00
1.8210298e+00  -1.5101678e+01   4.0000000e+00
1.9495623e+00  -1.6775943e+01   4.0000000e+00
3.1588863e-01  -1.4405975e+01   4.0000000e+00
-1.4536429e+00  -1.5164206e+01   4.0000000e+00
9.7800114e-01  -1.3605099e+01   4.0000000e+00
3.3399557e+00  -1.3989695e+01   4.0000000e+00
-1.5492718e+00  -1.8645155e+01   4.0000000e+00
-1.8911510e+00  -1.4913530e+01   4.0000000e+00
-6.0775665e-01  -1.7752933e+01   4.0000000e+00
-6.7945485e-02  -1.6223722e+01   4.0000000e+00
-1.9226439e+00  -1.6019405e+01   4.0000000e+00
-1.4930822e+00  -1.7379226e+01   4.0000000e+00
1.6563597e+00  -1.6904727e+01   4.0000000e+00
-8.7458624e-01  -1.3688235e+01   4.0000000e+00
1.8535780e+00  -1.5371578e+01   4.0000000e+00
7.2229137e-01  -1.7493184e+01   4.0000000e+00
-8.4738891e-01  -1.4817755e+01   4.0000000e+00
3.2459773e-01  -1.6914043e+01   4.0000000e+00
3.5020296e+00  -1.6990673e+01   4.0000000e+00
-8.2656652e-01  -1.6840627e+01   4.0000000e+00
-3.5415586e+00  -1.5231968e+01   4.0000000e+00
1.9004015e+00  -1.5210223e+01   4.0000000e+00
-1.6697561e+00  -1.8025180e+01   4.0000000e+00
1.6075218e+00  -1.7068013e+01   4.0000000e+00
2.0535612e+00  -1.7851297e+01   4.0000000e+00
1.0775955e+00  -1.7581552e+01   4.0000000e+00
-6.1524909e-01  -1.7129642e+01   4.0000000e+00
2.2086516e+00  -1.4793387e+01   4.0000000e+00
5.3607957e-01  -1.4023927e+01   4.0000000e+00
-1.2845444e+00  -1.8769928e+01   4.0000000e+00
9.1867226e-01  -1.5962953e+01   4.0000000e+00
3.3703143e-01  -1.7521698e+01   4.0000000e+00
1.3482767e+00  -1.5270529e+01   4.0000000e+00
-1.8604095e+00  -1.6128650e+01   4.0000000e+00
2.1398981e+00  -1.6205109e+01   4.0000000e+00
3.4309109e+00  -1.5945198e+01   4.0000000e+00
-1.6011605e-01  -1.8084446e+01   4.0000000e+00
2.6222091e-01  -1.5114728e+01   4.0000000e+00
3.2114068e+00  -1.7339552e+01   4.0000000e+00
-1.0282725e-01  -1.5936382e+01   4.0000000e+00
7.5945369e-01  -1.5379096e+01   4.0000000e+00
2.5683531e+00  -1.4935307e+01   4.0000000e+00
-6.5538108e-01  -1.2260758e+01   4.0000000e+00
-6.4093365e-01  -1.5387728e+01   4.0000000e+00
2.5878435e+00  -1.3593376e+01   4.0000000e+00
-1.3650426e+00  -1.6330359e+01   4.0000000e+00
-9.9381148e-01  -1.6279130e+01   4.0000000e+00
-1.5573611e-02  -1.8070349e+01   4.0000000e+00
8.2839185e-01  -1.5394740e+01   4.0000000e+00
-7.8157460e-02  -1.6763529e+01   4.0000000e+00
-3.0511473e-01  -1.9561842e+01   4.0000000e+00
-1.6252845e+00  -1.7498239e+01   4.0000000e+00
4.6894064e-01  -1.5706306e+01   4.0000000e+00
-4.3366105e-01  -1.5135804e+01   4.0000000e+00
6.2821326e-01  -1.4709668e+01   4.0000000e+00
1.6681098e-01  -1.5909569e+01   4.0000000e+00
1.2107757e+00  -1.6010423e+01   4.0000000e+00
1.9203028e+00  -1.7041870e+01   4.0000000e+00
9.5525862e-01  -1.6295982e+01   4.0000000e+00
9.1625450e-01  -1.7380013e+01   4.0000000e+00
1.4910151e+00  -1.9863277e+01   4.0000000e+00
-8.6491290e-01  -1.2638387e+01   4.0000000e+00
2.8457160e+00  -1.5949857e+01   4.0000000e+00
-1.3652708e+00  -1.6980347e+01   4.0000000e+00
4.1004646e+00  -1.0908530e+01   5.0000000e+00
6.2551287e+00  -1.3668817e+01   5.0000000e+00
8.7867229e+00  -1.1869917e+01   5.0000000e+00
4.8839913e+00  -9.5686668e+00   5.0000000e+00
8.3241829e+00  -1.4258577e+01   5.0000000e+00
6.9295103e+00  -1.0946559e+01   5.0000000e+00
5.3688006e+00  -1.1539053e+01   5.0000000e+00
6.3779553e+00  -1.2518001e+01   5.0000000e+00
4.9301437e+00  -1.0053830e+01   5.0000000e+00
7.3289841e+00  -1.2244950e+01   5.0000000e+00
6.8856550e+00  -9.9360854e+00   5.0000000e+00
6.2062627e+00  -1.3271945e+01   5.0000000e+00
7.2051784e+00  -1.0749580e+01   5.0000000e+00
5.9619341e+00  -1.4209503e+01   5.0000000e+00
3.8603352e+00  -1.3970286e+01   5.0000000e+00
8.9951765e+00  -1.0616750e+01   5.0000000e+00
4.7192190e+00  -1.2478741e+01   5.0000000e+00
7.0599689e+00  -1.3226343e+01   5.0000000e+00
7.0911832e+00  -1.3314066e+01   5.0000000e+00
4.8112978e+00  -1.3698190e+01   5.0000000e+00
7.5363861e+00  -1.2863596e+01   5.0000000e+00
5.9623428e+00  -1.2239744e+01   5.0000000e+00
5.0269808e+00  -1.3032674e+01   5.0000000e+00
7.6055248e+00  -1.0610702e+01   5.0000000e+00
6.5211552e+00  -1.1817806e+01   5.0000000e+00
5.3448626e+00  -1.2941406e+01   5.0000000e+00
5.9266527e+00  -1.1353262e+01   5.0000000e+00
6.1775541e+00  -1.0370399e+01   5.0000000e+00
4.9544359e+00  -1.1703257e+01   5.0000000e+00
5.5479809e+00  -1.2139211e+01   5.0000000e+00
6.7601857e+00  -1.5572342e+01   5.0000000e+00
6.2403487e+00  -1.3276274e+01   5.0000000e+00
9.6790360e+00  -1.0527277e+01   5.0000000e+00
6.3077163e+00  -1.3097345e+01   5.0000000e+00
6.2257656e+00  -1.1801510e+01   5.0000000e+00
8.1829825e+00  -1.2323600e+01   5.0000000e+00
7.8954207e+00  -1.2650913e+01   5.0000000e+00
8.3944408e+00  -1.2884663e+01   5.0000000e+00
4.8157414e+00  -1.0378093e+01   5.0000000e+00
8.0436589e+00  -1.3003814e+01   5.0000000e+00
5.6370254e+00  -9.9978115e+00   5.0000000e+00
6.0880448e+00  -1.1872116e+01   5.0000000e+00
8.4004522e+00  -1.2128855e+01   5.0000000e+00
5.0594586e+00  -1.2612593e+01   5.0000000e+00
8.3988007e+00  -1.3293248e+01   5.0000000e+00
8.3725406e+00  -1.2430880e+01   5.0000000e+00
5.0384295e+00  -1.3591811e+01   5.0000000e+00
8.0063474e+00  -1.1655731e+01   5.0000000e+00
6.9969277e+00  -1.4523679e+01   5.0000000e+00
8.4566735e+00  -1.2388257e+01   5.0000000e+00
7.2265553e+00  -1.0059296e+01   5.0000000e+00
4.7296293e+00  -1.1503665e+01   5.0000000e+00
4.4681440e+00  -1.5219995e+01   5.0000000e+00
8.6077951e+00  -1.2059966e+01   5.0000000e+00
7.2503855e+00  -1.3769554e+01   5.0000000e+00
7.1284877e+00  -1.3427144e+01   5.0000000e+00
7.3336567e+00  -1.3545974e+01   5.0000000e+00
7.1615323e+00  -7.8785091e+00   5.0000000e+00
7.8841901e+00  -1.2922264e+01   5.0000000e+00
6.1975133e+00  -1.4578774e+01   5.0000000e+00
6.7418266e+00  -1.0509287e+01   5.0000000e+00
8.3973065e+00  -1.3185403e+01   5.0000000e+00
7.1499598e+00  -1.1696751e+01   5.0000000e+00
6.6576596e+00  -1.3295917e+01   5.0000000e+00
5.4246890e+00  -1.2174090e+01   5.0000000e+00
5.9072377e+00  -1.2857060e+01   5.0000000e+00
7.4098319e+00  -1.1051904e+01   5.0000000e+00
6.4811937e+00  -1.1690119e+01   5.0000000e+00
8.5416715e+00  -1.3104310e+01   5.0000000e+00
7.1547627e+00  -1.1389451e+01   5.0000000e+00
6.1826654e+00  -1.2552782e+01   5.0000000e+00
6.5380503e+00  -1.3375051e+01   5.0000000e+00
8.8964162e+00  -1.2172837e+01   5.0000000e+00
5.3609531e+00  -1.2691222e+01   5.0000000e+00
8.8729500e+00  -1.5001839e+01   5.0000000e+00
7.3935648e+00  -1.0835223e+01   5.0000000e+00
7.7469148e+00  -1.4350521e+01   5.0000000e+00
9.4011598e+00  -1.2662910e+01   5.0000000e+00
7.0271356e+00  -1.3159571e+01   5.0000000e+00
6.4921140e+00  -1.4348924e+01   5.0000000e+00
5.9917120e+00  -1.3450985e+01   5.0000000e+00
6.1370886e+00  -1.1643480e+01   5.0000000e+00
6.6639716e+00  -1.0677074e+01   5.0000000e+00
6.7386549e+00  -1.6490569e+01   5.0000000e+00
5.7909021e+00  -1.0414281e+01   5.0000000e+00
8.2280730e+00  -9.0447589e+00   5.0000000e+00
5.3965487e+00  -1.0063574e+01   5.0000000e+00
6.8386120e+00  -1.1063662e+01   5.0000000e+00
7.0695677e+00  -1.1498122e+01   5.0000000e+00
6.9276137e+00  -1.2876180e+01   5.0000000e+00
2.8111212e+00  -1.4139250e+01   5.0000000e+00
4.1257693e+00  -1.2937901e+01   5.0000000e+00
2.6750676e+00  -1.1629177e+01   5.0000000e+00
8.1040841e+00  -1.4538027e+01   5.0000000e+00
6.3790185e+00  -1.2986791e+01   5.0000000e+00
5.8192032e+00  -1.0915245e+01   5.0000000e+00
6.2128962e+00  -1.3085871e+01   5.0000000e+00
4.8286694e+00  -1.2015131e+01   5.0000000e+00
7.0320714e+00  -1.2012984e+01   5.0000000e+00
7.1272278e+00  -1.1023621e+01   5.0000000e+00
