1033.6432
1017.5566
991.8823
962.0988
931.3052
900.9164
871.52216
843.3767
816.69415
791.79816
769.05176
748.61786
730.3627
713.9688
699.1012
685.4828
672.90076
661.1969
650.2498
639.96704
630.27203
621.1055
612.4167
604.1636
596.3109
588.8281
581.689
574.86945
568.3495
562.11066
556.13556
550.41
544.9198
539.6526
534.597
529.7414
525.0765
520.59265
516.2805
512.13293
508.14136
504.29825
500.59677
497.0309
493.59387
490.27942
487.08218
483.99677
481.01822
478.14127
475.36136
472.67392
470.07513
467.55994
465.12537
462.7677
460.48267
458.26736
456.11832
454.0324
452.0073
450.03918
448.12607
446.26468
444.45346
442.68973
440.97037
439.29422
437.659
436.06268
434.5032
432.9791
431.48846
430.0301
428.60196
427.20343
425.83218
424.4879
423.169
421.87433
420.603
419.35345
418.12573
416.91898
415.73175
414.56418
413.41483
412.28342
411.1692
410.07166
408.99078
407.92575
406.87567
405.8408
404.82062
403.81448
402.8216
401.84293
400.8765
399.9231
398.9822
398.05222
397.13486
396.22845
395.33286
394.44775
393.57358
392.70932
391.8555
391.01086
390.176
389.3507
388.5349
387.72852
386.93137
386.14343
385.3647
384.59552
383.83536
383.08524
382.34402
381.61288
380.8911
380.17902
379.47702
378.7851
378.1026
377.43085
376.7685
376.11594
375.47357
374.84094
374.21817
373.6051
373.00143
372.4073
371.82285
371.24673
370.68042
370.1226
369.5734
369.03253
368.50034
367.97632
367.4601
366.95172
366.451
365.95773
365.47174
364.99286
364.52042
364.05508
363.59625
363.14334
362.69705
362.2559
361.82092
361.39145
360.96695
360.548
360.13394
359.7243
359.31976
358.91904
358.52332
358.13113
357.74344
357.35925
356.9786
356.6022
356.22882
355.8589
355.49216
355.12872
354.76797
354.41043
354.05566
353.70346
353.35406
353.00723
352.66278
352.32104
351.98135
351.64407
351.30893
350.97586
350.6448
350.31604
349.98886
349.6637
349.34036
349.01874
348.6989
348.3807
348.06406
347.74933
347.43542
347.12347
346.81265
346.50348
346.19568
345.88885
345.58328
345.27884
344.97565
344.67358
344.37274
344.07254
343.77353
343.47583
343.17844
342.8825
342.58682
342.29233
341.99857
341.70575
341.4135
341.1217
340.83072
340.5404
340.25073
339.96158
339.67285
339.38483
339.0972
338.81
338.52353
338.237
337.9512
337.66565
337.3805
337.09583
336.8114
336.52716
336.243
335.95953
335.67606
335.39307
335.11008
334.8275
334.54514
334.26257
333.9807
333.699
333.41748
333.13586
332.85458
332.5735
332.29282
332.012
331.73135
331.4514
331.17114
330.89145
330.61172
330.33237
330.053
329.77432
329.49512
329.21683
328.93854
328.6607
328.38272
328.1053
327.82797
327.55115
327.27457
326.99792
326.7216
326.446
326.17004
325.89432
325.61887
325.34366
325.06863
324.79355
324.5186
324.24374
323.96906
323.69406
323.41904
323.14417
322.8689
322.59357
322.31796
322.04196
321.76575
321.48914
321.21182
320.93417
320.656
320.3772
320.0978
319.81744
319.53635
319.25415
318.9714
318.6876
318.40283
318.1169
317.8299
317.54193
317.25238
316.96204
316.67038
316.37726
316.08316
315.7872
315.49033
315.19202
314.89233
314.59122
314.2891
313.98526
313.68045
313.37427
313.06683
312.7579
312.44843
312.1376
311.82547
311.51266
311.1988
310.8842
310.56882
310.2526
309.93597
309.61877
309.30103
308.98315
308.66467
308.34595
308.0274
307.70847
307.38983
307.07098
306.7524
306.43378
306.11536
305.79733
305.47906
305.16153
304.84387
304.52655
304.2096
303.8925
303.5762
303.2597
302.94373
302.62802
302.31232
301.99683
301.6819
301.36703
301.05264
300.7383
300.42462
300.11118
299.79813
299.48575
299.17377
298.86264
298.55188
298.24188
297.93295
297.62488
297.31763
297.01166
296.7068
296.40314
296.10074
295.79987
295.5004
295.20233
294.90594
294.61148
294.3183
294.02692
293.7372
293.44946
293.16306
292.87863
292.59592
292.3148
292.03516
291.75742
291.48105
291.20642
290.93332
290.66153
290.3912
290.12225
289.85464
289.58783
289.32288
289.05872
288.79584
288.53412
288.2733
288.0135
287.75473
287.49698
287.24026
286.98398
286.729
286.47467
286.22107
285.96844
285.71667
285.46555
285.21515
284.96555
284.7168
284.46838
284.22086
283.97406
283.72784
283.48218
283.2373
282.993
282.74933
282.50647
282.26382
282.02216
281.78094
281.54025
281.2999
281.06042
280.82138
280.583
280.34494
280.10754
279.87076
279.63437
279.3985
279.16302
278.92822
278.69373
278.4598
278.2263
277.99338
277.76074
277.52856
277.29724
277.06577
276.83493
276.60452
276.37448
276.1453
275.91626
275.6875
275.45923
275.23105
275.00394
274.77676
274.55
274.32352
274.09744
273.872
273.6468
273.42188
273.19742
272.97327
272.74933
272.52585
272.30295
272.08002
271.85754
271.63562
271.41376
271.19226
270.9713
270.75067
270.53015
270.31012
270.09024
269.87112
269.65192
269.4331
269.2147
268.99658
268.7788
268.56143
268.34424
268.12762
267.91132
267.69513
267.4794
267.2643
267.0492
266.83466
266.62045
266.40652
266.19305
265.97998
265.76736
265.55515
265.34308
265.13162
264.92053
264.71005
264.4998
264.28998
264.08066
263.87173
263.66333
263.45557
263.24796
263.04117
262.8347
262.62878
262.42337
262.21838
262.01404
261.81027
261.60696
261.4042
261.20184
261.0003
260.79926
260.59875
260.39877
260.19934
260.00052
259.80225
259.6046
259.4076
259.21118
259.0152
258.81976
258.62518
258.43097
258.23727
258.04425
257.85178
257.6599
257.4685
257.27783
257.08755
256.89783
256.70862
256.52014
256.3319
256.1444
255.95732
255.7709
255.58469
255.39914
255.21402
255.02966
254.84557
254.6619
254.47867
254.29585
254.11372
253.93184
253.7503
253.56938
253.38904
253.2087
253.02899
252.84962
252.6707
252.49211
252.31401
252.13614
251.95883
251.78175
251.60498
251.42865
251.25264
251.07707
250.9017
250.72665
250.55211
250.37773
250.20389
250.03015
249.85693
249.68398
249.5112
249.33893
249.16666
248.99501
248.82349
248.65215
248.4813
248.31071
248.14021
247.97023
247.80034
247.63086
247.46149
247.29256
247.12384
246.9552
246.78711
246.61928
246.45161
246.28412
246.1168
245.95
245.78331
245.6167
245.45052
245.28442
245.11873
244.95297
244.78784
244.62259
244.45755
244.29294
244.1285
243.96413
243.80011
243.63614
243.4724
243.30882
243.14554
242.98227
242.81923
242.65654
242.49385
242.33127
242.16911
242.00702
241.84492
241.68307
241.52145
241.35965
241.19833
241.03697
240.876
240.71495
240.5539
240.39311
240.23254
240.07182
239.91138
239.75081
239.59055
239.43036
239.27022
239.11017
238.95023
238.79028
238.63025
238.4706
238.31053
238.15114
237.99133
237.83165
237.67216
237.5125
237.3529
237.19334
237.03368
236.87404
236.71454
236.55492
236.39539
236.23582
236.07614
235.91646
235.75659
235.59692
235.43703
235.27695
235.11714
234.95712
234.79707
234.6368
234.47664
234.31639
234.15578
233.99529
233.83449
233.67378
233.513
233.35187
233.19083
233.02951
232.86821
232.70674
232.54482
232.38306
232.22124
232.059
231.8968
231.73431
231.57178
231.40897
231.24603
231.08296
230.9196
230.75615
230.59248
230.4287
230.2648
230.1004
229.93617
229.7715
229.6067
229.44186
229.27667
229.11131
228.94577
228.78
228.61404
228.44797
228.28168
228.11513
227.94853
227.78148
227.61453
227.44717
227.27975
227.11217
226.94427
226.7762
226.608
226.4397
226.27113
226.10242
225.93349
225.76453
225.59514
225.42587
225.25635
225.08641
224.91655
224.74644
224.57642
224.40608
224.23552
224.06487
223.8941
223.72314
223.55219
223.38095
223.20975
223.03827
222.86682
222.69507
222.52338
222.35147
222.1795
222.0075
221.83524
221.66307
221.49063
221.31834
221.14568
220.97318
220.80046
220.6277
220.45488
220.28198
220.10916
219.93608
219.76305
219.58998
219.41682
219.24364
219.07047
218.89719
218.72368
218.5505
218.37701
218.2036
218.03026
217.85686
217.6834
217.51003
217.33647
217.16296
216.98936
216.81584
216.64243
216.4688
216.29526
216.12183
215.94823
215.7748
215.60126
215.42778
215.25444
215.08087
214.90741
214.73402
214.56058
214.38734
214.21391
214.04054
213.86728
213.69394
213.52069
213.34763
213.17441
213.00116
212.82813
212.65495
212.48187
212.30879
212.13579
211.96284
211.78993
211.61703
211.44417
211.2714
211.09857
210.92572
210.75302
210.58034
210.40771
210.23528
210.06256
209.89018
209.71753
209.54509
209.37254
209.20024
209.02792
208.8555
208.68317
208.51097
208.33876
208.16666
207.9945
207.82227
207.65027
207.47813
207.30606
207.13406
206.96205
206.79007
206.61806
206.44617
206.27434
206.10236
205.93054
205.75862
205.58678
205.415
205.24315
205.07138
204.89961
204.72766
204.556
204.38422
204.2124
204.04095
203.86903
203.69733
203.52557
203.35367
203.182
203.0103
202.83849
202.66663
202.49503
202.32307
202.15135
201.97934
201.80753
201.63576
201.4639
201.29198
201.12006
200.94818
200.77637
200.60431
200.43224
200.2603
200.0883
199.91617
199.74416
199.57198
199.39983
199.22772
199.05551
198.8833
198.71097
198.53886
198.36652
198.19424
198.02187
197.84964
197.67726
197.50497
197.33252
197.16014
196.98776
196.81548
196.64302
196.47073
196.29825
196.12595
195.95374
195.78127
195.60915
195.43669
195.26445
195.09235
194.9204
194.74837
194.5762
194.4043
194.23245
194.06075
193.88914
193.71762
193.54617
193.37491
193.20369
193.03271
192.86179
192.69112
192.52055
192.35016
192.18002
192.00998
191.84023
191.67072
191.50139
191.33246
191.16364
190.99501
190.82677
190.65869
190.49115
190.32362
190.15643
189.98967
189.82314
189.65706
189.49127
189.32567
189.16066
188.99576
188.8313
188.66708
188.50328
188.3399
188.17677
188.01408
187.8516
187.68965
187.52795
187.36661
187.20554
187.04486
186.88464
186.72458
186.56493
186.40544
186.2465
186.0878
185.92935
185.77126
185.6134
185.45575
185.29852
185.14154
184.98485
184.82823
184.67213
184.51628
184.36037
184.20496
184.04974
183.89474
183.73999
183.58539
183.431
183.27682
183.12288
182.9691
182.81564
182.66225
182.50912
182.35617
182.20331
182.05077
181.89842
181.74614
181.59409
181.44214
181.29037
181.13882
180.9873
180.83618
180.68495
180.53404
180.38348
180.23273
180.0823
179.93187
179.78192
179.63188
179.48204
179.33235
179.18272
179.0334
178.88428
178.73518
178.58615
178.43741
178.28893
178.14027
177.99199
177.84375
177.69577
177.54794
177.4002
177.25256
177.10506
176.95769
176.8106
176.6636
176.51662
176.36986
176.22328
176.0769
175.93045
175.78435
175.6383
175.49248
175.34663
175.20107
175.0556
174.91026
174.76509
174.62001
174.47507
174.33043
174.18565
174.04134
173.89697
173.75264
173.60858
173.46463
173.32088
173.17719
173.03357
172.89032
172.74693
172.6038
172.46092
172.31801
172.17528
172.03279
171.89023
171.74812
171.60576
171.46382
171.3219
171.1801
171.03857
170.89703
170.75562
170.6144
170.47328
170.33247
170.19154
170.05075
169.91022
169.7699
169.62953
169.4894
169.34932
169.20941
169.06969
168.92993
168.79048
168.65105
168.51192
168.37268
168.23376
168.09496
167.9561
167.8175
167.67914
167.5407
167.40256
167.2644
167.1265
166.98853
166.85098
166.71332
166.57594
166.43858
166.30139
166.1644
166.0274
165.89052
165.75394
165.61745
165.48097
165.34464
165.20839
165.0725
164.93655
164.80069
164.66507
164.52959
164.39413
164.25882
164.12355
163.98857
163.85376
163.71889
163.58423
163.44965
163.31517
163.18098
163.04677
162.91269
162.77872
162.64502
162.51129
162.37779
162.24428
162.11105
161.97774
161.84482
161.71172
161.57907
161.4462
161.3137
161.18134
161.04887
160.91664
160.7846
160.65259
160.52084
160.38905
160.25749
160.12602
159.99463
159.86337
159.73216
159.60127
159.47043
159.33958
159.20898
159.0783
158.94795
158.81775
158.68748
158.55743
158.42757
158.2977
158.16797
158.03836
157.90892
157.77954
157.65042
157.52129
157.39224
157.26346
157.13461
157.0059
156.87747
156.74918
156.62086
156.49272
156.36465
156.23665
156.1089
155.98108
155.8535
155.72609
155.59874
155.47144
155.3443
155.21718
155.09044
154.96376
154.83704
154.71043
154.58405
154.4577
154.33153
154.20543
154.0794
153.95358
153.82784
153.70232
153.5767
153.45128
153.32585
153.20088
153.0757
152.95082
152.82585
152.70111
152.5766
152.45216
152.32758
152.20348
152.07935
151.95518
151.83128
151.7075
151.58376
151.46022
151.33676
151.21341
151.09004
150.96687
150.8439
150.72107
150.59813
150.47543
150.35283
150.23038
150.108
149.98575
149.86353
149.7415
149.61955
149.49785
149.37604
149.2544
149.13303
149.0116
148.8903
148.7692
148.64812
148.5272
148.4064
148.28569
148.16507
148.04456
147.9242
147.80394
147.68378
147.56357
147.44362
147.32388
147.20416
147.08444
146.96503
146.84564
146.72627
146.60706
146.48804
146.369
146.25018
146.13135
146.01265
145.89417
145.77576
145.65744
145.53912
145.42114
145.30305
145.18513
145.06735
144.94978
144.83217
144.71458
144.59729
144.4801
144.36282
144.24583
144.12898
144.01193
143.89537
143.77875
143.66231
143.5459
143.42957
143.3134
143.19713
143.08134
142.96542
142.84964
142.7339
142.61852
142.50294
142.3876
142.27238
142.15729
142.04222
141.92729
141.81241
141.69777
141.5831
141.46869
141.35422
141.23993
141.12578
141.01166
140.8977
140.78386
140.67
140.55638
140.44283
140.32932
140.21599
140.10281
139.98956
139.87656
139.76363
139.65076
139.53804
139.42538
139.31284
139.20049
139.08812
138.97589
138.86386
138.75185
138.63998
138.52815
138.41644
138.30484
138.1934
138.08206
137.97067
137.85956
137.74841
137.6375
137.5266
137.41579
137.30516
137.19458
137.0841
136.97375
136.8635
136.75342
136.64337
136.53339
136.42358
136.31381
136.20415
136.09462
135.98521
135.8759
135.76657
135.65746
135.54842
135.43951
135.33076
135.22206
135.11336
135.00487
134.89644
134.78807
134.67986
134.57176
134.46373
134.3559
134.24806
134.14034
134.03267
133.92522
133.81778
133.71045
133.60333
133.49614
133.38913
133.28236
133.17548
133.06885
132.96217
132.85567
132.74934
132.64297
132.53676
132.43073
132.32477
132.21884
132.11302
132.00732
131.9017
131.79625
131.69087
131.58556
131.48026
131.3752
131.2703
131.1654
131.06065
130.95587
130.85127
130.74686
130.64246
130.53806
130.4339
130.32979
130.22583
130.12195
130.01813
129.91444
129.8108
129.70734
129.60397
129.50061
129.39743
129.29436
129.1913
129.08844
128.98558
128.88297
128.78035
128.67783
128.57545
128.47322
128.37093
128.26878
128.16681
128.06488
127.96308
127.861305
127.759735
127.65822
127.55681
127.45539
127.354256
127.253136
127.15207
127.051216
126.95034
126.8496
126.74896
126.64845
126.54808
126.44769
126.347466
126.24731
126.14729
126.04735
125.94749
125.847786
125.7481
125.64854
125.549095
125.449684
125.350426
125.25138
125.15224
125.05336
124.954414
124.85561
124.75695
124.65846
124.55995
124.461525
124.36335
124.26512
124.16706
124.06902
123.97119
123.87337
123.77568
123.67803
123.5806
123.48318
123.38584
123.288666
123.19156
123.09454
122.99763
122.90081
122.804054
122.70744
122.61091
122.51453
122.41811
122.321884
122.22581
122.1298
122.03385
121.93795
121.842155
121.74647
121.650955
121.55556
121.46025
121.3649
121.269714
121.174644
121.07958
120.98475
120.89005
120.79532
120.70071
120.606255
120.511826
120.417534
120.32329
120.22918
120.13512
120.04128
119.9475
119.85369
119.760124
119.6666
119.573105
119.479836
119.38651
119.29344
119.20036
119.10732
119.014465
118.92174
118.829094
118.7365
118.64403
118.55166
118.45935
118.36725
118.27506
118.18313
118.09121
117.99936
117.907715
117.81604
117.72455
117.63311
117.541855
117.45054
117.359436
117.26846
117.17747
117.08658
116.99581
116.90519
116.814644
116.72411
116.63383
116.54346
116.453316
116.36319
116.27317
116.18331
116.0936
116.00377
115.91414
115.82461
115.735275
115.6459
115.55665
115.46759
115.378525
115.289536
115.2007
115.111916
115.02328
114.934654
114.84621
114.75786
114.66957
114.581406
114.49329
114.40522
114.31738
114.22957
114.14185
114.054245
113.96672
113.879265
113.79191
113.70463
113.617516
113.5304
113.44348
113.3566
113.2698
113.183174
113.09657
113.010124
112.92374
112.83734
112.75117
112.665085
112.57901
112.49318
112.40733
112.32148
112.23595
112.15033
112.064865
111.97954
111.89421
111.809044
111.723915
111.63907
111.55406
111.4693
111.38453
111.30001
111.21543
111.13096
111.04671
110.96245
110.8783
110.79422
110.710205
110.62639
110.542656
110.45892
110.37536
110.29183
110.20843
110.125114
110.041985
109.95881
109.87575
109.792816
109.70998
109.62722
109.544556
109.46197
109.3795
109.29711
109.21479
109.13265
109.05053
108.96853
108.886536
108.80477
108.72304
108.64136
108.55985
108.47837
108.39699
108.31572
108.234535
108.15352
108.07248
107.99153
107.91079
107.829994
107.74943
107.66889
107.588455
107.50805
107.4278
107.34769
107.26754
107.18761
107.10768
107.027855
106.94815
106.86857
106.788994
106.70958
106.63019
106.55102
106.47182
106.39274
106.313774
106.23493
106.15613
106.07739
105.998764
105.92024
105.8419
105.76349
105.68523
105.607056
105.52906
105.45103
105.37315
105.295334
105.21762
105.14003
105.062515
104.98508
104.90773
104.83048
104.75338
104.67629
104.59932
104.52238
104.445564
104.368904
104.29221
104.21571
104.13934
104.06303
103.98668
103.91057
103.83452
103.75845
103.68258
103.60679
103.531044
103.45543
103.37991
103.30447
103.229095
103.153824
103.07865
103.00356
102.928474
102.853645
102.778854
102.704056
102.62944
102.554886
102.480354
102.40599
102.33175
102.25751
102.18343
102.10945
102.03556
101.96159
101.88788
101.81424
101.74068
101.6672
101.59373
101.520515
101.44723
101.3741
101.30103
101.22809
101.1552
101.08239
101.00979
100.93706
100.86463
100.79222
100.7199
100.6476
100.57542
100.50333
100.43137
100.35943
100.28767
100.21586
100.1443
100.07271
100.00132
99.92992
99.85854
99.78738
99.71628
99.64519
99.57431
99.503395
99.43262
99.36197
99.29134
99.22082
99.15045
99.08007
99.00984
98.93962
98.86955
98.79968
98.729706
98.65983
98.590164
98.520485
98.45094
98.38138
98.31205
98.24276
98.17357
98.10442
98.0354
97.966446
97.89759
97.82875
97.760056
97.69142
97.6228
97.554405
97.486084
97.417755
97.349594
97.28146
97.21349
97.14556
97.07767
97.009926
96.94226
96.874535
96.80707
96.73969
96.672295
96.605064
96.53783
96.47075
96.40375
96.33681
96.26999
96.20325
96.13648
96.0699
96.00341
95.93702
95.8706
95.8044
95.73819
95.67211
95.60608
95.54019
95.47434
95.40855
95.34286
95.27727
95.21179
95.14631
95.08095
95.01571
94.95053
94.88542
94.82046
94.75546
94.6906
94.6258
94.56113
94.49652
94.43199
94.36755
94.30326
94.238945
94.17471
94.11061
94.046585
93.98255
93.91878
93.85492
93.79124
93.72758
93.66397
93.600586
93.5371
93.47381
93.410614
93.34742
93.284386
93.22143
93.15846
93.09563
93.032875
92.97022
92.90767
92.84514
92.78268
92.72031
92.65803
92.59588
92.533775
92.4717
92.4098
92.347824
92.28607
92.22434
92.16272
92.10114
92.03966
91.978294
91.91692
91.85569
91.79454
91.7334
91.6724
91.61149
91.550606
91.48982
91.42914
91.36853
91.30794
91.24746
91.187065
91.12678
91.06653
91.00642
90.94629
90.88622
90.82631
90.766464
90.70677
90.64704
90.58739
90.52787
90.46839
90.40895
90.34967
90.29043
90.231255
90.1721
90.113174
90.05419
89.995255
89.93652
89.87788
89.81915
89.760666
89.702156
89.64372
89.58539
89.52705
89.46889
89.41081
89.3528
89.294785
89.23689
89.17906
89.121346
89.06363
89.00605
88.94857
88.89105
88.83374
88.77647
88.7192
88.66207
88.604935
88.54793
88.49099
88.43412
88.37732
88.32067
88.26401
88.20744
88.150925
88.09454
88.03812
87.98189
87.92567
87.86953
87.81343
87.75745
87.70158
87.645706
87.58993
87.53424
87.47852
87.42298
87.36752
87.312065
87.25673
87.201416
87.146194
87.09109
87.035995
86.981
86.92607
86.87123
86.816414
86.761696
86.70709
86.652466
86.59793
86.543594
86.48919
86.43492
86.38064
86.326454
86.272385
86.21832
86.16438
86.1105
86.05666
86.002945
85.94924
85.895615
85.84208
85.78857
85.73521
85.68186
85.62864
85.57538
85.52225
85.46917
85.41621
85.36324
85.31046
85.257515
85.2049
85.152145
85.09952
85.047005
84.99455
84.94218
84.88982
84.83756
84.785355
84.73325
84.68119
84.629135
84.57725
84.52535
84.4735
84.42178
84.37015
84.31854
84.26696
84.215546
84.16407
84.112724
84.06145
84.01022
83.95914
83.908005
83.85696
83.80604
83.75514
83.70433
83.65348
83.602806
83.552155
83.50153
83.45102
83.40068
83.35021
83.29987
83.24967
83.19946
83.1493
83.099266
83.04927
82.9993
82.94945
82.89963
82.84986
82.80017
82.75053
82.70098
82.651436
82.601944
82.55263
82.503265
82.454
82.40482
82.35568
82.30658
82.25755
82.208626
82.15977
82.11092
82.06213
82.013405
81.96475
81.91616
81.86765
81.81921
81.77075
81.722404
81.67409
81.6259
81.57774
81.52963
81.481544
81.43359
81.385635
81.33775
81.289955
81.242134
81.19453
81.14687
81.099266
81.05176
81.0044
80.956924
80.90961
80.86231
80.8151
80.76789
80.72076
80.67374
80.62676
80.5798
80.53295
80.48609
80.4394
80.39264
80.34603
80.29944
80.25284
80.206375
80.15998
80.113655
80.067375
80.02106
79.97487
79.92875
79.88265
79.8366
79.790726
79.74475
79.698875
79.653046
79.60734
79.561714
79.516014
79.4705
79.42491
79.379425
79.33407
79.2887
79.24344
79.1982
79.153
79.1078
79.06273
79.01774
78.97272
78.92783
78.8829
78.83814
78.79339
78.7487
78.70401
78.65947
78.61488
78.57045
78.52603
78.481606
78.4373
78.393
78.34881
78.30461
78.26056
78.2165
78.17247
78.128525
78.084625
78.04079
77.99697
77.95323
77.90949
77.8659
77.822296
77.77873
77.73529
77.69183
77.64845
77.6051
77.56188
77.518616
77.4755
77.43232
77.38932
77.346275
77.30333
77.26035
77.217476
77.17469
77.13191
77.08926
77.046524
77.00393
76.96137
76.91883
76.87641
76.83397
76.791664
76.74934
76.70711
76.66484
76.6227
76.5806
76.53849
76.49652
76.45453
76.4126
76.370735
76.32894
76.287186
76.24544
76.20379
76.1622
76.12061
76.07904
76.03759
75.996155
75.95484
75.91348
75.872185
75.830986
75.78976
75.74868
75.70755
75.666504
75.62557
75.5846
75.54366
75.50282
75.462
75.42126
75.380585
75.339905
75.29932
75.258736
75.21825
75.17773
75.13737
75.09692
75.05662
75.016335
74.976105
74.93591
74.89577
74.8557
74.81563
74.77559
74.73565
74.695724
74.65591
74.61605
74.57626
74.53653
74.49687
74.457245
74.41764
74.37809
74.33858
74.29913
74.25969
74.220314
74.18107
74.14172
74.10248
74.06334
74.02414
73.98508
73.94604
73.90699
73.86808
73.82913
73.790245
73.75139
73.71261
73.67388
73.635216
73.59651
73.557884
73.519356
73.48092
73.44233
73.40393
73.36553
73.3272
73.28888
73.25062
73.212395
73.17423
73.13606
73.097946
73.05996
73.02198
72.98392
72.94606
72.908195
72.87038
72.832565
72.794846
72.75707
72.71946
72.6818
72.64426
72.606705
72.56922
72.531715
72.49436
72.45699
72.41961
72.38236
72.34511
72.307915
72.27075
72.233665
72.19654
72.15949
72.12251
72.08559
72.048676
72.01174
71.97497
71.93817
71.90144
71.8647
71.82806
71.79142
71.75486
71.71826
71.68178
71.64534
71.608864
71.572495
71.536125
71.49983
71.4636
71.42736
71.3912
71.35501
71.31897
71.28289
71.24683
71.21087
71.17491
71.13901
71.10319
71.067314
71.031525
70.99578
70.9601
70.92442
70.88878
70.85315
70.81761
70.782135
70.74667
70.7112
70.675835
70.640434
70.60516
70.56982
70.5346
70.499435
70.464226
70.42908
70.39403
70.35897
70.32393
70.28891
70.254036
70.21912
70.18425
70.14944
70.11465
70.07992
70.04519
70.01051
69.97588
69.941284
69.90675
69.87217
69.83772
69.80327
69.76883
69.7345
69.70015
69.66583
69.631546
69.59731
69.56315
69.52901
69.49489
69.46078
69.426735
69.39275
69.35876
69.32483
69.29091
69.25704
69.22324
69.18944
69.15569
69.12196
69.08829
69.05466
69.02102
68.987465
68.95392
68.92042
68.886925
68.853516
68.82009
68.78677
68.75343
68.72011
68.6869
68.6537
68.6205
68.5873
68.55421
68.521126
68.488045
68.455086
68.4221
68.38914
68.356224
68.323364
68.29054
68.25776
68.22494
68.19222
68.1595
68.12689
68.09421
68.06162
68.029106
67.99656
67.96404
67.93158
67.89918
67.86677
67.83445
67.802086
67.7698
67.73755
67.70536
67.67311
67.64101
67.60882
67.57675
67.544716
67.51269
67.48075
67.448746
67.41682
67.38495
67.35305
67.32124
67.2895
67.25773
67.226006
67.1943
67.162636
67.13098
67.09945
67.067894
67.03634
67.00487
66.97335
66.94195
66.91057
66.879196
66.84784
66.816536
66.785255
66.754036
66.72285
66.691666
66.66053
66.62943
66.598366
66.5673
66.53626
66.505264
66.47434
66.443436
66.4125
66.381676
66.35087
66.32003
66.289314
66.25858
66.22788
66.19724
66.16662
66.13602
66.10544
66.07488
66.044365
66.01394
65.98346
65.953094
65.922676
65.89233
65.86198
65.8317
65.801414
65.77121
65.741
65.71084
65.68075
65.65059
65.62053
65.590485
65.56045
65.530464
65.50053
65.47056
65.4407
65.41084
65.381
65.35122
65.32146
65.291725
65.26198
65.2323
65.2026
65.17302
65.14341
65.11388
65.08434
65.054855
65.02534
64.99592
64.96651
64.93713
64.90777
64.87847
64.849144
64.81986
64.790665
64.76146
64.732285
64.703125
64.674
64.64495
64.615875
64.58684
64.55782
64.52889
64.49997
64.47101
64.44214
64.413315
64.38448
64.35568
64.32691
64.29818
64.26945
64.24079
64.21211
64.1835
64.15489
64.12636
64.09782
64.069305
64.04085
64.012405
63.984013
63.95561
63.927235
63.89892
63.870564
63.84231
63.814022
63.785892
63.757683
63.729515
63.70136
63.67328
63.64519
63.61712
63.589138
63.561123
63.533157
63.5052
63.47733
63.449467
63.42158
63.393803
63.365974
63.338196
63.31049
63.282764
63.255062
63.227432
63.199802
63.17222
63.14464
63.117126
63.08958
63.062122
63.034653
63.007214
62.979816
62.952457
62.9251
62.897808
62.870495
62.84326
62.816025
62.788795
62.761623
62.73446
62.707355
62.680237
62.6532
62.626118
62.59911
62.57214
62.545197
62.518322
62.49135
62.46449
62.437645
62.410805
62.384018
62.35723
62.33054
62.303814
62.277107
62.250473
62.223793
62.19724
62.170635
62.144104
62.117615
62.09113
62.064667
62.038185
62.011784
61.985386
61.959053
61.932747
61.906414
61.880154
61.853886
61.827724
61.801514
61.775326
61.74914
61.723076
61.69695
61.670918
61.644882
61.618862
61.592903
61.566963
61.541042
61.515095
61.489243
61.46343
61.437614
61.411808
61.386047
61.360294
61.334595
61.308926
61.283268
61.25762
61.232006
61.206455
61.1809
61.155346
61.129875
61.104416
61.078926
61.05354
61.028152
61.002815
60.977467
60.952137
60.926846
60.9016
60.87633
60.851147
60.825974
60.80082
60.775734
60.75061
60.72557
60.700478
60.675514
60.650497
60.62548
60.60055
60.575653
60.550716
60.525887
60.50103
60.47626
60.45144
60.426674
60.401974
60.377262
60.352562
60.327934
60.303288
60.27867
60.25409
60.229523
60.205044
60.180508
60.156063
60.131573
60.107193
60.08279
60.058414
60.03408
60.009766
59.985462
59.961212
59.93696
59.912724
59.888565
59.864384
59.84025
59.816124
59.79199
59.767986
59.74396
59.719948
59.69595
59.672005
59.648056
59.624146
59.600235
59.576454
59.552555
59.52874
59.50495
59.481236
59.457504
59.433777
59.410114
59.38646
59.362816
59.339226
59.315617
59.292095
59.268555
59.24507
59.221565
59.198135
59.174675
59.151287
59.127888
59.104527
59.081238
59.057938
59.03465
59.01134
58.988132
58.964928
58.94176
58.91857
58.89549
58.87237
58.84931
58.826263
58.8032
58.78024
58.75722
58.734276
58.7113
58.6884
58.6655
58.642673
58.619835
58.597015
58.574223
58.551483
58.52873
58.50603
58.483303
58.460674
58.43801
58.41542
58.39279
58.37024
58.347733
58.325203
58.302696
58.28021
58.25776
58.235325
58.21296
58.190586
58.16821
58.14589
58.12358
58.101326
58.079037
58.05682
58.034626
58.012413
57.99026
57.968132
57.946022
57.92392
57.901817
57.879753
57.857788
57.83577
57.81383
57.791847
57.76992
57.74801
57.726128
57.70428
57.68244
57.66065
57.638874
57.61709
57.59533
57.573616
57.551964
57.530308
57.508625
57.486973
57.465374
57.44383
57.422253
57.400715
57.379215
57.357754
57.336235
57.314823
57.293427
57.27204
57.250664
57.229282
57.207973
57.186684
57.165363
57.144115
57.12285
57.101654
57.080467
57.059284
57.038147
57.017017
56.995922
56.974804
56.95377
56.9327
56.911724
56.8907
56.86974
56.84882
56.827877
56.807
56.786087
56.765263
56.744392
56.72357
56.702763
56.681995
56.66125
56.640503
56.61982
56.599144
56.578472
56.55781
56.537205
56.51659
56.496017
56.475452
56.45492
56.434467
56.413944
56.393463
56.372993
56.352577
56.33219
56.311783
56.29143
56.27106
56.250767
56.23043
56.210182
56.1899
56.169693
56.149426
56.129257
56.109066
56.08895
56.068825
56.048683
56.02858
56.008553
55.98846
55.968433
55.948433
55.928463
55.908455
55.88853
55.868576
55.84871
55.828808
55.80898
55.789093
55.769276
55.749443
55.729668
55.709923
55.69017
55.670437
55.650764
55.631104
55.611443
55.59176
55.57213
55.552544
55.53296
55.513397
55.493855
55.474358
55.4548
55.435326
55.415863
55.39637
55.377003
55.3576
55.33819
55.318825
55.29948
55.280167
55.260853
55.241516
55.22231
55.203026
55.18381
55.1646
55.145405
55.126255
55.107056
55.087955
55.068848
55.049725
55.030643
55.011597
54.992554
54.97352
54.954536
54.935574
54.91659
54.89765
54.878735
54.859825
54.840916
54.822025
54.80319
54.784363
54.765533
54.746723
54.72797
54.709213
54.690495
54.67179
54.65306
54.63438
54.615715
54.597073
54.57846
54.559814
54.541233
54.52264
54.5041
54.485554
54.46705
54.448563
54.430058
54.41158
54.393135
54.374733
54.356274
54.337925
54.31955
54.301144
54.2828
54.264496
54.246204
54.227898
54.209644
54.191376
54.17312
54.154892
54.136715
54.118553
54.100372
54.082233
54.064106
54.04596
54.0279
54.009773
53.99173
53.9737
53.955658
53.93763
53.91967
53.901684
53.883755
53.865776
53.847847
53.829952
53.81206
53.794212
53.776337
53.75849
53.7407
53.72287
53.705067
53.687298
53.66959
53.6518
53.634113
53.61641
53.598667
53.58101
53.563354
53.545742
53.52811
53.51051
53.4929
53.475323
53.45781
53.44027
53.42268
53.40521
53.387722
53.37023
53.35283
53.335346
53.31791
53.300507
53.283062
53.26575
53.248363
53.23102
53.2137
53.196392
53.17909
53.16179
53.144535
53.127247
53.110065
53.09282
53.07562
53.05842
53.041256
53.024097
53.00695
52.989834
52.97273
52.955635
52.938534
52.921524
52.90446
52.88743
52.870407
52.853405
52.836456
52.81947
52.80252
52.785553
52.76867
52.751724
52.734875
52.717953
52.701122
52.684246
52.667416
52.650593
52.633823
52.617035
52.600204
52.583454
52.566746
52.55003
52.5333
52.516605
52.499928
52.483242
52.466606
52.449974
52.43334
52.416733
52.400146
52.38359
52.367016
52.35046
52.33393
52.317406
52.300884
52.284405
52.26794
52.251495
52.235023
52.21859
52.202198
52.185787
52.169407
52.153004
52.13666
52.120335
52.103977
52.08768
52.071358
52.055084
52.03881
52.02254
52.006317
51.990047
51.973858
51.957664
51.941463
51.925312
51.909126
51.892975
51.876827
51.860714
51.84462
51.828533
51.81247
51.796387
51.780346
51.7643
51.748314
51.732285
51.716324
51.700306
51.684345
51.66838
51.65248
51.63653
51.62065
51.604748
51.58887
51.572975
51.55713
51.541313
51.525444
51.50964
51.493866
51.47806
51.462265
51.446537
51.43076
51.415043
51.399338
51.38362
51.36792
51.352272
51.336594
51.3209
51.305294
51.28964
51.274044
51.258434
51.242863
51.22728
51.21174
51.196163
51.18063
51.16512
51.149605
51.134094
51.118618
51.103153
51.087715
51.07226
51.056854
51.041386
51.02602
51.01062
50.99525
50.979877
50.964535
50.94919
50.93385
50.918537
50.90326
50.88798
50.872665
50.85742
50.842155
50.82694
50.811733
50.796486
50.781303
50.766106
50.75093
50.735756
50.7206
50.705486
50.690346
50.675274
50.66015
50.64505
50.629974
50.614944
50.599884
50.584816
50.569805
50.554794
50.53979
50.52483
50.509842
50.494904
50.479935
50.465
50.450043
50.43515
50.420246
50.405334
50.39051
50.375633
50.360764
50.345905
50.33108
50.316296
50.30151
50.28668
50.271908
50.25713
50.24237
50.22764
50.21292
50.198196
50.183475
50.168774
50.154106
50.139446
50.124763
50.110107
50.095493
50.08087
50.066265
50.05165
50.03705
50.022507
50.007908
49.993343
49.97884
49.964302
49.949783
49.935272
49.920757
49.90631
49.891846
49.87736
49.862904
49.8485
49.834045
49.819614
49.805202
49.79083
49.776474
49.762096
49.74775
49.73338
49.719078
49.70473
49.69044
49.676132
49.66182
49.647568
49.633278
49.61902
49.60481
49.59058
49.576355
49.562134
49.547962
49.53376
49.519577
49.50542
49.49129
49.477116
49.463
49.448875
49.43479
49.420673
49.406593
49.392494
49.378418
49.364388
49.350365
49.33634
49.322308
49.308315
49.2943
49.28034
49.266342
49.252365
49.2384
49.22449
49.210564
49.196632
49.18273
49.16884
49.154915
49.14105
49.127193
49.113342
49.099464
49.085674
49.07183
49.058014
49.044262
49.030415
49.016666
49.002895
48.98917
48.975376
48.96168
48.947918
48.934204
48.9205
48.906807
48.893085
48.879486
48.865803
48.85211
48.83847
48.824886
48.81127
48.79765
48.784035
48.77046
48.756866
48.743286
48.729744
48.716217
48.70268
48.68913
48.675602
48.6621
48.64863
48.635113
48.621635
48.608204
48.594757
48.581303
48.567875
48.55442
48.541023
48.52762
48.514214
48.500847
48.487488
48.474113
48.46074
48.447437
48.434067
48.420757
48.407448
48.394165
48.380867
48.36758
48.354305
48.34103
48.32779
48.314545
48.301315
48.288094
48.2749
48.261707
48.248505
48.23532
48.222145
48.209003
48.195873
48.182735
48.169582
48.156467
48.14335
48.13022
48.11715
48.104065
48.09101
48.07791
48.064857
48.051846
48.038807
48.02579
48.012768
47.99976
47.986782
47.97381
47.960777
47.947853
47.934895
47.92194
47.909023
47.896095
47.883163
47.870285
47.857384
47.84446
47.8316
47.81873
47.805874
47.79303
47.780178
47.767357
47.75451
47.74174
47.728966
47.71615
47.70336
47.690598
47.677803
47.665066
47.6523
47.63957
47.626877
47.614147
47.60143
47.58873
47.576027
47.56336
47.55072
47.538006
47.525394
47.51275
47.500122
47.487476
47.47485
47.462288
47.449665
47.437096
47.424507
47.411934
47.399387
47.38683
47.374275
47.361763
47.349236
47.336716
47.324257
47.311752
47.299244
47.286774
47.274303
47.261833
47.249428
47.23696
47.224552
47.212128
47.199696
47.187275
47.174885
47.162506
47.150158
47.137726
47.12542
47.11306
47.100723
47.08836
47.07607
47.063766
47.05144
47.039154
47.026863
47.01458
47.00233
46.99005
46.977776
46.96555
46.953312
46.941074
46.928898
46.91668
46.90446
46.892246
46.880108
46.86793
46.85573
46.843624
46.831467
46.8193
46.807186
46.79508
46.782948
46.77085
46.758766
46.746655
46.734577
46.722515
46.71046
46.69839
46.686367
46.67431
46.66232
46.65028
46.63826
46.626278
46.61426
46.602306
46.590355
46.578384
46.5664
46.55445
46.542534
46.530586
46.51866
46.506756
46.494804
46.48295
46.47105
46.45913
46.447285
46.43543
46.423565
46.411755
46.399887
46.388035
46.376244
46.3644
46.352554
46.34082
46.32902
46.317223
46.305443
46.293682
46.281956
46.27017
46.258465
46.24675
46.23499
46.223274
46.21157
46.19986
46.18819
46.176483
46.16479
46.153145
46.14149
46.129845
46.118176
46.10657
46.094944
46.08333
46.07168
46.060112
46.048527
46.03693
46.025356
46.013775
46.002213
45.990635
45.979115
45.967575
45.95604
45.94453
45.933002
45.92152
45.91001
45.898518
45.887043
45.875565
45.86409
45.852665
45.841175
45.829746
45.818295
45.80687
45.795464
45.78407
45.772644
45.761246
45.74986
45.73849
45.727142
45.715782
45.704395
45.693092
45.681698
45.670406
45.65907
45.64775
45.636406
45.62511
45.61384
45.60252
45.59129
45.579987
45.568726
45.55749
45.546207
45.53497
45.52372
45.51251
45.50131
45.490055
45.478874
45.46768
45.456497
45.445297
45.434128
45.42297
45.411854
45.40069
45.389572
45.378395
45.36726
45.356174
45.34506
45.33397
45.322876
45.311787
45.300682
45.28959
45.278553
45.267464
45.256405
45.245377
45.23434
45.223293
45.212315
45.201275
45.19027
45.17927
45.16827
45.157307
45.146317
45.135372
45.124374
45.11343
45.102474
45.09151
45.080616
45.069664
45.058777
45.04785
45.03694
45.02605
45.015152
45.004276
44.993412
44.982536
44.971657
44.96081
44.949944
44.939125
44.92828
44.91746
44.906662
44.89584
44.88503
44.874252
44.86348
44.85265
44.841908
44.831154
44.82038
44.809605
44.798862
44.788128
44.77741
44.76666
44.75594
44.745247
44.73455
44.723854
44.71316
44.702454
44.691807
44.681107
44.670486
44.6598
44.64918
44.638527
44.627895
44.617275
44.606663
44.596012
44.585445
44.57482
44.564217
44.553646
44.543087
44.53251
44.52193
44.51139
44.500816
44.49026
44.479763
44.469215
44.458702
44.448185
44.437683
44.427128
44.416664
44.40618
44.3957
44.385258
44.37475
44.364315
44.353825
44.343384
44.332962
44.322502
44.312115
44.30165
44.291237
44.28086
44.270454
44.260067
44.249672
44.239292
44.228935
44.21858
44.208214
44.19782
44.1875
44.17716
44.16682
44.156513
44.146183
44.135845
44.125565
44.115253
44.104965
44.094646
44.0844
44.074112
44.063843
44.053604
44.0433
44.033085
44.02284
44.012577
44.002365
43.99215
43.981953
43.971756
43.96154
43.951305
43.94115
43.93096
43.92079
43.910637
43.900463
43.89029
43.880165
43.870014
43.85986
43.849773
43.839622
43.8295
43.819374
43.809303
43.799202
43.789097
43.778996
43.768913
43.75884
43.748783
43.73874
43.72865
43.718655
43.70859
43.698547
43.688538
43.67852
43.668484
43.658478
43.64849
43.638485
43.628498
43.618504
43.60854
43.59853
43.588573
43.57863
43.568676
43.558716
43.54879
43.53888
43.528923
43.518997
43.5091
43.49918
43.489296
43.479374
43.469494
43.45963
43.449745
43.43987
43.429993
43.420135
43.41026
43.400414
43.390575
43.380745
43.370914
43.361095
43.351273
43.34146
43.331684
43.321884
43.312084
43.3023
43.292503
43.28273
43.27298
43.26321
43.253456
43.24371
43.233967
43.22423
43.21447
43.204758
43.195026
43.18533
43.175625
43.165928
43.156197
43.14649
43.13685
43.12716
43.11747
43.10782
43.098145
43.08848
43.078857
43.069214
43.059566
43.04996
43.04034
43.030716
43.021076
43.011475
43.001915
42.99226
42.98269
42.973103
42.96353
42.953957
42.944397
42.934864
42.925278
42.915718
42.906227
42.896652
42.887108
42.87761
42.8681
42.858585
42.849056
42.839527
42.830074
42.82055
42.8111
42.801617
42.79213
42.782654
42.77323
42.763733
42.75432
42.74485
42.735405
42.725983
42.71659
42.707146
42.697723
42.688297
42.678917
42.669487
42.660133
42.65074
42.64133
42.63196
42.62262
42.613243
42.603848
42.59451
42.585167
42.57586
42.566494
42.557175
42.547825
42.538517
42.529198
42.519913
42.510597
42.501247
42.492004
42.482708
42.47344
42.464165
42.454887
42.44565
42.436363
42.427143
42.417873
42.408607
42.399406
42.390152
42.38091
42.37172
42.362495
42.353275
42.344093
42.3349
42.325703
42.316513
42.30733
42.298145
42.288975
42.279823
42.270638
42.26148
42.252357
42.24321
42.23407
42.224915
42.21582
42.206665
42.197575
42.18845
42.17935
42.17024
42.16114
42.152035
42.14299
42.133915
42.12482
42.11574
42.106712
42.097626
42.088608
42.079544
42.070503
42.06148
42.052456
42.043392
42.03438
42.025356
42.01638
42.007328
41.998363
41.989357
41.98036
41.97139
41.962418
41.95345
41.944466
41.93552
41.92655
41.917603
41.908623
41.89971
41.890774
41.881847
41.87291
41.863983
41.855087
41.846176
41.837288
41.828342
41.819473
41.81059
41.801712
41.792828
41.78392
41.77507
41.766197
41.757336
41.748466
41.739616
41.73078
41.721954
41.71313
41.704296
41.695465
41.686646
41.677845
41.669037
41.660217
41.651447
41.642635
41.63387
41.625072
41.616302
41.607517
41.59875
41.589977
41.58122
41.572495
41.563705
41.55499
41.546223
41.537525
41.528824
41.520054
41.51136
41.50264
41.493927
41.485218
41.476543
41.467827
41.45916
41.45048
41.441784
41.433132
41.424477
41.41577
41.407146
41.398483
41.389828
41.381176
41.372566
41.363914
41.355316
41.34667
41.338028
41.329433
41.320847
41.312206
41.303585
41.295055
41.28644
41.27786
41.26929
41.2607
41.252136
41.243572
41.235027
41.226467
41.217903
41.209362
41.20082
41.192272
41.183735
41.17523
41.16669
41.158165
41.14966
41.14117
41.132698
41.124165
41.11567
41.107185
41.09871
41.090202
41.08175
41.073284
41.064823
41.05636
41.047905
41.03945
41.031006
41.022568
41.014133
41.005703
40.99727
40.98885
40.98045
40.972034
40.9636
40.95521
40.94684
40.938416
40.93006
40.921665
40.913273
40.90491
40.896503
40.888153
40.879787
40.87145
40.863094
40.85476
40.846424
40.838097
40.829716
40.821392
40.813087
40.80474
40.796448
40.78814
40.77982
40.771534
40.763187
40.754936
40.746643
40.7384
40.730103
40.721813
40.71356
40.70529
40.69704
40.688786
40.680515
40.672295
40.664005
40.655807
40.647564
40.639324
40.631107
40.622887
40.614697
40.606503
40.598293
40.590073
40.58188
40.573692
40.56547
40.557297
40.549133
40.54096
40.532803
40.52463
40.51648
40.508324
40.50015
40.49201
40.483875
40.475723
40.467632
40.45946
40.451336
40.44323
40.435123
40.42697
40.418896
40.410778
40.40268
40.394585
40.38651
40.378437
40.37034
40.362263
40.354183
40.346115
40.33805
40.329994
40.321945
40.31388
40.30587
40.297787
40.289764
40.281765
40.273685
40.265694
40.257664
40.24963
40.241646
40.23363
40.225647
40.217598
40.209644
40.201637
40.193653
40.185658
40.17769
40.169727
40.161762
40.1538
40.145863
40.13787
40.129906
40.121986
40.11405
40.10612
40.0982
40.09022
40.082302
40.0744
40.066463
40.05858
40.05068
40.042778
40.034855
40.026966
40.01905
40.011192
40.003292
39.995396
39.987568
39.979675
39.971806
39.963932
39.956062
39.948227
39.94038
39.93253
39.924706
39.916847
39.909035
39.901184
39.893368
39.88556
39.877712
39.869904
39.86211
39.854286
39.846485
39.838726
39.83093
39.823128
39.815357
39.807587
39.799797
39.792034
39.78428
39.776478
39.768726
39.760963
39.75322
39.74547
39.737743
39.73001
39.722267
39.71451
39.706795
39.699093
39.691376
39.683647
39.67595
39.66822
39.660534
39.652824
39.64513
39.63745
39.629753
39.622086
39.61442
39.606747
39.599037
39.591408
39.58372
39.57608
39.568424
39.560772
39.55312
39.545486
39.537857
39.530193
39.522587
39.51494
39.507336
39.49971
39.492085
39.484512
39.476868
39.469288
39.461674
39.454086
39.446495
39.4389
39.43134
39.423733
39.416164
39.408615
39.401028
39.39348
39.385887
39.378334
39.370804
39.36324
39.35571
39.348183
39.340645
39.333096
39.325577
39.31806
39.310535
39.30304
39.29551
39.288
39.280495
39.273
39.265476
39.258
39.25048
39.24305
39.235554
39.22808
39.22058
39.21311
39.205654
39.198196
39.19076
39.1833
39.175827
39.16838
39.160957
39.153496
39.14604
39.138622
39.131214
39.123795
39.116367
39.108925
39.101532
39.094128
39.086716
39.079346
39.07192
39.064503
39.057117
39.049732
39.042377
39.03499
39.027584
39.02022
39.012867
39.005512
38.998135
38.990772
38.983437
38.976078
38.968723
38.96138
38.95405
38.946728
38.93938
38.932064
38.924736
38.91741
38.910084
38.902813
38.89548
38.88817
38.88088
38.87359
38.866283
38.858986
38.851723
38.844437
38.837135
38.829865
38.822605
38.815342
38.808056
38.800797
38.793552
38.786293
38.77903
38.77182
38.764545
38.757328
38.750084
38.742836
38.735638
38.728386
38.72116
38.713936
38.706722
38.699535
38.692318
38.68511
38.677933
38.670727
38.663517
38.65633
38.64915
38.641983
38.634804
38.627617
38.620438
38.61328
38.60612
38.59894
38.59178
38.584633
38.5775
38.57035
38.563198
38.556072
38.548923
38.5418
38.534657
38.52753
38.52043
38.51331
38.506195
38.499073
38.49197
38.484848
38.47777
38.470665
38.463596
38.45649
38.449413
38.442337
38.435223
38.428177
38.421097
38.41401
38.406963
38.39988
38.392845
38.385788
38.37874
38.371693
38.36463
38.35761
38.350563
38.34352
38.336506
38.329468
38.322437
38.3154
38.308395
38.301403
38.294376
38.28737
38.280365
38.27335
38.266357
38.25938
38.252365
38.245384
38.238407
38.23145
38.224464
38.21748
38.21051
38.20355
38.196583
38.189625
38.18268
38.175705
38.168747
38.16184
38.154884
38.147957
38.14099
38.134064
38.127136
38.12022
38.11331
38.106388
38.09946
38.092575
38.085644
38.07875
38.07185
38.06495
38.058033
38.051117
38.044262
38.037376
38.030483
38.02362
38.016747
38.009872
38.00299
37.996124
37.98927
37.982407
37.975548
37.968708
37.961876
37.954983
37.94816
37.94132
37.9345
37.927658
37.920845
37.914013
37.90719
37.90038
37.893536
37.886734
37.87993
37.873116
37.86631
37.859512
37.852726
37.84589
37.839134
37.832325
37.825558
37.818783
37.811996
37.80522
37.798462
37.791687
37.784912
37.77816
37.77138
37.764656
37.75791
37.75113
37.74441
37.737667
37.730904
37.724186
37.717453
37.710728
37.704
37.697277
37.690525
37.683815
37.677113
37.6704
37.663696
37.657005
37.650307
37.64359
37.636917
37.63022
37.623512
37.616848
37.610172
37.60349
37.596813
37.590134
37.58346
37.576782
37.570133
37.56346
37.55682
37.550156
37.543518
37.53686
37.530243
37.523594
37.51695
37.51033
37.503674
37.497063
37.49042
37.48381
37.47717
37.470554
37.46395
37.457325
37.450726
37.44413
37.43751
37.43094
37.424355
37.417747
37.411167
37.40457
37.39799
37.391376
37.38481
37.37828
37.371696
37.365124
37.35856
37.35201
37.345432
37.3389
37.332344
37.325817
37.319244
37.31272
37.30618
37.29962
37.293095
37.286556
37.28003
37.273502
37.267002
37.26047
37.253952
37.247437
37.24092
37.234417
37.227932
37.22143
37.214935
37.208405
37.201935
37.195465
37.188946
37.182484
37.176014
37.16952
37.163055
37.156597
37.150105
37.14367
37.1372
37.130722
37.12427
37.11782
37.11137
37.10492
37.098473
37.09205
37.0856
37.079174
37.07276
37.066303
37.059868
37.053463
37.047054
37.040634
37.034195
37.027794
37.021374
37.014988
37.008583
37.002167
36.995777
36.98939
36.983
36.976597
36.970222
36.963833
36.957455
36.951088
36.94473
36.93833
36.931984
36.925617
36.919247
36.912876
36.906544
36.900173
36.893818
36.88749
36.881134
36.874813
36.86842
36.86211
36.85579
36.84947
36.843117
36.836823
36.830494
36.824142
36.81785
36.81157
36.805233
36.798923
36.79262
36.786304
36.78002
36.773693
36.76742
36.76113
36.754837
36.748566
36.74227
36.736004
36.72972
36.72345
36.71718
36.71091
36.704655
36.698376
36.69213
36.68587
36.679615
36.67336
36.66712
36.660873
36.654625
36.64837
36.642147
36.635906
36.629665
36.623447
36.61723
36.611
36.604786
36.59857
36.592354
36.586147
36.57992
36.573708
36.567528
36.561333
36.5551
36.548916
36.54275
36.53654
36.530373
36.524162
36.517994
36.51181
36.50564
36.49946
36.493294
36.487114
36.48096
36.474808
36.46864
36.462505
36.45633
36.450188
36.44404
36.43787
36.431732
36.4256
36.41947
36.413326
36.40717
36.40106
36.39494
36.38881
36.382694
36.37656
36.370457
36.36436
36.358242
36.35213
36.34602
36.33989
36.333817
36.32771
36.321617
36.315525
36.309437
36.303345
36.297276
36.291164
36.285095
36.27905
36.27296
36.266865
36.260826
36.25477
36.248703
36.242626
36.236565
36.23051
36.224472
36.218452
36.212383
36.206333
36.20028
36.194244
36.188206
36.18218
36.176132
36.1701
36.164093
36.158035
36.152046
36.146027
36.140007
36.134003
36.127995
36.121994
36.116005
36.10996
36.103992
36.097984
36.091976
36.086
36.080025
36.07402
36.06804
36.062057
36.056065
36.0501
36.044132
36.038155
36.032173
36.026215
36.020245
36.014294
36.008347
36.002403
35.99644
35.990482
35.98453
35.97857
35.97263
35.966686
35.96078
35.95484
35.9489
35.942944
35.93703
35.931118
35.925186
35.919266
35.91335
35.90743
35.90155
35.895638
35.889717
35.8838
35.877884
35.87201
35.866116
35.860226
35.85431
35.84843
35.842564
35.83666
35.830776
35.82489
35.819016
35.813133
35.807285
35.801376
35.795547
35.789677
35.78381
35.777966
35.77211
35.766243
35.76039
35.754547
35.748695
35.742844
35.737022
35.73117
35.72534
35.7195
35.713688
35.707863
35.702015
35.696186
35.69037
35.684532
35.67872
35.67291
35.667103
35.661312
35.655483
35.64969
35.64389
35.63809
35.632267
35.6265
35.620686
35.614918
35.609116
35.60333
35.597553
35.59176
35.585995
35.580215
35.574448
35.568703
35.562897
35.55714
35.551395
35.545605
35.53986
35.534092
35.52837
35.522587
35.516834
35.51111
35.505352
35.499622
35.49388
35.488144
35.482395
35.47666
35.47096
35.46522
35.4595
35.453773
35.448067
35.442337
35.436623
35.43091
35.425213
35.41951
35.4138
35.408085
35.402386
35.396687
35.390995
35.385296
35.379597
35.37391
35.368233
35.362564
35.35686
35.351173
35.3455
35.339813
35.33416
35.328503
35.32283
35.31716
35.3115
35.30583
35.300198
35.29451
35.288887
35.28322
35.277584
35.271942
35.26629
35.260643
35.255013
35.249374
35.24374
35.23808
35.232464
35.22684
35.22122
35.2156
35.20997
35.204346
35.198746
35.19314
35.18752
35.18191
35.176315
35.170692
35.165092
35.159496
35.153904
35.148296
35.142693
35.13711
35.13154
35.125957
35.120354
35.114788
35.10921
35.103592
35.098053
35.092484
35.086903
35.081333
35.075775
35.070213
35.06468
35.059093
35.053535
35.047977
35.04243
35.036884
35.031334
35.02578
35.020252
35.014725
35.009155
35.003628
34.99811
34.992565
34.987053
34.981514
34.97599
34.970463
34.96496
34.95944
34.953907
34.948395
34.942886
34.937393
34.931892
34.926373
34.920856
34.91538
34.909878
34.90437
34.898895
34.89341
34.887905
34.88243
34.87694
34.87145
34.86598
34.860485
34.855022
34.849564
34.844086
34.838623
34.833138
34.827698
34.82222
34.81677
34.81132
34.805862
34.8004
34.794937
34.7895
34.78406
34.778603
34.773174
34.76773
34.762287
34.756863
34.751434
34.745975
34.74057
34.735146
34.7297
34.724297
34.718857
34.713448
34.70801
34.702625
34.69719
34.691807
34.686363
34.680992
34.675587
34.670193
34.664776
34.659386
34.654
34.648613
34.643215
34.637825
34.63244
34.62706
34.621666
34.616283
34.61091
34.60553
34.60016
34.594807
34.589447
34.584064
34.578716
34.57334
34.567993
34.562626
34.557285
34.55193
34.546577
34.541233
34.53589
34.53055
34.525196
34.51985
34.51452
34.509163
34.50384
34.498493
34.49317
34.48786
34.48253
34.4772
34.47188
34.466564
34.461246
34.45592
34.45062
34.445293
34.439995
34.434696
34.429382
34.424095
34.418797
34.41347
34.408173
34.402878
34.39759
34.3923
34.387016
34.381737
34.37645
34.371185
34.365883
34.360638
34.35535
34.350044
34.3448
34.339527
34.334248
34.328983
34.323723
34.31845
34.313213
34.307957
34.3027
34.297443
34.292213
34.28696
34.281685
34.27645
34.27123
34.265987
34.26075
34.25549
34.25028
34.245045
34.23982
34.234592
34.22936
34.22414
34.21892
34.213676
34.20848
34.203262
34.19805
34.19283
34.187622
34.182407
34.177208
34.17202
34.16679
34.16157
34.15643
34.15121
34.14602
34.140835
34.13565
34.13046
34.12528
34.120087
34.114902
34.109734
34.104553
34.09936
34.094215
34.089024
34.083874
34.07869
34.07353
34.068386
34.063206
34.058056
34.052883
34.047726
34.042595
34.03745
34.03226
34.02713
34.022007
34.016884
34.011703
34.006573
34.001446
33.996307
33.991154
33.98604
33.980885
33.97577
33.97065
33.96552
33.960426
33.955284
33.950165
33.94506
33.939934
33.934837
33.92973
33.924614
33.919556
33.91439
33.909313
33.904205
33.899113
33.89401
33.888935
33.88384
33.878757
33.873653
33.86857
33.8635
33.858402
33.85332
33.848263
33.843163
33.838074
33.83302
33.827946
33.8229
33.817806
33.812748
33.807705
33.802616
33.79755
33.792503
33.78745
33.78241
33.777363
33.77231
33.76726
33.76222
33.75717
33.752136
33.747078
33.742073
33.737026
33.731983
33.726963
33.72192
33.716904
33.711876
33.706837
33.701836
33.6968
33.69179
33.68678
33.681763
33.676746
33.67174
33.66673
33.661713
33.65672
33.65172
33.646698
33.6417
33.636723
33.63172
33.626728
33.621723
33.616726
33.611755
33.606773
33.601776
33.596813
33.591835
33.58687
33.581852
33.576897
33.571907
33.566956
33.56198
33.557026
33.552063
33.547077
33.54213
33.53716
33.5322
33.52726
33.52229
33.517338
33.512398
33.507458
33.502514
33.497547
33.4926
33.487667
33.482746
33.47778
33.47286
33.467953
33.462997
33.458057
33.45313
33.448223
33.4433
33.438374
33.433445
33.42855
33.423603
33.418697
33.413773
33.408848
33.40396
33.399044
33.394142
33.38925
33.384354
33.37944
33.37454
33.369625
33.36476
33.35986
33.35496
33.350075
33.345184
33.340294
33.335438
33.33053
33.32565
33.32078
33.31592
33.311016
33.306152
33.301292
33.296417
33.291565
33.28668
33.281815
33.276947
33.272083
33.26723
33.262356
33.257534
33.25265
33.24781
33.24296
33.23813
33.233276
33.228416
33.223602
33.218742
33.2139
33.209076
33.204247
33.199383
33.194565
33.189747
33.18492
33.18006
33.175266
33.170437
33.165615
33.160755
33.155968
33.15116
33.146362
33.141563
33.136726
33.131912
33.127117
33.12231
33.1175
33.112694
33.107903
33.10309
33.098305
33.093525
33.088722
33.08394
33.079147
33.07436
33.069572
33.06479
33.059998
33.05522
33.050434
33.045673
33.040897
33.036114
33.031345
33.02658
33.0218
33.017033
33.01228
33.00751
33.002754
32.99801
32.99323
32.988457
32.983723
32.978977
32.97422
32.96947
32.96474
32.95998
32.955235
32.950493
32.945755
32.94102
32.936287
32.931557
32.92681
32.922092
32.91736
32.912624
32.907894
32.90317
32.89845
32.89372
32.889
32.88429
32.879562
32.874874
32.87014
32.86543
32.860718
32.856007
32.851315
32.846626
32.841908
32.837204
32.83251
32.827805
32.8231
32.818424
32.81373
32.809032
32.804356
32.79967
32.794994
32.790295
32.785606
32.78093
32.77626
32.771587
32.7669
32.762234
32.75756
32.752895
32.748226
32.743553
32.738884
32.734222
32.72955
32.7249
32.72024
32.715588
32.71093
32.706276
32.70163
32.696968
32.69233
32.687687
32.683037
32.678383
32.67375
32.66911
32.66448
32.65983
32.655186
32.65057
32.64593
32.641304
32.63669
32.632053
32.627438
32.622803
32.61816
32.61355
32.608944
32.60434
32.5997
32.595104
32.590485
32.585857
32.58127
32.576656
32.572044
32.56744
32.562855
32.55825
32.553642
32.54905
32.544456
32.53987
32.53527
32.53069
32.526108
32.521515
32.51692
32.51233
32.507725
32.50319
32.498585
32.49402
32.48944
32.484875
32.480278
32.475697
32.471153
32.466587
32.46201
32.45746
32.452873
32.44832
32.44377
32.439213
32.43465
32.430096
32.42555
32.420986
32.416428
32.4119
32.407352
32.40281
32.39827
32.393738
32.38919
32.38465
32.3801
32.375584
32.371044
32.366493
32.361984
32.357456
32.352924
32.348385
32.34387
32.33935
32.334824
32.330303
32.325783
32.321285
32.316772
32.31224
32.30773
32.303226
32.298702
32.294228
32.289734
32.285217
32.280697
32.276188
32.2717
32.267216
32.26271
32.258224
32.25373
32.24924
32.244743
32.240253
32.235786
32.231285
32.226788
32.222332
32.217846
32.21337
32.208904
32.204407
32.19994
32.19548
32.191006
32.18652
32.18205
32.1776
32.173122
32.168674
32.164204
32.159744
32.155296
32.150826
32.14639
32.14192
32.137474
32.133026
32.128593
32.124138
32.11968
32.115253
32.110794
32.10635
32.101913
32.097485
32.093037
32.08862
32.084187
32.079742
32.075317
32.070892
32.06648
32.062046
32.05762
32.053192
32.048767
32.04435
32.03992
32.035515
32.0311
32.026703
32.02229
32.01787
32.01344
32.00904
32.00464
32.000225
31.995846
31.99145
31.987036
31.982656
31.978245
31.973856
31.969473
31.965084
31.96068
31.956295
31.951904
31.947517
31.94314
31.938753
31.934374
31.929987
31.925592
31.921227
31.91685
31.912493
31.90811
31.903765
31.899368
31.895012
31.890644
31.886282
31.881916
31.877552
31.873194
31.868845
31.864477
31.860132
31.855797
31.851421
31.84707
31.842716
31.83837
31.834036
31.829685
31.825333
31.820982
31.816652
31.812326
31.807981
31.803654
31.799305
31.794981
31.790648
31.786308
31.78201
31.777645
31.77334
31.769012
31.764694
31.76038
31.75605
31.75172
31.747406
31.743101
31.73878
31.734488
31.730164
31.72586
31.721542
31.717232
31.712934
31.708658
31.704325
31.700031
31.695736
31.691437
31.687136
31.682848
31.678541
31.67426
31.669964
31.665674
31.66139
31.657122
31.652824
31.64854
31.644253
31.639986
31.63571
31.631433
31.62715
31.622871
31.618603
31.614325
31.610062
31.605774
31.601536
31.597254
31.592976
31.588741
31.58446
31.5802
31.575945
31.571709
31.567438
31.56319
31.558933
31.554678
31.550434
31.546198
31.541939
31.537695
31.533451
31.5292
31.52498
31.520712
31.51649
31.512243
31.508026
31.503782
31.49955
31.495312
31.491089
31.486864
31.482649
31.478413
31.474188
31.469969
31.465736
31.461529
31.457312
31.45308
31.448877
31.444654
31.440443
31.436235
31.432026
31.42782
31.423616
31.4194
31.415213
31.411
31.406801
31.402615
31.39842
31.3942
31.39001
31.385828
31.381632
31.377426
31.373251
31.369055
31.364868
31.360678
31.356506
31.352316
31.348127
31.343962
31.339766
31.3356
31.331432
31.327236
31.323074
31.318903
31.314741
31.310562
31.306412
31.30222
31.298065
31.293903
31.28975
31.285591
31.281414
31.277277
31.273104
31.26895
31.264795
31.260658
31.256504
31.252356
31.248201
31.244064
31.239914
31.235764
31.231611
31.227491
31.223366
31.2192
31.215067
31.210949
31.2068
31.202671
31.198545
31.194407
31.190279
31.186144
31.182034
31.177898
31.173779
31.169664
31.165527
31.161432
31.157318
31.153187
31.14906
31.144955
31.140835
31.136726
31.132612
31.128513
31.1244
31.120285
31.116198
31.112104
31.107998
31.10389
31.099789
31.095716
31.091614
31.08751
31.08341
31.079329
31.075235
31.071138
31.06705
31.06297
31.058887
31.054806
31.050714
31.046648
31.042553
31.03849
31.034386
31.030321
31.026264
31.02218
31.018103
31.01406
31.009954
31.005905
31.001848
30.997759
30.993706
30.989653
30.985582
30.981546
30.977465
30.973423
30.969353
30.965302
30.961248
30.957214
30.95314
30.949106
30.945051
30.941006
30.93697
30.932924
30.928875
30.924845
30.920805
30.916763
30.91271
30.908672
30.904665
30.90061
30.89658
30.892551
30.888529
30.884487
30.880468
30.876478
30.87243
30.868408
30.864368
30.860363
30.856337
30.85231
30.848293
30.844296
30.840286
30.836256
30.832268
30.82825
30.824238
30.820217
30.81623
30.812216
30.808226
30.804216
30.800222
30.796213
30.792234
30.788239
30.78423
30.780228
30.776253
30.772268
30.76827
30.764284
30.760292
30.756302
30.752333
30.748354
30.744366
30.74038
30.736399
30.732428
30.728443
30.724466
30.720497
30.716534
30.712555
30.708586
30.704605
30.700619
30.696674
30.692728
30.688753
30.684788
30.680836
30.676867
30.672903
30.668945
30.664995
30.661047
30.657087
30.65314
30.649183
30.645247
30.641298
30.637344
30.63339
30.629438
30.625496
30.621561
30.61763
30.613674
30.609749
30.605804
30.601864
30.597952
30.593987
30.59007
30.586136
30.5822
30.57829
30.574348
30.57044
30.56651
30.562592
30.55867
30.554754
30.550827
30.546888
30.542992
30.539076
30.535152
30.531254
30.527346
30.523426
30.519531
30.51561
30.511707
30.507805
30.503883
30.499992
30.496092
30.492195
30.488287
30.484388
30.480482
30.4766
30.472729
30.46882
30.464943
30.46104
30.457146
30.45325
30.449377
30.44547
30.44158
30.437716
30.433836
30.429955
30.426085
30.422203
30.418322
30.41444
30.410574
30.406725
30.402819
30.398958
30.395098
30.391222
30.38734
30.38349
30.379637
30.37576
30.371908
30.368034
30.364191
30.360313
30.356455
30.352604
30.348766
30.344904
30.34104
30.3372
30.333345
30.329525
30.325647
30.3218
30.317976
30.314133
30.310272
30.306438
30.302605
30.298756
30.294924
30.2911
30.28725